init enclave...
[33m[INFO] Create Enclave: 106.471666ms[0m
Test aggregate time: 0.043906ms

[33m[Info] Sizeof data matrix: 76MB
[0m[DEBUG] loaded num: 200000, times: 1
[31mTime of clear final_x: 0.000000ms
[0m
[DEBUG] loaded num: 200000, times: 1
Clear final x successfully.
[31mTime of entering the enclave: 0.007701ms[0m
[DEBUG] Sizeof all required data in enclave: 3125 KB
[31mTime of key exchanges for 100 clients: 26.159278ms
[0m
[31mTime of key exchanges per client: 0.242357ms
[0m
Encrpyting user data...
[31mTime of data encryption per client: 1.835291ms[0m
Encprtion completed.

[DEBUG] Times: 1, loaded dim: 200000
[31mTime of secure aggregation: 113.819296ms[0m

[33m[INFO] Aggregate successfully.

[0m[31mTotal time inside the Enclave: 139.986275ms[0m

Secure aggregation completed!
[Info] Destroy enclave: 0.000000ms.
init enclave...
[33m[INFO] Create Enclave: 103.753429ms[0m
Test aggregate time: 0.043093ms

[33m[Info] Sizeof data matrix: 76MB
[0m[DEBUG] loaded num: 200000, times: 1
[31mTime of clear final_x: 0.000000ms
[0m
[DEBUG] loaded num: 200000, times: 1
Clear final x successfully.
[31mTime of entering the enclave: 0.007517ms[0m
[DEBUG] Sizeof all required data in enclave: 3125 KB
[31mTime of key exchanges for 100 clients: 26.151745ms
[0m
[31mTime of key exchanges per client: 0.240040ms
[0m
Encrpyting user data...
[31mTime of data encryption per client: 1.870110ms[0m
Encprtion completed.

[DEBUG] Times: 1, loaded dim: 200000
[31mTime of secure aggregation: 110.874490ms[0m

[33m[INFO] Aggregate successfully.

[0m[31mTotal time inside the Enclave: 137.033752ms[0m

Secure aggregation completed!
[Info] Destroy enclave: 0.000000ms.
init enclave...
[33m[INFO] Create Enclave: 101.325449ms[0m
Test aggregate time: 0.043947ms

[33m[Info] Sizeof data matrix: 76MB
[0m[DEBUG] loaded num: 200000, times: 1
[31mTime of clear final_x: 0.000000ms
[0m
[DEBUG] loaded num: 200000, times: 1
Clear final x successfully.
[31mTime of entering the enclave: 0.007977ms[0m
[DEBUG] Sizeof all required data in enclave: 3125 KB
[31mTime of key exchanges for 100 clients: 26.705729ms
[0m
[31mTime of key exchanges per client: 0.246371ms
[0m
Encrpyting user data...
[31mTime of data encryption per client: 1.860230ms[0m
Encprtion completed.

[DEBUG] Times: 1, loaded dim: 200000
[31mTime of secure aggregation: 106.673942ms[0m

[33m[INFO] Aggregate successfully.

[0m[31mTotal time inside the Enclave: 133.387648ms[0m

Secure aggregation completed!
[Info] Destroy enclave: 0.000000ms.
init enclave...
[33m[INFO] Create Enclave: 103.003649ms[0m
Test aggregate time: 0.043310ms

[33m[Info] Sizeof data matrix: 76MB
[0m[DEBUG] loaded num: 200000, times: 1
[31mTime of clear final_x: 0.000000ms
[0m
[DEBUG] loaded num: 200000, times: 1
Clear final x successfully.
[31mTime of entering the enclave: 0.009074ms[0m
[DEBUG] Sizeof all required data in enclave: 3125 KB
[31mTime of key exchanges for 100 clients: 26.213531ms
[0m
[31mTime of key exchanges per client: 0.241921ms
[0m
Encrpyting user data...
[31mTime of data encryption per client: 1.845239ms[0m
Encprtion completed.

[DEBUG] Times: 1, loaded dim: 200000
[31mTime of secure aggregation: 108.387227ms[0m

[33m[INFO] Aggregate successfully.

[0m[31mTotal time inside the Enclave: 134.609832ms[0m

Secure aggregation completed!
[Info] Destroy enclave: 0.000000ms.
init enclave...
[33m[INFO] Create Enclave: 102.173277ms[0m
Test aggregate time: 0.043745ms

[33m[Info] Sizeof data matrix: 76MB
[0m[DEBUG] loaded num: 200000, times: 1
[31mTime of clear final_x: 0.000000ms
[0m
[DEBUG] loaded num: 200000, times: 1
Clear final x successfully.
[31mTime of entering the enclave: 0.008110ms[0m
[DEBUG] Sizeof all required data in enclave: 3125 KB
[31mTime of key exchanges for 100 clients: 26.549466ms
[0m
[31mTime of key exchanges per client: 0.244978ms
[0m
Encrpyting user data...
[31mTime of data encryption per client: 1.852473ms[0m
Encprtion completed.

[DEBUG] Times: 1, loaded dim: 200000
[31mTime of secure aggregation: 107.779884ms[0m

[33m[INFO] Aggregate successfully.

[0m[31mTotal time inside the Enclave: 134.337460ms[0m

Secure aggregation completed!
[Info] Destroy enclave: 0.000000ms.
init enclave...
[33m[INFO] Create Enclave: 102.569757ms[0m
Test aggregate time: 0.043230ms

[33m[Info] Sizeof data matrix: 76MB
[0m[DEBUG] loaded num: 200000, times: 1
[31mTime of clear final_x: 0.000000ms
[0m
[DEBUG] loaded num: 200000, times: 1
Clear final x successfully.
[31mTime of entering the enclave: 0.007848ms[0m
[DEBUG] Sizeof all required data in enclave: 3125 KB
[31mTime of key exchanges for 100 clients: 26.136613ms
[0m
[31mTime of key exchanges per client: 0.243076ms
[0m
Encrpyting user data...
[31mTime of data encryption per client: 1.839054ms[0m
Encprtion completed.

[DEBUG] Times: 1, loaded dim: 200000
[31mTime of secure aggregation: 107.016383ms[0m

[33m[INFO] Aggregate successfully.

[0m[31mTotal time inside the Enclave: 133.160844ms[0m

Secure aggregation completed!
[Info] Destroy enclave: 0.000000ms.
init enclave...
[33m[INFO] Create Enclave: 102.281589ms[0m
Test aggregate time: 0.043341ms

[33m[Info] Sizeof data matrix: 76MB
[0m[DEBUG] loaded num: 200000, times: 1
[31mTime of clear final_x: 0.000000ms
[0m
[DEBUG] loaded num: 200000, times: 1
Clear final x successfully.
[31mTime of entering the enclave: 0.007938ms[0m
[DEBUG] Sizeof all required data in enclave: 3125 KB
[31mTime of key exchanges for 100 clients: 26.341545ms
[0m
[31mTime of key exchanges per client: 0.242709ms
[0m
Encrpyting user data...
[31mTime of data encryption per client: 1.842207ms[0m
Encprtion completed.

[DEBUG] Times: 1, loaded dim: 200000
[31mTime of secure aggregation: 107.372713ms[0m

[33m[INFO] Aggregate successfully.

[0m[31mTotal time inside the Enclave: 133.722196ms[0m

Secure aggregation completed!
[Info] Destroy enclave: 0.000000ms.
init enclave...
[33m[INFO] Create Enclave: 101.121606ms[0m
Test aggregate time: 0.043288ms

[33m[Info] Sizeof data matrix: 76MB
[0m[DEBUG] loaded num: 200000, times: 1
[31mTime of clear final_x: 0.000000ms
[0m
[DEBUG] loaded num: 200000, times: 1
Clear final x successfully.
[31mTime of entering the enclave: 0.008492ms[0m
[DEBUG] Sizeof all required data in enclave: 3125 KB
[31mTime of key exchanges for 100 clients: 26.079735ms
[0m
[31mTime of key exchanges per client: 0.242330ms
[0m
Encrpyting user data...
[31mTime of data encryption per client: 1.850146ms[0m
Encprtion completed.

[DEBUG] Times: 1, loaded dim: 200000
[31mTime of secure aggregation: 107.111355ms[0m

[33m[INFO] Aggregate successfully.

[0m[31mTotal time inside the Enclave: 133.199582ms[0m

Secure aggregation completed!
[Info] Destroy enclave: 0.000000ms.
init enclave...
[33m[INFO] Create Enclave: 103.022348ms[0m
Test aggregate time: 0.043250ms

[33m[Info] Sizeof data matrix: 76MB
[0m[DEBUG] loaded num: 200000, times: 1
[31mTime of clear final_x: 0.000000ms
[0m
[DEBUG] loaded num: 200000, times: 1
Clear final x successfully.
[31mTime of entering the enclave: 0.007922ms[0m
[DEBUG] Sizeof all required data in enclave: 3125 KB
[31mTime of key exchanges for 100 clients: 26.010721ms
[0m
[31mTime of key exchanges per client: 0.240252ms
[0m
Encrpyting user data...
[31mTime of data encryption per client: 1.828266ms[0m
Encprtion completed.

[DEBUG] Times: 1, loaded dim: 200000
[31mTime of secure aggregation: 106.344436ms[0m

[33m[INFO] Aggregate successfully.

[0m[31mTotal time inside the Enclave: 132.363079ms[0m

Secure aggregation completed!
[Info] Destroy enclave: 0.000000ms.
init enclave...
[33m[INFO] Create Enclave: 101.683792ms[0m
Test aggregate time: 0.043140ms

[33m[Info] Sizeof data matrix: 76MB
[0m[DEBUG] loaded num: 200000, times: 1
[31mTime of clear final_x: 0.000000ms
[0m
[DEBUG] loaded num: 200000, times: 1
Clear final x successfully.
[31mTime of entering the enclave: 0.008020ms[0m
[DEBUG] Sizeof all required data in enclave: 3125 KB
[31mTime of key exchanges for 100 clients: 25.889371ms
[0m
[31mTime of key exchanges per client: 0.239319ms
[0m
Encrpyting user data...
[31mTime of data encryption per client: 1.834713ms[0m
Encprtion completed.

[DEBUG] Times: 1, loaded dim: 200000
[31mTime of secure aggregation: 111.365538ms[0m

[33m[INFO] Aggregate successfully.

[0m[31mTotal time inside the Enclave: 137.262929ms[0m

Secure aggregation completed!
[Info] Destroy enclave: 0.000000ms.
init enclave...
[33m[INFO] Create Enclave: 108.517461ms[0m
Test aggregate time: 0.043227ms

[33m[Info] Sizeof data matrix: 76MB
[0m[DEBUG] loaded num: 200000, times: 1
[31mTime of clear final_x: 0.000000ms
[0m
[DEBUG] loaded num: 200000, times: 1
Clear final x successfully.
[31mTime of entering the enclave: 0.007980ms[0m
[DEBUG] Sizeof all required data in enclave: 3125 KB
[31mTime of key exchanges for 100 clients: 25.905058ms
[0m
[31mTime of key exchanges per client: 0.238925ms
[0m
Encrpyting user data...
[31mTime of data encryption per client: 1.841884ms[0m
Encprtion completed.

[DEBUG] Times: 1, loaded dim: 200000
[31mTime of secure aggregation: 106.605750ms[0m

[33m[INFO] Aggregate successfully.

[0m[31mTotal time inside the Enclave: 132.518788ms[0m

Secure aggregation completed!
[Info] Destroy enclave: 0.000000ms.
init enclave...
[33m[INFO] Create Enclave: 103.340228ms[0m
Test aggregate time: 0.043222ms

[33m[Info] Sizeof data matrix: 76MB
[0m[DEBUG] loaded num: 200000, times: 1
[31mTime of clear final_x: 0.000000ms
[0m
[DEBUG] loaded num: 200000, times: 1
Clear final x successfully.
[31mTime of entering the enclave: 0.007368ms[0m
[DEBUG] Sizeof all required data in enclave: 3125 KB
[31mTime of key exchanges for 100 clients: 26.059969ms
[0m
[31mTime of key exchanges per client: 0.241348ms
[0m
Encrpyting user data...
[31mTime of data encryption per client: 1.832782ms[0m
Encprtion completed.

[DEBUG] Times: 1, loaded dim: 200000
[31mTime of secure aggregation: 107.308564ms[0m

[33m[INFO] Aggregate successfully.

[0m[31mTotal time inside the Enclave: 133.375901ms[0m

Secure aggregation completed!
[Info] Destroy enclave: 0.000000ms.
init enclave...
[33m[INFO] Create Enclave: 102.245794ms[0m
Test aggregate time: 0.042837ms

[33m[Info] Sizeof data matrix: 76MB
[0m[DEBUG] loaded num: 200000, times: 1
[31mTime of clear final_x: 0.000000ms
[0m
[DEBUG] loaded num: 200000, times: 1
Clear final x successfully.
[31mTime of entering the enclave: 0.007707ms[0m
[DEBUG] Sizeof all required data in enclave: 3125 KB
[31mTime of key exchanges for 100 clients: 26.124737ms
[0m
[31mTime of key exchanges per client: 0.240811ms
[0m
Encrpyting user data...
[31mTime of data encryption per client: 1.835739ms[0m
Encprtion completed.

[DEBUG] Times: 1, loaded dim: 200000
[31mTime of secure aggregation: 107.026519ms[0m

[33m[INFO] Aggregate successfully.

[0m[31mTotal time inside the Enclave: 133.158963ms[0m

Secure aggregation completed!
[Info] Destroy enclave: 0.000000ms.
init enclave...
[33m[INFO] Create Enclave: 101.829352ms[0m
Test aggregate time: 0.042985ms

[33m[Info] Sizeof data matrix: 76MB
[0m[DEBUG] loaded num: 200000, times: 1
[31mTime of clear final_x: 0.000000ms
[0m
[DEBUG] loaded num: 200000, times: 1
Clear final x successfully.
[31mTime of entering the enclave: 0.007973ms[0m
[DEBUG] Sizeof all required data in enclave: 3125 KB
[31mTime of key exchanges for 100 clients: 26.167489ms
[0m
[31mTime of key exchanges per client: 0.240052ms
[0m
Encrpyting user data...
[31mTime of data encryption per client: 1.837437ms[0m
Encprtion completed.

[DEBUG] Times: 1, loaded dim: 200000
[31mTime of secure aggregation: 106.764934ms[0m

[33m[INFO] Aggregate successfully.

[0m[31mTotal time inside the Enclave: 132.940396ms[0m

Secure aggregation completed!
[Info] Destroy enclave: 0.000000ms.
init enclave...
[33m[INFO] Create Enclave: 101.598016ms[0m
Test aggregate time: 0.043987ms

[33m[Info] Sizeof data matrix: 76MB
[0m[DEBUG] loaded num: 200000, times: 1
[31mTime of clear final_x: 0.000000ms
[0m
[DEBUG] loaded num: 200000, times: 1
Clear final x successfully.
[31mTime of entering the enclave: 0.008233ms[0m
[DEBUG] Sizeof all required data in enclave: 3125 KB
[31mTime of key exchanges for 100 clients: 27.116677ms
[0m
[31mTime of key exchanges per client: 0.249016ms
[0m
Encrpyting user data...
[31mTime of data encryption per client: 1.857528ms[0m
Encprtion completed.

[DEBUG] Times: 1, loaded dim: 200000
[31mTime of secure aggregation: 108.464092ms[0m

[33m[INFO] Aggregate successfully.

[0m[31mTotal time inside the Enclave: 135.589002ms[0m

Secure aggregation completed!
[Info] Destroy enclave: 0.000000ms.
init enclave...
[33m[INFO] Create Enclave: 101.920303ms[0m
Test aggregate time: 0.043005ms

[33m[Info] Sizeof data matrix: 76MB
[0m[DEBUG] loaded num: 200000, times: 1
[31mTime of clear final_x: 0.000000ms
[0m
[DEBUG] loaded num: 200000, times: 1
Clear final x successfully.
[31mTime of entering the enclave: 0.007550ms[0m
[DEBUG] Sizeof all required data in enclave: 3125 KB
[31mTime of key exchanges for 100 clients: 25.911966ms
[0m
[31mTime of key exchanges per client: 0.239748ms
[0m
Encrpyting user data...
[31mTime of data encryption per client: 1.832809ms[0m
Encprtion completed.

[DEBUG] Times: 1, loaded dim: 200000
[31mTime of secure aggregation: 106.988839ms[0m

[33m[INFO] Aggregate successfully.

[0m[31mTotal time inside the Enclave: 132.908355ms[0m

Secure aggregation completed!
[Info] Destroy enclave: 0.000000ms.
init enclave...
[33m[INFO] Create Enclave: 102.564893ms[0m
Test aggregate time: 0.043589ms

[33m[Info] Sizeof data matrix: 76MB
[0m[DEBUG] loaded num: 200000, times: 1
[31mTime of clear final_x: 0.000000ms
[0m
[DEBUG] loaded num: 200000, times: 1
Clear final x successfully.
[31mTime of entering the enclave: 0.007769ms[0m
[DEBUG] Sizeof all required data in enclave: 3125 KB
[31mTime of key exchanges for 100 clients: 26.399688ms
[0m
[31mTime of key exchanges per client: 0.245251ms
[0m
Encrpyting user data...
[31mTime of data encryption per client: 1.848926ms[0m
Encprtion completed.

[DEBUG] Times: 1, loaded dim: 200000
[31mTime of secure aggregation: 107.437171ms[0m

[33m[INFO] Aggregate successfully.

[0m[31mTotal time inside the Enclave: 133.844628ms[0m

Secure aggregation completed!
[Info] Destroy enclave: 0.000000ms.
init enclave...
[33m[INFO] Create Enclave: 102.637936ms[0m
Test aggregate time: 0.046425ms

[33m[Info] Sizeof data matrix: 76MB
[0m[DEBUG] loaded num: 200000, times: 1
[31mTime of clear final_x: 0.000000ms
[0m
[DEBUG] loaded num: 200000, times: 1
Clear final x successfully.
[31mTime of entering the enclave: 0.008368ms[0m
[DEBUG] Sizeof all required data in enclave: 3125 KB
[31mTime of key exchanges for 100 clients: 32.747300ms
[0m
[31mTime of key exchanges per client: 0.305400ms
[0m
Encrpyting user data...
[31mTime of data encryption per client: 1.831190ms[0m
Encprtion completed.

[DEBUG] Times: 1, loaded dim: 200000
[31mTime of secure aggregation: 106.768250ms[0m

[33m[INFO] Aggregate successfully.

[0m[31mTotal time inside the Enclave: 139.523918ms[0m

Secure aggregation completed!
[Info] Destroy enclave: 0.000000ms.
init enclave...
[33m[INFO] Create Enclave: 108.486304ms[0m
Test aggregate time: 0.043861ms

[33m[Info] Sizeof data matrix: 76MB
[0m[DEBUG] loaded num: 200000, times: 1
[31mTime of clear final_x: 0.000000ms
[0m
[DEBUG] loaded num: 200000, times: 1
Clear final x successfully.
[31mTime of entering the enclave: 0.007961ms[0m
[DEBUG] Sizeof all required data in enclave: 3125 KB
[31mTime of key exchanges for 100 clients: 26.038312ms
[0m
[31mTime of key exchanges per client: 0.241746ms
[0m
Encrpyting user data...
[31mTime of data encryption per client: 1.826933ms[0m
Encprtion completed.

[DEBUG] Times: 1, loaded dim: 200000
[31mTime of secure aggregation: 106.758537ms[0m

[33m[INFO] Aggregate successfully.

[0m[31mTotal time inside the Enclave: 132.804810ms[0m

Secure aggregation completed!
[Info] Destroy enclave: 0.000000ms.
init enclave...
[33m[INFO] Create Enclave: 106.659488ms[0m
Test aggregate time: 0.042832ms

[33m[Info] Sizeof data matrix: 76MB
[0m[DEBUG] loaded num: 200000, times: 1
[31mTime of clear final_x: 0.000000ms
[0m
[DEBUG] loaded num: 200000, times: 1
Clear final x successfully.
[31mTime of entering the enclave: 0.007783ms[0m
[DEBUG] Sizeof all required data in enclave: 3125 KB
[31mTime of key exchanges for 100 clients: 26.165697ms
[0m
[31mTime of key exchanges per client: 0.241219ms
[0m
Encrpyting user data...
[31mTime of data encryption per client: 1.828405ms[0m
Encprtion completed.

[DEBUG] Times: 1, loaded dim: 200000
[31mTime of secure aggregation: 106.309404ms[0m

[33m[INFO] Aggregate successfully.

[0m[31mTotal time inside the Enclave: 132.482884ms[0m

Secure aggregation completed!
[Info] Destroy enclave: 0.000000ms.
init enclave...
[33m[INFO] Create Enclave: 102.553580ms[0m
Test aggregate time: 0.042774ms

[33m[Info] Sizeof data matrix: 76MB
[0m[DEBUG] loaded num: 200000, times: 1
[31mTime of clear final_x: 0.000000ms
[0m
[DEBUG] loaded num: 200000, times: 1
Clear final x successfully.
[31mTime of entering the enclave: 0.007386ms[0m
[DEBUG] Sizeof all required data in enclave: 3125 KB
[31mTime of key exchanges for 100 clients: 26.079449ms
[0m
[31mTime of key exchanges per client: 0.240687ms
[0m
Encrpyting user data...
[31mTime of data encryption per client: 1.848114ms[0m
Encprtion completed.

[DEBUG] Times: 1, loaded dim: 200000
[31mTime of secure aggregation: 106.807677ms[0m

[33m[INFO] Aggregate successfully.

[0m[31mTotal time inside the Enclave: 132.894512ms[0m

Secure aggregation completed!
[Info] Destroy enclave: 0.000000ms.
init enclave...
[33m[INFO] Create Enclave: 104.714606ms[0m
Test aggregate time: 0.043092ms

[33m[Info] Sizeof data matrix: 76MB
[0m[DEBUG] loaded num: 200000, times: 1
[31mTime of clear final_x: 0.000000ms
[0m
[DEBUG] loaded num: 200000, times: 1
Clear final x successfully.
[31mTime of entering the enclave: 0.007760ms[0m
[DEBUG] Sizeof all required data in enclave: 3125 KB
[31mTime of key exchanges for 100 clients: 26.123263ms
[0m
[31mTime of key exchanges per client: 0.242471ms
[0m
Encrpyting user data...
[31mTime of data encryption per client: 1.937941ms[0m
Encprtion completed.

[DEBUG] Times: 1, loaded dim: 200000
[31mTime of secure aggregation: 106.417166ms[0m

[33m[INFO] Aggregate successfully.

[0m[31mTotal time inside the Enclave: 132.548189ms[0m

Secure aggregation completed!
[Info] Destroy enclave: 0.000000ms.
init enclave...
[33m[INFO] Create Enclave: 103.277707ms[0m
Test aggregate time: 0.042989ms

[33m[Info] Sizeof data matrix: 76MB
[0m[DEBUG] loaded num: 200000, times: 1
[31mTime of clear final_x: 0.000000ms
[0m
[DEBUG] loaded num: 200000, times: 1
Clear final x successfully.
[31mTime of entering the enclave: 0.008732ms[0m
[DEBUG] Sizeof all required data in enclave: 3125 KB
[31mTime of key exchanges for 100 clients: 26.245924ms
[0m
[31mTime of key exchanges per client: 0.238652ms
[0m
Encrpyting user data...
[31mTime of data encryption per client: 1.828468ms[0m
Encprtion completed.

[DEBUG] Times: 1, loaded dim: 200000
[31mTime of secure aggregation: 107.160636ms[0m

[33m[INFO] Aggregate successfully.

[0m[31mTotal time inside the Enclave: 133.415292ms[0m

Secure aggregation completed!
[Info] Destroy enclave: 0.000000ms.
init enclave...
[33m[INFO] Create Enclave: 105.454249ms[0m
Test aggregate time: 0.043587ms

[33m[Info] Sizeof data matrix: 76MB
[0m[DEBUG] loaded num: 200000, times: 1
[31mTime of clear final_x: 0.000000ms
[0m
[DEBUG] loaded num: 200000, times: 1
Clear final x successfully.
[31mTime of entering the enclave: 0.008295ms[0m
[DEBUG] Sizeof all required data in enclave: 3125 KB
[31mTime of key exchanges for 100 clients: 26.477180ms
[0m
[31mTime of key exchanges per client: 0.243244ms
[0m
Encrpyting user data...
[31mTime of data encryption per client: 1.859887ms[0m
Encprtion completed.

[DEBUG] Times: 1, loaded dim: 200000
[31mTime of secure aggregation: 107.489301ms[0m

[33m[INFO] Aggregate successfully.

[0m[31mTotal time inside the Enclave: 133.974776ms[0m

Secure aggregation completed!
[Info] Destroy enclave: 0.000000ms.
init enclave...
[33m[INFO] Create Enclave: 102.515023ms[0m
Test aggregate time: 0.043173ms

[33m[Info] Sizeof data matrix: 76MB
[0m[DEBUG] loaded num: 200000, times: 1
[31mTime of clear final_x: 0.000000ms
[0m
[DEBUG] loaded num: 200000, times: 1
Clear final x successfully.
[31mTime of entering the enclave: 0.007479ms[0m
[DEBUG] Sizeof all required data in enclave: 3125 KB
[31mTime of key exchanges for 100 clients: 26.018801ms
[0m
[31mTime of key exchanges per client: 0.240739ms
[0m
Encrpyting user data...
[31mTime of data encryption per client: 1.864918ms[0m
Encprtion completed.

[DEBUG] Times: 1, loaded dim: 200000
[31mTime of secure aggregation: 106.948537ms[0m

[33m[INFO] Aggregate successfully.

[0m[31mTotal time inside the Enclave: 132.974817ms[0m

Secure aggregation completed!
[Info] Destroy enclave: 0.000000ms.
init enclave...
[33m[INFO] Create Enclave: 102.122015ms[0m
Test aggregate time: 0.043018ms

[33m[Info] Sizeof data matrix: 76MB
[0m[DEBUG] loaded num: 200000, times: 1
[31mTime of clear final_x: 0.000000ms
[0m
[DEBUG] loaded num: 200000, times: 1
Clear final x successfully.
[31mTime of entering the enclave: 0.007732ms[0m
[DEBUG] Sizeof all required data in enclave: 3125 KB
[31mTime of key exchanges for 100 clients: 26.398109ms
[0m
[31mTime of key exchanges per client: 0.244292ms
[0m
Encrpyting user data...
[31mTime of data encryption per client: 1.872206ms[0m
Encprtion completed.

[DEBUG] Times: 1, loaded dim: 200000
[31mTime of secure aggregation: 108.885527ms[0m

[33m[INFO] Aggregate successfully.

[0m[31mTotal time inside the Enclave: 135.291368ms[0m

Secure aggregation completed!
[Info] Destroy enclave: 0.000000ms.
init enclave...
[33m[INFO] Create Enclave: 104.087337ms[0m
Test aggregate time: 0.043640ms

[33m[Info] Sizeof data matrix: 76MB
[0m[DEBUG] loaded num: 200000, times: 1
[31mTime of clear final_x: 0.000000ms
[0m
[DEBUG] loaded num: 200000, times: 1
Clear final x successfully.
[31mTime of entering the enclave: 0.007739ms[0m
[DEBUG] Sizeof all required data in enclave: 3125 KB
[31mTime of key exchanges for 100 clients: 26.518921ms
[0m
[31mTime of key exchanges per client: 0.243421ms
[0m
Encrpyting user data...
[31mTime of data encryption per client: 1.860811ms[0m
Encprtion completed.

[DEBUG] Times: 1, loaded dim: 200000
[31mTime of secure aggregation: 108.258181ms[0m

[33m[INFO] Aggregate successfully.

[0m[31mTotal time inside the Enclave: 134.784841ms[0m

Secure aggregation completed!
[Info] Destroy enclave: 0.000000ms.
init enclave...
[33m[INFO] Create Enclave: 101.963651ms[0m
Test aggregate time: 0.044030ms

[33m[Info] Sizeof data matrix: 76MB
[0m[DEBUG] loaded num: 200000, times: 1
[31mTime of clear final_x: 0.000000ms
[0m
[DEBUG] loaded num: 200000, times: 1
Clear final x successfully.
[31mTime of entering the enclave: 0.008745ms[0m
[DEBUG] Sizeof all required data in enclave: 3125 KB
[31mTime of key exchanges for 100 clients: 27.573448ms
[0m
[31mTime of key exchanges per client: 0.251784ms
[0m
Encrpyting user data...
[31mTime of data encryption per client: 1.910692ms[0m
Encprtion completed.

[DEBUG] Times: 1, loaded dim: 200000
[31mTime of secure aggregation: 109.661399ms[0m

[33m[INFO] Aggregate successfully.

[0m[31mTotal time inside the Enclave: 137.243592ms[0m

Secure aggregation completed!
[Info] Destroy enclave: 0.000000ms.
init enclave...
[33m[INFO] Create Enclave: 104.051535ms[0m
Test aggregate time: 0.043831ms

[33m[Info] Sizeof data matrix: 76MB
[0m[DEBUG] loaded num: 200000, times: 1
[31mTime of clear final_x: 0.000000ms
[0m
[DEBUG] loaded num: 200000, times: 1
Clear final x successfully.
[31mTime of entering the enclave: 0.007367ms[0m
[DEBUG] Sizeof all required data in enclave: 3125 KB
[31mTime of key exchanges for 100 clients: 26.988557ms
[0m
[31mTime of key exchanges per client: 0.248692ms
[0m
Encrpyting user data...
[31mTime of data encryption per client: 1.867957ms[0m
Encprtion completed.

[DEBUG] Times: 1, loaded dim: 200000
[31mTime of secure aggregation: 108.952364ms[0m

[33m[INFO] Aggregate successfully.

[0m[31mTotal time inside the Enclave: 135.948288ms[0m

Secure aggregation completed!
[Info] Destroy enclave: 0.000000ms.
init enclave...
[33m[INFO] Create Enclave: 103.828614ms[0m
Test aggregate time: 0.044682ms

[33m[Info] Sizeof data matrix: 76MB
[0m[DEBUG] loaded num: 200000, times: 1
[31mTime of clear final_x: 0.000000ms
[0m
[DEBUG] loaded num: 200000, times: 1
Clear final x successfully.
[31mTime of entering the enclave: 0.007903ms[0m
[DEBUG] Sizeof all required data in enclave: 3125 KB
[31mTime of key exchanges for 100 clients: 27.462065ms
[0m
[31mTime of key exchanges per client: 0.253617ms
[0m
Encrpyting user data...
[31mTime of data encryption per client: 1.908489ms[0m
Encprtion completed.

[DEBUG] Times: 1, loaded dim: 200000
[31mTime of secure aggregation: 109.355035ms[0m

[33m[INFO] Aggregate successfully.

[0m[31mTotal time inside the Enclave: 136.825003ms[0m

Secure aggregation completed!
[Info] Destroy enclave: 0.000000ms.
init enclave...
[33m[INFO] Create Enclave: 102.823387ms[0m
Test aggregate time: 0.044099ms

[33m[Info] Sizeof data matrix: 76MB
[0m[DEBUG] loaded num: 200000, times: 1
[31mTime of clear final_x: 0.000000ms
[0m
[DEBUG] loaded num: 200000, times: 1
Clear final x successfully.
[31mTime of entering the enclave: 0.008975ms[0m
[DEBUG] Sizeof all required data in enclave: 3125 KB
[31mTime of key exchanges for 100 clients: 27.267606ms
[0m
[31mTime of key exchanges per client: 0.249418ms
[0m
Encrpyting user data...
[31mTime of data encryption per client: 1.884123ms[0m
Encprtion completed.

[DEBUG] Times: 1, loaded dim: 200000
[31mTime of secure aggregation: 108.806341ms[0m

[33m[INFO] Aggregate successfully.

[0m[31mTotal time inside the Enclave: 136.082922ms[0m

Secure aggregation completed!
[Info] Destroy enclave: 0.000000ms.
init enclave...
[33m[INFO] Create Enclave: 103.337669ms[0m
Test aggregate time: 0.043447ms

[33m[Info] Sizeof data matrix: 76MB
[0m[DEBUG] loaded num: 200000, times: 1
[31mTime of clear final_x: 0.000000ms
[0m
[DEBUG] loaded num: 200000, times: 1
Clear final x successfully.
[31mTime of entering the enclave: 0.007749ms[0m
[DEBUG] Sizeof all required data in enclave: 3125 KB
[31mTime of key exchanges for 100 clients: 26.002126ms
[0m
[31mTime of key exchanges per client: 0.243021ms
[0m
Encrpyting user data...
[31mTime of data encryption per client: 1.850456ms[0m
Encprtion completed.

[DEBUG] Times: 1, loaded dim: 200000
[31mTime of secure aggregation: 108.036646ms[0m

[33m[INFO] Aggregate successfully.

[0m[31mTotal time inside the Enclave: 134.046521ms[0m

Secure aggregation completed!
[Info] Destroy enclave: 0.000000ms.
init enclave...
[33m[INFO] Create Enclave: 103.288636ms[0m
Test aggregate time: 0.043317ms

[33m[Info] Sizeof data matrix: 76MB
[0m[DEBUG] loaded num: 200000, times: 1
[31mTime of clear final_x: 0.000000ms
[0m
[DEBUG] loaded num: 200000, times: 1
Clear final x successfully.
[31mTime of entering the enclave: 0.007917ms[0m
[DEBUG] Sizeof all required data in enclave: 3125 KB
[31mTime of key exchanges for 100 clients: 26.112901ms
[0m
[31mTime of key exchanges per client: 0.241273ms
[0m
Encrpyting user data...
[31mTime of data encryption per client: 1.859910ms[0m
Encprtion completed.

[DEBUG] Times: 1, loaded dim: 200000
[31mTime of secure aggregation: 106.399442ms[0m

[33m[INFO] Aggregate successfully.

[0m[31mTotal time inside the Enclave: 132.520260ms[0m

Secure aggregation completed!
[Info] Destroy enclave: 0.000000ms.
init enclave...
[33m[INFO] Create Enclave: 103.067899ms[0m
Test aggregate time: 0.042859ms

[33m[Info] Sizeof data matrix: 76MB
[0m[DEBUG] loaded num: 200000, times: 1
[31mTime of clear final_x: 0.000000ms
[0m
[DEBUG] loaded num: 200000, times: 1
Clear final x successfully.
[31mTime of entering the enclave: 0.007358ms[0m
[DEBUG] Sizeof all required data in enclave: 3125 KB
[31mTime of key exchanges for 100 clients: 25.995444ms
[0m
[31mTime of key exchanges per client: 0.240184ms
[0m
Encrpyting user data...
[31mTime of data encryption per client: 1.866827ms[0m
Encprtion completed.

[DEBUG] Times: 1, loaded dim: 200000
[31mTime of secure aggregation: 110.814341ms[0m

[33m[INFO] Aggregate successfully.

[0m[31mTotal time inside the Enclave: 136.817143ms[0m

Secure aggregation completed!
[Info] Destroy enclave: 0.000000ms.
init enclave...
[33m[INFO] Create Enclave: 101.491993ms[0m
Test aggregate time: 0.044572ms

[33m[Info] Sizeof data matrix: 76MB
[0m[DEBUG] loaded num: 200000, times: 1
[31mTime of clear final_x: 0.000000ms
[0m
[DEBUG] loaded num: 200000, times: 1
Clear final x successfully.
[31mTime of entering the enclave: 0.008683ms[0m
[DEBUG] Sizeof all required data in enclave: 3125 KB
[31mTime of key exchanges for 100 clients: 26.720107ms
[0m
[31mTime of key exchanges per client: 0.246124ms
[0m
Encrpyting user data...
[31mTime of data encryption per client: 1.871953ms[0m
Encprtion completed.

[DEBUG] Times: 1, loaded dim: 200000
[31mTime of secure aggregation: 107.713843ms[0m

[33m[INFO] Aggregate successfully.

[0m[31mTotal time inside the Enclave: 134.442633ms[0m

Secure aggregation completed!
[Info] Destroy enclave: 0.000000ms.
init enclave...
[33m[INFO] Create Enclave: 103.863775ms[0m
Test aggregate time: 0.043515ms

[33m[Info] Sizeof data matrix: 76MB
[0m[DEBUG] loaded num: 200000, times: 1
[31mTime of clear final_x: 0.000000ms
[0m
[DEBUG] loaded num: 200000, times: 1
Clear final x successfully.
[31mTime of entering the enclave: 0.007986ms[0m
[DEBUG] Sizeof all required data in enclave: 3125 KB
[31mTime of key exchanges for 100 clients: 26.028300ms
[0m
[31mTime of key exchanges per client: 0.241240ms
[0m
Encrpyting user data...
[31mTime of data encryption per client: 2.002153ms[0m
Encprtion completed.

[DEBUG] Times: 1, loaded dim: 200000
[31mTime of secure aggregation: 110.110745ms[0m

[33m[INFO] Aggregate successfully.

[0m[31mTotal time inside the Enclave: 136.147031ms[0m

Secure aggregation completed!
[Info] Destroy enclave: 0.000000ms.
init enclave...
[33m[INFO] Create Enclave: 102.967169ms[0m
Test aggregate time: 0.043751ms

[33m[Info] Sizeof data matrix: 76MB
[0m[DEBUG] loaded num: 200000, times: 1
[31mTime of clear final_x: 0.000000ms
[0m
[DEBUG] loaded num: 200000, times: 1
Clear final x successfully.
[31mTime of entering the enclave: 0.009102ms[0m
[DEBUG] Sizeof all required data in enclave: 3125 KB
[31mTime of key exchanges for 100 clients: 26.834222ms
[0m
[31mTime of key exchanges per client: 0.247291ms
[0m
Encrpyting user data...
[31mTime of data encryption per client: 1.853825ms[0m
Encprtion completed.

[DEBUG] Times: 1, loaded dim: 200000
[31mTime of secure aggregation: 107.164504ms[0m

[33m[INFO] Aggregate successfully.

[0m[31mTotal time inside the Enclave: 134.007828ms[0m

Secure aggregation completed!
[Info] Destroy enclave: 0.000000ms.
init enclave...
[33m[INFO] Create Enclave: 101.944442ms[0m
Test aggregate time: 0.043444ms

[33m[Info] Sizeof data matrix: 76MB
[0m[DEBUG] loaded num: 200000, times: 1
[31mTime of clear final_x: 0.000000ms
[0m
[DEBUG] loaded num: 200000, times: 1
Clear final x successfully.
[31mTime of entering the enclave: 0.009846ms[0m
[DEBUG] Sizeof all required data in enclave: 3125 KB
[31mTime of key exchanges for 100 clients: 26.670478ms
[0m
[31mTime of key exchanges per client: 0.244463ms
[0m
Encrpyting user data...
[31mTime of data encryption per client: 1.844284ms[0m
Encprtion completed.

[DEBUG] Times: 1, loaded dim: 200000
[31mTime of secure aggregation: 107.613596ms[0m

[33m[INFO] Aggregate successfully.

[0m[31mTotal time inside the Enclave: 134.293920ms[0m

Secure aggregation completed!
[Info] Destroy enclave: 0.000000ms.
init enclave...
[33m[INFO] Create Enclave: 102.577285ms[0m
Test aggregate time: 0.043577ms

[33m[Info] Sizeof data matrix: 76MB
[0m[DEBUG] loaded num: 200000, times: 1
[31mTime of clear final_x: 0.000000ms
[0m
[DEBUG] loaded num: 200000, times: 1
Clear final x successfully.
[31mTime of entering the enclave: 0.007985ms[0m
[DEBUG] Sizeof all required data in enclave: 3125 KB
[31mTime of key exchanges for 100 clients: 26.140564ms
[0m
[31mTime of key exchanges per client: 0.241942ms
[0m
Encrpyting user data...
[31mTime of data encryption per client: 1.866462ms[0m
Encprtion completed.

[DEBUG] Times: 1, loaded dim: 200000
[31mTime of secure aggregation: 108.381006ms[0m

[33m[INFO] Aggregate successfully.

[0m[31mTotal time inside the Enclave: 134.529555ms[0m

Secure aggregation completed!
[Info] Destroy enclave: 0.000000ms.
init enclave...
[33m[INFO] Create Enclave: 116.586419ms[0m
Test aggregate time: 0.043718ms

[33m[Info] Sizeof data matrix: 76MB
[0m[DEBUG] loaded num: 200000, times: 1
[31mTime of clear final_x: 0.000000ms
[0m
[DEBUG] loaded num: 200000, times: 1
Clear final x successfully.
[31mTime of entering the enclave: 0.012578ms[0m
[DEBUG] Sizeof all required data in enclave: 3125 KB
[31mTime of key exchanges for 100 clients: 26.412922ms
[0m
[31mTime of key exchanges per client: 0.244780ms
[0m
Encrpyting user data...
[31mTime of data encryption per client: 1.847292ms[0m
Encprtion completed.

[DEBUG] Times: 1, loaded dim: 200000
[31mTime of secure aggregation: 106.711667ms[0m

[33m[INFO] Aggregate successfully.

[0m[31mTotal time inside the Enclave: 133.137167ms[0m

Secure aggregation completed!
[Info] Destroy enclave: 0.000000ms.
init enclave...
[33m[INFO] Create Enclave: 103.278286ms[0m
Test aggregate time: 0.043452ms

[33m[Info] Sizeof data matrix: 76MB
[0m[DEBUG] loaded num: 200000, times: 1
[31mTime of clear final_x: 0.000000ms
[0m
[DEBUG] loaded num: 200000, times: 1
Clear final x successfully.
[31mTime of entering the enclave: 0.007714ms[0m
[DEBUG] Sizeof all required data in enclave: 3125 KB
[31mTime of key exchanges for 100 clients: 26.387474ms
[0m
[31mTime of key exchanges per client: 0.245536ms
[0m
Encrpyting user data...
[31mTime of data encryption per client: 1.867734ms[0m
Encprtion completed.

[DEBUG] Times: 1, loaded dim: 200000
[31mTime of secure aggregation: 111.102259ms[0m

[33m[INFO] Aggregate successfully.

[0m[31mTotal time inside the Enclave: 137.497447ms[0m

Secure aggregation completed!
[Info] Destroy enclave: 0.000000ms.
init enclave...
[33m[INFO] Create Enclave: 104.160097ms[0m
Test aggregate time: 0.042941ms

[33m[Info] Sizeof data matrix: 76MB
[0m[DEBUG] loaded num: 200000, times: 1
[31mTime of clear final_x: 0.000000ms
[0m
[DEBUG] loaded num: 200000, times: 1
Clear final x successfully.
[31mTime of entering the enclave: 0.007421ms[0m
[DEBUG] Sizeof all required data in enclave: 3125 KB
[31mTime of key exchanges for 100 clients: 25.927562ms
[0m
[31mTime of key exchanges per client: 0.239273ms
[0m
Encrpyting user data...
[31mTime of data encryption per client: 1.834192ms[0m
Encprtion completed.

[DEBUG] Times: 1, loaded dim: 200000
[31mTime of secure aggregation: 106.807158ms[0m

[33m[INFO] Aggregate successfully.

[0m[31mTotal time inside the Enclave: 132.742141ms[0m

Secure aggregation completed!
[Info] Destroy enclave: 0.000000ms.
init enclave...
[33m[INFO] Create Enclave: 108.256394ms[0m
Test aggregate time: 0.042839ms

[33m[Info] Sizeof data matrix: 76MB
[0m[DEBUG] loaded num: 200000, times: 1
[31mTime of clear final_x: 0.000000ms
[0m
[DEBUG] loaded num: 200000, times: 1
Clear final x successfully.
[31mTime of entering the enclave: 0.007937ms[0m
[DEBUG] Sizeof all required data in enclave: 3125 KB
[31mTime of key exchanges for 100 clients: 26.064360ms
[0m
[31mTime of key exchanges per client: 0.241038ms
[0m
Encrpyting user data...
[31mTime of data encryption per client: 1.828080ms[0m
Encprtion completed.

[DEBUG] Times: 1, loaded dim: 200000
[31mTime of secure aggregation: 106.561836ms[0m

[33m[INFO] Aggregate successfully.

[0m[31mTotal time inside the Enclave: 132.634133ms[0m

Secure aggregation completed!
[Info] Destroy enclave: 0.000000ms.
init enclave...
[33m[INFO] Create Enclave: 104.352474ms[0m
Test aggregate time: 0.042860ms

[33m[Info] Sizeof data matrix: 76MB
[0m[DEBUG] loaded num: 200000, times: 1
[31mTime of clear final_x: 0.000000ms
[0m
[DEBUG] loaded num: 200000, times: 1
Clear final x successfully.
[31mTime of entering the enclave: 0.007487ms[0m
[DEBUG] Sizeof all required data in enclave: 3125 KB
[31mTime of key exchanges for 100 clients: 26.059531ms
[0m
[31mTime of key exchanges per client: 0.241206ms
[0m
Encrpyting user data...
[31mTime of data encryption per client: 1.826170ms[0m
Encprtion completed.

[DEBUG] Times: 1, loaded dim: 200000
[31mTime of secure aggregation: 106.688118ms[0m

[33m[INFO] Aggregate successfully.

[0m[31mTotal time inside the Enclave: 132.755136ms[0m

Secure aggregation completed!
[Info] Destroy enclave: 0.000000ms.
init enclave...
[33m[INFO] Create Enclave: 102.802672ms[0m
Test aggregate time: 0.043129ms

[33m[Info] Sizeof data matrix: 76MB
[0m[DEBUG] loaded num: 200000, times: 1
[31mTime of clear final_x: 0.000000ms
[0m
[DEBUG] loaded num: 200000, times: 1
Clear final x successfully.
[31mTime of entering the enclave: 0.007929ms[0m
[DEBUG] Sizeof all required data in enclave: 3125 KB
[31mTime of key exchanges for 100 clients: 26.024819ms
[0m
[31mTime of key exchanges per client: 0.239755ms
[0m
Encrpyting user data...
[31mTime of data encryption per client: 1.840215ms[0m
Encprtion completed.

[DEBUG] Times: 1, loaded dim: 200000
[31mTime of secure aggregation: 111.937547ms[0m

[33m[INFO] Aggregate successfully.

[0m[31mTotal time inside the Enclave: 137.970295ms[0m

Secure aggregation completed!
[Info] Destroy enclave: 0.000000ms.
init enclave...
[33m[INFO] Create Enclave: 103.927367ms[0m
Test aggregate time: 0.042963ms

[33m[Info] Sizeof data matrix: 76MB
[0m[DEBUG] loaded num: 200000, times: 1
[31mTime of clear final_x: 0.000000ms
[0m
[DEBUG] loaded num: 200000, times: 1
Clear final x successfully.
[31mTime of entering the enclave: 0.007748ms[0m
[DEBUG] Sizeof all required data in enclave: 3125 KB
[31mTime of key exchanges for 100 clients: 26.453436ms
[0m
[31mTime of key exchanges per client: 0.244987ms
[0m
Encrpyting user data...
[31mTime of data encryption per client: 1.907792ms[0m
Encprtion completed.

[DEBUG] Times: 1, loaded dim: 200000
[31mTime of secure aggregation: 111.905233ms[0m

[33m[INFO] Aggregate successfully.

[0m[31mTotal time inside the Enclave: 138.366417ms[0m

Secure aggregation completed!
[Info] Destroy enclave: 0.000000ms.
init enclave...
[33m[INFO] Create Enclave: 101.797331ms[0m
Test aggregate time: 0.043551ms

[33m[Info] Sizeof data matrix: 76MB
[0m[DEBUG] loaded num: 200000, times: 1
[31mTime of clear final_x: 0.000000ms
[0m
[DEBUG] loaded num: 200000, times: 1
Clear final x successfully.
[31mTime of entering the enclave: 0.007870ms[0m
[DEBUG] Sizeof all required data in enclave: 3125 KB
[31mTime of key exchanges for 100 clients: 26.069987ms
[0m
[31mTime of key exchanges per client: 0.240255ms
[0m
Encrpyting user data...
[31mTime of data encryption per client: 1.838612ms[0m
Encprtion completed.

[DEBUG] Times: 1, loaded dim: 200000
[31mTime of secure aggregation: 106.926715ms[0m

[33m[INFO] Aggregate successfully.

[0m[31mTotal time inside the Enclave: 133.004572ms[0m

Secure aggregation completed!
[Info] Destroy enclave: 0.000000ms.
init enclave...
[33m[INFO] Create Enclave: 101.738703ms[0m
Test aggregate time: 0.043053ms

[33m[Info] Sizeof data matrix: 76MB
[0m[DEBUG] loaded num: 200000, times: 1
[31mTime of clear final_x: 0.000000ms
[0m
[DEBUG] loaded num: 200000, times: 1
Clear final x successfully.
[31mTime of entering the enclave: 0.007847ms[0m
[DEBUG] Sizeof all required data in enclave: 3125 KB
[31mTime of key exchanges for 100 clients: 26.015643ms
[0m
[31mTime of key exchanges per client: 0.241283ms
[0m
Encrpyting user data...
[31mTime of data encryption per client: 1.829763ms[0m
Encprtion completed.

[DEBUG] Times: 1, loaded dim: 200000
[31mTime of secure aggregation: 106.554115ms[0m

[33m[INFO] Aggregate successfully.

[0m[31mTotal time inside the Enclave: 132.577605ms[0m

Secure aggregation completed!
[Info] Destroy enclave: 0.000000ms.
init enclave...
[33m[INFO] Create Enclave: 102.053112ms[0m
Test aggregate time: 0.043067ms

[33m[Info] Sizeof data matrix: 76MB
[0m[DEBUG] loaded num: 200000, times: 1
[31mTime of clear final_x: 0.000000ms
[0m
[DEBUG] loaded num: 200000, times: 1
Clear final x successfully.
[31mTime of entering the enclave: 0.008562ms[0m
[DEBUG] Sizeof all required data in enclave: 3125 KB
[31mTime of key exchanges for 100 clients: 25.978214ms
[0m
[31mTime of key exchanges per client: 0.240930ms
[0m
Encrpyting user data...
[31mTime of data encryption per client: 1.863607ms[0m
Encprtion completed.

[DEBUG] Times: 1, loaded dim: 200000
[31mTime of secure aggregation: 106.569656ms[0m

[33m[INFO] Aggregate successfully.

[0m[31mTotal time inside the Enclave: 132.556432ms[0m

Secure aggregation completed!
[Info] Destroy enclave: 0.000000ms.
init enclave...
[33m[INFO] Create Enclave: 102.104949ms[0m
Test aggregate time: 0.042813ms

[33m[Info] Sizeof data matrix: 76MB
[0m[DEBUG] loaded num: 200000, times: 1
[31mTime of clear final_x: 0.000000ms
[0m
[DEBUG] loaded num: 200000, times: 1
Clear final x successfully.
[31mTime of entering the enclave: 0.007426ms[0m
[DEBUG] Sizeof all required data in enclave: 3125 KB
[31mTime of key exchanges for 100 clients: 25.952129ms
[0m
[31mTime of key exchanges per client: 0.239818ms
[0m
Encrpyting user data...
[31mTime of data encryption per client: 1.828000ms[0m
Encprtion completed.

[DEBUG] Times: 1, loaded dim: 200000
[31mTime of secure aggregation: 106.892717ms[0m

[33m[INFO] Aggregate successfully.

[0m[31mTotal time inside the Enclave: 132.852272ms[0m

Secure aggregation completed!
[Info] Destroy enclave: 0.000000ms.
init enclave...
[33m[INFO] Create Enclave: 110.360190ms[0m
Test aggregate time: 0.043078ms

[33m[Info] Sizeof data matrix: 76MB
[0m[DEBUG] loaded num: 200000, times: 1
[31mTime of clear final_x: 0.000000ms
[0m
[DEBUG] loaded num: 200000, times: 1
Clear final x successfully.
[31mTime of entering the enclave: 0.007967ms[0m
[DEBUG] Sizeof all required data in enclave: 3125 KB
[31mTime of key exchanges for 100 clients: 26.084893ms
[0m
[31mTime of key exchanges per client: 0.240397ms
[0m
Encrpyting user data...
[31mTime of data encryption per client: 1.827005ms[0m
Encprtion completed.

[DEBUG] Times: 1, loaded dim: 200000
[31mTime of secure aggregation: 106.220435ms[0m

[33m[INFO] Aggregate successfully.

[0m[31mTotal time inside the Enclave: 132.313295ms[0m

Secure aggregation completed!
[Info] Destroy enclave: 0.000000ms.
init enclave...
[33m[INFO] Create Enclave: 100.807797ms[0m
Test aggregate time: 0.042995ms

[33m[Info] Sizeof data matrix: 76MB
[0m[DEBUG] loaded num: 200000, times: 1
[31mTime of clear final_x: 0.000000ms
[0m
[DEBUG] loaded num: 200000, times: 1
Clear final x successfully.
[31mTime of entering the enclave: 0.007960ms[0m
[DEBUG] Sizeof all required data in enclave: 3125 KB
[31mTime of key exchanges for 100 clients: 25.928261ms
[0m
[31mTime of key exchanges per client: 0.239773ms
[0m
Encrpyting user data...
[31mTime of data encryption per client: 1.829733ms[0m
Encprtion completed.

[DEBUG] Times: 1, loaded dim: 200000
[31mTime of secure aggregation: 107.060513ms[0m

[33m[INFO] Aggregate successfully.

[0m[31mTotal time inside the Enclave: 132.996734ms[0m

Secure aggregation completed!
[Info] Destroy enclave: 0.000000ms.
init enclave...
[33m[INFO] Create Enclave: 100.860659ms[0m
Test aggregate time: 0.042932ms

[33m[Info] Sizeof data matrix: 76MB
[0m[DEBUG] loaded num: 200000, times: 1
[31mTime of clear final_x: 0.000000ms
[0m
[DEBUG] loaded num: 200000, times: 1
Clear final x successfully.
[31mTime of entering the enclave: 0.007520ms[0m
[DEBUG] Sizeof all required data in enclave: 3125 KB
[31mTime of key exchanges for 100 clients: 25.858125ms
[0m
[31mTime of key exchanges per client: 0.240231ms
[0m
Encrpyting user data...
[31mTime of data encryption per client: 1.834756ms[0m
Encprtion completed.

[DEBUG] Times: 1, loaded dim: 200000
[31mTime of secure aggregation: 107.196952ms[0m

[33m[INFO] Aggregate successfully.

[0m[31mTotal time inside the Enclave: 133.062597ms[0m

Secure aggregation completed!
[Info] Destroy enclave: 0.000000ms.
init enclave...
[33m[INFO] Create Enclave: 101.731653ms[0m
Test aggregate time: 0.043004ms

[33m[Info] Sizeof data matrix: 76MB
[0m[DEBUG] loaded num: 200000, times: 1
[31mTime of clear final_x: 0.000000ms
[0m
[DEBUG] loaded num: 200000, times: 1
Clear final x successfully.
[31mTime of entering the enclave: 0.007557ms[0m
[DEBUG] Sizeof all required data in enclave: 3125 KB
[31mTime of key exchanges for 100 clients: 25.889627ms
[0m
[31mTime of key exchanges per client: 0.240140ms
[0m
Encrpyting user data...
[31mTime of data encryption per client: 1.831225ms[0m
Encprtion completed.

[DEBUG] Times: 1, loaded dim: 200000
[31mTime of secure aggregation: 106.566133ms[0m

[33m[INFO] Aggregate successfully.

[0m[31mTotal time inside the Enclave: 132.463317ms[0m

Secure aggregation completed!
[Info] Destroy enclave: 0.000000ms.
init enclave...
[33m[INFO] Create Enclave: 102.233390ms[0m
Test aggregate time: 0.042979ms

[33m[Info] Sizeof data matrix: 76MB
[0m[DEBUG] loaded num: 200000, times: 1
[31mTime of clear final_x: 0.000000ms
[0m
[DEBUG] loaded num: 200000, times: 1
Clear final x successfully.
[31mTime of entering the enclave: 0.007703ms[0m
[DEBUG] Sizeof all required data in enclave: 3125 KB
[31mTime of key exchanges for 100 clients: 25.960622ms
[0m
[31mTime of key exchanges per client: 0.239959ms
[0m
Encrpyting user data...
[31mTime of data encryption per client: 1.826119ms[0m
Encprtion completed.

[DEBUG] Times: 1, loaded dim: 200000
[31mTime of secure aggregation: 106.552880ms[0m

[33m[INFO] Aggregate successfully.

[0m[31mTotal time inside the Enclave: 132.521205ms[0m

Secure aggregation completed!
[Info] Destroy enclave: 0.000000ms.
init enclave...
[33m[INFO] Create Enclave: 102.763290ms[0m
Test aggregate time: 0.043138ms

[33m[Info] Sizeof data matrix: 76MB
[0m[DEBUG] loaded num: 200000, times: 1
[31mTime of clear final_x: 0.000000ms
[0m
[DEBUG] loaded num: 200000, times: 1
Clear final x successfully.
[31mTime of entering the enclave: 0.007655ms[0m
[DEBUG] Sizeof all required data in enclave: 3125 KB
[31mTime of key exchanges for 100 clients: 26.015446ms
[0m
[31mTime of key exchanges per client: 0.240947ms
[0m
Encrpyting user data...
[31mTime of data encryption per client: 1.837042ms[0m
Encprtion completed.

[DEBUG] Times: 1, loaded dim: 200000
[31mTime of secure aggregation: 106.985100ms[0m

[33m[INFO] Aggregate successfully.

[0m[31mTotal time inside the Enclave: 133.008201ms[0m

Secure aggregation completed!
[Info] Destroy enclave: 0.000000ms.
init enclave...
[33m[INFO] Create Enclave: 101.815559ms[0m
Test aggregate time: 0.042817ms

[33m[Info] Sizeof data matrix: 76MB
[0m[DEBUG] loaded num: 200000, times: 1
[31mTime of clear final_x: 0.000000ms
[0m
[DEBUG] loaded num: 200000, times: 1
Clear final x successfully.
[31mTime of entering the enclave: 0.007586ms[0m
[DEBUG] Sizeof all required data in enclave: 3125 KB
[31mTime of key exchanges for 100 clients: 25.913979ms
[0m
[31mTime of key exchanges per client: 0.240582ms
[0m
Encrpyting user data...
[31mTime of data encryption per client: 1.895999ms[0m
Encprtion completed.

[DEBUG] Times: 1, loaded dim: 200000
[31mTime of secure aggregation: 106.564520ms[0m

[33m[INFO] Aggregate successfully.

[0m[31mTotal time inside the Enclave: 132.486085ms[0m

Secure aggregation completed!
[Info] Destroy enclave: 0.000000ms.
init enclave...
[33m[INFO] Create Enclave: 102.313862ms[0m
Test aggregate time: 0.042886ms

[33m[Info] Sizeof data matrix: 76MB
[0m[DEBUG] loaded num: 200000, times: 1
[31mTime of clear final_x: 0.000000ms
[0m
[DEBUG] loaded num: 200000, times: 1
Clear final x successfully.
[31mTime of entering the enclave: 0.007697ms[0m
[DEBUG] Sizeof all required data in enclave: 3125 KB
[31mTime of key exchanges for 100 clients: 25.900428ms
[0m
[31mTime of key exchanges per client: 0.239202ms
[0m
Encrpyting user data...
[31mTime of data encryption per client: 1.827401ms[0m
Encprtion completed.

[DEBUG] Times: 1, loaded dim: 200000
[31mTime of secure aggregation: 106.215481ms[0m

[33m[INFO] Aggregate successfully.

[0m[31mTotal time inside the Enclave: 132.123606ms[0m

Secure aggregation completed!
[Info] Destroy enclave: 0.000000ms.
init enclave...
[33m[INFO] Create Enclave: 101.060192ms[0m
Test aggregate time: 0.042949ms

[33m[Info] Sizeof data matrix: 76MB
[0m[DEBUG] loaded num: 200000, times: 1
[31mTime of clear final_x: 0.000000ms
[0m
[DEBUG] loaded num: 200000, times: 1
Clear final x successfully.
[31mTime of entering the enclave: 0.007515ms[0m
[DEBUG] Sizeof all required data in enclave: 3125 KB
[31mTime of key exchanges for 100 clients: 26.153965ms
[0m
[31mTime of key exchanges per client: 0.241042ms
[0m
Encrpyting user data...
[31mTime of data encryption per client: 1.831421ms[0m
Encprtion completed.

[DEBUG] Times: 1, loaded dim: 200000
[31mTime of secure aggregation: 106.481874ms[0m

[33m[INFO] Aggregate successfully.

[0m[31mTotal time inside the Enclave: 132.643354ms[0m

Secure aggregation completed!
[Info] Destroy enclave: 0.000000ms.
init enclave...
[33m[INFO] Create Enclave: 101.640422ms[0m
Test aggregate time: 0.043133ms

[33m[Info] Sizeof data matrix: 76MB
[0m[DEBUG] loaded num: 200000, times: 1
[31mTime of clear final_x: 0.000000ms
[0m
[DEBUG] loaded num: 200000, times: 1
Clear final x successfully.
[31mTime of entering the enclave: 0.008271ms[0m
[DEBUG] Sizeof all required data in enclave: 3125 KB
[31mTime of key exchanges for 100 clients: 26.002428ms
[0m
[31mTime of key exchanges per client: 0.240177ms
[0m
Encrpyting user data...
[31mTime of data encryption per client: 1.821460ms[0m
Encprtion completed.

[DEBUG] Times: 1, loaded dim: 200000
[31mTime of secure aggregation: 106.506449ms[0m

[33m[INFO] Aggregate successfully.

[0m[31mTotal time inside the Enclave: 132.517148ms[0m

Secure aggregation completed!
[Info] Destroy enclave: 0.000000ms.
init enclave...
[33m[INFO] Create Enclave: 102.576322ms[0m
Test aggregate time: 0.042981ms

[33m[Info] Sizeof data matrix: 76MB
[0m[DEBUG] loaded num: 200000, times: 1
[31mTime of clear final_x: 0.000000ms
[0m
[DEBUG] loaded num: 200000, times: 1
Clear final x successfully.
[31mTime of entering the enclave: 0.008106ms[0m
[DEBUG] Sizeof all required data in enclave: 3125 KB
[31mTime of key exchanges for 100 clients: 25.850957ms
[0m
[31mTime of key exchanges per client: 0.240680ms
[0m
Encrpyting user data...
[31mTime of data encryption per client: 1.826322ms[0m
Encprtion completed.

[DEBUG] Times: 1, loaded dim: 200000
[31mTime of secure aggregation: 106.388399ms[0m

[33m[INFO] Aggregate successfully.

[0m[31mTotal time inside the Enclave: 132.247462ms[0m

Secure aggregation completed!
[Info] Destroy enclave: 0.000000ms.
init enclave...
[33m[INFO] Create Enclave: 104.358183ms[0m
Test aggregate time: 0.043272ms

[33m[Info] Sizeof data matrix: 76MB
[0m[DEBUG] loaded num: 200000, times: 1
[31mTime of clear final_x: 0.000000ms
[0m
[DEBUG] loaded num: 200000, times: 1
Clear final x successfully.
[31mTime of entering the enclave: 0.007474ms[0m
[DEBUG] Sizeof all required data in enclave: 3125 KB
[31mTime of key exchanges for 100 clients: 25.825395ms
[0m
[31mTime of key exchanges per client: 0.240145ms
[0m
Encrpyting user data...
[31mTime of data encryption per client: 1.832299ms[0m
Encprtion completed.

[DEBUG] Times: 1, loaded dim: 200000
[31mTime of secure aggregation: 106.664567ms[0m

[33m[INFO] Aggregate successfully.

[0m[31mTotal time inside the Enclave: 132.497436ms[0m

Secure aggregation completed!
[Info] Destroy enclave: 0.000000ms.
init enclave...
[33m[INFO] Create Enclave: 103.287939ms[0m
Test aggregate time: 0.043106ms

[33m[Info] Sizeof data matrix: 76MB
[0m[DEBUG] loaded num: 200000, times: 1
[31mTime of clear final_x: 0.000000ms
[0m
[DEBUG] loaded num: 200000, times: 1
Clear final x successfully.
[31mTime of entering the enclave: 0.007590ms[0m
[DEBUG] Sizeof all required data in enclave: 3125 KB
[31mTime of key exchanges for 100 clients: 26.028946ms
[0m
[31mTime of key exchanges per client: 0.240725ms
[0m
Encrpyting user data...
[31mTime of data encryption per client: 1.823390ms[0m
Encprtion completed.

[DEBUG] Times: 1, loaded dim: 200000
[31mTime of secure aggregation: 106.474048ms[0m

[33m[INFO] Aggregate successfully.

[0m[31mTotal time inside the Enclave: 132.510584ms[0m

Secure aggregation completed!
[Info] Destroy enclave: 0.000000ms.
init enclave...
[33m[INFO] Create Enclave: 100.429075ms[0m
Test aggregate time: 0.043018ms

[33m[Info] Sizeof data matrix: 76MB
[0m[DEBUG] loaded num: 200000, times: 1
[31mTime of clear final_x: 0.000000ms
[0m
[DEBUG] loaded num: 200000, times: 1
Clear final x successfully.
[31mTime of entering the enclave: 0.007566ms[0m
[DEBUG] Sizeof all required data in enclave: 3125 KB
[31mTime of key exchanges for 100 clients: 25.859254ms
[0m
[31mTime of key exchanges per client: 0.240598ms
[0m
Encrpyting user data...
[31mTime of data encryption per client: 1.834696ms[0m
Encprtion completed.

[DEBUG] Times: 1, loaded dim: 200000
[31mTime of secure aggregation: 106.623628ms[0m

[33m[INFO] Aggregate successfully.

[0m[31mTotal time inside the Enclave: 132.490448ms[0m

Secure aggregation completed!
[Info] Destroy enclave: 0.000000ms.
init enclave...
[33m[INFO] Create Enclave: 108.933972ms[0m
Test aggregate time: 0.042814ms

[33m[Info] Sizeof data matrix: 76MB
[0m[DEBUG] loaded num: 200000, times: 1
[31mTime of clear final_x: 0.000000ms
[0m
[DEBUG] loaded num: 200000, times: 1
Clear final x successfully.
[31mTime of entering the enclave: 0.007988ms[0m
[DEBUG] Sizeof all required data in enclave: 3125 KB
[31mTime of key exchanges for 100 clients: 25.864155ms
[0m
[31mTime of key exchanges per client: 0.239603ms
[0m
Encrpyting user data...
[31mTime of data encryption per client: 1.829833ms[0m
Encprtion completed.

[DEBUG] Times: 1, loaded dim: 200000
[31mTime of secure aggregation: 106.372039ms[0m

[33m[INFO] Aggregate successfully.

[0m[31mTotal time inside the Enclave: 132.244182ms[0m

Secure aggregation completed!
[Info] Destroy enclave: 0.000000ms.
init enclave...
[33m[INFO] Create Enclave: 103.774815ms[0m
Test aggregate time: 0.043108ms

[33m[Info] Sizeof data matrix: 76MB
[0m[DEBUG] loaded num: 200000, times: 1
[31mTime of clear final_x: 0.000000ms
[0m
[DEBUG] loaded num: 200000, times: 1
Clear final x successfully.
[31mTime of entering the enclave: 0.008209ms[0m
[DEBUG] Sizeof all required data in enclave: 3125 KB
[31mTime of key exchanges for 100 clients: 26.036474ms
[0m
[31mTime of key exchanges per client: 0.239830ms
[0m
Encrpyting user data...
[31mTime of data encryption per client: 1.846463ms[0m
Encprtion completed.

[DEBUG] Times: 1, loaded dim: 200000
[31mTime of secure aggregation: 107.139305ms[0m

[33m[INFO] Aggregate successfully.

[0m[31mTotal time inside the Enclave: 133.183988ms[0m

Secure aggregation completed!
[Info] Destroy enclave: 0.000000ms.
init enclave...
[33m[INFO] Create Enclave: 106.955094ms[0m
Test aggregate time: 0.042956ms

[33m[Info] Sizeof data matrix: 76MB
[0m[DEBUG] loaded num: 200000, times: 1
[31mTime of clear final_x: 0.000000ms
[0m
[DEBUG] loaded num: 200000, times: 1
Clear final x successfully.
[31mTime of entering the enclave: 0.007895ms[0m
[DEBUG] Sizeof all required data in enclave: 3125 KB
[31mTime of key exchanges for 100 clients: 26.330687ms
[0m
[31mTime of key exchanges per client: 0.244570ms
[0m
Encrpyting user data...
[31mTime of data encryption per client: 1.832703ms[0m
Encprtion completed.

[DEBUG] Times: 1, loaded dim: 200000
[31mTime of secure aggregation: 107.040099ms[0m

[33m[INFO] Aggregate successfully.

[0m[31mTotal time inside the Enclave: 133.378681ms[0m

Secure aggregation completed!
[Info] Destroy enclave: 0.000000ms.
init enclave...
[33m[INFO] Create Enclave: 103.244706ms[0m
Test aggregate time: 0.043122ms

[33m[Info] Sizeof data matrix: 76MB
[0m[DEBUG] loaded num: 200000, times: 1
[31mTime of clear final_x: 0.000000ms
[0m
[DEBUG] loaded num: 200000, times: 1
Clear final x successfully.
[31mTime of entering the enclave: 0.007587ms[0m
[DEBUG] Sizeof all required data in enclave: 3125 KB
[31mTime of key exchanges for 100 clients: 25.898483ms
[0m
[31mTime of key exchanges per client: 0.239166ms
[0m
Encrpyting user data...
[31mTime of data encryption per client: 1.833464ms[0m
Encprtion completed.

[DEBUG] Times: 1, loaded dim: 200000
[31mTime of secure aggregation: 106.549450ms[0m

[33m[INFO] Aggregate successfully.

[0m[31mTotal time inside the Enclave: 132.455520ms[0m

Secure aggregation completed!
[Info] Destroy enclave: 0.000000ms.
init enclave...
[33m[INFO] Create Enclave: 104.875841ms[0m
Test aggregate time: 0.042798ms

[33m[Info] Sizeof data matrix: 76MB
[0m[DEBUG] loaded num: 200000, times: 1
[31mTime of clear final_x: 0.000000ms
[0m
[DEBUG] loaded num: 200000, times: 1
Clear final x successfully.
[31mTime of entering the enclave: 0.007463ms[0m
[DEBUG] Sizeof all required data in enclave: 3125 KB
[31mTime of key exchanges for 100 clients: 29.567518ms
[0m
[31mTime of key exchanges per client: 0.271830ms
[0m
Encrpyting user data...
[31mTime of data encryption per client: 1.826562ms[0m
Encprtion completed.

[DEBUG] Times: 1, loaded dim: 200000
[31mTime of secure aggregation: 106.653174ms[0m

[33m[INFO] Aggregate successfully.

[0m[31mTotal time inside the Enclave: 136.228155ms[0m

Secure aggregation completed!
[Info] Destroy enclave: 0.000000ms.
init enclave...
[33m[INFO] Create Enclave: 101.738753ms[0m
Test aggregate time: 0.043262ms

[33m[Info] Sizeof data matrix: 76MB
[0m[DEBUG] loaded num: 200000, times: 1
[31mTime of clear final_x: 0.000000ms
[0m
[DEBUG] loaded num: 200000, times: 1
Clear final x successfully.
[31mTime of entering the enclave: 0.007836ms[0m
[DEBUG] Sizeof all required data in enclave: 3125 KB
[31mTime of key exchanges for 100 clients: 26.067523ms
[0m
[31mTime of key exchanges per client: 0.241987ms
[0m
Encrpyting user data...
[31mTime of data encryption per client: 1.840578ms[0m
Encprtion completed.

[DEBUG] Times: 1, loaded dim: 200000
[31mTime of secure aggregation: 107.077788ms[0m

[33m[INFO] Aggregate successfully.

[0m[31mTotal time inside the Enclave: 133.153147ms[0m

Secure aggregation completed!
[Info] Destroy enclave: 0.000000ms.
init enclave...
[33m[INFO] Create Enclave: 100.510546ms[0m
Test aggregate time: 0.043077ms

[33m[Info] Sizeof data matrix: 76MB
[0m[DEBUG] loaded num: 200000, times: 1
[31mTime of clear final_x: 0.000000ms
[0m
[DEBUG] loaded num: 200000, times: 1
Clear final x successfully.
[31mTime of entering the enclave: 0.008238ms[0m
[DEBUG] Sizeof all required data in enclave: 3125 KB
[31mTime of key exchanges for 100 clients: 26.130406ms
[0m
[31mTime of key exchanges per client: 0.239423ms
[0m
Encrpyting user data...
[31mTime of data encryption per client: 1.826878ms[0m
Encprtion completed.

[DEBUG] Times: 1, loaded dim: 200000
[31mTime of secure aggregation: 106.392804ms[0m

[33m[INFO] Aggregate successfully.

[0m[31mTotal time inside the Enclave: 132.531448ms[0m

Secure aggregation completed!
[Info] Destroy enclave: 0.000000ms.
init enclave...
[33m[INFO] Create Enclave: 102.918150ms[0m
Test aggregate time: 0.042864ms

[33m[Info] Sizeof data matrix: 76MB
[0m[DEBUG] loaded num: 200000, times: 1
[31mTime of clear final_x: 0.000000ms
[0m
[DEBUG] loaded num: 200000, times: 1
Clear final x successfully.
[31mTime of entering the enclave: 0.007352ms[0m
[DEBUG] Sizeof all required data in enclave: 3125 KB
[31mTime of key exchanges for 100 clients: 25.983860ms
[0m
[31mTime of key exchanges per client: 0.238966ms
[0m
Encrpyting user data...
[31mTime of data encryption per client: 1.832182ms[0m
Encprtion completed.

[DEBUG] Times: 1, loaded dim: 200000
[31mTime of secure aggregation: 106.662612ms[0m

[33m[INFO] Aggregate successfully.

[0m[31mTotal time inside the Enclave: 132.653824ms[0m

Secure aggregation completed!
[Info] Destroy enclave: 0.000000ms.
init enclave...
[33m[INFO] Create Enclave: 101.999723ms[0m
Test aggregate time: 0.043054ms

[33m[Info] Sizeof data matrix: 76MB
[0m[DEBUG] loaded num: 200000, times: 1
[31mTime of clear final_x: 0.000000ms
[0m
[DEBUG] loaded num: 200000, times: 1
Clear final x successfully.
[31mTime of entering the enclave: 0.007793ms[0m
[DEBUG] Sizeof all required data in enclave: 3125 KB
[31mTime of key exchanges for 100 clients: 26.105685ms
[0m
[31mTime of key exchanges per client: 0.240830ms
[0m
Encrpyting user data...
[31mTime of data encryption per client: 1.838564ms[0m
Encprtion completed.

[DEBUG] Times: 1, loaded dim: 200000
[31mTime of secure aggregation: 106.372182ms[0m

[33m[INFO] Aggregate successfully.

[0m[31mTotal time inside the Enclave: 132.485660ms[0m

Secure aggregation completed!
[Info] Destroy enclave: 0.000000ms.
init enclave...
[33m[INFO] Create Enclave: 100.574662ms[0m
Test aggregate time: 0.042841ms

[33m[Info] Sizeof data matrix: 76MB
[0m[DEBUG] loaded num: 200000, times: 1
[31mTime of clear final_x: 0.000000ms
[0m
[DEBUG] loaded num: 200000, times: 1
Clear final x successfully.
[31mTime of entering the enclave: 0.008035ms[0m
[DEBUG] Sizeof all required data in enclave: 3125 KB
[31mTime of key exchanges for 100 clients: 26.071461ms
[0m
[31mTime of key exchanges per client: 0.241447ms
[0m
Encrpyting user data...
[31mTime of data encryption per client: 1.819634ms[0m
Encprtion completed.

[DEBUG] Times: 1, loaded dim: 200000
[31mTime of secure aggregation: 106.302425ms[0m

[33m[INFO] Aggregate successfully.

[0m[31mTotal time inside the Enclave: 132.381921ms[0m

Secure aggregation completed!
[Info] Destroy enclave: 0.000000ms.
init enclave...
[33m[INFO] Create Enclave: 102.174511ms[0m
Test aggregate time: 0.042864ms

[33m[Info] Sizeof data matrix: 76MB
[0m[DEBUG] loaded num: 200000, times: 1
[31mTime of clear final_x: 0.000000ms
[0m
[DEBUG] loaded num: 200000, times: 1
Clear final x successfully.
[31mTime of entering the enclave: 0.007585ms[0m
[DEBUG] Sizeof all required data in enclave: 3125 KB
[31mTime of key exchanges for 100 clients: 25.891171ms
[0m
[31mTime of key exchanges per client: 0.240050ms
[0m
Encrpyting user data...
[31mTime of data encryption per client: 1.830929ms[0m
Encprtion completed.

[DEBUG] Times: 1, loaded dim: 200000
[31mTime of secure aggregation: 109.648441ms[0m

[33m[INFO] Aggregate successfully.

[0m[31mTotal time inside the Enclave: 135.547197ms[0m

Secure aggregation completed!
[Info] Destroy enclave: 0.000000ms.
init enclave...
[33m[INFO] Create Enclave: 102.290833ms[0m
Test aggregate time: 0.043177ms

[33m[Info] Sizeof data matrix: 76MB
[0m[DEBUG] loaded num: 200000, times: 1
[31mTime of clear final_x: 0.000000ms
[0m
[DEBUG] loaded num: 200000, times: 1
Clear final x successfully.
[31mTime of entering the enclave: 0.007587ms[0m
[DEBUG] Sizeof all required data in enclave: 3125 KB
[31mTime of key exchanges for 100 clients: 26.178122ms
[0m
[31mTime of key exchanges per client: 0.240385ms
[0m
Encrpyting user data...
[31mTime of data encryption per client: 1.827628ms[0m
Encprtion completed.

[DEBUG] Times: 1, loaded dim: 200000
[31mTime of secure aggregation: 106.395429ms[0m

[33m[INFO] Aggregate successfully.

[0m[31mTotal time inside the Enclave: 132.581138ms[0m

Secure aggregation completed!
[Info] Destroy enclave: 0.000000ms.
init enclave...
[33m[INFO] Create Enclave: 102.726448ms[0m
Test aggregate time: 0.042945ms

[33m[Info] Sizeof data matrix: 76MB
[0m[DEBUG] loaded num: 200000, times: 1
[31mTime of clear final_x: 0.000000ms
[0m
[DEBUG] loaded num: 200000, times: 1
Clear final x successfully.
[31mTime of entering the enclave: 0.007699ms[0m
[DEBUG] Sizeof all required data in enclave: 3125 KB
[31mTime of key exchanges for 100 clients: 26.099478ms
[0m
[31mTime of key exchanges per client: 0.240283ms
[0m
Encrpyting user data...
[31mTime of data encryption per client: 1.827157ms[0m
Encprtion completed.

[DEBUG] Times: 1, loaded dim: 200000
[31mTime of secure aggregation: 106.687169ms[0m

[33m[INFO] Aggregate successfully.

[0m[31mTotal time inside the Enclave: 132.794346ms[0m

Secure aggregation completed!
[Info] Destroy enclave: 0.000000ms.
init enclave...
[33m[INFO] Create Enclave: 111.929034ms[0m
Test aggregate time: 0.042904ms

[33m[Info] Sizeof data matrix: 76MB
[0m[DEBUG] loaded num: 200000, times: 1
[31mTime of clear final_x: 0.000000ms
[0m
[DEBUG] loaded num: 200000, times: 1
Clear final x successfully.
[31mTime of entering the enclave: 0.008016ms[0m
[DEBUG] Sizeof all required data in enclave: 3125 KB
[31mTime of key exchanges for 100 clients: 26.133582ms
[0m
[31mTime of key exchanges per client: 0.239689ms
[0m
Encrpyting user data...
[31mTime of data encryption per client: 1.829356ms[0m
Encprtion completed.

[DEBUG] Times: 1, loaded dim: 200000
[31mTime of secure aggregation: 106.648312ms[0m

[33m[INFO] Aggregate successfully.

[0m[31mTotal time inside the Enclave: 132.789910ms[0m

Secure aggregation completed!
[Info] Destroy enclave: 0.000000ms.
init enclave...
[33m[INFO] Create Enclave: 101.902643ms[0m
Test aggregate time: 0.043048ms

[33m[Info] Sizeof data matrix: 76MB
[0m[DEBUG] loaded num: 200000, times: 1
[31mTime of clear final_x: 0.000000ms
[0m
[DEBUG] loaded num: 200000, times: 1
Clear final x successfully.
[31mTime of entering the enclave: 0.007537ms[0m
[DEBUG] Sizeof all required data in enclave: 3125 KB
[31mTime of key exchanges for 100 clients: 26.143488ms
[0m
[31mTime of key exchanges per client: 0.241705ms
[0m
Encrpyting user data...
[31mTime of data encryption per client: 1.829089ms[0m
Encprtion completed.

[DEBUG] Times: 1, loaded dim: 200000
[31mTime of secure aggregation: 106.630938ms[0m

[33m[INFO] Aggregate successfully.

[0m[31mTotal time inside the Enclave: 132.781963ms[0m

Secure aggregation completed!
[Info] Destroy enclave: 0.000000ms.
init enclave...
[33m[INFO] Create Enclave: 102.151758ms[0m
Test aggregate time: 0.042800ms

[33m[Info] Sizeof data matrix: 76MB
[0m[DEBUG] loaded num: 200000, times: 1
[31mTime of clear final_x: 0.000000ms
[0m
[DEBUG] loaded num: 200000, times: 1
Clear final x successfully.
[31mTime of entering the enclave: 0.008083ms[0m
[DEBUG] Sizeof all required data in enclave: 3125 KB
[31mTime of key exchanges for 100 clients: 25.894873ms
[0m
[31mTime of key exchanges per client: 0.239174ms
[0m
Encrpyting user data...
[31mTime of data encryption per client: 1.824843ms[0m
Encprtion completed.

[DEBUG] Times: 1, loaded dim: 200000
[31mTime of secure aggregation: 106.368358ms[0m

[33m[INFO] Aggregate successfully.

[0m[31mTotal time inside the Enclave: 132.271314ms[0m

Secure aggregation completed!
[Info] Destroy enclave: 0.000000ms.
init enclave...
[33m[INFO] Create Enclave: 105.186185ms[0m
Test aggregate time: 0.043175ms

[33m[Info] Sizeof data matrix: 76MB
[0m[DEBUG] loaded num: 200000, times: 1
[31mTime of clear final_x: 0.000000ms
[0m
[DEBUG] loaded num: 200000, times: 1
Clear final x successfully.
[31mTime of entering the enclave: 0.008538ms[0m
[DEBUG] Sizeof all required data in enclave: 3125 KB
[31mTime of key exchanges for 100 clients: 25.929948ms
[0m
[31mTime of key exchanges per client: 0.239812ms
[0m
Encrpyting user data...
[31mTime of data encryption per client: 1.830625ms[0m
Encprtion completed.

[DEBUG] Times: 1, loaded dim: 200000
[31mTime of secure aggregation: 106.326001ms[0m

[33m[INFO] Aggregate successfully.

[0m[31mTotal time inside the Enclave: 132.264487ms[0m

Secure aggregation completed!
[Info] Destroy enclave: 0.000000ms.
init enclave...
[33m[INFO] Create Enclave: 102.977686ms[0m
Test aggregate time: 0.042903ms

[33m[Info] Sizeof data matrix: 76MB
[0m[DEBUG] loaded num: 200000, times: 1
[31mTime of clear final_x: 0.000000ms
[0m
[DEBUG] loaded num: 200000, times: 1
Clear final x successfully.
[31mTime of entering the enclave: 0.007484ms[0m
[DEBUG] Sizeof all required data in enclave: 3125 KB
[31mTime of key exchanges for 100 clients: 25.909395ms
[0m
[31mTime of key exchanges per client: 0.239858ms
[0m
Encrpyting user data...
[31mTime of data encryption per client: 1.831131ms[0m
Encprtion completed.

[DEBUG] Times: 1, loaded dim: 200000
[31mTime of secure aggregation: 106.810792ms[0m

[33m[INFO] Aggregate successfully.

[0m[31mTotal time inside the Enclave: 132.727671ms[0m

Secure aggregation completed!
[Info] Destroy enclave: 0.000000ms.
init enclave...
[33m[INFO] Create Enclave: 103.741941ms[0m
Test aggregate time: 0.042987ms

[33m[Info] Sizeof data matrix: 76MB
[0m[DEBUG] loaded num: 200000, times: 1
[31mTime of clear final_x: 0.000000ms
[0m
[DEBUG] loaded num: 200000, times: 1
Clear final x successfully.
[31mTime of entering the enclave: 0.007852ms[0m
[DEBUG] Sizeof all required data in enclave: 3125 KB
[31mTime of key exchanges for 100 clients: 26.015743ms
[0m
[31mTime of key exchanges per client: 0.239882ms
[0m
Encrpyting user data...
[31mTime of data encryption per client: 1.836722ms[0m
Encprtion completed.

[DEBUG] Times: 1, loaded dim: 200000
[31mTime of secure aggregation: 106.413635ms[0m

[33m[INFO] Aggregate successfully.

[0m[31mTotal time inside the Enclave: 132.437230ms[0m

Secure aggregation completed!
[Info] Destroy enclave: 0.000000ms.
init enclave...
[33m[INFO] Create Enclave: 105.044905ms[0m
Test aggregate time: 0.044313ms

[33m[Info] Sizeof data matrix: 76MB
[0m[DEBUG] loaded num: 200000, times: 1
[31mTime of clear final_x: 0.000000ms
[0m
[DEBUG] loaded num: 200000, times: 1
Clear final x successfully.
[31mTime of entering the enclave: 0.008067ms[0m
[DEBUG] Sizeof all required data in enclave: 3125 KB
[31mTime of key exchanges for 100 clients: 26.738757ms
[0m
[31mTime of key exchanges per client: 0.245204ms
[0m
Encrpyting user data...
[31mTime of data encryption per client: 1.883794ms[0m
Encprtion completed.

[DEBUG] Times: 1, loaded dim: 200000
[31mTime of secure aggregation: 110.228511ms[0m

[33m[INFO] Aggregate successfully.

[0m[31mTotal time inside the Enclave: 136.975335ms[0m

Secure aggregation completed!
[Info] Destroy enclave: 0.000000ms.
init enclave...
[33m[INFO] Create Enclave: 103.222582ms[0m
Test aggregate time: 0.043841ms

[33m[Info] Sizeof data matrix: 76MB
[0m[DEBUG] loaded num: 200000, times: 1
[31mTime of clear final_x: 0.000000ms
[0m
[DEBUG] loaded num: 200000, times: 1
Clear final x successfully.
[31mTime of entering the enclave: 0.007763ms[0m
[DEBUG] Sizeof all required data in enclave: 3125 KB
[31mTime of key exchanges for 100 clients: 26.837852ms
[0m
[31mTime of key exchanges per client: 0.249560ms
[0m
Encrpyting user data...
[31mTime of data encryption per client: 2.015228ms[0m
Encprtion completed.

[DEBUG] Times: 1, loaded dim: 200000
[31mTime of secure aggregation: 140.140506ms[0m

[33m[INFO] Aggregate successfully.

[0m[31mTotal time inside the Enclave: 166.986121ms[0m

Secure aggregation completed!
[Info] Destroy enclave: 0.000000ms.
init enclave...
[33m[INFO] Create Enclave: 109.541046ms[0m
Test aggregate time: 0.044417ms

[33m[Info] Sizeof data matrix: 76MB
[0m[DEBUG] loaded num: 200000, times: 1
[31mTime of clear final_x: 0.000000ms
[0m
[DEBUG] loaded num: 200000, times: 1
Clear final x successfully.
[31mTime of entering the enclave: 0.007932ms[0m
[DEBUG] Sizeof all required data in enclave: 3125 KB
[31mTime of key exchanges for 100 clients: 26.820224ms
[0m
[31mTime of key exchanges per client: 0.249422ms
[0m
Encrpyting user data...
[31mTime of data encryption per client: 1.926093ms[0m
Encprtion completed.

[DEBUG] Times: 1, loaded dim: 200000
[31mTime of secure aggregation: 116.494679ms[0m

[33m[INFO] Aggregate successfully.

[0m[31mTotal time inside the Enclave: 143.322835ms[0m

Secure aggregation completed!
[Info] Destroy enclave: 0.000000ms.
init enclave...
[33m[INFO] Create Enclave: 113.385096ms[0m
Test aggregate time: 0.043610ms

[33m[Info] Sizeof data matrix: 76MB
[0m[DEBUG] loaded num: 200000, times: 1
[31mTime of clear final_x: 0.000000ms
[0m
[DEBUG] loaded num: 200000, times: 1
Clear final x successfully.
[31mTime of entering the enclave: 0.008112ms[0m
[DEBUG] Sizeof all required data in enclave: 3125 KB
[31mTime of key exchanges for 100 clients: 26.220202ms
[0m
[31mTime of key exchanges per client: 0.242298ms
[0m
Encrpyting user data...
[31mTime of data encryption per client: 1.836658ms[0m
Encprtion completed.

[DEBUG] Times: 1, loaded dim: 200000
[31mTime of secure aggregation: 111.058300ms[0m

[33m[INFO] Aggregate successfully.

[0m[31mTotal time inside the Enclave: 137.286614ms[0m

Secure aggregation completed!
[Info] Destroy enclave: 0.000000ms.
init enclave...
[33m[INFO] Create Enclave: 111.623055ms[0m
Test aggregate time: 0.043728ms

[33m[Info] Sizeof data matrix: 76MB
[0m[DEBUG] loaded num: 200000, times: 1
[31mTime of clear final_x: 0.000000ms
[0m
[DEBUG] loaded num: 200000, times: 1
Clear final x successfully.
[31mTime of entering the enclave: 0.008185ms[0m
[DEBUG] Sizeof all required data in enclave: 3125 KB
[31mTime of key exchanges for 100 clients: 26.598346ms
[0m
[31mTime of key exchanges per client: 0.245482ms
[0m
Encrpyting user data...
[31mTime of data encryption per client: 1.866960ms[0m
Encprtion completed.

[DEBUG] Times: 1, loaded dim: 200000
[31mTime of secure aggregation: 106.987191ms[0m

[33m[INFO] Aggregate successfully.

[0m[31mTotal time inside the Enclave: 133.593722ms[0m

Secure aggregation completed!
[Info] Destroy enclave: 0.000000ms.
init enclave...
[33m[INFO] Create Enclave: 107.762656ms[0m
Test aggregate time: 0.043838ms

[33m[Info] Sizeof data matrix: 76MB
[0m[DEBUG] loaded num: 200000, times: 1
[31mTime of clear final_x: 0.000000ms
[0m
[DEBUG] loaded num: 200000, times: 1
Clear final x successfully.
[31mTime of entering the enclave: 0.008263ms[0m
[DEBUG] Sizeof all required data in enclave: 3125 KB
[31mTime of key exchanges for 100 clients: 26.731092ms
[0m
[31mTime of key exchanges per client: 0.246622ms
[0m
Encrpyting user data...
[31mTime of data encryption per client: 1.875914ms[0m
Encprtion completed.

[DEBUG] Times: 1, loaded dim: 200000
[31mTime of secure aggregation: 110.391755ms[0m

[33m[INFO] Aggregate successfully.

[0m[31mTotal time inside the Enclave: 137.131110ms[0m

Secure aggregation completed!
[Info] Destroy enclave: 0.000000ms.
init enclave...
[33m[INFO] Create Enclave: 106.334421ms[0m
Test aggregate time: 0.043117ms

[33m[Info] Sizeof data matrix: 76MB
[0m[DEBUG] loaded num: 200000, times: 1
[31mTime of clear final_x: 0.000000ms
[0m
[DEBUG] loaded num: 200000, times: 1
Clear final x successfully.
[31mTime of entering the enclave: 0.007860ms[0m
[DEBUG] Sizeof all required data in enclave: 3125 KB
[31mTime of key exchanges for 100 clients: 26.306283ms
[0m
[31mTime of key exchanges per client: 0.241761ms
[0m
Encrpyting user data...
[31mTime of data encryption per client: 1.855560ms[0m
Encprtion completed.

[DEBUG] Times: 1, loaded dim: 200000
[31mTime of secure aggregation: 107.867383ms[0m

[33m[INFO] Aggregate successfully.

[0m[31mTotal time inside the Enclave: 134.181526ms[0m

Secure aggregation completed!
[Info] Destroy enclave: 0.000000ms.
init enclave...
[33m[INFO] Create Enclave: 102.632904ms[0m
Test aggregate time: 0.043758ms

[33m[Info] Sizeof data matrix: 76MB
[0m[DEBUG] loaded num: 200000, times: 1
[31mTime of clear final_x: 0.000000ms
[0m
[DEBUG] loaded num: 200000, times: 1
Clear final x successfully.
[31mTime of entering the enclave: 0.007780ms[0m
[DEBUG] Sizeof all required data in enclave: 3125 KB
[31mTime of key exchanges for 100 clients: 26.721708ms
[0m
[31mTime of key exchanges per client: 0.247439ms
[0m
Encrpyting user data...
[31mTime of data encryption per client: 1.848512ms[0m
Encprtion completed.

[DEBUG] Times: 1, loaded dim: 200000
[31mTime of secure aggregation: 108.581254ms[0m

[33m[INFO] Aggregate successfully.

[0m[31mTotal time inside the Enclave: 135.310742ms[0m

Secure aggregation completed!
[Info] Destroy enclave: 0.000000ms.
init enclave...
[33m[INFO] Create Enclave: 108.458112ms[0m
Test aggregate time: 0.043531ms

[33m[Info] Sizeof data matrix: 76MB
[0m[DEBUG] loaded num: 200000, times: 1
[31mTime of clear final_x: 0.000000ms
[0m
[DEBUG] loaded num: 200000, times: 1
Clear final x successfully.
[31mTime of entering the enclave: 0.008077ms[0m
[DEBUG] Sizeof all required data in enclave: 3125 KB
[31mTime of key exchanges for 100 clients: 26.153952ms
[0m
[31mTime of key exchanges per client: 0.241571ms
[0m
Encrpyting user data...
[31mTime of data encryption per client: 1.848482ms[0m
Encprtion completed.

[DEBUG] Times: 1, loaded dim: 200000
[31mTime of secure aggregation: 120.507660ms[0m

[33m[INFO] Aggregate successfully.

[0m[31mTotal time inside the Enclave: 146.669689ms[0m

Secure aggregation completed!
[Info] Destroy enclave: 0.000000ms.
init enclave...
[33m[INFO] Create Enclave: 102.135890ms[0m
Test aggregate time: 0.043698ms

[33m[Info] Sizeof data matrix: 76MB
[0m[DEBUG] loaded num: 200000, times: 1
[31mTime of clear final_x: 0.000000ms
[0m
[DEBUG] loaded num: 200000, times: 1
Clear final x successfully.
[31mTime of entering the enclave: 0.008028ms[0m
[DEBUG] Sizeof all required data in enclave: 3125 KB
[31mTime of key exchanges for 100 clients: 26.195268ms
[0m
[31mTime of key exchanges per client: 0.241344ms
[0m
Encrpyting user data...
[31mTime of data encryption per client: 1.868490ms[0m
Encprtion completed.

[DEBUG] Times: 1, loaded dim: 200000
[31mTime of secure aggregation: 108.243427ms[0m

[33m[INFO] Aggregate successfully.

[0m[31mTotal time inside the Enclave: 134.446723ms[0m

Secure aggregation completed!
[Info] Destroy enclave: 0.000000ms.
init enclave...
[33m[INFO] Create Enclave: 111.055320ms[0m
Test aggregate time: 0.043965ms

[33m[Info] Sizeof data matrix: 76MB
[0m[DEBUG] loaded num: 200000, times: 1
[31mTime of clear final_x: 0.000000ms
[0m
[DEBUG] loaded num: 200000, times: 1
Clear final x successfully.
[31mTime of entering the enclave: 0.007658ms[0m
[DEBUG] Sizeof all required data in enclave: 3125 KB
[31mTime of key exchanges for 100 clients: 26.333340ms
[0m
[31mTime of key exchanges per client: 0.243642ms
[0m
Encrpyting user data...
[31mTime of data encryption per client: 1.867650ms[0m
Encprtion completed.

[DEBUG] Times: 1, loaded dim: 200000
[31mTime of secure aggregation: 110.184433ms[0m

[33m[INFO] Aggregate successfully.

[0m[31mTotal time inside the Enclave: 136.525431ms[0m

Secure aggregation completed!
[Info] Destroy enclave: 0.000000ms.
init enclave...
[33m[INFO] Create Enclave: 122.581838ms[0m
Test aggregate time: 0.043966ms

[33m[Info] Sizeof data matrix: 76MB
[0m[DEBUG] loaded num: 200000, times: 1
[31mTime of clear final_x: 0.000000ms
[0m
[DEBUG] loaded num: 200000, times: 1
Clear final x successfully.
[31mTime of entering the enclave: 0.009661ms[0m
[DEBUG] Sizeof all required data in enclave: 3125 KB
[31mTime of key exchanges for 100 clients: 26.558611ms
[0m
[31mTime of key exchanges per client: 0.245208ms
[0m
Encrpyting user data...
[31mTime of data encryption per client: 1.850969ms[0m
Encprtion completed.

[DEBUG] Times: 1, loaded dim: 200000
[31mTime of secure aggregation: 107.264429ms[0m

[33m[INFO] Aggregate successfully.

[0m[31mTotal time inside the Enclave: 133.832701ms[0m

Secure aggregation completed!
[Info] Destroy enclave: 0.000000ms.
init enclave...
[33m[INFO] Create Enclave: 101.665964ms[0m
Test aggregate time: 0.043106ms

[33m[Info] Sizeof data matrix: 76MB
[0m[DEBUG] loaded num: 200000, times: 1
[31mTime of clear final_x: 0.000000ms
[0m
[DEBUG] loaded num: 200000, times: 1
Clear final x successfully.
[31mTime of entering the enclave: 0.008095ms[0m
[DEBUG] Sizeof all required data in enclave: 3125 KB
[31mTime of key exchanges for 100 clients: 26.824705ms
[0m
[31mTime of key exchanges per client: 0.249415ms
[0m
Encrpyting user data...
[31mTime of data encryption per client: 1.889856ms[0m
Encprtion completed.

[DEBUG] Times: 1, loaded dim: 200000
[31mTime of secure aggregation: 111.331351ms[0m

[33m[INFO] Aggregate successfully.

[0m[31mTotal time inside the Enclave: 138.164151ms[0m

Secure aggregation completed!
[Info] Destroy enclave: 0.000000ms.
init enclave...
[33m[INFO] Create Enclave: 109.593572ms[0m
Test aggregate time: 0.044338ms

[33m[Info] Sizeof data matrix: 76MB
[0m[DEBUG] loaded num: 200000, times: 1
[31mTime of clear final_x: 0.000000ms
[0m
[DEBUG] loaded num: 200000, times: 1
Clear final x successfully.
[31mTime of entering the enclave: 0.008412ms[0m
[DEBUG] Sizeof all required data in enclave: 3125 KB
[31mTime of key exchanges for 100 clients: 26.763465ms
[0m
[31mTime of key exchanges per client: 0.246268ms
[0m
Encrpyting user data...
[31mTime of data encryption per client: 1.874971ms[0m
Encprtion completed.

[DEBUG] Times: 1, loaded dim: 200000
[31mTime of secure aggregation: 130.706093ms[0m

[33m[INFO] Aggregate successfully.

[0m[31mTotal time inside the Enclave: 157.477970ms[0m

Secure aggregation completed!
[Info] Destroy enclave: 0.000000ms.
init enclave...
[33m[INFO] Create Enclave: 113.655745ms[0m
Test aggregate time: 0.044148ms

[33m[Info] Sizeof data matrix: 76MB
[0m[DEBUG] loaded num: 200000, times: 1
[31mTime of clear final_x: 0.000000ms
[0m
[DEBUG] loaded num: 200000, times: 1
Clear final x successfully.
[31mTime of entering the enclave: 0.008370ms[0m
[DEBUG] Sizeof all required data in enclave: 3125 KB
[31mTime of key exchanges for 100 clients: 26.889654ms
[0m
[31mTime of key exchanges per client: 0.250410ms
[0m
Encrpyting user data...
[31mTime of data encryption per client: 1.857865ms[0m
Encprtion completed.

[DEBUG] Times: 1, loaded dim: 200000
[31mTime of secure aggregation: 110.634804ms[0m

[33m[INFO] Aggregate successfully.

[0m[31mTotal time inside the Enclave: 137.532828ms[0m

Secure aggregation completed!
[Info] Destroy enclave: 0.000000ms.
init enclave...
[33m[INFO] Create Enclave: 103.862788ms[0m
Test aggregate time: 0.043885ms

[33m[Info] Sizeof data matrix: 76MB
[0m[DEBUG] loaded num: 200000, times: 1
[31mTime of clear final_x: 0.000000ms
[0m
[DEBUG] loaded num: 200000, times: 1
Clear final x successfully.
[31mTime of entering the enclave: 0.008077ms[0m
[DEBUG] Sizeof all required data in enclave: 3125 KB
[31mTime of key exchanges for 100 clients: 26.821330ms
[0m
[31mTime of key exchanges per client: 0.249360ms
[0m
Encrpyting user data...
[31mTime of data encryption per client: 1.869840ms[0m
Encprtion completed.

[DEBUG] Times: 1, loaded dim: 200000
[31mTime of secure aggregation: 110.783796ms[0m

[33m[INFO] Aggregate successfully.

[0m[31mTotal time inside the Enclave: 137.613203ms[0m

Secure aggregation completed!
[Info] Destroy enclave: 0.000000ms.
init enclave...
[33m[INFO] Create Enclave: 108.685805ms[0m
Test aggregate time: 0.043619ms

[33m[Info] Sizeof data matrix: 76MB
[0m[DEBUG] loaded num: 200000, times: 1
[31mTime of clear final_x: 0.000000ms
[0m
[DEBUG] loaded num: 200000, times: 1
Clear final x successfully.
[31mTime of entering the enclave: 0.008194ms[0m
[DEBUG] Sizeof all required data in enclave: 3125 KB
[31mTime of key exchanges for 100 clients: 26.188677ms
[0m
[31mTime of key exchanges per client: 0.241907ms
[0m
Encrpyting user data...
[31mTime of data encryption per client: 1.914941ms[0m
Encprtion completed.

[DEBUG] Times: 1, loaded dim: 200000
[31mTime of secure aggregation: 107.626120ms[0m

[33m[INFO] Aggregate successfully.

[0m[31mTotal time inside the Enclave: 133.822991ms[0m

Secure aggregation completed!
[Info] Destroy enclave: 0.000000ms.
