init enclave...
[33m[INFO] Create Enclave: 102.145701ms[0m
Test aggregate time: 0.042705ms

[33m[Info] Sizeof data matrix: 76MB
[0m[DEBUG] loaded num: 100000, times: 1
[31mTime of clear final_x: 0.000000ms
[0m
[DEBUG] loaded num: 100000, times: 1
Clear final x successfully.
[31mTime of entering the enclave: 0.007332ms[0m
[DEBUG] Sizeof all required data in enclave: 1562 KB
[31mTime of key exchanges for 200 clients: 51.930223ms
[0m
[31mTime of key exchanges per client: 0.241005ms
[0m
Encrpyting user data...
[31mTime of data encryption per client: 0.915871ms[0m
Encprtion completed.

[DEBUG] Times: 1, loaded dim: 100000
[31mTime of secure aggregation: 105.971905ms[0m

[33m[INFO] Aggregate successfully.

[0m[31mTotal time inside the Enclave: 157.909460ms[0m

Secure aggregation completed!
[Info] Destroy enclave: 0.000000ms.
init enclave...
[33m[INFO] Create Enclave: 100.902264ms[0m
Test aggregate time: 0.042346ms

[33m[Info] Sizeof data matrix: 76MB
[0m[DEBUG] loaded num: 100000, times: 1
[31mTime of clear final_x: 0.000000ms
[0m
[DEBUG] loaded num: 100000, times: 1
Clear final x successfully.
[31mTime of entering the enclave: 0.007321ms[0m
[DEBUG] Sizeof all required data in enclave: 1562 KB
[31mTime of key exchanges for 200 clients: 52.101331ms
[0m
[31mTime of key exchanges per client: 0.240887ms
[0m
Encrpyting user data...
[31mTime of data encryption per client: 0.918942ms[0m
Encprtion completed.

[DEBUG] Times: 1, loaded dim: 100000
[31mTime of secure aggregation: 105.593053ms[0m

[33m[INFO] Aggregate successfully.

[0m[31mTotal time inside the Enclave: 157.701705ms[0m

Secure aggregation completed!
[Info] Destroy enclave: 0.000000ms.
init enclave...
[33m[INFO] Create Enclave: 102.288113ms[0m
Test aggregate time: 0.042507ms

[33m[Info] Sizeof data matrix: 76MB
[0m[DEBUG] loaded num: 100000, times: 1
[31mTime of clear final_x: 0.000000ms
[0m
[DEBUG] loaded num: 100000, times: 1
Clear final x successfully.
[31mTime of entering the enclave: 0.007256ms[0m
[DEBUG] Sizeof all required data in enclave: 1562 KB
[31mTime of key exchanges for 200 clients: 51.794518ms
[0m
[31mTime of key exchanges per client: 0.240304ms
[0m
Encrpyting user data...
[31mTime of data encryption per client: 0.914097ms[0m
Encprtion completed.

[DEBUG] Times: 1, loaded dim: 100000
[31mTime of secure aggregation: 106.140731ms[0m

[33m[INFO] Aggregate successfully.

[0m[31mTotal time inside the Enclave: 157.942505ms[0m

Secure aggregation completed!
[Info] Destroy enclave: 0.000000ms.
init enclave...
[33m[INFO] Create Enclave: 102.403262ms[0m
Test aggregate time: 0.042374ms

[33m[Info] Sizeof data matrix: 76MB
[0m[DEBUG] loaded num: 100000, times: 1
[31mTime of clear final_x: 0.000000ms
[0m
[DEBUG] loaded num: 100000, times: 1
Clear final x successfully.
[31mTime of entering the enclave: 0.007879ms[0m
[DEBUG] Sizeof all required data in enclave: 1562 KB
[31mTime of key exchanges for 200 clients: 52.035972ms
[0m
[31mTime of key exchanges per client: 0.241034ms
[0m
Encrpyting user data...
[31mTime of data encryption per client: 0.916392ms[0m
Encprtion completed.

[DEBUG] Times: 1, loaded dim: 100000
[31mTime of secure aggregation: 105.784070ms[0m

[33m[INFO] Aggregate successfully.

[0m[31mTotal time inside the Enclave: 157.827921ms[0m

Secure aggregation completed!
[Info] Destroy enclave: 0.000000ms.
init enclave...
[33m[INFO] Create Enclave: 101.939853ms[0m
Test aggregate time: 0.042947ms

[33m[Info] Sizeof data matrix: 76MB
[0m[DEBUG] loaded num: 100000, times: 1
[31mTime of clear final_x: 0.000000ms
[0m
[DEBUG] loaded num: 100000, times: 1
Clear final x successfully.
[31mTime of entering the enclave: 0.007713ms[0m
[DEBUG] Sizeof all required data in enclave: 1562 KB
[31mTime of key exchanges for 200 clients: 52.109120ms
[0m
[31mTime of key exchanges per client: 0.241191ms
[0m
Encrpyting user data...
[31mTime of data encryption per client: 0.914456ms[0m
Encprtion completed.

[DEBUG] Times: 1, loaded dim: 100000
[31mTime of secure aggregation: 106.631486ms[0m

[33m[INFO] Aggregate successfully.

[0m[31mTotal time inside the Enclave: 158.748319ms[0m

Secure aggregation completed!
[Info] Destroy enclave: 0.000000ms.
init enclave...
[33m[INFO] Create Enclave: 101.080826ms[0m
Test aggregate time: 0.042731ms

[33m[Info] Sizeof data matrix: 76MB
[0m[DEBUG] loaded num: 100000, times: 1
[31mTime of clear final_x: 0.000000ms
[0m
[DEBUG] loaded num: 100000, times: 1
Clear final x successfully.
[31mTime of entering the enclave: 0.007925ms[0m
[DEBUG] Sizeof all required data in enclave: 1562 KB
[31mTime of key exchanges for 200 clients: 51.926776ms
[0m
[31mTime of key exchanges per client: 0.239090ms
[0m
Encrpyting user data...
[31mTime of data encryption per client: 0.916466ms[0m
Encprtion completed.

[DEBUG] Times: 1, loaded dim: 100000
[31mTime of secure aggregation: 106.500074ms[0m

[33m[INFO] Aggregate successfully.

[0m[31mTotal time inside the Enclave: 158.434775ms[0m

Secure aggregation completed!
[Info] Destroy enclave: 0.000000ms.
init enclave...
[33m[INFO] Create Enclave: 101.119261ms[0m
Test aggregate time: 0.042769ms

[33m[Info] Sizeof data matrix: 76MB
[0m[DEBUG] loaded num: 100000, times: 1
[31mTime of clear final_x: 0.000000ms
[0m
[DEBUG] loaded num: 100000, times: 1
Clear final x successfully.
[31mTime of entering the enclave: 0.007330ms[0m
[DEBUG] Sizeof all required data in enclave: 1562 KB
[31mTime of key exchanges for 200 clients: 52.576390ms
[0m
[31mTime of key exchanges per client: 0.241698ms
[0m
Encrpyting user data...
[31mTime of data encryption per client: 0.918366ms[0m
Encprtion completed.

[DEBUG] Times: 1, loaded dim: 100000
[31mTime of secure aggregation: 105.829854ms[0m

[33m[INFO] Aggregate successfully.

[0m[31mTotal time inside the Enclave: 158.413574ms[0m

Secure aggregation completed!
[Info] Destroy enclave: 0.000000ms.
init enclave...
[33m[INFO] Create Enclave: 103.342684ms[0m
Test aggregate time: 0.042697ms

[33m[Info] Sizeof data matrix: 76MB
[0m[DEBUG] loaded num: 100000, times: 1
[31mTime of clear final_x: 0.000000ms
[0m
[DEBUG] loaded num: 100000, times: 1
Clear final x successfully.
[31mTime of entering the enclave: 0.007368ms[0m
[DEBUG] Sizeof all required data in enclave: 1562 KB
[31mTime of key exchanges for 200 clients: 51.726006ms
[0m
[31mTime of key exchanges per client: 0.239351ms
[0m
Encrpyting user data...
[31mTime of data encryption per client: 0.912846ms[0m
Encprtion completed.

[DEBUG] Times: 1, loaded dim: 100000
[31mTime of secure aggregation: 106.105423ms[0m

[33m[INFO] Aggregate successfully.

[0m[31mTotal time inside the Enclave: 157.838797ms[0m

Secure aggregation completed!
[Info] Destroy enclave: 0.000000ms.
init enclave...
[33m[INFO] Create Enclave: 102.299935ms[0m
Test aggregate time: 0.042968ms

[33m[Info] Sizeof data matrix: 76MB
[0m[DEBUG] loaded num: 100000, times: 1
[31mTime of clear final_x: 0.000000ms
[0m
[DEBUG] loaded num: 100000, times: 1
Clear final x successfully.
[31mTime of entering the enclave: 0.007487ms[0m
[DEBUG] Sizeof all required data in enclave: 1562 KB
[31mTime of key exchanges for 200 clients: 52.184887ms
[0m
[31mTime of key exchanges per client: 0.240323ms
[0m
Encrpyting user data...
[31mTime of data encryption per client: 0.917307ms[0m
Encprtion completed.

[DEBUG] Times: 1, loaded dim: 100000
[31mTime of secure aggregation: 105.903836ms[0m

[33m[INFO] Aggregate successfully.

[0m[31mTotal time inside the Enclave: 158.096210ms[0m

Secure aggregation completed!
[Info] Destroy enclave: 0.000000ms.
init enclave...
[33m[INFO] Create Enclave: 102.676701ms[0m
Test aggregate time: 0.045245ms

[33m[Info] Sizeof data matrix: 76MB
[0m[DEBUG] loaded num: 100000, times: 1
[31mTime of clear final_x: 0.000000ms
[0m
[DEBUG] loaded num: 100000, times: 1
Clear final x successfully.
[31mTime of entering the enclave: 0.007540ms[0m
[DEBUG] Sizeof all required data in enclave: 1562 KB
[31mTime of key exchanges for 200 clients: 52.136479ms
[0m
[31mTime of key exchanges per client: 0.241237ms
[0m
Encrpyting user data...
[31mTime of data encryption per client: 0.913739ms[0m
Encprtion completed.

[DEBUG] Times: 1, loaded dim: 100000
[31mTime of secure aggregation: 105.916256ms[0m

[33m[INFO] Aggregate successfully.

[0m[31mTotal time inside the Enclave: 158.060275ms[0m

Secure aggregation completed!
[Info] Destroy enclave: 0.000000ms.
init enclave...
[33m[INFO] Create Enclave: 102.446751ms[0m
Test aggregate time: 0.043148ms

[33m[Info] Sizeof data matrix: 76MB
[0m[DEBUG] loaded num: 100000, times: 1
[31mTime of clear final_x: 0.000000ms
[0m
[DEBUG] loaded num: 100000, times: 1
Clear final x successfully.
[31mTime of entering the enclave: 0.007459ms[0m
[DEBUG] Sizeof all required data in enclave: 1562 KB
[31mTime of key exchanges for 200 clients: 52.801500ms
[0m
[31mTime of key exchanges per client: 0.242753ms
[0m
Encrpyting user data...
[31mTime of data encryption per client: 0.923081ms[0m
Encprtion completed.

[DEBUG] Times: 1, loaded dim: 100000
[31mTime of secure aggregation: 106.454610ms[0m

[33m[INFO] Aggregate successfully.

[0m[31mTotal time inside the Enclave: 159.263569ms[0m

Secure aggregation completed!
[Info] Destroy enclave: 0.000000ms.
init enclave...
[33m[INFO] Create Enclave: 103.268843ms[0m
Test aggregate time: 0.042650ms

[33m[Info] Sizeof data matrix: 76MB
[0m[DEBUG] loaded num: 100000, times: 1
[31mTime of clear final_x: 0.000000ms
[0m
[DEBUG] loaded num: 100000, times: 1
Clear final x successfully.
[31mTime of entering the enclave: 0.007481ms[0m
[DEBUG] Sizeof all required data in enclave: 1562 KB
[31mTime of key exchanges for 200 clients: 51.962271ms
[0m
[31mTime of key exchanges per client: 0.239937ms
[0m
Encrpyting user data...
[31mTime of data encryption per client: 0.916099ms[0m
Encprtion completed.

[DEBUG] Times: 1, loaded dim: 100000
[31mTime of secure aggregation: 106.325415ms[0m

[33m[INFO] Aggregate successfully.

[0m[31mTotal time inside the Enclave: 158.295167ms[0m

Secure aggregation completed!
[Info] Destroy enclave: 0.000000ms.
init enclave...
[33m[INFO] Create Enclave: 102.918412ms[0m
Test aggregate time: 0.042618ms

[33m[Info] Sizeof data matrix: 76MB
[0m[DEBUG] loaded num: 100000, times: 1
[31mTime of clear final_x: 0.000000ms
[0m
[DEBUG] loaded num: 100000, times: 1
Clear final x successfully.
[31mTime of entering the enclave: 0.007527ms[0m
[DEBUG] Sizeof all required data in enclave: 1562 KB
[31mTime of key exchanges for 200 clients: 52.467384ms
[0m
[31mTime of key exchanges per client: 0.241393ms
[0m
Encrpyting user data...
[31mTime of data encryption per client: 0.913713ms[0m
Encprtion completed.

[DEBUG] Times: 1, loaded dim: 100000
[31mTime of secure aggregation: 105.653219ms[0m

[33m[INFO] Aggregate successfully.

[0m[31mTotal time inside the Enclave: 158.128130ms[0m

Secure aggregation completed!
[Info] Destroy enclave: 0.000000ms.
init enclave...
[33m[INFO] Create Enclave: 102.624124ms[0m
Test aggregate time: 0.042683ms

[33m[Info] Sizeof data matrix: 76MB
[0m[DEBUG] loaded num: 100000, times: 1
[31mTime of clear final_x: 0.000000ms
[0m
[DEBUG] loaded num: 100000, times: 1
Clear final x successfully.
[31mTime of entering the enclave: 0.007416ms[0m
[DEBUG] Sizeof all required data in enclave: 1562 KB
[31mTime of key exchanges for 200 clients: 51.937420ms
[0m
[31mTime of key exchanges per client: 0.240149ms
[0m
Encrpyting user data...
[31mTime of data encryption per client: 0.912832ms[0m
Encprtion completed.

[DEBUG] Times: 1, loaded dim: 100000
[31mTime of secure aggregation: 105.810267ms[0m

[33m[INFO] Aggregate successfully.

[0m[31mTotal time inside the Enclave: 157.755103ms[0m

Secure aggregation completed!
[Info] Destroy enclave: 0.000000ms.
init enclave...
[33m[INFO] Create Enclave: 104.527061ms[0m
Test aggregate time: 0.042596ms

[33m[Info] Sizeof data matrix: 76MB
[0m[DEBUG] loaded num: 100000, times: 1
[31mTime of clear final_x: 0.000000ms
[0m
[DEBUG] loaded num: 100000, times: 1
Clear final x successfully.
[31mTime of entering the enclave: 0.007441ms[0m
[DEBUG] Sizeof all required data in enclave: 1562 KB
[31mTime of key exchanges for 200 clients: 52.006457ms
[0m
[31mTime of key exchanges per client: 0.239714ms
[0m
Encrpyting user data...
[31mTime of data encryption per client: 0.915756ms[0m
Encprtion completed.

[DEBUG] Times: 1, loaded dim: 100000
[31mTime of secure aggregation: 105.955456ms[0m

[33m[INFO] Aggregate successfully.

[0m[31mTotal time inside the Enclave: 157.969354ms[0m

Secure aggregation completed!
[Info] Destroy enclave: 0.000000ms.
init enclave...
[33m[INFO] Create Enclave: 102.606833ms[0m
Test aggregate time: 0.042536ms

[33m[Info] Sizeof data matrix: 76MB
[0m[DEBUG] loaded num: 100000, times: 1
[31mTime of clear final_x: 0.000000ms
[0m
[DEBUG] loaded num: 100000, times: 1
Clear final x successfully.
[31mTime of entering the enclave: 0.007678ms[0m
[DEBUG] Sizeof all required data in enclave: 1562 KB
[31mTime of key exchanges for 200 clients: 52.082695ms
[0m
[31mTime of key exchanges per client: 0.240093ms
[0m
Encrpyting user data...
[31mTime of data encryption per client: 0.916865ms[0m
Encprtion completed.

[DEBUG] Times: 1, loaded dim: 100000
[31mTime of secure aggregation: 106.330284ms[0m

[33m[INFO] Aggregate successfully.

[0m[31mTotal time inside the Enclave: 158.420657ms[0m

Secure aggregation completed!
[Info] Destroy enclave: 0.000000ms.
init enclave...
[33m[INFO] Create Enclave: 102.550820ms[0m
Test aggregate time: 0.042650ms

[33m[Info] Sizeof data matrix: 76MB
[0m[DEBUG] loaded num: 100000, times: 1
[31mTime of clear final_x: 0.000000ms
[0m
[DEBUG] loaded num: 100000, times: 1
Clear final x successfully.
[31mTime of entering the enclave: 0.007787ms[0m
[DEBUG] Sizeof all required data in enclave: 1562 KB
[31mTime of key exchanges for 200 clients: 51.684389ms
[0m
[31mTime of key exchanges per client: 0.239354ms
[0m
Encrpyting user data...
[31mTime of data encryption per client: 0.917532ms[0m
Encprtion completed.

[DEBUG] Times: 1, loaded dim: 100000
[31mTime of secure aggregation: 106.107687ms[0m

[33m[INFO] Aggregate successfully.

[0m[31mTotal time inside the Enclave: 157.799863ms[0m

Secure aggregation completed!
[Info] Destroy enclave: 0.000000ms.
init enclave...
[33m[INFO] Create Enclave: 102.472859ms[0m
Test aggregate time: 0.042657ms

[33m[Info] Sizeof data matrix: 76MB
[0m[DEBUG] loaded num: 100000, times: 1
[31mTime of clear final_x: 0.000000ms
[0m
[DEBUG] loaded num: 100000, times: 1
Clear final x successfully.
[31mTime of entering the enclave: 0.007916ms[0m
[DEBUG] Sizeof all required data in enclave: 1562 KB
[31mTime of key exchanges for 200 clients: 52.020689ms
[0m
[31mTime of key exchanges per client: 0.240593ms
[0m
Encrpyting user data...
[31mTime of data encryption per client: 0.909431ms[0m
Encprtion completed.

[DEBUG] Times: 1, loaded dim: 100000
[31mTime of secure aggregation: 105.805906ms[0m

[33m[INFO] Aggregate successfully.

[0m[31mTotal time inside the Enclave: 157.834511ms[0m

Secure aggregation completed!
[Info] Destroy enclave: 0.000000ms.
init enclave...
[33m[INFO] Create Enclave: 102.028392ms[0m
Test aggregate time: 0.042665ms

[33m[Info] Sizeof data matrix: 76MB
[0m[DEBUG] loaded num: 100000, times: 1
[31mTime of clear final_x: 0.000000ms
[0m
[DEBUG] loaded num: 100000, times: 1
Clear final x successfully.
[31mTime of entering the enclave: 0.007605ms[0m
[DEBUG] Sizeof all required data in enclave: 1562 KB
[31mTime of key exchanges for 200 clients: 51.854678ms
[0m
[31mTime of key exchanges per client: 0.240193ms
[0m
Encrpyting user data...
[31mTime of data encryption per client: 0.918406ms[0m
Encprtion completed.

[DEBUG] Times: 1, loaded dim: 100000
[31mTime of secure aggregation: 106.027946ms[0m

[33m[INFO] Aggregate successfully.

[0m[31mTotal time inside the Enclave: 157.890229ms[0m

Secure aggregation completed!
[Info] Destroy enclave: 0.000000ms.
init enclave...
[33m[INFO] Create Enclave: 103.958316ms[0m
Test aggregate time: 0.042580ms

[33m[Info] Sizeof data matrix: 76MB
[0m[DEBUG] loaded num: 100000, times: 1
[31mTime of clear final_x: 0.000000ms
[0m
[DEBUG] loaded num: 100000, times: 1
Clear final x successfully.
[31mTime of entering the enclave: 0.007449ms[0m
[DEBUG] Sizeof all required data in enclave: 1562 KB
[31mTime of key exchanges for 200 clients: 51.784121ms
[0m
[31mTime of key exchanges per client: 0.239166ms
[0m
Encrpyting user data...
[31mTime of data encryption per client: 0.913913ms[0m
Encprtion completed.

[DEBUG] Times: 1, loaded dim: 100000
[31mTime of secure aggregation: 105.910027ms[0m

[33m[INFO] Aggregate successfully.

[0m[31mTotal time inside the Enclave: 157.701597ms[0m

Secure aggregation completed!
[Info] Destroy enclave: 0.000000ms.
init enclave...
[33m[INFO] Create Enclave: 101.865801ms[0m
Test aggregate time: 0.048399ms

[33m[Info] Sizeof data matrix: 76MB
[0m[DEBUG] loaded num: 100000, times: 1
[31mTime of clear final_x: 0.000000ms
[0m
[DEBUG] loaded num: 100000, times: 1
Clear final x successfully.
[31mTime of entering the enclave: 0.009175ms[0m
[DEBUG] Sizeof all required data in enclave: 1562 KB
[31mTime of key exchanges for 200 clients: 52.208871ms
[0m
[31mTime of key exchanges per client: 0.240865ms
[0m
Encrpyting user data...
[31mTime of data encryption per client: 0.916012ms[0m
Encprtion completed.

[DEBUG] Times: 1, loaded dim: 100000
[31mTime of secure aggregation: 106.604234ms[0m

[33m[INFO] Aggregate successfully.

[0m[31mTotal time inside the Enclave: 158.822280ms[0m

Secure aggregation completed!
[Info] Destroy enclave: 0.000000ms.
init enclave...
[33m[INFO] Create Enclave: 102.463543ms[0m
Test aggregate time: 0.042653ms

[33m[Info] Sizeof data matrix: 76MB
[0m[DEBUG] loaded num: 100000, times: 1
[31mTime of clear final_x: 0.000000ms
[0m
[DEBUG] loaded num: 100000, times: 1
Clear final x successfully.
[31mTime of entering the enclave: 0.007863ms[0m
[DEBUG] Sizeof all required data in enclave: 1562 KB
[31mTime of key exchanges for 200 clients: 52.117331ms
[0m
[31mTime of key exchanges per client: 0.239313ms
[0m
Encrpyting user data...
[31mTime of data encryption per client: 0.913603ms[0m
Encprtion completed.

[DEBUG] Times: 1, loaded dim: 100000
[31mTime of secure aggregation: 105.995281ms[0m

[33m[INFO] Aggregate successfully.

[0m[31mTotal time inside the Enclave: 158.120475ms[0m

Secure aggregation completed!
[Info] Destroy enclave: 0.000000ms.
init enclave...
[33m[INFO] Create Enclave: 101.611216ms[0m
Test aggregate time: 0.042691ms

[33m[Info] Sizeof data matrix: 76MB
[0m[DEBUG] loaded num: 100000, times: 1
[31mTime of clear final_x: 0.000000ms
[0m
[DEBUG] loaded num: 100000, times: 1
Clear final x successfully.
[31mTime of entering the enclave: 0.007284ms[0m
[DEBUG] Sizeof all required data in enclave: 1562 KB
[31mTime of key exchanges for 200 clients: 51.759465ms
[0m
[31mTime of key exchanges per client: 0.239786ms
[0m
Encrpyting user data...
[31mTime of data encryption per client: 0.912964ms[0m
Encprtion completed.

[DEBUG] Times: 1, loaded dim: 100000
[31mTime of secure aggregation: 105.854363ms[0m

[33m[INFO] Aggregate successfully.

[0m[31mTotal time inside the Enclave: 157.621112ms[0m

Secure aggregation completed!
[Info] Destroy enclave: 0.000000ms.
init enclave...
[33m[INFO] Create Enclave: 108.319315ms[0m
Test aggregate time: 0.042544ms

[33m[Info] Sizeof data matrix: 76MB
[0m[DEBUG] loaded num: 100000, times: 1
[31mTime of clear final_x: 0.000000ms
[0m
[DEBUG] loaded num: 100000, times: 1
Clear final x successfully.
[31mTime of entering the enclave: 0.007614ms[0m
[DEBUG] Sizeof all required data in enclave: 1562 KB
[31mTime of key exchanges for 200 clients: 51.754244ms
[0m
[31mTime of key exchanges per client: 0.240814ms
[0m
Encrpyting user data...
[31mTime of data encryption per client: 0.917155ms[0m
Encprtion completed.

[DEBUG] Times: 1, loaded dim: 100000
[31mTime of secure aggregation: 105.565909ms[0m

[33m[INFO] Aggregate successfully.

[0m[31mTotal time inside the Enclave: 157.327767ms[0m

Secure aggregation completed!
[Info] Destroy enclave: 0.000000ms.
init enclave...
[33m[INFO] Create Enclave: 105.268337ms[0m
Test aggregate time: 0.042638ms

[33m[Info] Sizeof data matrix: 76MB
[0m[DEBUG] loaded num: 100000, times: 1
[31mTime of clear final_x: 0.000000ms
[0m
[DEBUG] loaded num: 100000, times: 1
Clear final x successfully.
[31mTime of entering the enclave: 0.007437ms[0m
[DEBUG] Sizeof all required data in enclave: 1562 KB
[31mTime of key exchanges for 200 clients: 51.894432ms
[0m
[31mTime of key exchanges per client: 0.240123ms
[0m
Encrpyting user data...
[31mTime of data encryption per client: 0.914086ms[0m
Encprtion completed.

[DEBUG] Times: 1, loaded dim: 100000
[31mTime of secure aggregation: 106.214256ms[0m

[33m[INFO] Aggregate successfully.

[0m[31mTotal time inside the Enclave: 158.116125ms[0m

Secure aggregation completed!
[Info] Destroy enclave: 0.000000ms.
init enclave...
[33m[INFO] Create Enclave: 102.796585ms[0m
Test aggregate time: 0.043065ms

[33m[Info] Sizeof data matrix: 76MB
[0m[DEBUG] loaded num: 100000, times: 1
[31mTime of clear final_x: 0.000000ms
[0m
[DEBUG] loaded num: 100000, times: 1
Clear final x successfully.
[31mTime of entering the enclave: 0.007391ms[0m
[DEBUG] Sizeof all required data in enclave: 1562 KB
[31mTime of key exchanges for 200 clients: 52.006355ms
[0m
[31mTime of key exchanges per client: 0.241844ms
[0m
Encrpyting user data...
[31mTime of data encryption per client: 0.919518ms[0m
Encprtion completed.

[DEBUG] Times: 1, loaded dim: 100000
[31mTime of secure aggregation: 107.137318ms[0m

[33m[INFO] Aggregate successfully.

[0m[31mTotal time inside the Enclave: 159.151064ms[0m

Secure aggregation completed!
[Info] Destroy enclave: 0.000000ms.
init enclave...
[33m[INFO] Create Enclave: 106.239656ms[0m
Test aggregate time: 0.042899ms

[33m[Info] Sizeof data matrix: 76MB
[0m[DEBUG] loaded num: 100000, times: 1
[31mTime of clear final_x: 0.000000ms
[0m
[DEBUG] loaded num: 100000, times: 1
Clear final x successfully.
[31mTime of entering the enclave: 0.007693ms[0m
[DEBUG] Sizeof all required data in enclave: 1562 KB
[31mTime of key exchanges for 200 clients: 51.952757ms
[0m
[31mTime of key exchanges per client: 0.240010ms
[0m
Encrpyting user data...
[31mTime of data encryption per client: 0.919414ms[0m
Encprtion completed.

[DEBUG] Times: 1, loaded dim: 100000
[31mTime of secure aggregation: 106.706683ms[0m

[33m[INFO] Aggregate successfully.

[0m[31mTotal time inside the Enclave: 158.667133ms[0m

Secure aggregation completed!
[Info] Destroy enclave: 0.000000ms.
init enclave...
[33m[INFO] Create Enclave: 102.055244ms[0m
Test aggregate time: 0.042555ms

[33m[Info] Sizeof data matrix: 76MB
[0m[DEBUG] loaded num: 100000, times: 1
[31mTime of clear final_x: 0.000000ms
[0m
[DEBUG] loaded num: 100000, times: 1
Clear final x successfully.
[31mTime of entering the enclave: 0.007432ms[0m
[DEBUG] Sizeof all required data in enclave: 1562 KB
[31mTime of key exchanges for 200 clients: 51.903456ms
[0m
[31mTime of key exchanges per client: 0.239925ms
[0m
Encrpyting user data...
[31mTime of data encryption per client: 0.923877ms[0m
Encprtion completed.

[DEBUG] Times: 1, loaded dim: 100000
[31mTime of secure aggregation: 106.291789ms[0m

[33m[INFO] Aggregate successfully.

[0m[31mTotal time inside the Enclave: 158.202677ms[0m

Secure aggregation completed!
[Info] Destroy enclave: 0.000000ms.
init enclave...
[33m[INFO] Create Enclave: 103.902059ms[0m
Test aggregate time: 0.042900ms

[33m[Info] Sizeof data matrix: 76MB
[0m[DEBUG] loaded num: 100000, times: 1
[31mTime of clear final_x: 0.000000ms
[0m
[DEBUG] loaded num: 100000, times: 1
Clear final x successfully.
[31mTime of entering the enclave: 0.008072ms[0m
[DEBUG] Sizeof all required data in enclave: 1562 KB
[31mTime of key exchanges for 200 clients: 52.156285ms
[0m
[31mTime of key exchanges per client: 0.240035ms
[0m
Encrpyting user data...
[31mTime of data encryption per client: 0.919358ms[0m
Encprtion completed.

[DEBUG] Times: 1, loaded dim: 100000
[31mTime of secure aggregation: 106.291411ms[0m

[33m[INFO] Aggregate successfully.

[0m[31mTotal time inside the Enclave: 158.455768ms[0m

Secure aggregation completed!
[Info] Destroy enclave: 0.000000ms.
init enclave...
[33m[INFO] Create Enclave: 102.419986ms[0m
Test aggregate time: 0.042600ms

[33m[Info] Sizeof data matrix: 76MB
[0m[DEBUG] loaded num: 100000, times: 1
[31mTime of clear final_x: 0.000000ms
[0m
[DEBUG] loaded num: 100000, times: 1
Clear final x successfully.
[31mTime of entering the enclave: 0.007510ms[0m
[DEBUG] Sizeof all required data in enclave: 1562 KB
[31mTime of key exchanges for 200 clients: 52.194293ms
[0m
[31mTime of key exchanges per client: 0.240681ms
[0m
Encrpyting user data...
[31mTime of data encryption per client: 0.918130ms[0m
Encprtion completed.

[DEBUG] Times: 1, loaded dim: 100000
[31mTime of secure aggregation: 106.170365ms[0m

[33m[INFO] Aggregate successfully.

[0m[31mTotal time inside the Enclave: 158.372168ms[0m

Secure aggregation completed!
[Info] Destroy enclave: 0.000000ms.
init enclave...
[33m[INFO] Create Enclave: 104.436454ms[0m
Test aggregate time: 0.042784ms

[33m[Info] Sizeof data matrix: 76MB
[0m[DEBUG] loaded num: 100000, times: 1
[31mTime of clear final_x: 0.000000ms
[0m
[DEBUG] loaded num: 100000, times: 1
Clear final x successfully.
[31mTime of entering the enclave: 0.007359ms[0m
[DEBUG] Sizeof all required data in enclave: 1562 KB
[31mTime of key exchanges for 200 clients: 51.810316ms
[0m
[31mTime of key exchanges per client: 0.239465ms
[0m
Encrpyting user data...
[31mTime of data encryption per client: 0.914581ms[0m
Encprtion completed.

[DEBUG] Times: 1, loaded dim: 100000
[31mTime of secure aggregation: 105.848093ms[0m

[33m[INFO] Aggregate successfully.

[0m[31mTotal time inside the Enclave: 157.665768ms[0m

Secure aggregation completed!
[Info] Destroy enclave: 0.000000ms.
init enclave...
[33m[INFO] Create Enclave: 100.829115ms[0m
Test aggregate time: 0.047176ms

[33m[Info] Sizeof data matrix: 76MB
[0m[DEBUG] loaded num: 100000, times: 1
[31mTime of clear final_x: 0.000000ms
[0m
[DEBUG] loaded num: 100000, times: 1
Clear final x successfully.
[31mTime of entering the enclave: 0.009031ms[0m
[DEBUG] Sizeof all required data in enclave: 1562 KB
[31mTime of key exchanges for 200 clients: 52.966642ms
[0m
[31mTime of key exchanges per client: 0.245827ms
[0m
Encrpyting user data...
[31mTime of data encryption per client: 0.916385ms[0m
Encprtion completed.

[DEBUG] Times: 1, loaded dim: 100000
[31mTime of secure aggregation: 105.993969ms[0m

[33m[INFO] Aggregate successfully.

[0m[31mTotal time inside the Enclave: 158.969642ms[0m

Secure aggregation completed!
[Info] Destroy enclave: 0.000000ms.
init enclave...
[33m[INFO] Create Enclave: 102.116621ms[0m
Test aggregate time: 0.042467ms

[33m[Info] Sizeof data matrix: 76MB
[0m[DEBUG] loaded num: 100000, times: 1
[31mTime of clear final_x: 0.000000ms
[0m
[DEBUG] loaded num: 100000, times: 1
Clear final x successfully.
[31mTime of entering the enclave: 0.008027ms[0m
[DEBUG] Sizeof all required data in enclave: 1562 KB
[31mTime of key exchanges for 200 clients: 51.872172ms
[0m
[31mTime of key exchanges per client: 0.241022ms
[0m
Encrpyting user data...
[31mTime of data encryption per client: 0.917789ms[0m
Encprtion completed.

[DEBUG] Times: 1, loaded dim: 100000
[31mTime of secure aggregation: 106.544784ms[0m

[33m[INFO] Aggregate successfully.

[0m[31mTotal time inside the Enclave: 158.424983ms[0m

Secure aggregation completed!
[Info] Destroy enclave: 0.000000ms.
init enclave...
[33m[INFO] Create Enclave: 100.729551ms[0m
Test aggregate time: 0.042842ms

[33m[Info] Sizeof data matrix: 76MB
[0m[DEBUG] loaded num: 100000, times: 1
[31mTime of clear final_x: 0.000000ms
[0m
[DEBUG] loaded num: 100000, times: 1
Clear final x successfully.
[31mTime of entering the enclave: 0.007816ms[0m
[DEBUG] Sizeof all required data in enclave: 1562 KB
[31mTime of key exchanges for 200 clients: 52.412195ms
[0m
[31mTime of key exchanges per client: 0.241749ms
[0m
Encrpyting user data...
[31mTime of data encryption per client: 0.916897ms[0m
Encprtion completed.

[DEBUG] Times: 1, loaded dim: 100000
[31mTime of secure aggregation: 105.960821ms[0m

[33m[INFO] Aggregate successfully.

[0m[31mTotal time inside the Enclave: 158.380832ms[0m

Secure aggregation completed!
[Info] Destroy enclave: 0.000000ms.
init enclave...
[33m[INFO] Create Enclave: 103.652074ms[0m
Test aggregate time: 0.042600ms

[33m[Info] Sizeof data matrix: 76MB
[0m[DEBUG] loaded num: 100000, times: 1
[31mTime of clear final_x: 0.000000ms
[0m
[DEBUG] loaded num: 100000, times: 1
Clear final x successfully.
[31mTime of entering the enclave: 0.007466ms[0m
[DEBUG] Sizeof all required data in enclave: 1562 KB
[31mTime of key exchanges for 200 clients: 52.046098ms
[0m
[31mTime of key exchanges per client: 0.240595ms
[0m
Encrpyting user data...
[31mTime of data encryption per client: 0.912827ms[0m
Encprtion completed.

[DEBUG] Times: 1, loaded dim: 100000
[31mTime of secure aggregation: 109.608848ms[0m

[33m[INFO] Aggregate successfully.

[0m[31mTotal time inside the Enclave: 161.662412ms[0m

Secure aggregation completed!
[Info] Destroy enclave: 0.000000ms.
init enclave...
[33m[INFO] Create Enclave: 101.617124ms[0m
Test aggregate time: 0.043076ms

[33m[Info] Sizeof data matrix: 76MB
[0m[DEBUG] loaded num: 100000, times: 1
[31mTime of clear final_x: 0.000000ms
[0m
[DEBUG] loaded num: 100000, times: 1
Clear final x successfully.
[31mTime of entering the enclave: 0.007892ms[0m
[DEBUG] Sizeof all required data in enclave: 1562 KB
[31mTime of key exchanges for 200 clients: 52.653466ms
[0m
[31mTime of key exchanges per client: 0.243149ms
[0m
Encrpyting user data...
[31mTime of data encryption per client: 0.922032ms[0m
Encprtion completed.

[DEBUG] Times: 1, loaded dim: 100000
[31mTime of secure aggregation: 106.284299ms[0m

[33m[INFO] Aggregate successfully.

[0m[31mTotal time inside the Enclave: 158.945657ms[0m

Secure aggregation completed!
[Info] Destroy enclave: 0.000000ms.
init enclave...
[33m[INFO] Create Enclave: 101.080553ms[0m
Test aggregate time: 0.042751ms

[33m[Info] Sizeof data matrix: 76MB
[0m[DEBUG] loaded num: 100000, times: 1
[31mTime of clear final_x: 0.000000ms
[0m
[DEBUG] loaded num: 100000, times: 1
Clear final x successfully.
[31mTime of entering the enclave: 0.008070ms[0m
[DEBUG] Sizeof all required data in enclave: 1562 KB
[31mTime of key exchanges for 200 clients: 52.170542ms
[0m
[31mTime of key exchanges per client: 0.241083ms
[0m
Encrpyting user data...
[31mTime of data encryption per client: 0.918792ms[0m
Encprtion completed.

[DEBUG] Times: 1, loaded dim: 100000
[31mTime of secure aggregation: 106.375102ms[0m

[33m[INFO] Aggregate successfully.

[0m[31mTotal time inside the Enclave: 158.553714ms[0m

Secure aggregation completed!
[Info] Destroy enclave: 0.000000ms.
init enclave...
[33m[INFO] Create Enclave: 102.682835ms[0m
Test aggregate time: 0.042596ms

[33m[Info] Sizeof data matrix: 76MB
[0m[DEBUG] loaded num: 100000, times: 1
[31mTime of clear final_x: 0.000000ms
[0m
[DEBUG] loaded num: 100000, times: 1
Clear final x successfully.
[31mTime of entering the enclave: 0.007185ms[0m
[DEBUG] Sizeof all required data in enclave: 1562 KB
[31mTime of key exchanges for 200 clients: 51.723331ms
[0m
[31mTime of key exchanges per client: 0.239285ms
[0m
Encrpyting user data...
[31mTime of data encryption per client: 0.917659ms[0m
Encprtion completed.

[DEBUG] Times: 1, loaded dim: 100000
[31mTime of secure aggregation: 106.219209ms[0m

[33m[INFO] Aggregate successfully.

[0m[31mTotal time inside the Enclave: 157.949725ms[0m

Secure aggregation completed!
[Info] Destroy enclave: 0.000000ms.
init enclave...
[33m[INFO] Create Enclave: 108.326561ms[0m
Test aggregate time: 0.042521ms

[33m[Info] Sizeof data matrix: 76MB
[0m[DEBUG] loaded num: 100000, times: 1
[31mTime of clear final_x: 0.000000ms
[0m
[DEBUG] loaded num: 100000, times: 1
Clear final x successfully.
[31mTime of entering the enclave: 0.007390ms[0m
[DEBUG] Sizeof all required data in enclave: 1562 KB
[31mTime of key exchanges for 200 clients: 52.086066ms
[0m
[31mTime of key exchanges per client: 0.240675ms
[0m
Encrpyting user data...
[31mTime of data encryption per client: 0.919138ms[0m
Encprtion completed.

[DEBUG] Times: 1, loaded dim: 100000
[31mTime of secure aggregation: 106.457733ms[0m

[33m[INFO] Aggregate successfully.

[0m[31mTotal time inside the Enclave: 158.551189ms[0m

Secure aggregation completed!
[Info] Destroy enclave: 0.000000ms.
init enclave...
[33m[INFO] Create Enclave: 103.738154ms[0m
Test aggregate time: 0.042622ms

[33m[Info] Sizeof data matrix: 76MB
[0m[DEBUG] loaded num: 100000, times: 1
[31mTime of clear final_x: 0.000000ms
[0m
[DEBUG] loaded num: 100000, times: 1
Clear final x successfully.
[31mTime of entering the enclave: 0.007865ms[0m
[DEBUG] Sizeof all required data in enclave: 1562 KB
[31mTime of key exchanges for 200 clients: 52.174595ms
[0m
[31mTime of key exchanges per client: 0.240547ms
[0m
Encrpyting user data...
[31mTime of data encryption per client: 0.961332ms[0m
Encprtion completed.

[DEBUG] Times: 1, loaded dim: 100000
[31mTime of secure aggregation: 106.239446ms[0m

[33m[INFO] Aggregate successfully.

[0m[31mTotal time inside the Enclave: 158.421906ms[0m

Secure aggregation completed!
[Info] Destroy enclave: 0.000000ms.
init enclave...
[33m[INFO] Create Enclave: 112.186541ms[0m
Test aggregate time: 0.043095ms

[33m[Info] Sizeof data matrix: 76MB
[0m[DEBUG] loaded num: 100000, times: 1
[31mTime of clear final_x: 0.000000ms
[0m
[DEBUG] loaded num: 100000, times: 1
Clear final x successfully.
[31mTime of entering the enclave: 0.007982ms[0m
[DEBUG] Sizeof all required data in enclave: 1562 KB
[31mTime of key exchanges for 200 clients: 52.001117ms
[0m
[31mTime of key exchanges per client: 0.240162ms
[0m
Encrpyting user data...
[31mTime of data encryption per client: 0.921484ms[0m
Encprtion completed.

[DEBUG] Times: 1, loaded dim: 100000
[31mTime of secure aggregation: 106.509881ms[0m

[33m[INFO] Aggregate successfully.

[0m[31mTotal time inside the Enclave: 158.518980ms[0m

Secure aggregation completed!
[Info] Destroy enclave: 0.000000ms.
init enclave...
[33m[INFO] Create Enclave: 105.615837ms[0m
Test aggregate time: 0.042449ms

[33m[Info] Sizeof data matrix: 76MB
[0m[DEBUG] loaded num: 100000, times: 1
[31mTime of clear final_x: 0.000000ms
[0m
[DEBUG] loaded num: 100000, times: 1
Clear final x successfully.
[31mTime of entering the enclave: 0.007435ms[0m
[DEBUG] Sizeof all required data in enclave: 1562 KB
[31mTime of key exchanges for 200 clients: 52.376912ms
[0m
[31mTime of key exchanges per client: 0.241523ms
[0m
Encrpyting user data...
[31mTime of data encryption per client: 0.963762ms[0m
Encprtion completed.

[DEBUG] Times: 1, loaded dim: 100000
[31mTime of secure aggregation: 106.112914ms[0m

[33m[INFO] Aggregate successfully.

[0m[31mTotal time inside the Enclave: 158.497261ms[0m

Secure aggregation completed!
[Info] Destroy enclave: 0.000000ms.
init enclave...
[33m[INFO] Create Enclave: 101.183097ms[0m
Test aggregate time: 0.048254ms

[33m[Info] Sizeof data matrix: 76MB
[0m[DEBUG] loaded num: 100000, times: 1
[31mTime of clear final_x: 0.000000ms
[0m
[DEBUG] loaded num: 100000, times: 1
Clear final x successfully.
[31mTime of entering the enclave: 0.007524ms[0m
[DEBUG] Sizeof all required data in enclave: 1562 KB
[31mTime of key exchanges for 200 clients: 55.900666ms
[0m
[31mTime of key exchanges per client: 0.257733ms
[0m
Encrpyting user data...
[31mTime of data encryption per client: 0.926242ms[0m
Encprtion completed.

[DEBUG] Times: 1, loaded dim: 100000
[31mTime of secure aggregation: 105.991622ms[0m

[33m[INFO] Aggregate successfully.

[0m[31mTotal time inside the Enclave: 161.899812ms[0m

Secure aggregation completed!
[Info] Destroy enclave: 0.000000ms.
init enclave...
[33m[INFO] Create Enclave: 111.784237ms[0m
Test aggregate time: 0.042738ms

[33m[Info] Sizeof data matrix: 76MB
[0m[DEBUG] loaded num: 100000, times: 1
[31mTime of clear final_x: 0.000000ms
[0m
[DEBUG] loaded num: 100000, times: 1
Clear final x successfully.
[31mTime of entering the enclave: 0.021208ms[0m
[DEBUG] Sizeof all required data in enclave: 1562 KB
[31mTime of key exchanges for 200 clients: 51.839926ms
[0m
[31mTime of key exchanges per client: 0.240562ms
[0m
Encrpyting user data...
[31mTime of data encryption per client: 0.920875ms[0m
Encprtion completed.

[DEBUG] Times: 1, loaded dim: 100000
[31mTime of secure aggregation: 106.474837ms[0m

[33m[INFO] Aggregate successfully.

[0m[31mTotal time inside the Enclave: 158.335971ms[0m

Secure aggregation completed!
[Info] Destroy enclave: 0.000000ms.
init enclave...
[33m[INFO] Create Enclave: 102.171984ms[0m
Test aggregate time: 0.042688ms

[33m[Info] Sizeof data matrix: 76MB
[0m[DEBUG] loaded num: 100000, times: 1
[31mTime of clear final_x: 0.000000ms
[0m
[DEBUG] loaded num: 100000, times: 1
Clear final x successfully.
[31mTime of entering the enclave: 0.007351ms[0m
[DEBUG] Sizeof all required data in enclave: 1562 KB
[31mTime of key exchanges for 200 clients: 52.074471ms
[0m
[31mTime of key exchanges per client: 0.240411ms
[0m
Encrpyting user data...
[31mTime of data encryption per client: 0.919463ms[0m
Encprtion completed.

[DEBUG] Times: 1, loaded dim: 100000
[31mTime of secure aggregation: 105.957827ms[0m

[33m[INFO] Aggregate successfully.

[0m[31mTotal time inside the Enclave: 158.039649ms[0m

Secure aggregation completed!
[Info] Destroy enclave: 0.000000ms.
init enclave...
[33m[INFO] Create Enclave: 103.655749ms[0m
Test aggregate time: 0.043410ms

[33m[Info] Sizeof data matrix: 76MB
[0m[DEBUG] loaded num: 100000, times: 1
[31mTime of clear final_x: 0.000000ms
[0m
[DEBUG] loaded num: 100000, times: 1
Clear final x successfully.
[31mTime of entering the enclave: 0.008182ms[0m
[DEBUG] Sizeof all required data in enclave: 1562 KB
[31mTime of key exchanges for 200 clients: 52.000422ms
[0m
[31mTime of key exchanges per client: 0.240962ms
[0m
Encrpyting user data...
[31mTime of data encryption per client: 0.915512ms[0m
Encprtion completed.

[DEBUG] Times: 1, loaded dim: 100000
[31mTime of secure aggregation: 106.930119ms[0m

[33m[INFO] Aggregate successfully.

[0m[31mTotal time inside the Enclave: 158.938723ms[0m

Secure aggregation completed!
[Info] Destroy enclave: 0.000000ms.
init enclave...
[33m[INFO] Create Enclave: 102.869717ms[0m
Test aggregate time: 0.043042ms

[33m[Info] Sizeof data matrix: 76MB
[0m[DEBUG] loaded num: 100000, times: 1
[31mTime of clear final_x: 0.000000ms
[0m
[DEBUG] loaded num: 100000, times: 1
Clear final x successfully.
[31mTime of entering the enclave: 0.007426ms[0m
[DEBUG] Sizeof all required data in enclave: 1562 KB
[31mTime of key exchanges for 200 clients: 52.417923ms
[0m
[31mTime of key exchanges per client: 0.243086ms
[0m
Encrpyting user data...
[31mTime of data encryption per client: 0.923149ms[0m
Encprtion completed.

[DEBUG] Times: 1, loaded dim: 100000
[31mTime of secure aggregation: 106.607610ms[0m

[33m[INFO] Aggregate successfully.

[0m[31mTotal time inside the Enclave: 159.032959ms[0m

Secure aggregation completed!
[Info] Destroy enclave: 0.000000ms.
init enclave...
[33m[INFO] Create Enclave: 102.534155ms[0m
Test aggregate time: 0.042628ms

[33m[Info] Sizeof data matrix: 76MB
[0m[DEBUG] loaded num: 100000, times: 1
[31mTime of clear final_x: 0.000000ms
[0m
[DEBUG] loaded num: 100000, times: 1
Clear final x successfully.
[31mTime of entering the enclave: 0.007972ms[0m
[DEBUG] Sizeof all required data in enclave: 1562 KB
[31mTime of key exchanges for 200 clients: 52.194028ms
[0m
[31mTime of key exchanges per client: 0.241286ms
[0m
Encrpyting user data...
[31mTime of data encryption per client: 0.919859ms[0m
Encprtion completed.

[DEBUG] Times: 1, loaded dim: 100000
[31mTime of secure aggregation: 106.071649ms[0m

[33m[INFO] Aggregate successfully.

[0m[31mTotal time inside the Enclave: 158.273649ms[0m

Secure aggregation completed!
[Info] Destroy enclave: 0.000000ms.
init enclave...
[33m[INFO] Create Enclave: 105.072827ms[0m
Test aggregate time: 0.042444ms

[33m[Info] Sizeof data matrix: 76MB
[0m[DEBUG] loaded num: 100000, times: 1
[31mTime of clear final_x: 0.000000ms
[0m
[DEBUG] loaded num: 100000, times: 1
Clear final x successfully.
[31mTime of entering the enclave: 0.007417ms[0m
[DEBUG] Sizeof all required data in enclave: 1562 KB
[31mTime of key exchanges for 200 clients: 52.287304ms
[0m
[31mTime of key exchanges per client: 0.241094ms
[0m
Encrpyting user data...
[31mTime of data encryption per client: 0.916492ms[0m
Encprtion completed.

[DEBUG] Times: 1, loaded dim: 100000
[31mTime of secure aggregation: 106.115187ms[0m

[33m[INFO] Aggregate successfully.

[0m[31mTotal time inside the Enclave: 158.409908ms[0m

Secure aggregation completed!
[Info] Destroy enclave: 0.000000ms.
init enclave...
[33m[INFO] Create Enclave: 103.479305ms[0m
Test aggregate time: 0.042675ms

[33m[Info] Sizeof data matrix: 76MB
[0m[DEBUG] loaded num: 100000, times: 1
[31mTime of clear final_x: 0.000000ms
[0m
[DEBUG] loaded num: 100000, times: 1
Clear final x successfully.
[31mTime of entering the enclave: 0.007303ms[0m
[DEBUG] Sizeof all required data in enclave: 1562 KB
[31mTime of key exchanges for 200 clients: 52.144509ms
[0m
[31mTime of key exchanges per client: 0.240214ms
[0m
Encrpyting user data...
[31mTime of data encryption per client: 0.916764ms[0m
Encprtion completed.

[DEBUG] Times: 1, loaded dim: 100000
[31mTime of secure aggregation: 105.906377ms[0m

[33m[INFO] Aggregate successfully.

[0m[31mTotal time inside the Enclave: 158.058189ms[0m

Secure aggregation completed!
[Info] Destroy enclave: 0.000000ms.
init enclave...
[33m[INFO] Create Enclave: 101.309793ms[0m
Test aggregate time: 0.042629ms

[33m[Info] Sizeof data matrix: 76MB
[0m[DEBUG] loaded num: 100000, times: 1
[31mTime of clear final_x: 0.000000ms
[0m
[DEBUG] loaded num: 100000, times: 1
Clear final x successfully.
[31mTime of entering the enclave: 0.007319ms[0m
[DEBUG] Sizeof all required data in enclave: 1562 KB
[31mTime of key exchanges for 200 clients: 52.186011ms
[0m
[31mTime of key exchanges per client: 0.241796ms
[0m
Encrpyting user data...
[31mTime of data encryption per client: 0.916503ms[0m
Encprtion completed.

[DEBUG] Times: 1, loaded dim: 100000
[31mTime of secure aggregation: 106.252109ms[0m

[33m[INFO] Aggregate successfully.

[0m[31mTotal time inside the Enclave: 158.445439ms[0m

Secure aggregation completed!
[Info] Destroy enclave: 0.000000ms.
init enclave...
[33m[INFO] Create Enclave: 102.635663ms[0m
Test aggregate time: 0.042629ms

[33m[Info] Sizeof data matrix: 76MB
[0m[DEBUG] loaded num: 100000, times: 1
[31mTime of clear final_x: 0.000000ms
[0m
[DEBUG] loaded num: 100000, times: 1
Clear final x successfully.
[31mTime of entering the enclave: 0.007619ms[0m
[DEBUG] Sizeof all required data in enclave: 1562 KB
[31mTime of key exchanges for 200 clients: 51.693667ms
[0m
[31mTime of key exchanges per client: 0.239719ms
[0m
Encrpyting user data...
[31mTime of data encryption per client: 0.917889ms[0m
Encprtion completed.

[DEBUG] Times: 1, loaded dim: 100000
[31mTime of secure aggregation: 106.139410ms[0m

[33m[INFO] Aggregate successfully.

[0m[31mTotal time inside the Enclave: 157.840696ms[0m

Secure aggregation completed!
[Info] Destroy enclave: 0.000000ms.
init enclave...
[33m[INFO] Create Enclave: 103.353235ms[0m
Test aggregate time: 0.042471ms

[33m[Info] Sizeof data matrix: 76MB
[0m[DEBUG] loaded num: 100000, times: 1
[31mTime of clear final_x: 0.000000ms
[0m
[DEBUG] loaded num: 100000, times: 1
Clear final x successfully.
[31mTime of entering the enclave: 0.007343ms[0m
[DEBUG] Sizeof all required data in enclave: 1562 KB
[31mTime of key exchanges for 200 clients: 51.917943ms
[0m
[31mTime of key exchanges per client: 0.239619ms
[0m
Encrpyting user data...
[31mTime of data encryption per client: 0.913705ms[0m
Encprtion completed.

[DEBUG] Times: 1, loaded dim: 100000
[31mTime of secure aggregation: 105.765062ms[0m

[33m[INFO] Aggregate successfully.

[0m[31mTotal time inside the Enclave: 157.690348ms[0m

Secure aggregation completed!
[Info] Destroy enclave: 0.000000ms.
init enclave...
[33m[INFO] Create Enclave: 103.466763ms[0m
Test aggregate time: 0.048263ms

[33m[Info] Sizeof data matrix: 76MB
[0m[DEBUG] loaded num: 100000, times: 1
[31mTime of clear final_x: 0.000000ms
[0m
[DEBUG] loaded num: 100000, times: 1
Clear final x successfully.
[31mTime of entering the enclave: 0.007927ms[0m
[DEBUG] Sizeof all required data in enclave: 1562 KB
[31mTime of key exchanges for 200 clients: 52.128809ms
[0m
[31mTime of key exchanges per client: 0.240918ms
[0m
Encrpyting user data...
[31mTime of data encryption per client: 0.920353ms[0m
Encprtion completed.

[DEBUG] Times: 1, loaded dim: 100000
[31mTime of secure aggregation: 106.168325ms[0m

[33m[INFO] Aggregate successfully.

[0m[31mTotal time inside the Enclave: 158.305061ms[0m

Secure aggregation completed!
[Info] Destroy enclave: 0.000000ms.
init enclave...
[33m[INFO] Create Enclave: 102.480363ms[0m
Test aggregate time: 0.042734ms

[33m[Info] Sizeof data matrix: 76MB
[0m[DEBUG] loaded num: 100000, times: 1
[31mTime of clear final_x: 0.000000ms
[0m
[DEBUG] loaded num: 100000, times: 1
Clear final x successfully.
[31mTime of entering the enclave: 0.007353ms[0m
[DEBUG] Sizeof all required data in enclave: 1562 KB
[31mTime of key exchanges for 200 clients: 51.817308ms
[0m
[31mTime of key exchanges per client: 0.239918ms
[0m
Encrpyting user data...
[31mTime of data encryption per client: 0.915827ms[0m
Encprtion completed.

[DEBUG] Times: 1, loaded dim: 100000
[31mTime of secure aggregation: 105.801412ms[0m

[33m[INFO] Aggregate successfully.

[0m[31mTotal time inside the Enclave: 157.626073ms[0m

Secure aggregation completed!
[Info] Destroy enclave: 0.000000ms.
init enclave...
[33m[INFO] Create Enclave: 101.943909ms[0m
Test aggregate time: 0.042450ms

[33m[Info] Sizeof data matrix: 76MB
[0m[DEBUG] loaded num: 100000, times: 1
[31mTime of clear final_x: 0.000000ms
[0m
[DEBUG] loaded num: 100000, times: 1
Clear final x successfully.
[31mTime of entering the enclave: 0.007720ms[0m
[DEBUG] Sizeof all required data in enclave: 1562 KB
[31mTime of key exchanges for 200 clients: 51.780918ms
[0m
[31mTime of key exchanges per client: 0.239411ms
[0m
Encrpyting user data...
[31mTime of data encryption per client: 0.916888ms[0m
Encprtion completed.

[DEBUG] Times: 1, loaded dim: 100000
[31mTime of secure aggregation: 105.930038ms[0m

[33m[INFO] Aggregate successfully.

[0m[31mTotal time inside the Enclave: 157.718676ms[0m

Secure aggregation completed!
[Info] Destroy enclave: 0.000000ms.
init enclave...
[33m[INFO] Create Enclave: 102.382099ms[0m
Test aggregate time: 0.042686ms

[33m[Info] Sizeof data matrix: 76MB
[0m[DEBUG] loaded num: 100000, times: 1
[31mTime of clear final_x: 0.000000ms
[0m
[DEBUG] loaded num: 100000, times: 1
Clear final x successfully.
[31mTime of entering the enclave: 0.007885ms[0m
[DEBUG] Sizeof all required data in enclave: 1562 KB
[31mTime of key exchanges for 200 clients: 51.849106ms
[0m
[31mTime of key exchanges per client: 0.240823ms
[0m
Encrpyting user data...
[31mTime of data encryption per client: 0.912885ms[0m
Encprtion completed.

[DEBUG] Times: 1, loaded dim: 100000
[31mTime of secure aggregation: 105.967230ms[0m

[33m[INFO] Aggregate successfully.

[0m[31mTotal time inside the Enclave: 157.824221ms[0m

Secure aggregation completed!
[Info] Destroy enclave: 0.000000ms.
init enclave...
[33m[INFO] Create Enclave: 108.933395ms[0m
Test aggregate time: 0.042471ms

[33m[Info] Sizeof data matrix: 76MB
[0m[DEBUG] loaded num: 100000, times: 1
[31mTime of clear final_x: 0.000000ms
[0m
[DEBUG] loaded num: 100000, times: 1
Clear final x successfully.
[31mTime of entering the enclave: 0.007778ms[0m
[DEBUG] Sizeof all required data in enclave: 1562 KB
[31mTime of key exchanges for 200 clients: 51.838096ms
[0m
[31mTime of key exchanges per client: 0.240057ms
[0m
Encrpyting user data...
[31mTime of data encryption per client: 0.912584ms[0m
Encprtion completed.

[DEBUG] Times: 1, loaded dim: 100000
[31mTime of secure aggregation: 105.755105ms[0m

[33m[INFO] Aggregate successfully.

[0m[31mTotal time inside the Enclave: 157.600979ms[0m

Secure aggregation completed!
[Info] Destroy enclave: 0.000000ms.
init enclave...
[33m[INFO] Create Enclave: 103.139588ms[0m
Test aggregate time: 0.042563ms

[33m[Info] Sizeof data matrix: 76MB
[0m[DEBUG] loaded num: 100000, times: 1
[31mTime of clear final_x: 0.000000ms
[0m
[DEBUG] loaded num: 100000, times: 1
Clear final x successfully.
[31mTime of entering the enclave: 0.007881ms[0m
[DEBUG] Sizeof all required data in enclave: 1562 KB
[31mTime of key exchanges for 200 clients: 52.069250ms
[0m
[31mTime of key exchanges per client: 0.241278ms
[0m
Encrpyting user data...
[31mTime of data encryption per client: 0.914623ms[0m
Encprtion completed.

[DEBUG] Times: 1, loaded dim: 100000
[31mTime of secure aggregation: 105.881858ms[0m

[33m[INFO] Aggregate successfully.

[0m[31mTotal time inside the Enclave: 157.958989ms[0m

Secure aggregation completed!
[Info] Destroy enclave: 0.000000ms.
init enclave...
[33m[INFO] Create Enclave: 105.725454ms[0m
Test aggregate time: 0.042402ms

[33m[Info] Sizeof data matrix: 76MB
[0m[DEBUG] loaded num: 100000, times: 1
[31mTime of clear final_x: 0.000000ms
[0m
[DEBUG] loaded num: 100000, times: 1
Clear final x successfully.
[31mTime of entering the enclave: 0.007237ms[0m
[DEBUG] Sizeof all required data in enclave: 1562 KB
[31mTime of key exchanges for 200 clients: 51.979283ms
[0m
[31mTime of key exchanges per client: 0.239728ms
[0m
Encrpyting user data...
[31mTime of data encryption per client: 0.914929ms[0m
Encprtion completed.

[DEBUG] Times: 1, loaded dim: 100000
[31mTime of secure aggregation: 106.021061ms[0m

[33m[INFO] Aggregate successfully.

[0m[31mTotal time inside the Enclave: 158.007581ms[0m

Secure aggregation completed!
[Info] Destroy enclave: 0.000000ms.
init enclave...
[33m[INFO] Create Enclave: 101.919912ms[0m
Test aggregate time: 0.042729ms

[33m[Info] Sizeof data matrix: 76MB
[0m[DEBUG] loaded num: 100000, times: 1
[31mTime of clear final_x: 0.000000ms
[0m
[DEBUG] loaded num: 100000, times: 1
Clear final x successfully.
[31mTime of entering the enclave: 0.007370ms[0m
[DEBUG] Sizeof all required data in enclave: 1562 KB
[31mTime of key exchanges for 200 clients: 52.295560ms
[0m
[31mTime of key exchanges per client: 0.242588ms
[0m
Encrpyting user data...
[31mTime of data encryption per client: 0.912905ms[0m
Encprtion completed.

[DEBUG] Times: 1, loaded dim: 100000
[31mTime of secure aggregation: 106.082110ms[0m

[33m[INFO] Aggregate successfully.

[0m[31mTotal time inside the Enclave: 158.385040ms[0m

Secure aggregation completed!
[Info] Destroy enclave: 0.000000ms.
init enclave...
[33m[INFO] Create Enclave: 103.455366ms[0m
Test aggregate time: 0.042682ms

[33m[Info] Sizeof data matrix: 76MB
[0m[DEBUG] loaded num: 100000, times: 1
[31mTime of clear final_x: 0.000000ms
[0m
[DEBUG] loaded num: 100000, times: 1
Clear final x successfully.
[31mTime of entering the enclave: 0.007397ms[0m
[DEBUG] Sizeof all required data in enclave: 1562 KB
[31mTime of key exchanges for 200 clients: 51.828574ms
[0m
[31mTime of key exchanges per client: 0.239790ms
[0m
Encrpyting user data...
[31mTime of data encryption per client: 0.914732ms[0m
Encprtion completed.

[DEBUG] Times: 1, loaded dim: 100000
[31mTime of secure aggregation: 105.710484ms[0m

[33m[INFO] Aggregate successfully.

[0m[31mTotal time inside the Enclave: 157.546455ms[0m

Secure aggregation completed!
[Info] Destroy enclave: 0.000000ms.
init enclave...
[33m[INFO] Create Enclave: 106.720273ms[0m
Test aggregate time: 0.042736ms

[33m[Info] Sizeof data matrix: 76MB
[0m[DEBUG] loaded num: 100000, times: 1
[31mTime of clear final_x: 0.000000ms
[0m
[DEBUG] loaded num: 100000, times: 1
Clear final x successfully.
[31mTime of entering the enclave: 0.007522ms[0m
[DEBUG] Sizeof all required data in enclave: 1562 KB
[31mTime of key exchanges for 200 clients: 51.948718ms
[0m
[31mTime of key exchanges per client: 0.241074ms
[0m
Encrpyting user data...
[31mTime of data encryption per client: 0.921711ms[0m
Encprtion completed.

[DEBUG] Times: 1, loaded dim: 100000
[31mTime of secure aggregation: 106.141187ms[0m

[33m[INFO] Aggregate successfully.

[0m[31mTotal time inside the Enclave: 158.097427ms[0m

Secure aggregation completed!
[Info] Destroy enclave: 0.000000ms.
init enclave...
[33m[INFO] Create Enclave: 103.768672ms[0m
Test aggregate time: 0.042766ms

[33m[Info] Sizeof data matrix: 76MB
[0m[DEBUG] loaded num: 100000, times: 1
[31mTime of clear final_x: 0.000000ms
[0m
[DEBUG] loaded num: 100000, times: 1
Clear final x successfully.
[31mTime of entering the enclave: 0.007409ms[0m
[DEBUG] Sizeof all required data in enclave: 1562 KB
[31mTime of key exchanges for 200 clients: 51.953296ms
[0m
[31mTime of key exchanges per client: 0.240236ms
[0m
Encrpyting user data...
[31mTime of data encryption per client: 0.914417ms[0m
Encprtion completed.

[DEBUG] Times: 1, loaded dim: 100000
[31mTime of secure aggregation: 106.119952ms[0m

[33m[INFO] Aggregate successfully.

[0m[31mTotal time inside the Enclave: 158.080657ms[0m

Secure aggregation completed!
[Info] Destroy enclave: 0.000000ms.
init enclave...
[33m[INFO] Create Enclave: 106.320248ms[0m
Test aggregate time: 0.047953ms

[33m[Info] Sizeof data matrix: 76MB
[0m[DEBUG] loaded num: 100000, times: 1
[31mTime of clear final_x: 0.000000ms
[0m
[DEBUG] loaded num: 100000, times: 1
Clear final x successfully.
[31mTime of entering the enclave: 0.008065ms[0m
[DEBUG] Sizeof all required data in enclave: 1562 KB
[31mTime of key exchanges for 200 clients: 51.907943ms
[0m
[31mTime of key exchanges per client: 0.240187ms
[0m
Encrpyting user data...
[31mTime of data encryption per client: 0.916741ms[0m
Encprtion completed.

[DEBUG] Times: 1, loaded dim: 100000
[31mTime of secure aggregation: 105.615093ms[0m

[33m[INFO] Aggregate successfully.

[0m[31mTotal time inside the Enclave: 157.531101ms[0m

Secure aggregation completed!
[Info] Destroy enclave: 0.000000ms.
init enclave...
[33m[INFO] Create Enclave: 104.138342ms[0m
Test aggregate time: 0.042603ms

[33m[Info] Sizeof data matrix: 76MB
[0m[DEBUG] loaded num: 100000, times: 1
[31mTime of clear final_x: 0.000000ms
[0m
[DEBUG] loaded num: 100000, times: 1
Clear final x successfully.
[31mTime of entering the enclave: 0.007303ms[0m
[DEBUG] Sizeof all required data in enclave: 1562 KB
[31mTime of key exchanges for 200 clients: 51.718253ms
[0m
[31mTime of key exchanges per client: 0.239119ms
[0m
Encrpyting user data...
[31mTime of data encryption per client: 0.914505ms[0m
Encprtion completed.

[DEBUG] Times: 1, loaded dim: 100000
[31mTime of secure aggregation: 106.043226ms[0m

[33m[INFO] Aggregate successfully.

[0m[31mTotal time inside the Enclave: 157.768782ms[0m

Secure aggregation completed!
[Info] Destroy enclave: 0.000000ms.
init enclave...
[33m[INFO] Create Enclave: 102.541104ms[0m
Test aggregate time: 0.042608ms

[33m[Info] Sizeof data matrix: 76MB
[0m[DEBUG] loaded num: 100000, times: 1
[31mTime of clear final_x: 0.000000ms
[0m
[DEBUG] loaded num: 100000, times: 1
Clear final x successfully.
[31mTime of entering the enclave: 0.007273ms[0m
[DEBUG] Sizeof all required data in enclave: 1562 KB
[31mTime of key exchanges for 200 clients: 51.677879ms
[0m
[31mTime of key exchanges per client: 0.239256ms
[0m
Encrpyting user data...
[31mTime of data encryption per client: 0.960678ms[0m
Encprtion completed.

[DEBUG] Times: 1, loaded dim: 100000
[31mTime of secure aggregation: 106.626292ms[0m

[33m[INFO] Aggregate successfully.

[0m[31mTotal time inside the Enclave: 158.311444ms[0m

Secure aggregation completed!
[Info] Destroy enclave: 0.000000ms.
init enclave...
[33m[INFO] Create Enclave: 109.269993ms[0m
Test aggregate time: 0.042618ms

[33m[Info] Sizeof data matrix: 76MB
[0m[DEBUG] loaded num: 100000, times: 1
[31mTime of clear final_x: 0.000000ms
[0m
[DEBUG] loaded num: 100000, times: 1
Clear final x successfully.
[31mTime of entering the enclave: 0.007542ms[0m
[DEBUG] Sizeof all required data in enclave: 1562 KB
[31mTime of key exchanges for 200 clients: 51.892803ms
[0m
[31mTime of key exchanges per client: 0.240835ms
[0m
Encrpyting user data...
[31mTime of data encryption per client: 0.915888ms[0m
Encprtion completed.

[DEBUG] Times: 1, loaded dim: 100000
[31mTime of secure aggregation: 105.800887ms[0m

[33m[INFO] Aggregate successfully.

[0m[31mTotal time inside the Enclave: 157.701232ms[0m

Secure aggregation completed!
[Info] Destroy enclave: 0.000000ms.
init enclave...
[33m[INFO] Create Enclave: 100.746434ms[0m
Test aggregate time: 0.042724ms

[33m[Info] Sizeof data matrix: 76MB
[0m[DEBUG] loaded num: 100000, times: 1
[31mTime of clear final_x: 0.000000ms
[0m
[DEBUG] loaded num: 100000, times: 1
Clear final x successfully.
[31mTime of entering the enclave: 0.007432ms[0m
[DEBUG] Sizeof all required data in enclave: 1562 KB
[31mTime of key exchanges for 200 clients: 51.678320ms
[0m
[31mTime of key exchanges per client: 0.239366ms
[0m
Encrpyting user data...
[31mTime of data encryption per client: 0.917990ms[0m
Encprtion completed.

[DEBUG] Times: 1, loaded dim: 100000
[31mTime of secure aggregation: 106.269392ms[0m

[33m[INFO] Aggregate successfully.

[0m[31mTotal time inside the Enclave: 157.955144ms[0m

Secure aggregation completed!
[Info] Destroy enclave: 0.000000ms.
init enclave...
[33m[INFO] Create Enclave: 103.181117ms[0m
Test aggregate time: 0.042594ms

[33m[Info] Sizeof data matrix: 76MB
[0m[DEBUG] loaded num: 100000, times: 1
[31mTime of clear final_x: 0.000000ms
[0m
[DEBUG] loaded num: 100000, times: 1
Clear final x successfully.
[31mTime of entering the enclave: 0.007465ms[0m
[DEBUG] Sizeof all required data in enclave: 1562 KB
[31mTime of key exchanges for 200 clients: 51.621301ms
[0m
[31mTime of key exchanges per client: 0.239315ms
[0m
Encrpyting user data...
[31mTime of data encryption per client: 0.912211ms[0m
Encprtion completed.

[DEBUG] Times: 1, loaded dim: 100000
[31mTime of secure aggregation: 105.990230ms[0m

[33m[INFO] Aggregate successfully.

[0m[31mTotal time inside the Enclave: 157.618996ms[0m

Secure aggregation completed!
[Info] Destroy enclave: 0.000000ms.
init enclave...
[33m[INFO] Create Enclave: 102.104179ms[0m
Test aggregate time: 0.042389ms

[33m[Info] Sizeof data matrix: 76MB
[0m[DEBUG] loaded num: 100000, times: 1
[31mTime of clear final_x: 0.000000ms
[0m
[DEBUG] loaded num: 100000, times: 1
Clear final x successfully.
[31mTime of entering the enclave: 0.007503ms[0m
[DEBUG] Sizeof all required data in enclave: 1562 KB
[31mTime of key exchanges for 200 clients: 51.923183ms
[0m
[31mTime of key exchanges per client: 0.240834ms
[0m
Encrpyting user data...
[31mTime of data encryption per client: 0.914586ms[0m
Encprtion completed.

[DEBUG] Times: 1, loaded dim: 100000
[31mTime of secure aggregation: 106.194895ms[0m

[33m[INFO] Aggregate successfully.

[0m[31mTotal time inside the Enclave: 158.125581ms[0m

Secure aggregation completed!
[Info] Destroy enclave: 0.000000ms.
init enclave...
[33m[INFO] Create Enclave: 101.385057ms[0m
Test aggregate time: 0.042433ms

[33m[Info] Sizeof data matrix: 76MB
[0m[DEBUG] loaded num: 100000, times: 1
[31mTime of clear final_x: 0.000000ms
[0m
[DEBUG] loaded num: 100000, times: 1
Clear final x successfully.
[31mTime of entering the enclave: 0.007243ms[0m
[DEBUG] Sizeof all required data in enclave: 1562 KB
[31mTime of key exchanges for 200 clients: 52.001300ms
[0m
[31mTime of key exchanges per client: 0.239398ms
[0m
Encrpyting user data...
[31mTime of data encryption per client: 0.914293ms[0m
Encprtion completed.

[DEBUG] Times: 1, loaded dim: 100000
[31mTime of secure aggregation: 105.930565ms[0m

[33m[INFO] Aggregate successfully.

[0m[31mTotal time inside the Enclave: 157.939108ms[0m

Secure aggregation completed!
[Info] Destroy enclave: 0.000000ms.
init enclave...
[33m[INFO] Create Enclave: 101.909551ms[0m
Test aggregate time: 0.042528ms

[33m[Info] Sizeof data matrix: 76MB
[0m[DEBUG] loaded num: 100000, times: 1
[31mTime of clear final_x: 0.000000ms
[0m
[DEBUG] loaded num: 100000, times: 1
Clear final x successfully.
[31mTime of entering the enclave: 0.007552ms[0m
[DEBUG] Sizeof all required data in enclave: 1562 KB
[31mTime of key exchanges for 200 clients: 51.942396ms
[0m
[31mTime of key exchanges per client: 0.239095ms
[0m
Encrpyting user data...
[31mTime of data encryption per client: 0.911406ms[0m
Encprtion completed.

[DEBUG] Times: 1, loaded dim: 100000
[31mTime of secure aggregation: 105.790853ms[0m

[33m[INFO] Aggregate successfully.

[0m[31mTotal time inside the Enclave: 157.740801ms[0m

Secure aggregation completed!
[Info] Destroy enclave: 0.000000ms.
init enclave...
[33m[INFO] Create Enclave: 111.856900ms[0m
Test aggregate time: 0.042487ms

[33m[Info] Sizeof data matrix: 76MB
[0m[DEBUG] loaded num: 100000, times: 1
[31mTime of clear final_x: 0.000000ms
[0m
[DEBUG] loaded num: 100000, times: 1
Clear final x successfully.
[31mTime of entering the enclave: 0.007228ms[0m
[DEBUG] Sizeof all required data in enclave: 1562 KB
[31mTime of key exchanges for 200 clients: 52.012945ms
[0m
[31mTime of key exchanges per client: 0.240351ms
[0m
Encrpyting user data...
[31mTime of data encryption per client: 0.917111ms[0m
Encprtion completed.

[DEBUG] Times: 1, loaded dim: 100000
[31mTime of secure aggregation: 106.070539ms[0m

[33m[INFO] Aggregate successfully.

[0m[31mTotal time inside the Enclave: 158.090712ms[0m

Secure aggregation completed!
[Info] Destroy enclave: 0.000000ms.
init enclave...
[33m[INFO] Create Enclave: 102.180452ms[0m
Test aggregate time: 0.042469ms

[33m[Info] Sizeof data matrix: 76MB
[0m[DEBUG] loaded num: 100000, times: 1
[31mTime of clear final_x: 0.000000ms
[0m
[DEBUG] loaded num: 100000, times: 1
Clear final x successfully.
[31mTime of entering the enclave: 0.007344ms[0m
[DEBUG] Sizeof all required data in enclave: 1562 KB
[31mTime of key exchanges for 200 clients: 51.718744ms
[0m
[31mTime of key exchanges per client: 0.238179ms
[0m
Encrpyting user data...
[31mTime of data encryption per client: 0.917854ms[0m
Encprtion completed.

[DEBUG] Times: 1, loaded dim: 100000
[31mTime of secure aggregation: 105.935449ms[0m

[33m[INFO] Aggregate successfully.

[0m[31mTotal time inside the Enclave: 157.661537ms[0m

Secure aggregation completed!
[Info] Destroy enclave: 0.000000ms.
init enclave...
[33m[INFO] Create Enclave: 102.053894ms[0m
Test aggregate time: 0.045923ms

[33m[Info] Sizeof data matrix: 76MB
[0m[DEBUG] loaded num: 100000, times: 1
[31mTime of clear final_x: 0.000000ms
[0m
[DEBUG] loaded num: 100000, times: 1
Clear final x successfully.
[31mTime of entering the enclave: 0.008518ms[0m
[DEBUG] Sizeof all required data in enclave: 1562 KB
[31mTime of key exchanges for 200 clients: 55.653922ms
[0m
[31mTime of key exchanges per client: 0.257284ms
[0m
Encrpyting user data...
[31mTime of data encryption per client: 0.913791ms[0m
Encprtion completed.

[DEBUG] Times: 1, loaded dim: 100000
[31mTime of secure aggregation: 105.584581ms[0m

[33m[INFO] Aggregate successfully.

[0m[31mTotal time inside the Enclave: 161.247021ms[0m

Secure aggregation completed!
[Info] Destroy enclave: 0.000000ms.
init enclave...
[33m[INFO] Create Enclave: 110.626909ms[0m
Test aggregate time: 0.042708ms

[33m[Info] Sizeof data matrix: 76MB
[0m[DEBUG] loaded num: 100000, times: 1
[31mTime of clear final_x: 0.000000ms
[0m
[DEBUG] loaded num: 100000, times: 1
Clear final x successfully.
[31mTime of entering the enclave: 0.007779ms[0m
[DEBUG] Sizeof all required data in enclave: 1562 KB
[31mTime of key exchanges for 200 clients: 51.860504ms
[0m
[31mTime of key exchanges per client: 0.239122ms
[0m
Encrpyting user data...
[31mTime of data encryption per client: 0.912716ms[0m
Encprtion completed.

[DEBUG] Times: 1, loaded dim: 100000
[31mTime of secure aggregation: 105.599254ms[0m

[33m[INFO] Aggregate successfully.

[0m[31mTotal time inside the Enclave: 157.467537ms[0m

Secure aggregation completed!
[Info] Destroy enclave: 0.000000ms.
init enclave...
[33m[INFO] Create Enclave: 102.183296ms[0m
Test aggregate time: 0.042372ms

[33m[Info] Sizeof data matrix: 76MB
[0m[DEBUG] loaded num: 100000, times: 1
[31mTime of clear final_x: 0.000000ms
[0m
[DEBUG] loaded num: 100000, times: 1
Clear final x successfully.
[31mTime of entering the enclave: 0.007386ms[0m
[DEBUG] Sizeof all required data in enclave: 1562 KB
[31mTime of key exchanges for 200 clients: 51.738793ms
[0m
[31mTime of key exchanges per client: 0.239476ms
[0m
Encrpyting user data...
[31mTime of data encryption per client: 0.911700ms[0m
Encprtion completed.

[DEBUG] Times: 1, loaded dim: 100000
[31mTime of secure aggregation: 105.835379ms[0m

[33m[INFO] Aggregate successfully.

[0m[31mTotal time inside the Enclave: 157.581558ms[0m

Secure aggregation completed!
[Info] Destroy enclave: 0.000000ms.
init enclave...
[33m[INFO] Create Enclave: 117.150917ms[0m
Test aggregate time: 0.042544ms

[33m[Info] Sizeof data matrix: 76MB
[0m[DEBUG] loaded num: 100000, times: 1
[31mTime of clear final_x: 0.000000ms
[0m
[DEBUG] loaded num: 100000, times: 1
Clear final x successfully.
[31mTime of entering the enclave: 0.007406ms[0m
[DEBUG] Sizeof all required data in enclave: 1562 KB
[31mTime of key exchanges for 200 clients: 51.845758ms
[0m
[31mTime of key exchanges per client: 0.241149ms
[0m
Encrpyting user data...
[31mTime of data encryption per client: 0.917692ms[0m
Encprtion completed.

[DEBUG] Times: 1, loaded dim: 100000
[31mTime of secure aggregation: 106.317550ms[0m

[33m[INFO] Aggregate successfully.

[0m[31mTotal time inside the Enclave: 158.170714ms[0m

Secure aggregation completed!
[Info] Destroy enclave: 0.000000ms.
init enclave...
[33m[INFO] Create Enclave: 102.247304ms[0m
Test aggregate time: 0.042394ms

[33m[Info] Sizeof data matrix: 76MB
[0m[DEBUG] loaded num: 100000, times: 1
[31mTime of clear final_x: 0.000000ms
[0m
[DEBUG] loaded num: 100000, times: 1
Clear final x successfully.
[31mTime of entering the enclave: 0.007710ms[0m
[DEBUG] Sizeof all required data in enclave: 1562 KB
[31mTime of key exchanges for 200 clients: 52.001083ms
[0m
[31mTime of key exchanges per client: 0.239793ms
[0m
Encrpyting user data...
[31mTime of data encryption per client: 0.916646ms[0m
Encprtion completed.

[DEBUG] Times: 1, loaded dim: 100000
[31mTime of secure aggregation: 105.550982ms[0m

[33m[INFO] Aggregate successfully.

[0m[31mTotal time inside the Enclave: 157.559775ms[0m

Secure aggregation completed!
[Info] Destroy enclave: 0.000000ms.
init enclave...
[33m[INFO] Create Enclave: 103.417370ms[0m
Test aggregate time: 0.042513ms

[33m[Info] Sizeof data matrix: 76MB
[0m[DEBUG] loaded num: 100000, times: 1
[31mTime of clear final_x: 0.000000ms
[0m
[DEBUG] loaded num: 100000, times: 1
Clear final x successfully.
[31mTime of entering the enclave: 0.007621ms[0m
[DEBUG] Sizeof all required data in enclave: 1562 KB
[31mTime of key exchanges for 200 clients: 51.858403ms
[0m
[31mTime of key exchanges per client: 0.240375ms
[0m
Encrpyting user data...
[31mTime of data encryption per client: 0.913024ms[0m
Encprtion completed.

[DEBUG] Times: 1, loaded dim: 100000
[31mTime of secure aggregation: 106.437426ms[0m

[33m[INFO] Aggregate successfully.

[0m[31mTotal time inside the Enclave: 158.303450ms[0m

Secure aggregation completed!
[Info] Destroy enclave: 0.000000ms.
init enclave...
[33m[INFO] Create Enclave: 103.221417ms[0m
Test aggregate time: 0.043039ms

[33m[Info] Sizeof data matrix: 76MB
[0m[DEBUG] loaded num: 100000, times: 1
[31mTime of clear final_x: 0.000000ms
[0m
[DEBUG] loaded num: 100000, times: 1
Clear final x successfully.
[31mTime of entering the enclave: 0.007451ms[0m
[DEBUG] Sizeof all required data in enclave: 1562 KB
[31mTime of key exchanges for 200 clients: 52.204050ms
[0m
[31mTime of key exchanges per client: 0.240466ms
[0m
Encrpyting user data...
[31mTime of data encryption per client: 0.916702ms[0m
Encprtion completed.

[DEBUG] Times: 1, loaded dim: 100000
[31mTime of secure aggregation: 105.660821ms[0m

[33m[INFO] Aggregate successfully.

[0m[31mTotal time inside the Enclave: 157.872322ms[0m

Secure aggregation completed!
[Info] Destroy enclave: 0.000000ms.
init enclave...
[33m[INFO] Create Enclave: 104.182522ms[0m
Test aggregate time: 0.042343ms

[33m[Info] Sizeof data matrix: 76MB
[0m[DEBUG] loaded num: 100000, times: 1
[31mTime of clear final_x: 0.000000ms
[0m
[DEBUG] loaded num: 100000, times: 1
Clear final x successfully.
[31mTime of entering the enclave: 0.007685ms[0m
[DEBUG] Sizeof all required data in enclave: 1562 KB
[31mTime of key exchanges for 200 clients: 51.893618ms
[0m
[31mTime of key exchanges per client: 0.239917ms
[0m
Encrpyting user data...
[31mTime of data encryption per client: 0.914534ms[0m
Encprtion completed.

[DEBUG] Times: 1, loaded dim: 100000
[31mTime of secure aggregation: 105.745013ms[0m

[33m[INFO] Aggregate successfully.

[0m[31mTotal time inside the Enclave: 157.646316ms[0m

Secure aggregation completed!
[Info] Destroy enclave: 0.000000ms.
init enclave...
[33m[INFO] Create Enclave: 105.851756ms[0m
Test aggregate time: 0.042769ms

[33m[Info] Sizeof data matrix: 76MB
[0m[DEBUG] loaded num: 100000, times: 1
[31mTime of clear final_x: 0.000000ms
[0m
[DEBUG] loaded num: 100000, times: 1
Clear final x successfully.
[31mTime of entering the enclave: 0.007609ms[0m
[DEBUG] Sizeof all required data in enclave: 1562 KB
[31mTime of key exchanges for 200 clients: 52.539622ms
[0m
[31mTime of key exchanges per client: 0.241786ms
[0m
Encrpyting user data...
[31mTime of data encryption per client: 0.918615ms[0m
Encprtion completed.

[DEBUG] Times: 1, loaded dim: 100000
[31mTime of secure aggregation: 105.940005ms[0m

[33m[INFO] Aggregate successfully.

[0m[31mTotal time inside the Enclave: 158.487236ms[0m

Secure aggregation completed!
[Info] Destroy enclave: 0.000000ms.
init enclave...
[33m[INFO] Create Enclave: 104.794830ms[0m
Test aggregate time: 0.042553ms

[33m[Info] Sizeof data matrix: 76MB
[0m[DEBUG] loaded num: 100000, times: 1
[31mTime of clear final_x: 0.000000ms
[0m
[DEBUG] loaded num: 100000, times: 1
Clear final x successfully.
[31mTime of entering the enclave: 0.007258ms[0m
[DEBUG] Sizeof all required data in enclave: 1562 KB
[31mTime of key exchanges for 200 clients: 51.831013ms
[0m
[31mTime of key exchanges per client: 0.239223ms
[0m
Encrpyting user data...
[31mTime of data encryption per client: 0.912520ms[0m
Encprtion completed.

[DEBUG] Times: 1, loaded dim: 100000
[31mTime of secure aggregation: 105.673044ms[0m

[33m[INFO] Aggregate successfully.

[0m[31mTotal time inside the Enclave: 157.511315ms[0m

Secure aggregation completed!
[Info] Destroy enclave: 0.000000ms.
init enclave...
[33m[INFO] Create Enclave: 102.097836ms[0m
Test aggregate time: 0.042530ms

[33m[Info] Sizeof data matrix: 76MB
[0m[DEBUG] loaded num: 100000, times: 1
[31mTime of clear final_x: 0.000000ms
[0m
[DEBUG] loaded num: 100000, times: 1
Clear final x successfully.
[31mTime of entering the enclave: 0.007449ms[0m
[DEBUG] Sizeof all required data in enclave: 1562 KB
[31mTime of key exchanges for 200 clients: 52.185875ms
[0m
[31mTime of key exchanges per client: 0.241194ms
[0m
Encrpyting user data...
[31mTime of data encryption per client: 0.915141ms[0m
Encprtion completed.

[DEBUG] Times: 1, loaded dim: 100000
[31mTime of secure aggregation: 105.866300ms[0m

[33m[INFO] Aggregate successfully.

[0m[31mTotal time inside the Enclave: 158.059624ms[0m

Secure aggregation completed!
[Info] Destroy enclave: 0.000000ms.
init enclave...
[33m[INFO] Create Enclave: 104.032948ms[0m
Test aggregate time: 0.045173ms

[33m[Info] Sizeof data matrix: 76MB
[0m[DEBUG] loaded num: 100000, times: 1
[31mTime of clear final_x: 0.000000ms
[0m
[DEBUG] loaded num: 100000, times: 1
Clear final x successfully.
[31mTime of entering the enclave: 0.009423ms[0m
[DEBUG] Sizeof all required data in enclave: 1562 KB
[31mTime of key exchanges for 200 clients: 53.880751ms
[0m
[31mTime of key exchanges per client: 0.248117ms
[0m
Encrpyting user data...
[31mTime of data encryption per client: 0.917116ms[0m
Encprtion completed.

[DEBUG] Times: 1, loaded dim: 100000
[31mTime of secure aggregation: 105.936735ms[0m

[33m[INFO] Aggregate successfully.

[0m[31mTotal time inside the Enclave: 159.826909ms[0m

Secure aggregation completed!
[Info] Destroy enclave: 0.000000ms.
init enclave...
[33m[INFO] Create Enclave: 103.666713ms[0m
Test aggregate time: 0.043006ms

[33m[Info] Sizeof data matrix: 76MB
[0m[DEBUG] loaded num: 100000, times: 1
[31mTime of clear final_x: 0.000000ms
[0m
[DEBUG] loaded num: 100000, times: 1
Clear final x successfully.
[31mTime of entering the enclave: 0.007660ms[0m
[DEBUG] Sizeof all required data in enclave: 1562 KB
[31mTime of key exchanges for 200 clients: 51.906411ms
[0m
[31mTime of key exchanges per client: 0.240099ms
[0m
Encrpyting user data...
[31mTime of data encryption per client: 0.918102ms[0m
Encprtion completed.

[DEBUG] Times: 1, loaded dim: 100000
[31mTime of secure aggregation: 105.955968ms[0m

[33m[INFO] Aggregate successfully.

[0m[31mTotal time inside the Enclave: 157.870039ms[0m

Secure aggregation completed!
[Info] Destroy enclave: 0.000000ms.
init enclave...
[33m[INFO] Create Enclave: 102.420350ms[0m
Test aggregate time: 0.042504ms

[33m[Info] Sizeof data matrix: 76MB
[0m[DEBUG] loaded num: 100000, times: 1
[31mTime of clear final_x: 0.000000ms
[0m
[DEBUG] loaded num: 100000, times: 1
Clear final x successfully.
[31mTime of entering the enclave: 0.007395ms[0m
[DEBUG] Sizeof all required data in enclave: 1562 KB
[31mTime of key exchanges for 200 clients: 52.012213ms
[0m
[31mTime of key exchanges per client: 0.240107ms
[0m
Encrpyting user data...
[31mTime of data encryption per client: 0.915827ms[0m
Encprtion completed.

[DEBUG] Times: 1, loaded dim: 100000
[31mTime of secure aggregation: 106.014280ms[0m

[33m[INFO] Aggregate successfully.

[0m[31mTotal time inside the Enclave: 158.033888ms[0m

Secure aggregation completed!
[Info] Destroy enclave: 0.000000ms.
init enclave...
[33m[INFO] Create Enclave: 101.660814ms[0m
Test aggregate time: 0.042422ms

[33m[Info] Sizeof data matrix: 76MB
[0m[DEBUG] loaded num: 100000, times: 1
[31mTime of clear final_x: 0.000000ms
[0m
[DEBUG] loaded num: 100000, times: 1
Clear final x successfully.
[31mTime of entering the enclave: 0.007571ms[0m
[DEBUG] Sizeof all required data in enclave: 1562 KB
[31mTime of key exchanges for 200 clients: 51.741436ms
[0m
[31mTime of key exchanges per client: 0.238366ms
[0m
Encrpyting user data...
[31mTime of data encryption per client: 0.914583ms[0m
Encprtion completed.

[DEBUG] Times: 1, loaded dim: 100000
[31mTime of secure aggregation: 105.884307ms[0m

[33m[INFO] Aggregate successfully.

[0m[31mTotal time inside the Enclave: 157.633314ms[0m

Secure aggregation completed!
[Info] Destroy enclave: 0.000000ms.
init enclave...
[33m[INFO] Create Enclave: 104.767842ms[0m
Test aggregate time: 0.042494ms

[33m[Info] Sizeof data matrix: 76MB
[0m[DEBUG] loaded num: 100000, times: 1
[31mTime of clear final_x: 0.000000ms
[0m
[DEBUG] loaded num: 100000, times: 1
Clear final x successfully.
[31mTime of entering the enclave: 0.007277ms[0m
[DEBUG] Sizeof all required data in enclave: 1562 KB
[31mTime of key exchanges for 200 clients: 52.214329ms
[0m
[31mTime of key exchanges per client: 0.240127ms
[0m
Encrpyting user data...
[31mTime of data encryption per client: 0.917982ms[0m
Encprtion completed.

[DEBUG] Times: 1, loaded dim: 100000
[31mTime of secure aggregation: 105.495089ms[0m

[33m[INFO] Aggregate successfully.

[0m[31mTotal time inside the Enclave: 157.716695ms[0m

Secure aggregation completed!
[Info] Destroy enclave: 0.000000ms.
init enclave...
[33m[INFO] Create Enclave: 102.494121ms[0m
Test aggregate time: 0.042670ms

[33m[Info] Sizeof data matrix: 76MB
[0m[DEBUG] loaded num: 100000, times: 1
[31mTime of clear final_x: 0.000000ms
[0m
[DEBUG] loaded num: 100000, times: 1
Clear final x successfully.
[31mTime of entering the enclave: 0.007516ms[0m
[DEBUG] Sizeof all required data in enclave: 1562 KB
[31mTime of key exchanges for 200 clients: 52.163506ms
[0m
[31mTime of key exchanges per client: 0.240848ms
[0m
Encrpyting user data...
[31mTime of data encryption per client: 0.913944ms[0m
Encprtion completed.

[DEBUG] Times: 1, loaded dim: 100000
[31mTime of secure aggregation: 106.606565ms[0m

[33m[INFO] Aggregate successfully.

[0m[31mTotal time inside the Enclave: 158.777587ms[0m

Secure aggregation completed!
[Info] Destroy enclave: 0.000000ms.
init enclave...
[33m[INFO] Create Enclave: 102.637826ms[0m
Test aggregate time: 0.042568ms

[33m[Info] Sizeof data matrix: 76MB
[0m[DEBUG] loaded num: 100000, times: 1
[31mTime of clear final_x: 0.000000ms
[0m
[DEBUG] loaded num: 100000, times: 1
Clear final x successfully.
[31mTime of entering the enclave: 0.007352ms[0m
[DEBUG] Sizeof all required data in enclave: 1562 KB
[31mTime of key exchanges for 200 clients: 51.986553ms
[0m
[31mTime of key exchanges per client: 0.240580ms
[0m
Encrpyting user data...
[31mTime of data encryption per client: 0.917799ms[0m
Encprtion completed.

[DEBUG] Times: 1, loaded dim: 100000
[31mTime of secure aggregation: 105.727105ms[0m

[33m[INFO] Aggregate successfully.

[0m[31mTotal time inside the Enclave: 157.721010ms[0m

Secure aggregation completed!
[Info] Destroy enclave: 0.000000ms.
init enclave...
[33m[INFO] Create Enclave: 102.346984ms[0m
Test aggregate time: 0.042397ms

[33m[Info] Sizeof data matrix: 76MB
[0m[DEBUG] loaded num: 100000, times: 1
[31mTime of clear final_x: 0.000000ms
[0m
[DEBUG] loaded num: 100000, times: 1
Clear final x successfully.
[31mTime of entering the enclave: 0.007576ms[0m
[DEBUG] Sizeof all required data in enclave: 1562 KB
[31mTime of key exchanges for 200 clients: 51.876056ms
[0m
[31mTime of key exchanges per client: 0.240069ms
[0m
Encrpyting user data...
[31mTime of data encryption per client: 0.912544ms[0m
Encprtion completed.

[DEBUG] Times: 1, loaded dim: 100000
[31mTime of secure aggregation: 106.407960ms[0m

[33m[INFO] Aggregate successfully.

[0m[31mTotal time inside the Enclave: 158.291592ms[0m

Secure aggregation completed!
[Info] Destroy enclave: 0.000000ms.
init enclave...
[33m[INFO] Create Enclave: 106.242770ms[0m
Test aggregate time: 0.042510ms

[33m[Info] Sizeof data matrix: 76MB
[0m[DEBUG] loaded num: 100000, times: 1
[31mTime of clear final_x: 0.000000ms
[0m
[DEBUG] loaded num: 100000, times: 1
Clear final x successfully.
[31mTime of entering the enclave: 0.007465ms[0m
[DEBUG] Sizeof all required data in enclave: 1562 KB
[31mTime of key exchanges for 200 clients: 51.808707ms
[0m
[31mTime of key exchanges per client: 0.240672ms
[0m
Encrpyting user data...
[31mTime of data encryption per client: 0.915580ms[0m
Encprtion completed.

[DEBUG] Times: 1, loaded dim: 100000
[31mTime of secure aggregation: 105.939407ms[0m

[33m[INFO] Aggregate successfully.

[0m[31mTotal time inside the Enclave: 157.755579ms[0m

Secure aggregation completed!
[Info] Destroy enclave: 0.000000ms.
init enclave...
[33m[INFO] Create Enclave: 101.311939ms[0m
Test aggregate time: 0.042622ms

[33m[Info] Sizeof data matrix: 76MB
[0m[DEBUG] loaded num: 100000, times: 1
[31mTime of clear final_x: 0.000000ms
[0m
[DEBUG] loaded num: 100000, times: 1
Clear final x successfully.
[31mTime of entering the enclave: 0.007308ms[0m
[DEBUG] Sizeof all required data in enclave: 1562 KB
[31mTime of key exchanges for 200 clients: 52.092635ms
[0m
[31mTime of key exchanges per client: 0.240417ms
[0m
Encrpyting user data...
[31mTime of data encryption per client: 0.911343ms[0m
Encprtion completed.

[DEBUG] Times: 1, loaded dim: 100000
[31mTime of secure aggregation: 105.724024ms[0m

[33m[INFO] Aggregate successfully.

[0m[31mTotal time inside the Enclave: 157.823967ms[0m

Secure aggregation completed!
[Info] Destroy enclave: 0.000000ms.
init enclave...
[33m[INFO] Create Enclave: 105.835187ms[0m
Test aggregate time: 0.042721ms

[33m[Info] Sizeof data matrix: 76MB
[0m[DEBUG] loaded num: 100000, times: 1
[31mTime of clear final_x: 0.000000ms
[0m
[DEBUG] loaded num: 100000, times: 1
Clear final x successfully.
[31mTime of entering the enclave: 0.008109ms[0m
[DEBUG] Sizeof all required data in enclave: 1562 KB
[31mTime of key exchanges for 200 clients: 52.062365ms
[0m
[31mTime of key exchanges per client: 0.240683ms
[0m
Encrpyting user data...
[31mTime of data encryption per client: 0.914194ms[0m
Encprtion completed.

[DEBUG] Times: 1, loaded dim: 100000
[31mTime of secure aggregation: 105.906325ms[0m

[33m[INFO] Aggregate successfully.

[0m[31mTotal time inside the Enclave: 157.976799ms[0m

Secure aggregation completed!
[Info] Destroy enclave: 0.000000ms.
init enclave...
[33m[INFO] Create Enclave: 101.125500ms[0m
Test aggregate time: 0.042655ms

[33m[Info] Sizeof data matrix: 76MB
[0m[DEBUG] loaded num: 100000, times: 1
[31mTime of clear final_x: 0.000000ms
[0m
[DEBUG] loaded num: 100000, times: 1
Clear final x successfully.
[31mTime of entering the enclave: 0.008087ms[0m
[DEBUG] Sizeof all required data in enclave: 1562 KB
[31mTime of key exchanges for 200 clients: 56.004601ms
[0m
[31mTime of key exchanges per client: 0.259981ms
[0m
Encrpyting user data...
[31mTime of data encryption per client: 0.913390ms[0m
Encprtion completed.

[DEBUG] Times: 1, loaded dim: 100000
[31mTime of secure aggregation: 106.230640ms[0m

[33m[INFO] Aggregate successfully.

[0m[31mTotal time inside the Enclave: 162.243328ms[0m

Secure aggregation completed!
[Info] Destroy enclave: 0.000000ms.
init enclave...
[33m[INFO] Create Enclave: 102.927794ms[0m
Test aggregate time: 0.042452ms

[33m[Info] Sizeof data matrix: 76MB
[0m[DEBUG] loaded num: 100000, times: 1
[31mTime of clear final_x: 0.000000ms
[0m
[DEBUG] loaded num: 100000, times: 1
Clear final x successfully.
[31mTime of entering the enclave: 0.007412ms[0m
[DEBUG] Sizeof all required data in enclave: 1562 KB
[31mTime of key exchanges for 200 clients: 51.865027ms
[0m
[31mTime of key exchanges per client: 0.239852ms
[0m
Encrpyting user data...
[31mTime of data encryption per client: 0.915141ms[0m
Encprtion completed.

[DEBUG] Times: 1, loaded dim: 100000
[31mTime of secure aggregation: 105.762262ms[0m

[33m[INFO] Aggregate successfully.

[0m[31mTotal time inside the Enclave: 157.634701ms[0m

Secure aggregation completed!
[Info] Destroy enclave: 0.000000ms.
init enclave...
[33m[INFO] Create Enclave: 102.176192ms[0m
Test aggregate time: 0.042588ms

[33m[Info] Sizeof data matrix: 76MB
[0m[DEBUG] loaded num: 100000, times: 1
[31mTime of clear final_x: 0.000000ms
[0m
[DEBUG] loaded num: 100000, times: 1
Clear final x successfully.
[31mTime of entering the enclave: 0.007473ms[0m
[DEBUG] Sizeof all required data in enclave: 1562 KB
[31mTime of key exchanges for 200 clients: 51.774542ms
[0m
[31mTime of key exchanges per client: 0.239675ms
[0m
Encrpyting user data...
[31mTime of data encryption per client: 0.914246ms[0m
Encprtion completed.

[DEBUG] Times: 1, loaded dim: 100000
[31mTime of secure aggregation: 105.824706ms[0m

[33m[INFO] Aggregate successfully.

[0m[31mTotal time inside the Enclave: 157.606721ms[0m

Secure aggregation completed!
[Info] Destroy enclave: 0.000000ms.
