init enclave...
[33m[INFO] Create Enclave: 103.006525ms[0m
Test aggregate time: 0.214594ms

[33m[Info] Sizeof data matrix: 381MB
[0m[DEBUG] loaded num: 500000, times: 1
[31mTime of clear final_x: 0.000000ms
[0m
[DEBUG] loaded num: 500000, times: 1
Clear final x successfully.
[31mTime of entering the enclave: 0.009184ms[0m
[DEBUG] Sizeof all required data in enclave: 7812 KB
[31mTime of key exchanges for 200 clients: 52.314793ms
[0m
[31mTime of key exchanges per client: 0.240574ms
[0m
Encrpyting user data...
[31mTime of data encryption per client: 4.582974ms[0m
Encprtion completed.

[DEBUG] Times: 1, loaded dim: 500000
[31mTime of secure aggregation: 541.686544ms[0m

[33m[INFO] Aggregate successfully.

[0m[31mTotal time inside the Enclave: 594.010521ms[0m

Secure aggregation completed!
[Info] Destroy enclave: 0.000000ms.
init enclave...
[33m[INFO] Create Enclave: 103.281304ms[0m
Test aggregate time: 0.213561ms

[33m[Info] Sizeof data matrix: 381MB
[0m[DEBUG] loaded num: 500000, times: 1
[31mTime of clear final_x: 0.000000ms
[0m
[DEBUG] loaded num: 500000, times: 1
Clear final x successfully.
[31mTime of entering the enclave: 0.008561ms[0m
[DEBUG] Sizeof all required data in enclave: 7812 KB
[31mTime of key exchanges for 200 clients: 51.830795ms
[0m
[31mTime of key exchanges per client: 0.240673ms
[0m
Encrpyting user data...
[31mTime of data encryption per client: 4.570726ms[0m
Encprtion completed.

[DEBUG] Times: 1, loaded dim: 500000
[31mTime of secure aggregation: 549.849425ms[0m

[33m[INFO] Aggregate successfully.

[0m[31mTotal time inside the Enclave: 601.688781ms[0m

Secure aggregation completed!
[Info] Destroy enclave: 0.000000ms.
init enclave...
[33m[INFO] Create Enclave: 101.090985ms[0m
Test aggregate time: 0.213328ms

[33m[Info] Sizeof data matrix: 381MB
[0m[DEBUG] loaded num: 500000, times: 1
[31mTime of clear final_x: 0.000000ms
[0m
[DEBUG] loaded num: 500000, times: 1
Clear final x successfully.
[31mTime of entering the enclave: 0.009412ms[0m
[DEBUG] Sizeof all required data in enclave: 7812 KB
[31mTime of key exchanges for 200 clients: 51.906096ms
[0m
[31mTime of key exchanges per client: 0.240424ms
[0m
Encrpyting user data...
[31mTime of data encryption per client: 4.577040ms[0m
Encprtion completed.

[DEBUG] Times: 1, loaded dim: 500000
[31mTime of secure aggregation: 536.190404ms[0m

[33m[INFO] Aggregate successfully.

[0m[31mTotal time inside the Enclave: 588.105912ms[0m

Secure aggregation completed!
[Info] Destroy enclave: 0.000000ms.
init enclave...
[33m[INFO] Create Enclave: 102.152178ms[0m
Test aggregate time: 0.214326ms

[33m[Info] Sizeof data matrix: 381MB
[0m[DEBUG] loaded num: 500000, times: 1
[31mTime of clear final_x: 0.000000ms
[0m
[DEBUG] loaded num: 500000, times: 1
Clear final x successfully.
[31mTime of entering the enclave: 0.008334ms[0m
[DEBUG] Sizeof all required data in enclave: 7812 KB
[31mTime of key exchanges for 200 clients: 52.076055ms
[0m
[31mTime of key exchanges per client: 0.240072ms
[0m
Encrpyting user data...
[31mTime of data encryption per client: 4.569120ms[0m
Encprtion completed.

[DEBUG] Times: 1, loaded dim: 500000
[31mTime of secure aggregation: 538.300980ms[0m

[33m[INFO] Aggregate successfully.

[0m[31mTotal time inside the Enclave: 590.385369ms[0m

Secure aggregation completed!
[Info] Destroy enclave: 0.000000ms.
init enclave...
[33m[INFO] Create Enclave: 102.146816ms[0m
Test aggregate time: 0.214541ms

[33m[Info] Sizeof data matrix: 381MB
[0m[DEBUG] loaded num: 500000, times: 1
[31mTime of clear final_x: 0.000000ms
[0m
[DEBUG] loaded num: 500000, times: 1
Clear final x successfully.
[31mTime of entering the enclave: 0.009397ms[0m
[DEBUG] Sizeof all required data in enclave: 7812 KB
[31mTime of key exchanges for 200 clients: 51.870848ms
[0m
[31mTime of key exchanges per client: 0.239339ms
[0m
Encrpyting user data...
[31mTime of data encryption per client: 4.612022ms[0m
Encprtion completed.

[DEBUG] Times: 1, loaded dim: 500000
[31mTime of secure aggregation: 536.230888ms[0m

[33m[INFO] Aggregate successfully.

[0m[31mTotal time inside the Enclave: 588.111133ms[0m

Secure aggregation completed!
[Info] Destroy enclave: 0.000000ms.
init enclave...
[33m[INFO] Create Enclave: 102.430542ms[0m
Test aggregate time: 0.213067ms

[33m[Info] Sizeof data matrix: 381MB
[0m[DEBUG] loaded num: 500000, times: 1
[31mTime of clear final_x: 0.000000ms
[0m
[DEBUG] loaded num: 500000, times: 1
Clear final x successfully.
[31mTime of entering the enclave: 0.009120ms[0m
[DEBUG] Sizeof all required data in enclave: 7812 KB
[31mTime of key exchanges for 200 clients: 52.028785ms
[0m
[31mTime of key exchanges per client: 0.240209ms
[0m
Encrpyting user data...
[31mTime of data encryption per client: 4.595720ms[0m
Encprtion completed.

[DEBUG] Times: 1, loaded dim: 500000
[31mTime of secure aggregation: 541.697766ms[0m

[33m[INFO] Aggregate successfully.

[0m[31mTotal time inside the Enclave: 593.735671ms[0m

Secure aggregation completed!
[Info] Destroy enclave: 0.000000ms.
init enclave...
[33m[INFO] Create Enclave: 104.276963ms[0m
Test aggregate time: 0.213342ms

[33m[Info] Sizeof data matrix: 381MB
[0m[DEBUG] loaded num: 500000, times: 1
[31mTime of clear final_x: 0.000000ms
[0m
[DEBUG] loaded num: 500000, times: 1
Clear final x successfully.
[31mTime of entering the enclave: 0.008896ms[0m
[DEBUG] Sizeof all required data in enclave: 7812 KB
[31mTime of key exchanges for 200 clients: 51.804468ms
[0m
[31mTime of key exchanges per client: 0.240078ms
[0m
Encrpyting user data...
[31mTime of data encryption per client: 4.572262ms[0m
Encprtion completed.

[DEBUG] Times: 1, loaded dim: 500000
[31mTime of secure aggregation: 539.727926ms[0m

[33m[INFO] Aggregate successfully.

[0m[31mTotal time inside the Enclave: 591.541290ms[0m

Secure aggregation completed!
[Info] Destroy enclave: 0.000000ms.
init enclave...
[33m[INFO] Create Enclave: 103.234619ms[0m
Test aggregate time: 0.213409ms

[33m[Info] Sizeof data matrix: 381MB
[0m[DEBUG] loaded num: 500000, times: 1
[31mTime of clear final_x: 0.000000ms
[0m
[DEBUG] loaded num: 500000, times: 1
Clear final x successfully.
[31mTime of entering the enclave: 0.008334ms[0m
[DEBUG] Sizeof all required data in enclave: 7812 KB
[31mTime of key exchanges for 200 clients: 52.460495ms
[0m
[31mTime of key exchanges per client: 0.243719ms
[0m
Encrpyting user data...
[31mTime of data encryption per client: 4.610006ms[0m
Encprtion completed.

[DEBUG] Times: 1, loaded dim: 500000
[31mTime of secure aggregation: 535.032894ms[0m

[33m[INFO] Aggregate successfully.

[0m[31mTotal time inside the Enclave: 587.501723ms[0m

Secure aggregation completed!
[Info] Destroy enclave: 0.000000ms.
init enclave...
[33m[INFO] Create Enclave: 100.455414ms[0m
Test aggregate time: 0.213696ms

[33m[Info] Sizeof data matrix: 381MB
[0m[DEBUG] loaded num: 500000, times: 1
[31mTime of clear final_x: 0.000000ms
[0m
[DEBUG] loaded num: 500000, times: 1
Clear final x successfully.
[31mTime of entering the enclave: 0.008863ms[0m
[DEBUG] Sizeof all required data in enclave: 7812 KB
[31mTime of key exchanges for 200 clients: 52.405588ms
[0m
[31mTime of key exchanges per client: 0.240683ms
[0m
Encrpyting user data...
[31mTime of data encryption per client: 4.574665ms[0m
Encprtion completed.

[DEBUG] Times: 1, loaded dim: 500000
[31mTime of secure aggregation: 546.613386ms[0m

[33m[INFO] Aggregate successfully.

[0m[31mTotal time inside the Enclave: 599.027837ms[0m

Secure aggregation completed!
[Info] Destroy enclave: 0.000000ms.
init enclave...
[33m[INFO] Create Enclave: 102.045685ms[0m
Test aggregate time: 0.215002ms

[33m[Info] Sizeof data matrix: 381MB
[0m[DEBUG] loaded num: 500000, times: 1
[31mTime of clear final_x: 0.000000ms
[0m
[DEBUG] loaded num: 500000, times: 1
Clear final x successfully.
[31mTime of entering the enclave: 0.008206ms[0m
[DEBUG] Sizeof all required data in enclave: 7812 KB
[31mTime of key exchanges for 200 clients: 52.060321ms
[0m
[31mTime of key exchanges per client: 0.240346ms
[0m
Encrpyting user data...
[31mTime of data encryption per client: 4.580571ms[0m
Encprtion completed.

[DEBUG] Times: 1, loaded dim: 500000
[31mTime of secure aggregation: 533.683935ms[0m

[33m[INFO] Aggregate successfully.

[0m[31mTotal time inside the Enclave: 585.752462ms[0m

Secure aggregation completed!
[Info] Destroy enclave: 0.000000ms.
init enclave...
[33m[INFO] Create Enclave: 102.729038ms[0m
Test aggregate time: 0.212991ms

[33m[Info] Sizeof data matrix: 381MB
[0m[DEBUG] loaded num: 500000, times: 1
[31mTime of clear final_x: 0.000000ms
[0m
[DEBUG] loaded num: 500000, times: 1
Clear final x successfully.
[31mTime of entering the enclave: 0.008172ms[0m
[DEBUG] Sizeof all required data in enclave: 7812 KB
[31mTime of key exchanges for 200 clients: 52.016174ms
[0m
[31mTime of key exchanges per client: 0.241004ms
[0m
Encrpyting user data...
[31mTime of data encryption per client: 4.616457ms[0m
Encprtion completed.

[DEBUG] Times: 1, loaded dim: 500000
[31mTime of secure aggregation: 543.959169ms[0m

[33m[INFO] Aggregate successfully.

[0m[31mTotal time inside the Enclave: 595.983515ms[0m

Secure aggregation completed!
[Info] Destroy enclave: 0.000000ms.
init enclave...
[33m[INFO] Create Enclave: 101.580858ms[0m
Test aggregate time: 0.213183ms

[33m[Info] Sizeof data matrix: 381MB
[0m[DEBUG] loaded num: 500000, times: 1
[31mTime of clear final_x: 0.000000ms
[0m
[DEBUG] loaded num: 500000, times: 1
Clear final x successfully.
[31mTime of entering the enclave: 0.008924ms[0m
[DEBUG] Sizeof all required data in enclave: 7812 KB
[31mTime of key exchanges for 200 clients: 52.322411ms
[0m
[31mTime of key exchanges per client: 0.241499ms
[0m
Encrpyting user data...
[31mTime of data encryption per client: 4.561936ms[0m
Encprtion completed.

[DEBUG] Times: 1, loaded dim: 500000
[31mTime of secure aggregation: 538.625672ms[0m

[33m[INFO] Aggregate successfully.

[0m[31mTotal time inside the Enclave: 590.957007ms[0m

Secure aggregation completed!
[Info] Destroy enclave: 0.000000ms.
init enclave...
[33m[INFO] Create Enclave: 101.558277ms[0m
Test aggregate time: 0.213283ms

[33m[Info] Sizeof data matrix: 381MB
[0m[DEBUG] loaded num: 500000, times: 1
[31mTime of clear final_x: 0.000000ms
[0m
[DEBUG] loaded num: 500000, times: 1
Clear final x successfully.
[31mTime of entering the enclave: 0.009382ms[0m
[DEBUG] Sizeof all required data in enclave: 7812 KB
[31mTime of key exchanges for 200 clients: 52.433319ms
[0m
[31mTime of key exchanges per client: 0.241341ms
[0m
Encrpyting user data...
[31mTime of data encryption per client: 4.584834ms[0m
Encprtion completed.

[DEBUG] Times: 1, loaded dim: 500000
[31mTime of secure aggregation: 535.213669ms[0m

[33m[INFO] Aggregate successfully.

[0m[31mTotal time inside the Enclave: 587.656370ms[0m

Secure aggregation completed!
[Info] Destroy enclave: 0.000000ms.
init enclave...
[33m[INFO] Create Enclave: 104.551330ms[0m
Test aggregate time: 0.219802ms

[33m[Info] Sizeof data matrix: 381MB
[0m[DEBUG] loaded num: 500000, times: 1
[31mTime of clear final_x: 0.000000ms
[0m
[DEBUG] loaded num: 500000, times: 1
Clear final x successfully.
[31mTime of entering the enclave: 0.009450ms[0m
[DEBUG] Sizeof all required data in enclave: 7812 KB
[31mTime of key exchanges for 200 clients: 52.088127ms
[0m
[31mTime of key exchanges per client: 0.241836ms
[0m
Encrpyting user data...
[31mTime of data encryption per client: 4.567605ms[0m
Encprtion completed.

[DEBUG] Times: 1, loaded dim: 500000
[31mTime of secure aggregation: 545.233748ms[0m

[33m[INFO] Aggregate successfully.

[0m[31mTotal time inside the Enclave: 597.331325ms[0m

Secure aggregation completed!
[Info] Destroy enclave: 0.000000ms.
init enclave...
[33m[INFO] Create Enclave: 102.184077ms[0m
Test aggregate time: 0.214235ms

[33m[Info] Sizeof data matrix: 381MB
[0m[DEBUG] loaded num: 500000, times: 1
[31mTime of clear final_x: 0.000000ms
[0m
[DEBUG] loaded num: 500000, times: 1
Clear final x successfully.
[31mTime of entering the enclave: 0.008825ms[0m
[DEBUG] Sizeof all required data in enclave: 7812 KB
[31mTime of key exchanges for 200 clients: 51.974414ms
[0m
[31mTime of key exchanges per client: 0.240169ms
[0m
Encrpyting user data...
[31mTime of data encryption per client: 4.556369ms[0m
Encprtion completed.

[DEBUG] Times: 1, loaded dim: 500000
[31mTime of secure aggregation: 533.255356ms[0m

[33m[INFO] Aggregate successfully.

[0m[31mTotal time inside the Enclave: 585.238595ms[0m

Secure aggregation completed!
[Info] Destroy enclave: 0.000000ms.
init enclave...
[33m[INFO] Create Enclave: 101.970741ms[0m
Test aggregate time: 0.212943ms

[33m[Info] Sizeof data matrix: 381MB
[0m[DEBUG] loaded num: 500000, times: 1
[31mTime of clear final_x: 0.000000ms
[0m
[DEBUG] loaded num: 500000, times: 1
Clear final x successfully.
[31mTime of entering the enclave: 0.008722ms[0m
[DEBUG] Sizeof all required data in enclave: 7812 KB
[31mTime of key exchanges for 200 clients: 52.117342ms
[0m
[31mTime of key exchanges per client: 0.240275ms
[0m
Encrpyting user data...
[31mTime of data encryption per client: 4.571023ms[0m
Encprtion completed.

[DEBUG] Times: 1, loaded dim: 500000
[31mTime of secure aggregation: 542.962504ms[0m

[33m[INFO] Aggregate successfully.

[0m[31mTotal time inside the Enclave: 595.088568ms[0m

Secure aggregation completed!
[Info] Destroy enclave: 0.000000ms.
init enclave...
[33m[INFO] Create Enclave: 102.736353ms[0m
Test aggregate time: 0.213705ms

[33m[Info] Sizeof data matrix: 381MB
[0m[DEBUG] loaded num: 500000, times: 1
[31mTime of clear final_x: 0.000000ms
[0m
[DEBUG] loaded num: 500000, times: 1
Clear final x successfully.
[31mTime of entering the enclave: 0.008415ms[0m
[DEBUG] Sizeof all required data in enclave: 7812 KB
[31mTime of key exchanges for 200 clients: 51.963151ms
[0m
[31mTime of key exchanges per client: 0.240226ms
[0m
Encrpyting user data...
[31mTime of data encryption per client: 4.573865ms[0m
Encprtion completed.

[DEBUG] Times: 1, loaded dim: 500000
[31mTime of secure aggregation: 536.043542ms[0m

[33m[INFO] Aggregate successfully.

[0m[31mTotal time inside the Enclave: 588.015108ms[0m

Secure aggregation completed!
[Info] Destroy enclave: 0.000000ms.
init enclave...
[33m[INFO] Create Enclave: 102.124754ms[0m
Test aggregate time: 0.213825ms

[33m[Info] Sizeof data matrix: 381MB
[0m[DEBUG] loaded num: 500000, times: 1
[31mTime of clear final_x: 0.000000ms
[0m
[DEBUG] loaded num: 500000, times: 1
Clear final x successfully.
[31mTime of entering the enclave: 0.007846ms[0m
[DEBUG] Sizeof all required data in enclave: 7812 KB
[31mTime of key exchanges for 200 clients: 52.067520ms
[0m
[31mTime of key exchanges per client: 0.239527ms
[0m
Encrpyting user data...
[31mTime of data encryption per client: 4.581266ms[0m
Encprtion completed.

[DEBUG] Times: 1, loaded dim: 500000
[31mTime of secure aggregation: 537.825387ms[0m

[33m[INFO] Aggregate successfully.

[0m[31mTotal time inside the Enclave: 589.900753ms[0m

Secure aggregation completed!
[Info] Destroy enclave: 0.000000ms.
init enclave...
[33m[INFO] Create Enclave: 102.991699ms[0m
Test aggregate time: 0.212485ms

[33m[Info] Sizeof data matrix: 381MB
[0m[DEBUG] loaded num: 500000, times: 1
[31mTime of clear final_x: 0.000000ms
[0m
[DEBUG] loaded num: 500000, times: 1
Clear final x successfully.
[31mTime of entering the enclave: 0.009004ms[0m
[DEBUG] Sizeof all required data in enclave: 7812 KB
[31mTime of key exchanges for 200 clients: 52.335652ms
[0m
[31mTime of key exchanges per client: 0.241349ms
[0m
Encrpyting user data...
[31mTime of data encryption per client: 4.555947ms[0m
Encprtion completed.

[DEBUG] Times: 1, loaded dim: 500000
[31mTime of secure aggregation: 535.197752ms[0m

[33m[INFO] Aggregate successfully.

[0m[31mTotal time inside the Enclave: 587.542408ms[0m

Secure aggregation completed!
[Info] Destroy enclave: 0.000000ms.
init enclave...
[33m[INFO] Create Enclave: 102.947318ms[0m
Test aggregate time: 0.214198ms

[33m[Info] Sizeof data matrix: 381MB
[0m[DEBUG] loaded num: 500000, times: 1
[31mTime of clear final_x: 0.000000ms
[0m
[DEBUG] loaded num: 500000, times: 1
Clear final x successfully.
[31mTime of entering the enclave: 0.008829ms[0m
[DEBUG] Sizeof all required data in enclave: 7812 KB
[31mTime of key exchanges for 200 clients: 52.265926ms
[0m
[31mTime of key exchanges per client: 0.240096ms
[0m
Encrpyting user data...
[31mTime of data encryption per client: 4.569304ms[0m
Encprtion completed.

[DEBUG] Times: 1, loaded dim: 500000
[31mTime of secure aggregation: 536.192007ms[0m

[33m[INFO] Aggregate successfully.

[0m[31mTotal time inside the Enclave: 588.466762ms[0m

Secure aggregation completed!
[Info] Destroy enclave: 0.000000ms.
init enclave...
[33m[INFO] Create Enclave: 103.274905ms[0m
Test aggregate time: 0.213629ms

[33m[Info] Sizeof data matrix: 381MB
[0m[DEBUG] loaded num: 500000, times: 1
[31mTime of clear final_x: 0.000000ms
[0m
[DEBUG] loaded num: 500000, times: 1
Clear final x successfully.
[31mTime of entering the enclave: 0.009312ms[0m
[DEBUG] Sizeof all required data in enclave: 7812 KB
[31mTime of key exchanges for 200 clients: 52.482654ms
[0m
[31mTime of key exchanges per client: 0.242381ms
[0m
Encrpyting user data...
[31mTime of data encryption per client: 4.585388ms[0m
Encprtion completed.

[DEBUG] Times: 1, loaded dim: 500000
[31mTime of secure aggregation: 540.038382ms[0m

[33m[INFO] Aggregate successfully.

[0m[31mTotal time inside the Enclave: 592.530348ms[0m

Secure aggregation completed!
[Info] Destroy enclave: 0.000000ms.
init enclave...
[33m[INFO] Create Enclave: 102.767895ms[0m
Test aggregate time: 0.213221ms

[33m[Info] Sizeof data matrix: 381MB
[0m[DEBUG] loaded num: 500000, times: 1
[31mTime of clear final_x: 0.000000ms
[0m
[DEBUG] loaded num: 500000, times: 1
Clear final x successfully.
[31mTime of entering the enclave: 0.008801ms[0m
[DEBUG] Sizeof all required data in enclave: 7812 KB
[31mTime of key exchanges for 200 clients: 51.920738ms
[0m
[31mTime of key exchanges per client: 0.239938ms
[0m
Encrpyting user data...
[31mTime of data encryption per client: 4.571517ms[0m
Encprtion completed.

[DEBUG] Times: 1, loaded dim: 500000
[31mTime of secure aggregation: 538.341260ms[0m

[33m[INFO] Aggregate successfully.

[0m[31mTotal time inside the Enclave: 590.270799ms[0m

Secure aggregation completed!
[Info] Destroy enclave: 0.000000ms.
init enclave...
[33m[INFO] Create Enclave: 99.812036ms[0m
Test aggregate time: 0.213146ms

[33m[Info] Sizeof data matrix: 381MB
[0m[DEBUG] loaded num: 500000, times: 1
[31mTime of clear final_x: 0.000000ms
[0m
[DEBUG] loaded num: 500000, times: 1
Clear final x successfully.
[31mTime of entering the enclave: 0.008936ms[0m
[DEBUG] Sizeof all required data in enclave: 7812 KB
[31mTime of key exchanges for 200 clients: 52.261731ms
[0m
[31mTime of key exchanges per client: 0.241162ms
[0m
Encrpyting user data...
[31mTime of data encryption per client: 4.587395ms[0m
Encprtion completed.

[DEBUG] Times: 1, loaded dim: 500000
[31mTime of secure aggregation: 535.535267ms[0m

[33m[INFO] Aggregate successfully.

[0m[31mTotal time inside the Enclave: 587.805934ms[0m

Secure aggregation completed!
[Info] Destroy enclave: 0.000000ms.
init enclave...
[33m[INFO] Create Enclave: 101.380553ms[0m
Test aggregate time: 0.218351ms

[33m[Info] Sizeof data matrix: 381MB
[0m[DEBUG] loaded num: 500000, times: 1
[31mTime of clear final_x: 0.000000ms
[0m
[DEBUG] loaded num: 500000, times: 1
Clear final x successfully.
[31mTime of entering the enclave: 0.025734ms[0m
[DEBUG] Sizeof all required data in enclave: 7812 KB
[31mTime of key exchanges for 200 clients: 52.120292ms
[0m
[31mTime of key exchanges per client: 0.242029ms
[0m
Encrpyting user data...
[31mTime of data encryption per client: 4.566011ms[0m
Encprtion completed.

[DEBUG] Times: 1, loaded dim: 500000
[31mTime of secure aggregation: 530.822084ms[0m

[33m[INFO] Aggregate successfully.

[0m[31mTotal time inside the Enclave: 582.968110ms[0m

Secure aggregation completed!
[Info] Destroy enclave: 0.000000ms.
init enclave...
[33m[INFO] Create Enclave: 106.200571ms[0m
Test aggregate time: 0.213743ms

[33m[Info] Sizeof data matrix: 381MB
[0m[DEBUG] loaded num: 500000, times: 1
[31mTime of clear final_x: 0.000000ms
[0m
[DEBUG] loaded num: 500000, times: 1
Clear final x successfully.
[31mTime of entering the enclave: 0.008716ms[0m
[DEBUG] Sizeof all required data in enclave: 7812 KB
[31mTime of key exchanges for 200 clients: 51.638614ms
[0m
[31mTime of key exchanges per client: 0.238542ms
[0m
Encrpyting user data...
[31mTime of data encryption per client: 4.578796ms[0m
Encprtion completed.

[DEBUG] Times: 1, loaded dim: 500000
[31mTime of secure aggregation: 556.541971ms[0m

[33m[INFO] Aggregate successfully.

[0m[31mTotal time inside the Enclave: 608.189301ms[0m

Secure aggregation completed!
[Info] Destroy enclave: 0.000000ms.
init enclave...
[33m[INFO] Create Enclave: 104.330926ms[0m
Test aggregate time: 0.213363ms

[33m[Info] Sizeof data matrix: 381MB
[0m[DEBUG] loaded num: 500000, times: 1
[31mTime of clear final_x: 0.000000ms
[0m
[DEBUG] loaded num: 500000, times: 1
Clear final x successfully.
[31mTime of entering the enclave: 0.007516ms[0m
[DEBUG] Sizeof all required data in enclave: 7812 KB
[31mTime of key exchanges for 200 clients: 51.926237ms
[0m
[31mTime of key exchanges per client: 0.239351ms
[0m
Encrpyting user data...
[31mTime of data encryption per client: 4.571551ms[0m
Encprtion completed.

[DEBUG] Times: 1, loaded dim: 500000
[31mTime of secure aggregation: 545.086239ms[0m

[33m[INFO] Aggregate successfully.

[0m[31mTotal time inside the Enclave: 597.019992ms[0m

Secure aggregation completed!
[Info] Destroy enclave: 0.000000ms.
init enclave...
[33m[INFO] Create Enclave: 104.815967ms[0m
Test aggregate time: 0.213338ms

[33m[Info] Sizeof data matrix: 381MB
[0m[DEBUG] loaded num: 500000, times: 1
[31mTime of clear final_x: 0.000000ms
[0m
[DEBUG] loaded num: 500000, times: 1
Clear final x successfully.
[31mTime of entering the enclave: 0.008602ms[0m
[DEBUG] Sizeof all required data in enclave: 7812 KB
[31mTime of key exchanges for 200 clients: 52.133580ms
[0m
[31mTime of key exchanges per client: 0.240150ms
[0m
Encrpyting user data...
[31mTime of data encryption per client: 4.561466ms[0m
Encprtion completed.

[DEBUG] Times: 1, loaded dim: 500000
[31mTime of secure aggregation: 568.902035ms[0m

[33m[INFO] Aggregate successfully.

[0m[31mTotal time inside the Enclave: 621.044217ms[0m

Secure aggregation completed!
[Info] Destroy enclave: 0.000000ms.
init enclave...
[33m[INFO] Create Enclave: 101.840245ms[0m
Test aggregate time: 0.213385ms

[33m[Info] Sizeof data matrix: 381MB
[0m[DEBUG] loaded num: 500000, times: 1
[31mTime of clear final_x: 0.000000ms
[0m
[DEBUG] loaded num: 500000, times: 1
Clear final x successfully.
[31mTime of entering the enclave: 0.009919ms[0m
[DEBUG] Sizeof all required data in enclave: 7812 KB
[31mTime of key exchanges for 200 clients: 52.460232ms
[0m
[31mTime of key exchanges per client: 0.242800ms
[0m
Encrpyting user data...
[31mTime of data encryption per client: 4.601510ms[0m
Encprtion completed.

[DEBUG] Times: 1, loaded dim: 500000
[31mTime of secure aggregation: 537.040289ms[0m

[33m[INFO] Aggregate successfully.

[0m[31mTotal time inside the Enclave: 589.510440ms[0m

Secure aggregation completed!
[Info] Destroy enclave: 0.000000ms.
init enclave...
[33m[INFO] Create Enclave: 101.623524ms[0m
Test aggregate time: 0.214137ms

[33m[Info] Sizeof data matrix: 381MB
[0m[DEBUG] loaded num: 500000, times: 1
[31mTime of clear final_x: 0.000000ms
[0m
[DEBUG] loaded num: 500000, times: 1
Clear final x successfully.
[31mTime of entering the enclave: 0.008683ms[0m
[DEBUG] Sizeof all required data in enclave: 7812 KB
[31mTime of key exchanges for 200 clients: 52.218487ms
[0m
[31mTime of key exchanges per client: 0.241042ms
[0m
Encrpyting user data...
[31mTime of data encryption per client: 4.562507ms[0m
Encprtion completed.

[DEBUG] Times: 1, loaded dim: 500000
[31mTime of secure aggregation: 533.232037ms[0m

[33m[INFO] Aggregate successfully.

[0m[31mTotal time inside the Enclave: 585.459207ms[0m

Secure aggregation completed!
[Info] Destroy enclave: 0.000000ms.
init enclave...
[33m[INFO] Create Enclave: 101.441397ms[0m
Test aggregate time: 0.214206ms

[33m[Info] Sizeof data matrix: 381MB
[0m[DEBUG] loaded num: 500000, times: 1
[31mTime of clear final_x: 0.000000ms
[0m
[DEBUG] loaded num: 500000, times: 1
Clear final x successfully.
[31mTime of entering the enclave: 0.009406ms[0m
[DEBUG] Sizeof all required data in enclave: 7812 KB
[31mTime of key exchanges for 200 clients: 51.881740ms
[0m
[31mTime of key exchanges per client: 0.239262ms
[0m
Encrpyting user data...
[31mTime of data encryption per client: 4.566237ms[0m
Encprtion completed.

[DEBUG] Times: 1, loaded dim: 500000
[31mTime of secure aggregation: 535.052061ms[0m

[33m[INFO] Aggregate successfully.

[0m[31mTotal time inside the Enclave: 586.943207ms[0m

Secure aggregation completed!
[Info] Destroy enclave: 0.000000ms.
init enclave...
[33m[INFO] Create Enclave: 108.832168ms[0m
Test aggregate time: 0.212651ms

[33m[Info] Sizeof data matrix: 381MB
[0m[DEBUG] loaded num: 500000, times: 1
[31mTime of clear final_x: 0.000000ms
[0m
[DEBUG] loaded num: 500000, times: 1
Clear final x successfully.
[31mTime of entering the enclave: 0.009093ms[0m
[DEBUG] Sizeof all required data in enclave: 7812 KB
[31mTime of key exchanges for 200 clients: 52.050794ms
[0m
[31mTime of key exchanges per client: 0.239697ms
[0m
Encrpyting user data...
[31mTime of data encryption per client: 4.588721ms[0m
Encprtion completed.

[DEBUG] Times: 1, loaded dim: 500000
[31mTime of secure aggregation: 540.622839ms[0m

[33m[INFO] Aggregate successfully.

[0m[31mTotal time inside the Enclave: 592.682726ms[0m

Secure aggregation completed!
[Info] Destroy enclave: 0.000000ms.
init enclave...
[33m[INFO] Create Enclave: 101.112502ms[0m
Test aggregate time: 0.213422ms

[33m[Info] Sizeof data matrix: 381MB
[0m[DEBUG] loaded num: 500000, times: 1
[31mTime of clear final_x: 0.000000ms
[0m
[DEBUG] loaded num: 500000, times: 1
Clear final x successfully.
[31mTime of entering the enclave: 0.008327ms[0m
[DEBUG] Sizeof all required data in enclave: 7812 KB
[31mTime of key exchanges for 200 clients: 51.809793ms
[0m
[31mTime of key exchanges per client: 0.239013ms
[0m
Encrpyting user data...
[31mTime of data encryption per client: 4.564679ms[0m
Encprtion completed.

[DEBUG] Times: 1, loaded dim: 500000
[31mTime of secure aggregation: 536.592950ms[0m

[33m[INFO] Aggregate successfully.

[0m[31mTotal time inside the Enclave: 588.411070ms[0m

Secure aggregation completed!
[Info] Destroy enclave: 0.000000ms.
init enclave...
[33m[INFO] Create Enclave: 101.400969ms[0m
Test aggregate time: 0.213065ms

[33m[Info] Sizeof data matrix: 381MB
[0m[DEBUG] loaded num: 500000, times: 1
[31mTime of clear final_x: 0.000000ms
[0m
[DEBUG] loaded num: 500000, times: 1
Clear final x successfully.
[31mTime of entering the enclave: 0.008741ms[0m
[DEBUG] Sizeof all required data in enclave: 7812 KB
[31mTime of key exchanges for 200 clients: 52.114372ms
[0m
[31mTime of key exchanges per client: 0.241141ms
[0m
Encrpyting user data...
[31mTime of data encryption per client: 4.578332ms[0m
Encprtion completed.

[DEBUG] Times: 1, loaded dim: 500000
[31mTime of secure aggregation: 533.150511ms[0m

[33m[INFO] Aggregate successfully.

[0m[31mTotal time inside the Enclave: 585.273624ms[0m

Secure aggregation completed!
[Info] Destroy enclave: 0.000000ms.
init enclave...
[33m[INFO] Create Enclave: 106.349056ms[0m
Test aggregate time: 0.212780ms

[33m[Info] Sizeof data matrix: 381MB
[0m[DEBUG] loaded num: 500000, times: 1
[31mTime of clear final_x: 0.000000ms
[0m
[DEBUG] loaded num: 500000, times: 1
Clear final x successfully.
[31mTime of entering the enclave: 0.008535ms[0m
[DEBUG] Sizeof all required data in enclave: 7812 KB
[31mTime of key exchanges for 200 clients: 51.862014ms
[0m
[31mTime of key exchanges per client: 0.239647ms
[0m
Encrpyting user data...
[31mTime of data encryption per client: 4.631017ms[0m
Encprtion completed.

[DEBUG] Times: 1, loaded dim: 500000
[31mTime of secure aggregation: 536.392500ms[0m

[33m[INFO] Aggregate successfully.

[0m[31mTotal time inside the Enclave: 588.263049ms[0m

Secure aggregation completed!
[Info] Destroy enclave: 0.000000ms.
init enclave...
[33m[INFO] Create Enclave: 104.081196ms[0m
Test aggregate time: 0.214246ms

[33m[Info] Sizeof data matrix: 381MB
[0m[DEBUG] loaded num: 500000, times: 1
[31mTime of clear final_x: 0.000000ms
[0m
[DEBUG] loaded num: 500000, times: 1
Clear final x successfully.
[31mTime of entering the enclave: 0.008069ms[0m
[DEBUG] Sizeof all required data in enclave: 7812 KB
[31mTime of key exchanges for 200 clients: 51.776031ms
[0m
[31mTime of key exchanges per client: 0.239509ms
[0m
Encrpyting user data...
[31mTime of data encryption per client: 4.606099ms[0m
Encprtion completed.

[DEBUG] Times: 1, loaded dim: 500000
[31mTime of secure aggregation: 535.465051ms[0m

[33m[INFO] Aggregate successfully.

[0m[31mTotal time inside the Enclave: 587.249151ms[0m

Secure aggregation completed!
[Info] Destroy enclave: 0.000000ms.
init enclave...
[33m[INFO] Create Enclave: 100.917390ms[0m
Test aggregate time: 0.213092ms

[33m[Info] Sizeof data matrix: 381MB
[0m[DEBUG] loaded num: 500000, times: 1
[31mTime of clear final_x: 0.000000ms
[0m
[DEBUG] loaded num: 500000, times: 1
Clear final x successfully.
[31mTime of entering the enclave: 0.009551ms[0m
[DEBUG] Sizeof all required data in enclave: 7812 KB
[31mTime of key exchanges for 200 clients: 52.270026ms
[0m
[31mTime of key exchanges per client: 0.240805ms
[0m
Encrpyting user data...
[31mTime of data encryption per client: 4.578404ms[0m
Encprtion completed.

[DEBUG] Times: 1, loaded dim: 500000
[31mTime of secure aggregation: 541.312140ms[0m

[33m[INFO] Aggregate successfully.

[0m[31mTotal time inside the Enclave: 593.591717ms[0m

Secure aggregation completed!
[Info] Destroy enclave: 0.000000ms.
init enclave...
[33m[INFO] Create Enclave: 104.112466ms[0m
Test aggregate time: 0.219586ms

[33m[Info] Sizeof data matrix: 381MB
[0m[DEBUG] loaded num: 500000, times: 1
[31mTime of clear final_x: 0.000000ms
[0m
[DEBUG] loaded num: 500000, times: 1
Clear final x successfully.
[31mTime of entering the enclave: 0.007655ms[0m
[DEBUG] Sizeof all required data in enclave: 7812 KB
[31mTime of key exchanges for 200 clients: 51.978348ms
[0m
[31mTime of key exchanges per client: 0.239857ms
[0m
Encrpyting user data...
[31mTime of data encryption per client: 4.582805ms[0m
Encprtion completed.

[DEBUG] Times: 1, loaded dim: 500000
[31mTime of secure aggregation: 539.140682ms[0m

[33m[INFO] Aggregate successfully.

[0m[31mTotal time inside the Enclave: 591.126685ms[0m

Secure aggregation completed!
[Info] Destroy enclave: 0.000000ms.
init enclave...
[33m[INFO] Create Enclave: 105.406857ms[0m
Test aggregate time: 0.214127ms

[33m[Info] Sizeof data matrix: 381MB
[0m[DEBUG] loaded num: 500000, times: 1
[31mTime of clear final_x: 0.000000ms
[0m
[DEBUG] loaded num: 500000, times: 1
Clear final x successfully.
[31mTime of entering the enclave: 0.008797ms[0m
[DEBUG] Sizeof all required data in enclave: 7812 KB
[31mTime of key exchanges for 200 clients: 52.052507ms
[0m
[31mTime of key exchanges per client: 0.240563ms
[0m
Encrpyting user data...
[31mTime of data encryption per client: 4.565081ms[0m
Encprtion completed.

[DEBUG] Times: 1, loaded dim: 500000
[31mTime of secure aggregation: 537.815144ms[0m

[33m[INFO] Aggregate successfully.

[0m[31mTotal time inside the Enclave: 589.876448ms[0m

Secure aggregation completed!
[Info] Destroy enclave: 0.000000ms.
init enclave...
[33m[INFO] Create Enclave: 103.640568ms[0m
Test aggregate time: 0.212659ms

[33m[Info] Sizeof data matrix: 381MB
[0m[DEBUG] loaded num: 500000, times: 1
[31mTime of clear final_x: 0.000000ms
[0m
[DEBUG] loaded num: 500000, times: 1
Clear final x successfully.
[31mTime of entering the enclave: 0.008376ms[0m
[DEBUG] Sizeof all required data in enclave: 7812 KB
[31mTime of key exchanges for 200 clients: 52.082736ms
[0m
[31mTime of key exchanges per client: 0.240683ms
[0m
Encrpyting user data...
[31mTime of data encryption per client: 4.559423ms[0m
Encprtion completed.

[DEBUG] Times: 1, loaded dim: 500000
[31mTime of secure aggregation: 534.426598ms[0m

[33m[INFO] Aggregate successfully.

[0m[31mTotal time inside the Enclave: 586.517710ms[0m

Secure aggregation completed!
[Info] Destroy enclave: 0.000000ms.
init enclave...
[33m[INFO] Create Enclave: 102.197217ms[0m
Test aggregate time: 0.215407ms

[33m[Info] Sizeof data matrix: 381MB
[0m[DEBUG] loaded num: 500000, times: 1
[31mTime of clear final_x: 0.000000ms
[0m
[DEBUG] loaded num: 500000, times: 1
Clear final x successfully.
[31mTime of entering the enclave: 0.008812ms[0m
[DEBUG] Sizeof all required data in enclave: 7812 KB
[31mTime of key exchanges for 200 clients: 52.067200ms
[0m
[31mTime of key exchanges per client: 0.240252ms
[0m
Encrpyting user data...
[31mTime of data encryption per client: 4.558514ms[0m
Encprtion completed.

[DEBUG] Times: 1, loaded dim: 500000
[31mTime of secure aggregation: 538.358345ms[0m

[33m[INFO] Aggregate successfully.

[0m[31mTotal time inside the Enclave: 590.434357ms[0m

Secure aggregation completed!
[Info] Destroy enclave: 0.000000ms.
init enclave...
[33m[INFO] Create Enclave: 105.968511ms[0m
Test aggregate time: 0.213357ms

[33m[Info] Sizeof data matrix: 381MB
[0m[DEBUG] loaded num: 500000, times: 1
[31mTime of clear final_x: 0.000000ms
[0m
[DEBUG] loaded num: 500000, times: 1
Clear final x successfully.
[31mTime of entering the enclave: 0.009434ms[0m
[DEBUG] Sizeof all required data in enclave: 7812 KB
[31mTime of key exchanges for 200 clients: 52.308583ms
[0m
[31mTime of key exchanges per client: 0.241682ms
[0m
Encrpyting user data...
[31mTime of data encryption per client: 4.593405ms[0m
Encprtion completed.

[DEBUG] Times: 1, loaded dim: 500000
[31mTime of secure aggregation: 539.863781ms[0m

[33m[INFO] Aggregate successfully.

[0m[31mTotal time inside the Enclave: 592.181798ms[0m

Secure aggregation completed!
[Info] Destroy enclave: 0.000000ms.
init enclave...
[33m[INFO] Create Enclave: 111.671714ms[0m
Test aggregate time: 0.213727ms

[33m[Info] Sizeof data matrix: 381MB
[0m[DEBUG] loaded num: 500000, times: 1
[31mTime of clear final_x: 0.000000ms
[0m
[DEBUG] loaded num: 500000, times: 1
Clear final x successfully.
[31mTime of entering the enclave: 0.009437ms[0m
[DEBUG] Sizeof all required data in enclave: 7812 KB
[31mTime of key exchanges for 200 clients: 51.957398ms
[0m
[31mTime of key exchanges per client: 0.240939ms
[0m
Encrpyting user data...
[31mTime of data encryption per client: 4.584315ms[0m
Encprtion completed.

[DEBUG] Times: 1, loaded dim: 500000
[31mTime of secure aggregation: 536.227332ms[0m

[33m[INFO] Aggregate successfully.

[0m[31mTotal time inside the Enclave: 588.194167ms[0m

Secure aggregation completed!
[Info] Destroy enclave: 0.000000ms.
init enclave...
[33m[INFO] Create Enclave: 100.633802ms[0m
Test aggregate time: 0.213649ms

[33m[Info] Sizeof data matrix: 381MB
[0m[DEBUG] loaded num: 500000, times: 1
[31mTime of clear final_x: 0.000000ms
[0m
[DEBUG] loaded num: 500000, times: 1
Clear final x successfully.
[31mTime of entering the enclave: 0.008574ms[0m
[DEBUG] Sizeof all required data in enclave: 7812 KB
[31mTime of key exchanges for 200 clients: 52.126348ms
[0m
[31mTime of key exchanges per client: 0.240002ms
[0m
Encrpyting user data...
[31mTime of data encryption per client: 4.601313ms[0m
Encprtion completed.

[DEBUG] Times: 1, loaded dim: 500000
[31mTime of secure aggregation: 535.969914ms[0m

[33m[INFO] Aggregate successfully.

[0m[31mTotal time inside the Enclave: 588.104836ms[0m

Secure aggregation completed!
[Info] Destroy enclave: 0.000000ms.
init enclave...
[33m[INFO] Create Enclave: 102.036225ms[0m
Test aggregate time: 0.213120ms

[33m[Info] Sizeof data matrix: 381MB
[0m[DEBUG] loaded num: 500000, times: 1
[31mTime of clear final_x: 0.000000ms
[0m
[DEBUG] loaded num: 500000, times: 1
Clear final x successfully.
[31mTime of entering the enclave: 0.009339ms[0m
[DEBUG] Sizeof all required data in enclave: 7812 KB
[31mTime of key exchanges for 200 clients: 52.068637ms
[0m
[31mTime of key exchanges per client: 0.240238ms
[0m
Encrpyting user data...
[31mTime of data encryption per client: 4.591628ms[0m
Encprtion completed.

[DEBUG] Times: 1, loaded dim: 500000
[31mTime of secure aggregation: 542.479286ms[0m

[33m[INFO] Aggregate successfully.

[0m[31mTotal time inside the Enclave: 594.557262ms[0m

Secure aggregation completed!
[Info] Destroy enclave: 0.000000ms.
init enclave...
[33m[INFO] Create Enclave: 103.996713ms[0m
Test aggregate time: 0.215821ms

[33m[Info] Sizeof data matrix: 381MB
[0m[DEBUG] loaded num: 500000, times: 1
[31mTime of clear final_x: 0.000000ms
[0m
[DEBUG] loaded num: 500000, times: 1
Clear final x successfully.
[31mTime of entering the enclave: 0.008261ms[0m
[DEBUG] Sizeof all required data in enclave: 7812 KB
[31mTime of key exchanges for 200 clients: 52.069952ms
[0m
[31mTime of key exchanges per client: 0.240362ms
[0m
Encrpyting user data...
[31mTime of data encryption per client: 4.587899ms[0m
Encprtion completed.

[DEBUG] Times: 1, loaded dim: 500000
[31mTime of secure aggregation: 538.511840ms[0m

[33m[INFO] Aggregate successfully.

[0m[31mTotal time inside the Enclave: 590.590053ms[0m

Secure aggregation completed!
[Info] Destroy enclave: 0.000000ms.
init enclave...
[33m[INFO] Create Enclave: 112.187669ms[0m
Test aggregate time: 0.212990ms

[33m[Info] Sizeof data matrix: 381MB
[0m[DEBUG] loaded num: 500000, times: 1
[31mTime of clear final_x: 0.000000ms
[0m
[DEBUG] loaded num: 500000, times: 1
Clear final x successfully.
[31mTime of entering the enclave: 0.008748ms[0m
[DEBUG] Sizeof all required data in enclave: 7812 KB
[31mTime of key exchanges for 200 clients: 52.277805ms
[0m
[31mTime of key exchanges per client: 0.241021ms
[0m
Encrpyting user data...
[31mTime of data encryption per client: 4.564688ms[0m
Encprtion completed.

[DEBUG] Times: 1, loaded dim: 500000
[31mTime of secure aggregation: 540.522040ms[0m

[33m[INFO] Aggregate successfully.

[0m[31mTotal time inside the Enclave: 592.808593ms[0m

Secure aggregation completed!
[Info] Destroy enclave: 0.000000ms.
init enclave...
[33m[INFO] Create Enclave: 101.791046ms[0m
Test aggregate time: 0.214173ms

[33m[Info] Sizeof data matrix: 381MB
[0m[DEBUG] loaded num: 500000, times: 1
[31mTime of clear final_x: 0.000000ms
[0m
[DEBUG] loaded num: 500000, times: 1
Clear final x successfully.
[31mTime of entering the enclave: 0.008763ms[0m
[DEBUG] Sizeof all required data in enclave: 7812 KB
[31mTime of key exchanges for 200 clients: 52.090427ms
[0m
[31mTime of key exchanges per client: 0.241118ms
[0m
Encrpyting user data...
[31mTime of data encryption per client: 4.551617ms[0m
Encprtion completed.

[DEBUG] Times: 1, loaded dim: 500000
[31mTime of secure aggregation: 537.773382ms[0m

[33m[INFO] Aggregate successfully.

[0m[31mTotal time inside the Enclave: 589.872572ms[0m

Secure aggregation completed!
[Info] Destroy enclave: 0.000000ms.
init enclave...
[33m[INFO] Create Enclave: 105.625841ms[0m
Test aggregate time: 0.213276ms

[33m[Info] Sizeof data matrix: 381MB
[0m[DEBUG] loaded num: 500000, times: 1
[31mTime of clear final_x: 0.000000ms
[0m
[DEBUG] loaded num: 500000, times: 1
Clear final x successfully.
[31mTime of entering the enclave: 0.007718ms[0m
[DEBUG] Sizeof all required data in enclave: 7812 KB
[31mTime of key exchanges for 200 clients: 53.409036ms
[0m
[31mTime of key exchanges per client: 0.247827ms
[0m
Encrpyting user data...
[31mTime of data encryption per client: 4.561674ms[0m
Encprtion completed.

[DEBUG] Times: 1, loaded dim: 500000
[31mTime of secure aggregation: 556.647333ms[0m

[33m[INFO] Aggregate successfully.

[0m[31mTotal time inside the Enclave: 610.064087ms[0m

Secure aggregation completed!
[Info] Destroy enclave: 0.000000ms.
init enclave...
[33m[INFO] Create Enclave: 102.029952ms[0m
Test aggregate time: 0.213320ms

[33m[Info] Sizeof data matrix: 381MB
[0m[DEBUG] loaded num: 500000, times: 1
[31mTime of clear final_x: 0.000000ms
[0m
[DEBUG] loaded num: 500000, times: 1
Clear final x successfully.
[31mTime of entering the enclave: 0.009128ms[0m
[DEBUG] Sizeof all required data in enclave: 7812 KB
[31mTime of key exchanges for 200 clients: 52.303003ms
[0m
[31mTime of key exchanges per client: 0.241327ms
[0m
Encrpyting user data...
[31mTime of data encryption per client: 4.591000ms[0m
Encprtion completed.

[DEBUG] Times: 1, loaded dim: 500000
[31mTime of secure aggregation: 535.312216ms[0m

[33m[INFO] Aggregate successfully.

[0m[31mTotal time inside the Enclave: 587.624347ms[0m

Secure aggregation completed!
[Info] Destroy enclave: 0.000000ms.
init enclave...
[33m[INFO] Create Enclave: 100.945356ms[0m
Test aggregate time: 0.214680ms

[33m[Info] Sizeof data matrix: 381MB
[0m[DEBUG] loaded num: 500000, times: 1
[31mTime of clear final_x: 0.000000ms
[0m
[DEBUG] loaded num: 500000, times: 1
Clear final x successfully.
[31mTime of entering the enclave: 0.020280ms[0m
[DEBUG] Sizeof all required data in enclave: 7812 KB
[31mTime of key exchanges for 200 clients: 52.179644ms
[0m
[31mTime of key exchanges per client: 0.240546ms
[0m
Encrpyting user data...
[31mTime of data encryption per client: 4.563373ms[0m
Encprtion completed.

[DEBUG] Times: 1, loaded dim: 500000
[31mTime of secure aggregation: 540.409177ms[0m

[33m[INFO] Aggregate successfully.

[0m[31mTotal time inside the Enclave: 592.609101ms[0m

Secure aggregation completed!
[Info] Destroy enclave: 0.000000ms.
init enclave...
[33m[INFO] Create Enclave: 102.381683ms[0m
Test aggregate time: 0.212954ms

[33m[Info] Sizeof data matrix: 381MB
[0m[DEBUG] loaded num: 500000, times: 1
[31mTime of clear final_x: 0.000000ms
[0m
[DEBUG] loaded num: 500000, times: 1
Clear final x successfully.
[31mTime of entering the enclave: 0.008778ms[0m
[DEBUG] Sizeof all required data in enclave: 7812 KB
[31mTime of key exchanges for 200 clients: 52.109009ms
[0m
[31mTime of key exchanges per client: 0.242322ms
[0m
Encrpyting user data...
[31mTime of data encryption per client: 4.601210ms[0m
Encprtion completed.

[DEBUG] Times: 1, loaded dim: 500000
[31mTime of secure aggregation: 538.538748ms[0m

[33m[INFO] Aggregate successfully.

[0m[31mTotal time inside the Enclave: 590.656535ms[0m

Secure aggregation completed!
[Info] Destroy enclave: 0.000000ms.
init enclave...
[33m[INFO] Create Enclave: 107.061226ms[0m
Test aggregate time: 0.212888ms

[33m[Info] Sizeof data matrix: 381MB
[0m[DEBUG] loaded num: 500000, times: 1
[31mTime of clear final_x: 0.000000ms
[0m
[DEBUG] loaded num: 500000, times: 1
Clear final x successfully.
[31mTime of entering the enclave: 0.009138ms[0m
[DEBUG] Sizeof all required data in enclave: 7812 KB
[31mTime of key exchanges for 200 clients: 51.942084ms
[0m
[31mTime of key exchanges per client: 0.240387ms
[0m
Encrpyting user data...
[31mTime of data encryption per client: 4.568483ms[0m
Encprtion completed.

[DEBUG] Times: 1, loaded dim: 500000
[31mTime of secure aggregation: 536.843930ms[0m

[33m[INFO] Aggregate successfully.

[0m[31mTotal time inside the Enclave: 588.795152ms[0m

Secure aggregation completed!
[Info] Destroy enclave: 0.000000ms.
init enclave...
[33m[INFO] Create Enclave: 106.177939ms[0m
Test aggregate time: 0.213399ms

[33m[Info] Sizeof data matrix: 381MB
[0m[DEBUG] loaded num: 500000, times: 1
[31mTime of clear final_x: 0.000000ms
[0m
[DEBUG] loaded num: 500000, times: 1
Clear final x successfully.
[31mTime of entering the enclave: 0.009056ms[0m
[DEBUG] Sizeof all required data in enclave: 7812 KB
[31mTime of key exchanges for 200 clients: 52.004121ms
[0m
[31mTime of key exchanges per client: 0.240650ms
[0m
Encrpyting user data...
[31mTime of data encryption per client: 4.558432ms[0m
Encprtion completed.

[DEBUG] Times: 1, loaded dim: 500000
[31mTime of secure aggregation: 535.378364ms[0m

[33m[INFO] Aggregate successfully.

[0m[31mTotal time inside the Enclave: 587.391541ms[0m

Secure aggregation completed!
[Info] Destroy enclave: 0.000000ms.
init enclave...
[33m[INFO] Create Enclave: 102.311655ms[0m
Test aggregate time: 0.215080ms

[33m[Info] Sizeof data matrix: 381MB
[0m[DEBUG] loaded num: 500000, times: 1
[31mTime of clear final_x: 0.000000ms
[0m
[DEBUG] loaded num: 500000, times: 1
Clear final x successfully.
[31mTime of entering the enclave: 0.008208ms[0m
[DEBUG] Sizeof all required data in enclave: 7812 KB
[31mTime of key exchanges for 200 clients: 51.962656ms
[0m
[31mTime of key exchanges per client: 0.241410ms
[0m
Encrpyting user data...
[31mTime of data encryption per client: 4.619541ms[0m
Encprtion completed.

[DEBUG] Times: 1, loaded dim: 500000
[31mTime of secure aggregation: 535.932812ms[0m

[33m[INFO] Aggregate successfully.

[0m[31mTotal time inside the Enclave: 587.903676ms[0m

Secure aggregation completed!
[Info] Destroy enclave: 0.000000ms.
init enclave...
[33m[INFO] Create Enclave: 110.134589ms[0m
Test aggregate time: 0.213662ms

[33m[Info] Sizeof data matrix: 381MB
[0m[DEBUG] loaded num: 500000, times: 1
[31mTime of clear final_x: 0.000000ms
[0m
[DEBUG] loaded num: 500000, times: 1
Clear final x successfully.
[31mTime of entering the enclave: 0.008675ms[0m
[DEBUG] Sizeof all required data in enclave: 7812 KB
[31mTime of key exchanges for 200 clients: 52.561383ms
[0m
[31mTime of key exchanges per client: 0.241435ms
[0m
Encrpyting user data...
[31mTime of data encryption per client: 4.577613ms[0m
Encprtion completed.

[DEBUG] Times: 1, loaded dim: 500000
[31mTime of secure aggregation: 534.397697ms[0m

[33m[INFO] Aggregate successfully.

[0m[31mTotal time inside the Enclave: 586.967755ms[0m

Secure aggregation completed!
[Info] Destroy enclave: 0.000000ms.
init enclave...
[33m[INFO] Create Enclave: 101.021929ms[0m
Test aggregate time: 0.212946ms

[33m[Info] Sizeof data matrix: 381MB
[0m[DEBUG] loaded num: 500000, times: 1
[31mTime of clear final_x: 0.000000ms
[0m
[DEBUG] loaded num: 500000, times: 1
Clear final x successfully.
[31mTime of entering the enclave: 0.007863ms[0m
[DEBUG] Sizeof all required data in enclave: 7812 KB
[31mTime of key exchanges for 200 clients: 51.766572ms
[0m
[31mTime of key exchanges per client: 0.240819ms
[0m
Encrpyting user data...
[31mTime of data encryption per client: 4.580693ms[0m
Encprtion completed.

[DEBUG] Times: 1, loaded dim: 500000
[31mTime of secure aggregation: 538.321319ms[0m

[33m[INFO] Aggregate successfully.

[0m[31mTotal time inside the Enclave: 590.095754ms[0m

Secure aggregation completed!
[Info] Destroy enclave: 0.000000ms.
init enclave...
[33m[INFO] Create Enclave: 117.222602ms[0m
Test aggregate time: 0.213404ms

[33m[Info] Sizeof data matrix: 381MB
[0m[DEBUG] loaded num: 500000, times: 1
[31mTime of clear final_x: 0.000000ms
[0m
[DEBUG] loaded num: 500000, times: 1
Clear final x successfully.
[31mTime of entering the enclave: 0.008393ms[0m
[DEBUG] Sizeof all required data in enclave: 7812 KB
[31mTime of key exchanges for 200 clients: 52.027583ms
[0m
[31mTime of key exchanges per client: 0.240118ms
[0m
Encrpyting user data...
[31mTime of data encryption per client: 4.608647ms[0m
Encprtion completed.

[DEBUG] Times: 1, loaded dim: 500000
[31mTime of secure aggregation: 535.772588ms[0m

[33m[INFO] Aggregate successfully.

[0m[31mTotal time inside the Enclave: 587.808564ms[0m

Secure aggregation completed!
[Info] Destroy enclave: 0.000000ms.
init enclave...
[33m[INFO] Create Enclave: 104.804366ms[0m
Test aggregate time: 0.213352ms

[33m[Info] Sizeof data matrix: 381MB
[0m[DEBUG] loaded num: 500000, times: 1
[31mTime of clear final_x: 0.000000ms
[0m
[DEBUG] loaded num: 500000, times: 1
Clear final x successfully.
[31mTime of entering the enclave: 0.008735ms[0m
[DEBUG] Sizeof all required data in enclave: 7812 KB
[31mTime of key exchanges for 200 clients: 51.899220ms
[0m
[31mTime of key exchanges per client: 0.239531ms
[0m
Encrpyting user data...
[31mTime of data encryption per client: 4.568476ms[0m
Encprtion completed.

[DEBUG] Times: 1, loaded dim: 500000
[31mTime of secure aggregation: 530.531458ms[0m

[33m[INFO] Aggregate successfully.

[0m[31mTotal time inside the Enclave: 582.439413ms[0m

Secure aggregation completed!
[Info] Destroy enclave: 0.000000ms.
init enclave...
[33m[INFO] Create Enclave: 103.743657ms[0m
Test aggregate time: 0.214407ms

[33m[Info] Sizeof data matrix: 381MB
[0m[DEBUG] loaded num: 500000, times: 1
[31mTime of clear final_x: 0.000000ms
[0m
[DEBUG] loaded num: 500000, times: 1
Clear final x successfully.
[31mTime of entering the enclave: 0.008551ms[0m
[DEBUG] Sizeof all required data in enclave: 7812 KB
[31mTime of key exchanges for 200 clients: 52.009366ms
[0m
[31mTime of key exchanges per client: 0.240790ms
[0m
Encrpyting user data...
[31mTime of data encryption per client: 4.577026ms[0m
Encprtion completed.

[DEBUG] Times: 1, loaded dim: 500000
[31mTime of secure aggregation: 539.977470ms[0m

[33m[INFO] Aggregate successfully.

[0m[31mTotal time inside the Enclave: 591.995387ms[0m

Secure aggregation completed!
[Info] Destroy enclave: 0.000000ms.
init enclave...
[33m[INFO] Create Enclave: 101.738110ms[0m
Test aggregate time: 0.213333ms

[33m[Info] Sizeof data matrix: 381MB
[0m[DEBUG] loaded num: 500000, times: 1
[31mTime of clear final_x: 0.000000ms
[0m
[DEBUG] loaded num: 500000, times: 1
Clear final x successfully.
[31mTime of entering the enclave: 0.009675ms[0m
[DEBUG] Sizeof all required data in enclave: 7812 KB
[31mTime of key exchanges for 200 clients: 56.300088ms
[0m
[31mTime of key exchanges per client: 0.259302ms
[0m
Encrpyting user data...
[31mTime of data encryption per client: 4.575427ms[0m
Encprtion completed.

[DEBUG] Times: 1, loaded dim: 500000
[31mTime of secure aggregation: 539.219177ms[0m

[33m[INFO] Aggregate successfully.

[0m[31mTotal time inside the Enclave: 595.528940ms[0m

Secure aggregation completed!
[Info] Destroy enclave: 0.000000ms.
init enclave...
[33m[INFO] Create Enclave: 107.835534ms[0m
Test aggregate time: 0.213615ms

[33m[Info] Sizeof data matrix: 381MB
[0m[DEBUG] loaded num: 500000, times: 1
[31mTime of clear final_x: 0.000000ms
[0m
[DEBUG] loaded num: 500000, times: 1
Clear final x successfully.
[31mTime of entering the enclave: 0.008768ms[0m
[DEBUG] Sizeof all required data in enclave: 7812 KB
[31mTime of key exchanges for 200 clients: 51.817043ms
[0m
[31mTime of key exchanges per client: 0.240046ms
[0m
Encrpyting user data...
[31mTime of data encryption per client: 4.573621ms[0m
Encprtion completed.

[DEBUG] Times: 1, loaded dim: 500000
[31mTime of secure aggregation: 536.584700ms[0m

[33m[INFO] Aggregate successfully.

[0m[31mTotal time inside the Enclave: 588.410511ms[0m

Secure aggregation completed!
[Info] Destroy enclave: 0.000000ms.
init enclave...
[33m[INFO] Create Enclave: 104.230753ms[0m
Test aggregate time: 0.214901ms

[33m[Info] Sizeof data matrix: 381MB
[0m[DEBUG] loaded num: 500000, times: 1
[31mTime of clear final_x: 0.000000ms
[0m
[DEBUG] loaded num: 500000, times: 1
Clear final x successfully.
[31mTime of entering the enclave: 0.009337ms[0m
[DEBUG] Sizeof all required data in enclave: 7812 KB
[31mTime of key exchanges for 200 clients: 51.855892ms
[0m
[31mTime of key exchanges per client: 0.241643ms
[0m
Encrpyting user data...
[31mTime of data encryption per client: 4.628667ms[0m
Encprtion completed.

[DEBUG] Times: 1, loaded dim: 500000
[31mTime of secure aggregation: 541.153148ms[0m

[33m[INFO] Aggregate successfully.

[0m[31mTotal time inside the Enclave: 593.018377ms[0m

Secure aggregation completed!
[Info] Destroy enclave: 0.000000ms.
init enclave...
[33m[INFO] Create Enclave: 102.114022ms[0m
Test aggregate time: 0.213253ms

[33m[Info] Sizeof data matrix: 381MB
[0m[DEBUG] loaded num: 500000, times: 1
[31mTime of clear final_x: 0.000000ms
[0m
[DEBUG] loaded num: 500000, times: 1
Clear final x successfully.
[31mTime of entering the enclave: 0.008495ms[0m
[DEBUG] Sizeof all required data in enclave: 7812 KB
[31mTime of key exchanges for 200 clients: 52.290374ms
[0m
[31mTime of key exchanges per client: 0.241079ms
[0m
Encrpyting user data...
[31mTime of data encryption per client: 4.572701ms[0m
Encprtion completed.

[DEBUG] Times: 1, loaded dim: 500000
[31mTime of secure aggregation: 534.507815ms[0m

[33m[INFO] Aggregate successfully.

[0m[31mTotal time inside the Enclave: 586.806684ms[0m

Secure aggregation completed!
[Info] Destroy enclave: 0.000000ms.
init enclave...
[33m[INFO] Create Enclave: 108.146450ms[0m
Test aggregate time: 0.214215ms

[33m[Info] Sizeof data matrix: 381MB
[0m[DEBUG] loaded num: 500000, times: 1
[31mTime of clear final_x: 0.000000ms
[0m
[DEBUG] loaded num: 500000, times: 1
Clear final x successfully.
[31mTime of entering the enclave: 0.008917ms[0m
[DEBUG] Sizeof all required data in enclave: 7812 KB
[31mTime of key exchanges for 200 clients: 51.793802ms
[0m
[31mTime of key exchanges per client: 0.240340ms
[0m
Encrpyting user data...
[31mTime of data encryption per client: 4.571860ms[0m
Encprtion completed.

[DEBUG] Times: 1, loaded dim: 500000
[31mTime of secure aggregation: 533.464099ms[0m

[33m[INFO] Aggregate successfully.

[0m[31mTotal time inside the Enclave: 585.266818ms[0m

Secure aggregation completed!
[Info] Destroy enclave: 0.000000ms.
init enclave...
[33m[INFO] Create Enclave: 102.442386ms[0m
Test aggregate time: 0.213839ms

[33m[Info] Sizeof data matrix: 381MB
[0m[DEBUG] loaded num: 500000, times: 1
[31mTime of clear final_x: 0.000000ms
[0m
[DEBUG] loaded num: 500000, times: 1
Clear final x successfully.
[31mTime of entering the enclave: 0.008765ms[0m
[DEBUG] Sizeof all required data in enclave: 7812 KB
[31mTime of key exchanges for 200 clients: 52.553226ms
[0m
[31mTime of key exchanges per client: 0.243051ms
[0m
Encrpyting user data...
[31mTime of data encryption per client: 4.567877ms[0m
Encprtion completed.

[DEBUG] Times: 1, loaded dim: 500000
[31mTime of secure aggregation: 540.671038ms[0m

[33m[INFO] Aggregate successfully.

[0m[31mTotal time inside the Enclave: 593.233029ms[0m

Secure aggregation completed!
[Info] Destroy enclave: 0.000000ms.
init enclave...
[33m[INFO] Create Enclave: 102.947753ms[0m
Test aggregate time: 0.213325ms

[33m[Info] Sizeof data matrix: 381MB
[0m[DEBUG] loaded num: 500000, times: 1
[31mTime of clear final_x: 0.000000ms
[0m
[DEBUG] loaded num: 500000, times: 1
Clear final x successfully.
[31mTime of entering the enclave: 0.009384ms[0m
[DEBUG] Sizeof all required data in enclave: 7812 KB
[31mTime of key exchanges for 200 clients: 51.768010ms
[0m
[31mTime of key exchanges per client: 0.240175ms
[0m
Encrpyting user data...
[31mTime of data encryption per client: 4.582661ms[0m
Encprtion completed.

[DEBUG] Times: 1, loaded dim: 500000
[31mTime of secure aggregation: 540.523644ms[0m

[33m[INFO] Aggregate successfully.

[0m[31mTotal time inside the Enclave: 592.301038ms[0m

Secure aggregation completed!
[Info] Destroy enclave: 0.000000ms.
init enclave...
[33m[INFO] Create Enclave: 101.230068ms[0m
Test aggregate time: 0.213766ms

[33m[Info] Sizeof data matrix: 381MB
[0m[DEBUG] loaded num: 500000, times: 1
[31mTime of clear final_x: 0.000000ms
[0m
[DEBUG] loaded num: 500000, times: 1
Clear final x successfully.
[31mTime of entering the enclave: 0.008577ms[0m
[DEBUG] Sizeof all required data in enclave: 7812 KB
[31mTime of key exchanges for 200 clients: 51.969887ms
[0m
[31mTime of key exchanges per client: 0.240354ms
[0m
Encrpyting user data...
[31mTime of data encryption per client: 4.574662ms[0m
Encprtion completed.

[DEBUG] Times: 1, loaded dim: 500000
[31mTime of secure aggregation: 539.198834ms[0m

[33m[INFO] Aggregate successfully.

[0m[31mTotal time inside the Enclave: 591.177298ms[0m

Secure aggregation completed!
[Info] Destroy enclave: 0.000000ms.
init enclave...
[33m[INFO] Create Enclave: 101.732263ms[0m
Test aggregate time: 0.213654ms

[33m[Info] Sizeof data matrix: 381MB
[0m[DEBUG] loaded num: 500000, times: 1
[31mTime of clear final_x: 0.000000ms
[0m
[DEBUG] loaded num: 500000, times: 1
Clear final x successfully.
[31mTime of entering the enclave: 0.008493ms[0m
[DEBUG] Sizeof all required data in enclave: 7812 KB
[31mTime of key exchanges for 200 clients: 51.972735ms
[0m
[31mTime of key exchanges per client: 0.239701ms
[0m
Encrpyting user data...
[31mTime of data encryption per client: 4.572100ms[0m
Encprtion completed.

[DEBUG] Times: 1, loaded dim: 500000
[31mTime of secure aggregation: 534.711993ms[0m

[33m[INFO] Aggregate successfully.

[0m[31mTotal time inside the Enclave: 586.693221ms[0m

Secure aggregation completed!
[Info] Destroy enclave: 0.000000ms.
init enclave...
[33m[INFO] Create Enclave: 102.330589ms[0m
Test aggregate time: 0.217008ms

[33m[Info] Sizeof data matrix: 381MB
[0m[DEBUG] loaded num: 500000, times: 1
[31mTime of clear final_x: 0.000000ms
[0m
[DEBUG] loaded num: 500000, times: 1
Clear final x successfully.
[31mTime of entering the enclave: 0.008359ms[0m
[DEBUG] Sizeof all required data in enclave: 7812 KB
[31mTime of key exchanges for 200 clients: 51.979666ms
[0m
[31mTime of key exchanges per client: 0.239239ms
[0m
Encrpyting user data...
[31mTime of data encryption per client: 4.574124ms[0m
Encprtion completed.

[DEBUG] Times: 1, loaded dim: 500000
[31mTime of secure aggregation: 536.661958ms[0m

[33m[INFO] Aggregate successfully.

[0m[31mTotal time inside the Enclave: 588.649983ms[0m

Secure aggregation completed!
[Info] Destroy enclave: 0.000000ms.
init enclave...
[33m[INFO] Create Enclave: 100.950769ms[0m
Test aggregate time: 0.213342ms

[33m[Info] Sizeof data matrix: 381MB
[0m[DEBUG] loaded num: 500000, times: 1
[31mTime of clear final_x: 0.000000ms
[0m
[DEBUG] loaded num: 500000, times: 1
Clear final x successfully.
[31mTime of entering the enclave: 0.009277ms[0m
[DEBUG] Sizeof all required data in enclave: 7812 KB
[31mTime of key exchanges for 200 clients: 52.720560ms
[0m
[31mTime of key exchanges per client: 0.242561ms
[0m
Encrpyting user data...
[31mTime of data encryption per client: 4.575454ms[0m
Encprtion completed.

[DEBUG] Times: 1, loaded dim: 500000
[31mTime of secure aggregation: 540.425352ms[0m

[33m[INFO] Aggregate successfully.

[0m[31mTotal time inside the Enclave: 593.155189ms[0m

Secure aggregation completed!
[Info] Destroy enclave: 0.000000ms.
init enclave...
[33m[INFO] Create Enclave: 112.278051ms[0m
Test aggregate time: 0.213272ms

[33m[Info] Sizeof data matrix: 381MB
[0m[DEBUG] loaded num: 500000, times: 1
[31mTime of clear final_x: 0.000000ms
[0m
[DEBUG] loaded num: 500000, times: 1
Clear final x successfully.
[31mTime of entering the enclave: 0.008715ms[0m
[DEBUG] Sizeof all required data in enclave: 7812 KB
[31mTime of key exchanges for 200 clients: 51.971819ms
[0m
[31mTime of key exchanges per client: 0.240910ms
[0m
Encrpyting user data...
[31mTime of data encryption per client: 4.591688ms[0m
Encprtion completed.

[DEBUG] Times: 1, loaded dim: 500000
[31mTime of secure aggregation: 555.503661ms[0m

[33m[INFO] Aggregate successfully.

[0m[31mTotal time inside the Enclave: 607.484195ms[0m

Secure aggregation completed!
[Info] Destroy enclave: 0.000000ms.
init enclave...
[33m[INFO] Create Enclave: 101.282502ms[0m
Test aggregate time: 0.213344ms

[33m[Info] Sizeof data matrix: 381MB
[0m[DEBUG] loaded num: 500000, times: 1
[31mTime of clear final_x: 0.000000ms
[0m
[DEBUG] loaded num: 500000, times: 1
Clear final x successfully.
[31mTime of entering the enclave: 0.008745ms[0m
[DEBUG] Sizeof all required data in enclave: 7812 KB
[31mTime of key exchanges for 200 clients: 51.925647ms
[0m
[31mTime of key exchanges per client: 0.239462ms
[0m
Encrpyting user data...
[31mTime of data encryption per client: 4.558834ms[0m
Encprtion completed.

[DEBUG] Times: 1, loaded dim: 500000
[31mTime of secure aggregation: 539.188486ms[0m

[33m[INFO] Aggregate successfully.

[0m[31mTotal time inside the Enclave: 591.122878ms[0m

Secure aggregation completed!
[Info] Destroy enclave: 0.000000ms.
init enclave...
[33m[INFO] Create Enclave: 101.179203ms[0m
Test aggregate time: 0.213228ms

[33m[Info] Sizeof data matrix: 381MB
[0m[DEBUG] loaded num: 500000, times: 1
[31mTime of clear final_x: 0.000000ms
[0m
[DEBUG] loaded num: 500000, times: 1
Clear final x successfully.
[31mTime of entering the enclave: 0.008931ms[0m
[DEBUG] Sizeof all required data in enclave: 7812 KB
[31mTime of key exchanges for 200 clients: 51.929504ms
[0m
[31mTime of key exchanges per client: 0.239731ms
[0m
Encrpyting user data...
[31mTime of data encryption per client: 4.597917ms[0m
Encprtion completed.

[DEBUG] Times: 1, loaded dim: 500000
[31mTime of secure aggregation: 534.817873ms[0m

[33m[INFO] Aggregate successfully.

[0m[31mTotal time inside the Enclave: 586.756308ms[0m

Secure aggregation completed!
[Info] Destroy enclave: 0.000000ms.
init enclave...
[33m[INFO] Create Enclave: 103.635494ms[0m
Test aggregate time: 0.213879ms

[33m[Info] Sizeof data matrix: 381MB
[0m[DEBUG] loaded num: 500000, times: 1
[31mTime of clear final_x: 0.000000ms
[0m
[DEBUG] loaded num: 500000, times: 1
Clear final x successfully.
[31mTime of entering the enclave: 0.008893ms[0m
[DEBUG] Sizeof all required data in enclave: 7812 KB
[31mTime of key exchanges for 200 clients: 51.956074ms
[0m
[31mTime of key exchanges per client: 0.239391ms
[0m
Encrpyting user data...
[31mTime of data encryption per client: 4.558062ms[0m
Encprtion completed.

[DEBUG] Times: 1, loaded dim: 500000
[31mTime of secure aggregation: 551.589074ms[0m

[33m[INFO] Aggregate successfully.

[0m[31mTotal time inside the Enclave: 603.554041ms[0m

Secure aggregation completed!
[Info] Destroy enclave: 0.000000ms.
init enclave...
[33m[INFO] Create Enclave: 105.289963ms[0m
Test aggregate time: 0.213755ms

[33m[Info] Sizeof data matrix: 381MB
[0m[DEBUG] loaded num: 500000, times: 1
[31mTime of clear final_x: 0.000000ms
[0m
[DEBUG] loaded num: 500000, times: 1
Clear final x successfully.
[31mTime of entering the enclave: 0.008862ms[0m
[DEBUG] Sizeof all required data in enclave: 7812 KB
[31mTime of key exchanges for 200 clients: 54.440072ms
[0m
[31mTime of key exchanges per client: 0.250650ms
[0m
Encrpyting user data...
[31mTime of data encryption per client: 4.622073ms[0m
Encprtion completed.

[DEBUG] Times: 1, loaded dim: 500000
[31mTime of secure aggregation: 589.652265ms[0m

[33m[INFO] Aggregate successfully.

[0m[31mTotal time inside the Enclave: 644.101199ms[0m

Secure aggregation completed!
[Info] Destroy enclave: 0.000000ms.
init enclave...
[33m[INFO] Create Enclave: 102.510934ms[0m
Test aggregate time: 0.212854ms

[33m[Info] Sizeof data matrix: 381MB
[0m[DEBUG] loaded num: 500000, times: 1
[31mTime of clear final_x: 0.000000ms
[0m
[DEBUG] loaded num: 500000, times: 1
Clear final x successfully.
[31mTime of entering the enclave: 0.008306ms[0m
[DEBUG] Sizeof all required data in enclave: 7812 KB
[31mTime of key exchanges for 200 clients: 51.847279ms
[0m
[31mTime of key exchanges per client: 0.240423ms
[0m
Encrpyting user data...
[31mTime of data encryption per client: 4.586146ms[0m
Encprtion completed.

[DEBUG] Times: 1, loaded dim: 500000
[31mTime of secure aggregation: 539.543336ms[0m

[33m[INFO] Aggregate successfully.

[0m[31mTotal time inside the Enclave: 591.398921ms[0m

Secure aggregation completed!
[Info] Destroy enclave: 0.000000ms.
init enclave...
[33m[INFO] Create Enclave: 105.765223ms[0m
Test aggregate time: 0.213868ms

[33m[Info] Sizeof data matrix: 381MB
[0m[DEBUG] loaded num: 500000, times: 1
[31mTime of clear final_x: 0.000000ms
[0m
[DEBUG] loaded num: 500000, times: 1
Clear final x successfully.
[31mTime of entering the enclave: 0.009325ms[0m
[DEBUG] Sizeof all required data in enclave: 7812 KB
[31mTime of key exchanges for 200 clients: 51.860384ms
[0m
[31mTime of key exchanges per client: 0.240439ms
[0m
Encrpyting user data...
[31mTime of data encryption per client: 4.625506ms[0m
Encprtion completed.

[DEBUG] Times: 1, loaded dim: 500000
[31mTime of secure aggregation: 533.976854ms[0m

[33m[INFO] Aggregate successfully.

[0m[31mTotal time inside the Enclave: 585.846563ms[0m

Secure aggregation completed!
[Info] Destroy enclave: 0.000000ms.
init enclave...
[33m[INFO] Create Enclave: 101.538112ms[0m
Test aggregate time: 0.213791ms

[33m[Info] Sizeof data matrix: 381MB
[0m[DEBUG] loaded num: 500000, times: 1
[31mTime of clear final_x: 0.000000ms
[0m
[DEBUG] loaded num: 500000, times: 1
Clear final x successfully.
[31mTime of entering the enclave: 0.009078ms[0m
[DEBUG] Sizeof all required data in enclave: 7812 KB
[31mTime of key exchanges for 200 clients: 53.555775ms
[0m
[31mTime of key exchanges per client: 0.247115ms
[0m
Encrpyting user data...
[31mTime of data encryption per client: 4.585653ms[0m
Encprtion completed.

[DEBUG] Times: 1, loaded dim: 500000
[31mTime of secure aggregation: 539.480292ms[0m

[33m[INFO] Aggregate successfully.

[0m[31mTotal time inside the Enclave: 593.045145ms[0m

Secure aggregation completed!
[Info] Destroy enclave: 0.000000ms.
init enclave...
[33m[INFO] Create Enclave: 100.937798ms[0m
Test aggregate time: 0.215046ms

[33m[Info] Sizeof data matrix: 381MB
[0m[DEBUG] loaded num: 500000, times: 1
[31mTime of clear final_x: 0.000000ms
[0m
[DEBUG] loaded num: 500000, times: 1
Clear final x successfully.
[31mTime of entering the enclave: 0.009213ms[0m
[DEBUG] Sizeof all required data in enclave: 7812 KB
[31mTime of key exchanges for 200 clients: 51.913231ms
[0m
[31mTime of key exchanges per client: 0.239623ms
[0m
Encrpyting user data...
[31mTime of data encryption per client: 4.580349ms[0m
Encprtion completed.

[DEBUG] Times: 1, loaded dim: 500000
[31mTime of secure aggregation: 539.049733ms[0m

[33m[INFO] Aggregate successfully.

[0m[31mTotal time inside the Enclave: 590.972177ms[0m

Secure aggregation completed!
[Info] Destroy enclave: 0.000000ms.
init enclave...
[33m[INFO] Create Enclave: 113.389540ms[0m
Test aggregate time: 0.214471ms

[33m[Info] Sizeof data matrix: 381MB
[0m[DEBUG] loaded num: 500000, times: 1
[31mTime of clear final_x: 0.000000ms
[0m
[DEBUG] loaded num: 500000, times: 1
Clear final x successfully.
[31mTime of entering the enclave: 0.008564ms[0m
[DEBUG] Sizeof all required data in enclave: 7812 KB
[31mTime of key exchanges for 200 clients: 52.121986ms
[0m
[31mTime of key exchanges per client: 0.240378ms
[0m
Encrpyting user data...
[31mTime of data encryption per client: 4.626471ms[0m
Encprtion completed.

[DEBUG] Times: 1, loaded dim: 500000
[31mTime of secure aggregation: 531.044862ms[0m

[33m[INFO] Aggregate successfully.

[0m[31mTotal time inside the Enclave: 583.175412ms[0m

Secure aggregation completed!
[Info] Destroy enclave: 0.000000ms.
init enclave...
[33m[INFO] Create Enclave: 101.742555ms[0m
Test aggregate time: 0.213438ms

[33m[Info] Sizeof data matrix: 381MB
[0m[DEBUG] loaded num: 500000, times: 1
[31mTime of clear final_x: 0.000000ms
[0m
[DEBUG] loaded num: 500000, times: 1
Clear final x successfully.
[31mTime of entering the enclave: 0.008855ms[0m
[DEBUG] Sizeof all required data in enclave: 7812 KB
[31mTime of key exchanges for 200 clients: 52.322722ms
[0m
[31mTime of key exchanges per client: 0.240918ms
[0m
Encrpyting user data...
[31mTime of data encryption per client: 4.596513ms[0m
Encprtion completed.

[DEBUG] Times: 1, loaded dim: 500000
[31mTime of secure aggregation: 540.540539ms[0m

[33m[INFO] Aggregate successfully.

[0m[31mTotal time inside the Enclave: 592.872116ms[0m

Secure aggregation completed!
[Info] Destroy enclave: 0.000000ms.
init enclave...
[33m[INFO] Create Enclave: 102.367699ms[0m
Test aggregate time: 0.212922ms

[33m[Info] Sizeof data matrix: 381MB
[0m[DEBUG] loaded num: 500000, times: 1
[31mTime of clear final_x: 0.000000ms
[0m
[DEBUG] loaded num: 500000, times: 1
Clear final x successfully.
[31mTime of entering the enclave: 0.008908ms[0m
[DEBUG] Sizeof all required data in enclave: 7812 KB
[31mTime of key exchanges for 200 clients: 51.857816ms
[0m
[31mTime of key exchanges per client: 0.239914ms
[0m
Encrpyting user data...
[31mTime of data encryption per client: 4.571095ms[0m
Encprtion completed.

[DEBUG] Times: 1, loaded dim: 500000
[31mTime of secure aggregation: 540.440755ms[0m

[33m[INFO] Aggregate successfully.

[0m[31mTotal time inside the Enclave: 592.307479ms[0m

Secure aggregation completed!
[Info] Destroy enclave: 0.000000ms.
init enclave...
[33m[INFO] Create Enclave: 102.641678ms[0m
Test aggregate time: 0.213165ms

[33m[Info] Sizeof data matrix: 381MB
[0m[DEBUG] loaded num: 500000, times: 1
[31mTime of clear final_x: 0.000000ms
[0m
[DEBUG] loaded num: 500000, times: 1
Clear final x successfully.
[31mTime of entering the enclave: 0.008760ms[0m
[DEBUG] Sizeof all required data in enclave: 7812 KB
[31mTime of key exchanges for 200 clients: 55.465079ms
[0m
[31mTime of key exchanges per client: 0.257039ms
[0m
Encrpyting user data...
[31mTime of data encryption per client: 4.573309ms[0m
Encprtion completed.

[DEBUG] Times: 1, loaded dim: 500000
[31mTime of secure aggregation: 530.293570ms[0m

[33m[INFO] Aggregate successfully.

[0m[31mTotal time inside the Enclave: 585.767409ms[0m

Secure aggregation completed!
[Info] Destroy enclave: 0.000000ms.
init enclave...
[33m[INFO] Create Enclave: 102.016545ms[0m
Test aggregate time: 0.213248ms

[33m[Info] Sizeof data matrix: 381MB
[0m[DEBUG] loaded num: 500000, times: 1
[31mTime of clear final_x: 0.000000ms
[0m
[DEBUG] loaded num: 500000, times: 1
Clear final x successfully.
[31mTime of entering the enclave: 0.008645ms[0m
[DEBUG] Sizeof all required data in enclave: 7812 KB
[31mTime of key exchanges for 200 clients: 52.259040ms
[0m
[31mTime of key exchanges per client: 0.242719ms
[0m
Encrpyting user data...
[31mTime of data encryption per client: 4.573133ms[0m
Encprtion completed.

[DEBUG] Times: 1, loaded dim: 500000
[31mTime of secure aggregation: 535.297880ms[0m

[33m[INFO] Aggregate successfully.

[0m[31mTotal time inside the Enclave: 587.565565ms[0m

Secure aggregation completed!
[Info] Destroy enclave: 0.000000ms.
init enclave...
[33m[INFO] Create Enclave: 104.416925ms[0m
Test aggregate time: 0.215430ms

[33m[Info] Sizeof data matrix: 381MB
[0m[DEBUG] loaded num: 500000, times: 1
[31mTime of clear final_x: 0.000000ms
[0m
[DEBUG] loaded num: 500000, times: 1
Clear final x successfully.
[31mTime of entering the enclave: 0.008779ms[0m
[DEBUG] Sizeof all required data in enclave: 7812 KB
[31mTime of key exchanges for 200 clients: 52.571197ms
[0m
[31mTime of key exchanges per client: 0.243988ms
[0m
Encrpyting user data...
[31mTime of data encryption per client: 4.575150ms[0m
Encprtion completed.

[DEBUG] Times: 1, loaded dim: 500000
[31mTime of secure aggregation: 531.824068ms[0m

[33m[INFO] Aggregate successfully.

[0m[31mTotal time inside the Enclave: 584.404044ms[0m

Secure aggregation completed!
[Info] Destroy enclave: 0.000000ms.
init enclave...
[33m[INFO] Create Enclave: 104.480358ms[0m
Test aggregate time: 0.217787ms

[33m[Info] Sizeof data matrix: 381MB
[0m[DEBUG] loaded num: 500000, times: 1
[31mTime of clear final_x: 0.000000ms
[0m
[DEBUG] loaded num: 500000, times: 1
Clear final x successfully.
[31mTime of entering the enclave: 0.008744ms[0m
[DEBUG] Sizeof all required data in enclave: 7812 KB
[31mTime of key exchanges for 200 clients: 52.016888ms
[0m
[31mTime of key exchanges per client: 0.240203ms
[0m
Encrpyting user data...
[31mTime of data encryption per client: 4.582867ms[0m
Encprtion completed.

[DEBUG] Times: 1, loaded dim: 500000
[31mTime of secure aggregation: 541.421834ms[0m

[33m[INFO] Aggregate successfully.

[0m[31mTotal time inside the Enclave: 593.447466ms[0m

Secure aggregation completed!
[Info] Destroy enclave: 0.000000ms.
init enclave...
[33m[INFO] Create Enclave: 105.131882ms[0m
Test aggregate time: 0.213674ms

[33m[Info] Sizeof data matrix: 381MB
[0m[DEBUG] loaded num: 500000, times: 1
[31mTime of clear final_x: 0.000000ms
[0m
[DEBUG] loaded num: 500000, times: 1
Clear final x successfully.
[31mTime of entering the enclave: 0.009138ms[0m
[DEBUG] Sizeof all required data in enclave: 7812 KB
[31mTime of key exchanges for 200 clients: 52.184988ms
[0m
[31mTime of key exchanges per client: 0.240224ms
[0m
Encrpyting user data...
[31mTime of data encryption per client: 4.569937ms[0m
Encprtion completed.

[DEBUG] Times: 1, loaded dim: 500000
[31mTime of secure aggregation: 534.164925ms[0m

[33m[INFO] Aggregate successfully.

[0m[31mTotal time inside the Enclave: 586.359051ms[0m

Secure aggregation completed!
[Info] Destroy enclave: 0.000000ms.
init enclave...
[33m[INFO] Create Enclave: 105.825910ms[0m
Test aggregate time: 0.213114ms

[33m[Info] Sizeof data matrix: 381MB
[0m[DEBUG] loaded num: 500000, times: 1
[31mTime of clear final_x: 0.000000ms
[0m
[DEBUG] loaded num: 500000, times: 1
Clear final x successfully.
[31mTime of entering the enclave: 0.008863ms[0m
[DEBUG] Sizeof all required data in enclave: 7812 KB
[31mTime of key exchanges for 200 clients: 51.951715ms
[0m
[31mTime of key exchanges per client: 0.239957ms
[0m
Encrpyting user data...
[31mTime of data encryption per client: 4.558678ms[0m
Encprtion completed.

[DEBUG] Times: 1, loaded dim: 500000
[31mTime of secure aggregation: 537.303797ms[0m

[33m[INFO] Aggregate successfully.

[0m[31mTotal time inside the Enclave: 589.264375ms[0m

Secure aggregation completed!
[Info] Destroy enclave: 0.000000ms.
init enclave...
[33m[INFO] Create Enclave: 101.280956ms[0m
Test aggregate time: 0.213645ms

[33m[Info] Sizeof data matrix: 381MB
[0m[DEBUG] loaded num: 500000, times: 1
[31mTime of clear final_x: 0.000000ms
[0m
[DEBUG] loaded num: 500000, times: 1
Clear final x successfully.
[31mTime of entering the enclave: 0.008762ms[0m
[DEBUG] Sizeof all required data in enclave: 7812 KB
[31mTime of key exchanges for 200 clients: 51.957533ms
[0m
[31mTime of key exchanges per client: 0.240497ms
[0m
Encrpyting user data...
[31mTime of data encryption per client: 4.566760ms[0m
Encprtion completed.

[DEBUG] Times: 1, loaded dim: 500000
[31mTime of secure aggregation: 533.980242ms[0m

[33m[INFO] Aggregate successfully.

[0m[31mTotal time inside the Enclave: 585.946537ms[0m

Secure aggregation completed!
[Info] Destroy enclave: 0.000000ms.
init enclave...
[33m[INFO] Create Enclave: 100.826647ms[0m
Test aggregate time: 0.214661ms

[33m[Info] Sizeof data matrix: 381MB
[0m[DEBUG] loaded num: 500000, times: 1
[31mTime of clear final_x: 0.000000ms
[0m
[DEBUG] loaded num: 500000, times: 1
Clear final x successfully.
[31mTime of entering the enclave: 0.009566ms[0m
[DEBUG] Sizeof all required data in enclave: 7812 KB
[31mTime of key exchanges for 200 clients: 52.285853ms
[0m
[31mTime of key exchanges per client: 0.242025ms
[0m
Encrpyting user data...
[31mTime of data encryption per client: 4.567780ms[0m
Encprtion completed.

[DEBUG] Times: 1, loaded dim: 500000
[31mTime of secure aggregation: 536.993366ms[0m

[33m[INFO] Aggregate successfully.

[0m[31mTotal time inside the Enclave: 589.288785ms[0m

Secure aggregation completed!
[Info] Destroy enclave: 0.000000ms.
init enclave...
[33m[INFO] Create Enclave: 102.675275ms[0m
Test aggregate time: 0.213204ms

[33m[Info] Sizeof data matrix: 381MB
[0m[DEBUG] loaded num: 500000, times: 1
[31mTime of clear final_x: 0.000000ms
[0m
[DEBUG] loaded num: 500000, times: 1
Clear final x successfully.
[31mTime of entering the enclave: 0.008114ms[0m
[DEBUG] Sizeof all required data in enclave: 7812 KB
[31mTime of key exchanges for 200 clients: 52.051300ms
[0m
[31mTime of key exchanges per client: 0.240760ms
[0m
Encrpyting user data...
[31mTime of data encryption per client: 4.565397ms[0m
Encprtion completed.

[DEBUG] Times: 1, loaded dim: 500000
[31mTime of secure aggregation: 538.851351ms[0m

[33m[INFO] Aggregate successfully.

[0m[31mTotal time inside the Enclave: 590.910765ms[0m

Secure aggregation completed!
[Info] Destroy enclave: 0.000000ms.
init enclave...
[33m[INFO] Create Enclave: 118.558583ms[0m
Test aggregate time: 0.214230ms

[33m[Info] Sizeof data matrix: 381MB
[0m[DEBUG] loaded num: 500000, times: 1
[31mTime of clear final_x: 0.000000ms
[0m
[DEBUG] loaded num: 500000, times: 1
Clear final x successfully.
[31mTime of entering the enclave: 0.008551ms[0m
[DEBUG] Sizeof all required data in enclave: 7812 KB
[31mTime of key exchanges for 200 clients: 51.897210ms
[0m
[31mTime of key exchanges per client: 0.239616ms
[0m
Encrpyting user data...
[31mTime of data encryption per client: 4.563087ms[0m
Encprtion completed.

[DEBUG] Times: 1, loaded dim: 500000
[31mTime of secure aggregation: 539.199565ms[0m

[33m[INFO] Aggregate successfully.

[0m[31mTotal time inside the Enclave: 591.105326ms[0m

Secure aggregation completed!
[Info] Destroy enclave: 0.000000ms.
init enclave...
[33m[INFO] Create Enclave: 102.830971ms[0m
Test aggregate time: 0.213520ms

[33m[Info] Sizeof data matrix: 381MB
[0m[DEBUG] loaded num: 500000, times: 1
[31mTime of clear final_x: 0.000000ms
[0m
[DEBUG] loaded num: 500000, times: 1
Clear final x successfully.
[31mTime of entering the enclave: 0.008740ms[0m
[DEBUG] Sizeof all required data in enclave: 7812 KB
[31mTime of key exchanges for 200 clients: 52.648768ms
[0m
[31mTime of key exchanges per client: 0.245095ms
[0m
Encrpyting user data...
[31mTime of data encryption per client: 4.574584ms[0m
Encprtion completed.

[DEBUG] Times: 1, loaded dim: 500000
[31mTime of secure aggregation: 533.316666ms[0m

[33m[INFO] Aggregate successfully.

[0m[31mTotal time inside the Enclave: 585.974174ms[0m

Secure aggregation completed!
[Info] Destroy enclave: 0.000000ms.
init enclave...
[33m[INFO] Create Enclave: 104.551523ms[0m
Test aggregate time: 0.214239ms

[33m[Info] Sizeof data matrix: 381MB
[0m[DEBUG] loaded num: 500000, times: 1
[31mTime of clear final_x: 0.000000ms
[0m
[DEBUG] loaded num: 500000, times: 1
Clear final x successfully.
[31mTime of entering the enclave: 0.008877ms[0m
[DEBUG] Sizeof all required data in enclave: 7812 KB
[31mTime of key exchanges for 200 clients: 52.098478ms
[0m
[31mTime of key exchanges per client: 0.241431ms
[0m
Encrpyting user data...
[31mTime of data encryption per client: 4.583274ms[0m
Encprtion completed.

[DEBUG] Times: 1, loaded dim: 500000
[31mTime of secure aggregation: 547.933761ms[0m

[33m[INFO] Aggregate successfully.

[0m[31mTotal time inside the Enclave: 600.041116ms[0m

Secure aggregation completed!
[Info] Destroy enclave: 0.000000ms.
init enclave...
[33m[INFO] Create Enclave: 102.671369ms[0m
Test aggregate time: 0.213784ms

[33m[Info] Sizeof data matrix: 381MB
[0m[DEBUG] loaded num: 500000, times: 1
[31mTime of clear final_x: 0.000000ms
[0m
[DEBUG] loaded num: 500000, times: 1
Clear final x successfully.
[31mTime of entering the enclave: 0.008830ms[0m
[DEBUG] Sizeof all required data in enclave: 7812 KB
[31mTime of key exchanges for 200 clients: 51.797806ms
[0m
[31mTime of key exchanges per client: 0.239720ms
[0m
Encrpyting user data...
[31mTime of data encryption per client: 4.561727ms[0m
Encprtion completed.

[DEBUG] Times: 1, loaded dim: 500000
[31mTime of secure aggregation: 535.720713ms[0m

[33m[INFO] Aggregate successfully.

[0m[31mTotal time inside the Enclave: 587.527349ms[0m

Secure aggregation completed!
[Info] Destroy enclave: 0.000000ms.
init enclave...
[33m[INFO] Create Enclave: 103.388214ms[0m
Test aggregate time: 0.214169ms

[33m[Info] Sizeof data matrix: 381MB
[0m[DEBUG] loaded num: 500000, times: 1
[31mTime of clear final_x: 0.000000ms
[0m
[DEBUG] loaded num: 500000, times: 1
Clear final x successfully.
[31mTime of entering the enclave: 0.009077ms[0m
[DEBUG] Sizeof all required data in enclave: 7812 KB
[31mTime of key exchanges for 200 clients: 51.988032ms
[0m
[31mTime of key exchanges per client: 0.241085ms
[0m
Encrpyting user data...
[31mTime of data encryption per client: 4.572336ms[0m
Encprtion completed.

[DEBUG] Times: 1, loaded dim: 500000
[31mTime of secure aggregation: 538.383122ms[0m

[33m[INFO] Aggregate successfully.

[0m[31mTotal time inside the Enclave: 590.380231ms[0m

Secure aggregation completed!
[Info] Destroy enclave: 0.000000ms.
init enclave...
[33m[INFO] Create Enclave: 103.917615ms[0m
Test aggregate time: 0.213627ms

[33m[Info] Sizeof data matrix: 381MB
[0m[DEBUG] loaded num: 500000, times: 1
[31mTime of clear final_x: 0.000000ms
[0m
[DEBUG] loaded num: 500000, times: 1
Clear final x successfully.
[31mTime of entering the enclave: 0.009516ms[0m
[DEBUG] Sizeof all required data in enclave: 7812 KB
[31mTime of key exchanges for 200 clients: 51.930221ms
[0m
[31mTime of key exchanges per client: 0.238831ms
[0m
Encrpyting user data...
[31mTime of data encryption per client: 4.583364ms[0m
Encprtion completed.

[DEBUG] Times: 1, loaded dim: 500000
[31mTime of secure aggregation: 553.140888ms[0m

[33m[INFO] Aggregate successfully.

[0m[31mTotal time inside the Enclave: 605.080625ms[0m

Secure aggregation completed!
[Info] Destroy enclave: 0.000000ms.
init enclave...
[33m[INFO] Create Enclave: 101.568673ms[0m
Test aggregate time: 0.213298ms

[33m[Info] Sizeof data matrix: 381MB
[0m[DEBUG] loaded num: 500000, times: 1
[31mTime of clear final_x: 0.000000ms
[0m
[DEBUG] loaded num: 500000, times: 1
Clear final x successfully.
[31mTime of entering the enclave: 0.008852ms[0m
[DEBUG] Sizeof all required data in enclave: 7812 KB
[31mTime of key exchanges for 200 clients: 52.118722ms
[0m
[31mTime of key exchanges per client: 0.240625ms
[0m
Encrpyting user data...
[31mTime of data encryption per client: 4.597580ms[0m
Encprtion completed.

[DEBUG] Times: 1, loaded dim: 500000
[31mTime of secure aggregation: 535.546556ms[0m

[33m[INFO] Aggregate successfully.

[0m[31mTotal time inside the Enclave: 587.674130ms[0m

Secure aggregation completed!
[Info] Destroy enclave: 0.000000ms.
init enclave...
[33m[INFO] Create Enclave: 102.146817ms[0m
Test aggregate time: 0.213593ms

[33m[Info] Sizeof data matrix: 381MB
[0m[DEBUG] loaded num: 500000, times: 1
[31mTime of clear final_x: 0.000000ms
[0m
[DEBUG] loaded num: 500000, times: 1
Clear final x successfully.
[31mTime of entering the enclave: 0.008871ms[0m
[DEBUG] Sizeof all required data in enclave: 7812 KB
[31mTime of key exchanges for 200 clients: 52.222452ms
[0m
[31mTime of key exchanges per client: 0.240592ms
[0m
Encrpyting user data...
[31mTime of data encryption per client: 4.556978ms[0m
Encprtion completed.

[DEBUG] Times: 1, loaded dim: 500000
[31mTime of secure aggregation: 530.723978ms[0m

[33m[INFO] Aggregate successfully.

[0m[31mTotal time inside the Enclave: 582.955301ms[0m

Secure aggregation completed!
[Info] Destroy enclave: 0.000000ms.
init enclave...
[33m[INFO] Create Enclave: 107.204552ms[0m
Test aggregate time: 0.214037ms

[33m[Info] Sizeof data matrix: 381MB
[0m[DEBUG] loaded num: 500000, times: 1
[31mTime of clear final_x: 0.000000ms
[0m
[DEBUG] loaded num: 500000, times: 1
Clear final x successfully.
[31mTime of entering the enclave: 0.010197ms[0m
[DEBUG] Sizeof all required data in enclave: 7812 KB
[31mTime of key exchanges for 200 clients: 52.859787ms
[0m
[31mTime of key exchanges per client: 0.244903ms
[0m
Encrpyting user data...
[31mTime of data encryption per client: 4.637878ms[0m
Encprtion completed.

[DEBUG] Times: 1, loaded dim: 500000
[31mTime of secure aggregation: 537.692872ms[0m

[33m[INFO] Aggregate successfully.

[0m[31mTotal time inside the Enclave: 590.562856ms[0m

Secure aggregation completed!
[Info] Destroy enclave: 0.000000ms.
