init enclave...
[33m[INFO] Create Enclave: 102.759771ms[0m
Test aggregate time: 0.171773ms

[33m[Info] Sizeof data matrix: 305MB
[0m[DEBUG] loaded num: 400000, times: 1
[31mTime of clear final_x: 0.000000ms
[0m
[DEBUG] loaded num: 400000, times: 1
Clear final x successfully.
[31mTime of entering the enclave: 0.008411ms[0m
[DEBUG] Sizeof all required data in enclave: 6250 KB
[31mTime of key exchanges for 200 clients: 52.900421ms
[0m
[31mTime of key exchanges per client: 0.245188ms
[0m
Encrpyting user data...
[31mTime of data encryption per client: 3.663129ms[0m
Encprtion completed.

[DEBUG] Times: 1, loaded dim: 400000
[31mTime of secure aggregation: 429.855581ms[0m

[33m[INFO] Aggregate successfully.

[0m[31mTotal time inside the Enclave: 482.764413ms[0m

Secure aggregation completed!
[Info] Destroy enclave: 0.000000ms.
init enclave...
[33m[INFO] Create Enclave: 101.427134ms[0m
Test aggregate time: 0.171058ms

[33m[Info] Sizeof data matrix: 305MB
[0m[DEBUG] loaded num: 400000, times: 1
[31mTime of clear final_x: 0.000000ms
[0m
[DEBUG] loaded num: 400000, times: 1
Clear final x successfully.
[31mTime of entering the enclave: 0.009980ms[0m
[DEBUG] Sizeof all required data in enclave: 6250 KB
[31mTime of key exchanges for 200 clients: 52.102053ms
[0m
[31mTime of key exchanges per client: 0.241039ms
[0m
Encrpyting user data...
[31mTime of data encryption per client: 3.665443ms[0m
Encprtion completed.

[DEBUG] Times: 1, loaded dim: 400000
[31mTime of secure aggregation: 425.793424ms[0m

[33m[INFO] Aggregate successfully.

[0m[31mTotal time inside the Enclave: 477.905457ms[0m

Secure aggregation completed!
[Info] Destroy enclave: 0.000000ms.
init enclave...
[33m[INFO] Create Enclave: 105.754308ms[0m
Test aggregate time: 0.172286ms

[33m[Info] Sizeof data matrix: 305MB
[0m[DEBUG] loaded num: 400000, times: 1
[31mTime of clear final_x: 0.000000ms
[0m
[DEBUG] loaded num: 400000, times: 1
Clear final x successfully.
[31mTime of entering the enclave: 0.008672ms[0m
[DEBUG] Sizeof all required data in enclave: 6250 KB
[31mTime of key exchanges for 200 clients: 52.648604ms
[0m
[31mTime of key exchanges per client: 0.242475ms
[0m
Encrpyting user data...
[31mTime of data encryption per client: 3.671220ms[0m
Encprtion completed.

[DEBUG] Times: 1, loaded dim: 400000
[31mTime of secure aggregation: 426.803483ms[0m

[33m[INFO] Aggregate successfully.

[0m[31mTotal time inside the Enclave: 479.460759ms[0m

Secure aggregation completed!
[Info] Destroy enclave: 0.000000ms.
init enclave...
[33m[INFO] Create Enclave: 103.369494ms[0m
Test aggregate time: 0.171132ms

[33m[Info] Sizeof data matrix: 305MB
[0m[DEBUG] loaded num: 400000, times: 1
[31mTime of clear final_x: 0.000000ms
[0m
[DEBUG] loaded num: 400000, times: 1
Clear final x successfully.
[31mTime of entering the enclave: 0.012360ms[0m
[DEBUG] Sizeof all required data in enclave: 6250 KB
[31mTime of key exchanges for 200 clients: 52.361281ms
[0m
[31mTime of key exchanges per client: 0.242101ms
[0m
Encrpyting user data...
[31mTime of data encryption per client: 3.662871ms[0m
Encprtion completed.

[DEBUG] Times: 1, loaded dim: 400000
[31mTime of secure aggregation: 427.419574ms[0m

[33m[INFO] Aggregate successfully.

[0m[31mTotal time inside the Enclave: 479.793215ms[0m

Secure aggregation completed!
[Info] Destroy enclave: 0.000000ms.
init enclave...
[33m[INFO] Create Enclave: 102.182691ms[0m
Test aggregate time: 0.170294ms

[33m[Info] Sizeof data matrix: 305MB
[0m[DEBUG] loaded num: 400000, times: 1
[31mTime of clear final_x: 0.000000ms
[0m
[DEBUG] loaded num: 400000, times: 1
Clear final x successfully.
[31mTime of entering the enclave: 0.008244ms[0m
[DEBUG] Sizeof all required data in enclave: 6250 KB
[31mTime of key exchanges for 200 clients: 52.255632ms
[0m
[31mTime of key exchanges per client: 0.242150ms
[0m
Encrpyting user data...
[31mTime of data encryption per client: 3.662112ms[0m
Encprtion completed.

[DEBUG] Times: 1, loaded dim: 400000
[31mTime of secure aggregation: 426.074329ms[0m

[33m[INFO] Aggregate successfully.

[0m[31mTotal time inside the Enclave: 478.338205ms[0m

Secure aggregation completed!
[Info] Destroy enclave: 0.000000ms.
init enclave...
[33m[INFO] Create Enclave: 102.756823ms[0m
Test aggregate time: 0.170765ms

[33m[Info] Sizeof data matrix: 305MB
[0m[DEBUG] loaded num: 400000, times: 1
[31mTime of clear final_x: 0.000000ms
[0m
[DEBUG] loaded num: 400000, times: 1
Clear final x successfully.
[31mTime of entering the enclave: 0.008913ms[0m
[DEBUG] Sizeof all required data in enclave: 6250 KB
[31mTime of key exchanges for 200 clients: 52.012151ms
[0m
[31mTime of key exchanges per client: 0.240925ms
[0m
Encrpyting user data...
[31mTime of data encryption per client: 3.656943ms[0m
Encprtion completed.

[DEBUG] Times: 1, loaded dim: 400000
[31mTime of secure aggregation: 426.316656ms[0m

[33m[INFO] Aggregate successfully.

[0m[31mTotal time inside the Enclave: 478.337720ms[0m

Secure aggregation completed!
[Info] Destroy enclave: 0.000000ms.
init enclave...
[33m[INFO] Create Enclave: 101.145462ms[0m
Test aggregate time: 0.171425ms

[33m[Info] Sizeof data matrix: 305MB
[0m[DEBUG] loaded num: 400000, times: 1
[31mTime of clear final_x: 0.000000ms
[0m
[DEBUG] loaded num: 400000, times: 1
Clear final x successfully.
[31mTime of entering the enclave: 0.008927ms[0m
[DEBUG] Sizeof all required data in enclave: 6250 KB
[31mTime of key exchanges for 200 clients: 52.160614ms
[0m
[31mTime of key exchanges per client: 0.240616ms
[0m
Encrpyting user data...
[31mTime of data encryption per client: 3.703918ms[0m
Encprtion completed.

[DEBUG] Times: 1, loaded dim: 400000
[31mTime of secure aggregation: 448.630024ms[0m

[33m[INFO] Aggregate successfully.

[0m[31mTotal time inside the Enclave: 500.799565ms[0m

Secure aggregation completed!
[Info] Destroy enclave: 0.000000ms.
init enclave...
[33m[INFO] Create Enclave: 103.402171ms[0m
Test aggregate time: 0.171256ms

[33m[Info] Sizeof data matrix: 305MB
[0m[DEBUG] loaded num: 400000, times: 1
[31mTime of clear final_x: 0.000000ms
[0m
[DEBUG] loaded num: 400000, times: 1
Clear final x successfully.
[31mTime of entering the enclave: 0.008325ms[0m
[DEBUG] Sizeof all required data in enclave: 6250 KB
[31mTime of key exchanges for 200 clients: 52.048386ms
[0m
[31mTime of key exchanges per client: 0.240908ms
[0m
Encrpyting user data...
[31mTime of data encryption per client: 3.647589ms[0m
Encprtion completed.

[DEBUG] Times: 1, loaded dim: 400000
[31mTime of secure aggregation: 428.720847ms[0m

[33m[INFO] Aggregate successfully.

[0m[31mTotal time inside the Enclave: 480.777558ms[0m

Secure aggregation completed!
[Info] Destroy enclave: 0.000000ms.
init enclave...
[33m[INFO] Create Enclave: 102.346640ms[0m
Test aggregate time: 0.170710ms

[33m[Info] Sizeof data matrix: 305MB
[0m[DEBUG] loaded num: 400000, times: 1
[31mTime of clear final_x: 0.000000ms
[0m
[DEBUG] loaded num: 400000, times: 1
Clear final x successfully.
[31mTime of entering the enclave: 0.008282ms[0m
[DEBUG] Sizeof all required data in enclave: 6250 KB
[31mTime of key exchanges for 200 clients: 52.170274ms
[0m
[31mTime of key exchanges per client: 0.241001ms
[0m
Encrpyting user data...
[31mTime of data encryption per client: 3.657659ms[0m
Encprtion completed.

[DEBUG] Times: 1, loaded dim: 400000
[31mTime of secure aggregation: 430.807068ms[0m

[33m[INFO] Aggregate successfully.

[0m[31mTotal time inside the Enclave: 482.985624ms[0m

Secure aggregation completed!
[Info] Destroy enclave: 0.000000ms.
init enclave...
[33m[INFO] Create Enclave: 102.890820ms[0m
Test aggregate time: 0.170712ms

[33m[Info] Sizeof data matrix: 305MB
[0m[DEBUG] loaded num: 400000, times: 1
[31mTime of clear final_x: 0.000000ms
[0m
[DEBUG] loaded num: 400000, times: 1
Clear final x successfully.
[31mTime of entering the enclave: 0.008487ms[0m
[DEBUG] Sizeof all required data in enclave: 6250 KB
[31mTime of key exchanges for 200 clients: 52.116568ms
[0m
[31mTime of key exchanges per client: 0.241223ms
[0m
Encrpyting user data...
[31mTime of data encryption per client: 3.651226ms[0m
Encprtion completed.

[DEBUG] Times: 1, loaded dim: 400000
[31mTime of secure aggregation: 426.722561ms[0m

[33m[INFO] Aggregate successfully.

[0m[31mTotal time inside the Enclave: 478.847616ms[0m

Secure aggregation completed!
[Info] Destroy enclave: 0.000000ms.
init enclave...
[33m[INFO] Create Enclave: 103.435824ms[0m
Test aggregate time: 0.177460ms

[33m[Info] Sizeof data matrix: 305MB
[0m[DEBUG] loaded num: 400000, times: 1
[31mTime of clear final_x: 0.000000ms
[0m
[DEBUG] loaded num: 400000, times: 1
Clear final x successfully.
[31mTime of entering the enclave: 0.007852ms[0m
[DEBUG] Sizeof all required data in enclave: 6250 KB
[31mTime of key exchanges for 200 clients: 52.531144ms
[0m
[31mTime of key exchanges per client: 0.242860ms
[0m
Encrpyting user data...
[31mTime of data encryption per client: 3.647759ms[0m
Encprtion completed.

[DEBUG] Times: 1, loaded dim: 400000
[31mTime of secure aggregation: 427.567964ms[0m

[33m[INFO] Aggregate successfully.

[0m[31mTotal time inside the Enclave: 480.106960ms[0m

Secure aggregation completed!
[Info] Destroy enclave: 0.000000ms.
init enclave...
[33m[INFO] Create Enclave: 101.871163ms[0m
Test aggregate time: 0.170659ms

[33m[Info] Sizeof data matrix: 305MB
[0m[DEBUG] loaded num: 400000, times: 1
[31mTime of clear final_x: 0.000000ms
[0m
[DEBUG] loaded num: 400000, times: 1
Clear final x successfully.
[31mTime of entering the enclave: 0.009641ms[0m
[DEBUG] Sizeof all required data in enclave: 6250 KB
[31mTime of key exchanges for 200 clients: 52.019105ms
[0m
[31mTime of key exchanges per client: 0.240531ms
[0m
Encrpyting user data...
[31mTime of data encryption per client: 3.641413ms[0m
Encprtion completed.

[DEBUG] Times: 1, loaded dim: 400000
[31mTime of secure aggregation: 425.574787ms[0m

[33m[INFO] Aggregate successfully.

[0m[31mTotal time inside the Enclave: 477.603533ms[0m

Secure aggregation completed!
[Info] Destroy enclave: 0.000000ms.
init enclave...
[33m[INFO] Create Enclave: 101.785395ms[0m
Test aggregate time: 0.171041ms

[33m[Info] Sizeof data matrix: 305MB
[0m[DEBUG] loaded num: 400000, times: 1
[31mTime of clear final_x: 0.000000ms
[0m
[DEBUG] loaded num: 400000, times: 1
Clear final x successfully.
[31mTime of entering the enclave: 0.008247ms[0m
[DEBUG] Sizeof all required data in enclave: 6250 KB
[31mTime of key exchanges for 200 clients: 52.163671ms
[0m
[31mTime of key exchanges per client: 0.241230ms
[0m
Encrpyting user data...
[31mTime of data encryption per client: 3.655330ms[0m
Encprtion completed.

[DEBUG] Times: 1, loaded dim: 400000
[31mTime of secure aggregation: 427.180775ms[0m

[33m[INFO] Aggregate successfully.

[0m[31mTotal time inside the Enclave: 479.352693ms[0m

Secure aggregation completed!
[Info] Destroy enclave: 0.000000ms.
init enclave...
[33m[INFO] Create Enclave: 101.968228ms[0m
Test aggregate time: 0.170732ms

[33m[Info] Sizeof data matrix: 305MB
[0m[DEBUG] loaded num: 400000, times: 1
[31mTime of clear final_x: 0.000000ms
[0m
[DEBUG] loaded num: 400000, times: 1
Clear final x successfully.
[31mTime of entering the enclave: 0.007793ms[0m
[DEBUG] Sizeof all required data in enclave: 6250 KB
[31mTime of key exchanges for 200 clients: 52.086994ms
[0m
[31mTime of key exchanges per client: 0.240210ms
[0m
Encrpyting user data...
[31mTime of data encryption per client: 3.649767ms[0m
Encprtion completed.

[DEBUG] Times: 1, loaded dim: 400000
[31mTime of secure aggregation: 436.364669ms[0m

[33m[INFO] Aggregate successfully.

[0m[31mTotal time inside the Enclave: 488.459456ms[0m

Secure aggregation completed!
[Info] Destroy enclave: 0.000000ms.
init enclave...
[33m[INFO] Create Enclave: 101.749800ms[0m
Test aggregate time: 0.171461ms

[33m[Info] Sizeof data matrix: 305MB
[0m[DEBUG] loaded num: 400000, times: 1
[31mTime of clear final_x: 0.000000ms
[0m
[DEBUG] loaded num: 400000, times: 1
Clear final x successfully.
[31mTime of entering the enclave: 0.008329ms[0m
[DEBUG] Sizeof all required data in enclave: 6250 KB
[31mTime of key exchanges for 200 clients: 52.297119ms
[0m
[31mTime of key exchanges per client: 0.241597ms
[0m
Encrpyting user data...
[31mTime of data encryption per client: 3.667085ms[0m
Encprtion completed.

[DEBUG] Times: 1, loaded dim: 400000
[31mTime of secure aggregation: 428.809281ms[0m

[33m[INFO] Aggregate successfully.

[0m[31mTotal time inside the Enclave: 481.114729ms[0m

Secure aggregation completed!
[Info] Destroy enclave: 0.000000ms.
init enclave...
[33m[INFO] Create Enclave: 102.399791ms[0m
Test aggregate time: 0.170680ms

[33m[Info] Sizeof data matrix: 305MB
[0m[DEBUG] loaded num: 400000, times: 1
[31mTime of clear final_x: 0.000000ms
[0m
[DEBUG] loaded num: 400000, times: 1
Clear final x successfully.
[31mTime of entering the enclave: 0.008589ms[0m
[DEBUG] Sizeof all required data in enclave: 6250 KB
[31mTime of key exchanges for 200 clients: 51.953262ms
[0m
[31mTime of key exchanges per client: 0.240267ms
[0m
Encrpyting user data...
[31mTime of data encryption per client: 3.660086ms[0m
Encprtion completed.

[DEBUG] Times: 1, loaded dim: 400000
[31mTime of secure aggregation: 427.644212ms[0m

[33m[INFO] Aggregate successfully.

[0m[31mTotal time inside the Enclave: 479.606063ms[0m

Secure aggregation completed!
[Info] Destroy enclave: 0.000000ms.
init enclave...
[33m[INFO] Create Enclave: 103.422353ms[0m
Test aggregate time: 0.170979ms

[33m[Info] Sizeof data matrix: 305MB
[0m[DEBUG] loaded num: 400000, times: 1
[31mTime of clear final_x: 0.000000ms
[0m
[DEBUG] loaded num: 400000, times: 1
Clear final x successfully.
[31mTime of entering the enclave: 0.008717ms[0m
[DEBUG] Sizeof all required data in enclave: 6250 KB
[31mTime of key exchanges for 200 clients: 52.063111ms
[0m
[31mTime of key exchanges per client: 0.240438ms
[0m
Encrpyting user data...
[31mTime of data encryption per client: 3.650674ms[0m
Encprtion completed.

[DEBUG] Times: 1, loaded dim: 400000
[31mTime of secure aggregation: 428.163042ms[0m

[33m[INFO] Aggregate successfully.

[0m[31mTotal time inside the Enclave: 480.234870ms[0m

Secure aggregation completed!
[Info] Destroy enclave: 0.000000ms.
init enclave...
[33m[INFO] Create Enclave: 104.090190ms[0m
Test aggregate time: 0.170838ms

[33m[Info] Sizeof data matrix: 305MB
[0m[DEBUG] loaded num: 400000, times: 1
[31mTime of clear final_x: 0.000000ms
[0m
[DEBUG] loaded num: 400000, times: 1
Clear final x successfully.
[31mTime of entering the enclave: 0.008070ms[0m
[DEBUG] Sizeof all required data in enclave: 6250 KB
[31mTime of key exchanges for 200 clients: 51.939537ms
[0m
[31mTime of key exchanges per client: 0.240374ms
[0m
Encrpyting user data...
[31mTime of data encryption per client: 3.695961ms[0m
Encprtion completed.

[DEBUG] Times: 1, loaded dim: 400000
[31mTime of secure aggregation: 429.865397ms[0m

[33m[INFO] Aggregate successfully.

[0m[31mTotal time inside the Enclave: 481.813004ms[0m

Secure aggregation completed!
[Info] Destroy enclave: 0.000000ms.
init enclave...
[33m[INFO] Create Enclave: 104.881851ms[0m
Test aggregate time: 0.170771ms

[33m[Info] Sizeof data matrix: 305MB
[0m[DEBUG] loaded num: 400000, times: 1
[31mTime of clear final_x: 0.000000ms
[0m
[DEBUG] loaded num: 400000, times: 1
Clear final x successfully.
[31mTime of entering the enclave: 0.008370ms[0m
[DEBUG] Sizeof all required data in enclave: 6250 KB
[31mTime of key exchanges for 200 clients: 51.891626ms
[0m
[31mTime of key exchanges per client: 0.240269ms
[0m
Encrpyting user data...
[31mTime of data encryption per client: 3.661545ms[0m
Encprtion completed.

[DEBUG] Times: 1, loaded dim: 400000
[31mTime of secure aggregation: 428.720082ms[0m

[33m[INFO] Aggregate successfully.

[0m[31mTotal time inside the Enclave: 480.620078ms[0m

Secure aggregation completed!
[Info] Destroy enclave: 0.000000ms.
init enclave...
[33m[INFO] Create Enclave: 103.140717ms[0m
Test aggregate time: 0.170530ms

[33m[Info] Sizeof data matrix: 305MB
[0m[DEBUG] loaded num: 400000, times: 1
[31mTime of clear final_x: 0.000000ms
[0m
[DEBUG] loaded num: 400000, times: 1
Clear final x successfully.
[31mTime of entering the enclave: 0.008710ms[0m
[DEBUG] Sizeof all required data in enclave: 6250 KB
[31mTime of key exchanges for 200 clients: 51.862428ms
[0m
[31mTime of key exchanges per client: 0.241206ms
[0m
Encrpyting user data...
[31mTime of data encryption per client: 3.653872ms[0m
Encprtion completed.

[DEBUG] Times: 1, loaded dim: 400000
[31mTime of secure aggregation: 430.713568ms[0m

[33m[INFO] Aggregate successfully.

[0m[31mTotal time inside the Enclave: 482.584706ms[0m

Secure aggregation completed!
[Info] Destroy enclave: 0.000000ms.
init enclave...
[33m[INFO] Create Enclave: 101.061946ms[0m
Test aggregate time: 0.170241ms

[33m[Info] Sizeof data matrix: 305MB
[0m[DEBUG] loaded num: 400000, times: 1
[31mTime of clear final_x: 0.000000ms
[0m
[DEBUG] loaded num: 400000, times: 1
Clear final x successfully.
[31mTime of entering the enclave: 0.008362ms[0m
[DEBUG] Sizeof all required data in enclave: 6250 KB
[31mTime of key exchanges for 200 clients: 52.067231ms
[0m
[31mTime of key exchanges per client: 0.239371ms
[0m
Encrpyting user data...
[31mTime of data encryption per client: 3.638233ms[0m
Encprtion completed.

[DEBUG] Times: 1, loaded dim: 400000
[31mTime of secure aggregation: 432.198964ms[0m

[33m[INFO] Aggregate successfully.

[0m[31mTotal time inside the Enclave: 484.274557ms[0m

Secure aggregation completed!
[Info] Destroy enclave: 0.000000ms.
init enclave...
[33m[INFO] Create Enclave: 116.243155ms[0m
Test aggregate time: 0.170533ms

[33m[Info] Sizeof data matrix: 305MB
[0m[DEBUG] loaded num: 400000, times: 1
[31mTime of clear final_x: 0.000000ms
[0m
[DEBUG] loaded num: 400000, times: 1
Clear final x successfully.
[31mTime of entering the enclave: 0.008891ms[0m
[DEBUG] Sizeof all required data in enclave: 6250 KB
[31mTime of key exchanges for 200 clients: 52.459220ms
[0m
[31mTime of key exchanges per client: 0.241443ms
[0m
Encrpyting user data...
[31mTime of data encryption per client: 3.648637ms[0m
Encprtion completed.

[DEBUG] Times: 1, loaded dim: 400000
[31mTime of secure aggregation: 429.423072ms[0m

[33m[INFO] Aggregate successfully.

[0m[31mTotal time inside the Enclave: 481.891183ms[0m

Secure aggregation completed!
[Info] Destroy enclave: 0.000000ms.
init enclave...
[33m[INFO] Create Enclave: 104.490426ms[0m
Test aggregate time: 0.170962ms

[33m[Info] Sizeof data matrix: 305MB
[0m[DEBUG] loaded num: 400000, times: 1
[31mTime of clear final_x: 0.000000ms
[0m
[DEBUG] loaded num: 400000, times: 1
Clear final x successfully.
[31mTime of entering the enclave: 0.008451ms[0m
[DEBUG] Sizeof all required data in enclave: 6250 KB
[31mTime of key exchanges for 200 clients: 51.953691ms
[0m
[31mTime of key exchanges per client: 0.240615ms
[0m
Encrpyting user data...
[31mTime of data encryption per client: 3.658115ms[0m
Encprtion completed.

[DEBUG] Times: 1, loaded dim: 400000
[31mTime of secure aggregation: 426.851676ms[0m

[33m[INFO] Aggregate successfully.

[0m[31mTotal time inside the Enclave: 478.813818ms[0m

Secure aggregation completed!
[Info] Destroy enclave: 0.000000ms.
init enclave...
[33m[INFO] Create Enclave: 102.755106ms[0m
Test aggregate time: 0.170668ms

[33m[Info] Sizeof data matrix: 305MB
[0m[DEBUG] loaded num: 400000, times: 1
[31mTime of clear final_x: 0.000000ms
[0m
[DEBUG] loaded num: 400000, times: 1
Clear final x successfully.
[31mTime of entering the enclave: 0.008111ms[0m
[DEBUG] Sizeof all required data in enclave: 6250 KB
[31mTime of key exchanges for 200 clients: 52.146163ms
[0m
[31mTime of key exchanges per client: 0.240510ms
[0m
Encrpyting user data...
[31mTime of data encryption per client: 3.662293ms[0m
Encprtion completed.

[DEBUG] Times: 1, loaded dim: 400000
[31mTime of secure aggregation: 426.688954ms[0m

[33m[INFO] Aggregate successfully.

[0m[31mTotal time inside the Enclave: 478.843228ms[0m

Secure aggregation completed!
[Info] Destroy enclave: 0.000000ms.
init enclave...
[33m[INFO] Create Enclave: 104.396193ms[0m
Test aggregate time: 0.171785ms

[33m[Info] Sizeof data matrix: 305MB
[0m[DEBUG] loaded num: 400000, times: 1
[31mTime of clear final_x: 0.000000ms
[0m
[DEBUG] loaded num: 400000, times: 1
Clear final x successfully.
[31mTime of entering the enclave: 0.010219ms[0m
[DEBUG] Sizeof all required data in enclave: 6250 KB
[31mTime of key exchanges for 200 clients: 52.091390ms
[0m
[31mTime of key exchanges per client: 0.241287ms
[0m
Encrpyting user data...
[31mTime of data encryption per client: 3.701824ms[0m
Encprtion completed.

[DEBUG] Times: 1, loaded dim: 400000
[31mTime of secure aggregation: 427.473351ms[0m

[33m[INFO] Aggregate successfully.

[0m[31mTotal time inside the Enclave: 479.574960ms[0m

Secure aggregation completed!
[Info] Destroy enclave: 0.000000ms.
init enclave...
[33m[INFO] Create Enclave: 106.146919ms[0m
Test aggregate time: 0.171552ms

[33m[Info] Sizeof data matrix: 305MB
[0m[DEBUG] loaded num: 400000, times: 1
[31mTime of clear final_x: 0.000000ms
[0m
[DEBUG] loaded num: 400000, times: 1
Clear final x successfully.
[31mTime of entering the enclave: 0.008224ms[0m
[DEBUG] Sizeof all required data in enclave: 6250 KB
[31mTime of key exchanges for 200 clients: 52.144655ms
[0m
[31mTime of key exchanges per client: 0.241052ms
[0m
Encrpyting user data...
[31mTime of data encryption per client: 3.695271ms[0m
Encprtion completed.

[DEBUG] Times: 1, loaded dim: 400000
[31mTime of secure aggregation: 430.839016ms[0m

[33m[INFO] Aggregate successfully.

[0m[31mTotal time inside the Enclave: 482.991895ms[0m

Secure aggregation completed!
[Info] Destroy enclave: 0.000000ms.
init enclave...
[33m[INFO] Create Enclave: 101.975946ms[0m
Test aggregate time: 0.173040ms

[33m[Info] Sizeof data matrix: 305MB
[0m[DEBUG] loaded num: 400000, times: 1
[31mTime of clear final_x: 0.000000ms
[0m
[DEBUG] loaded num: 400000, times: 1
Clear final x successfully.
[31mTime of entering the enclave: 0.007980ms[0m
[DEBUG] Sizeof all required data in enclave: 6250 KB
[31mTime of key exchanges for 200 clients: 52.823227ms
[0m
[31mTime of key exchanges per client: 0.244466ms
[0m
Encrpyting user data...
[31mTime of data encryption per client: 3.710651ms[0m
Encprtion completed.

[DEBUG] Times: 1, loaded dim: 400000
[31mTime of secure aggregation: 487.388389ms[0m

[33m[INFO] Aggregate successfully.

[0m[31mTotal time inside the Enclave: 540.219596ms[0m

Secure aggregation completed!
[Info] Destroy enclave: 0.000000ms.
init enclave...
[33m[INFO] Create Enclave: 102.431134ms[0m
Test aggregate time: 0.171046ms

[33m[Info] Sizeof data matrix: 305MB
[0m[DEBUG] loaded num: 400000, times: 1
[31mTime of clear final_x: 0.000000ms
[0m
[DEBUG] loaded num: 400000, times: 1
Clear final x successfully.
[31mTime of entering the enclave: 0.008878ms[0m
[DEBUG] Sizeof all required data in enclave: 6250 KB
[31mTime of key exchanges for 200 clients: 52.087908ms
[0m
[31mTime of key exchanges per client: 0.241174ms
[0m
Encrpyting user data...
[31mTime of data encryption per client: 3.659162ms[0m
Encprtion completed.

[DEBUG] Times: 1, loaded dim: 400000
[31mTime of secure aggregation: 428.825036ms[0m

[33m[INFO] Aggregate successfully.

[0m[31mTotal time inside the Enclave: 480.921822ms[0m

Secure aggregation completed!
[Info] Destroy enclave: 0.000000ms.
init enclave...
[33m[INFO] Create Enclave: 109.984971ms[0m
Test aggregate time: 0.171427ms

[33m[Info] Sizeof data matrix: 305MB
[0m[DEBUG] loaded num: 400000, times: 1
[31mTime of clear final_x: 0.000000ms
[0m
[DEBUG] loaded num: 400000, times: 1
Clear final x successfully.
[31mTime of entering the enclave: 0.010811ms[0m
[DEBUG] Sizeof all required data in enclave: 6250 KB
[31mTime of key exchanges for 200 clients: 52.332778ms
[0m
[31mTime of key exchanges per client: 0.240683ms
[0m
Encrpyting user data...
[31mTime of data encryption per client: 3.666189ms[0m
Encprtion completed.

[DEBUG] Times: 1, loaded dim: 400000
[31mTime of secure aggregation: 429.634112ms[0m

[33m[INFO] Aggregate successfully.

[0m[31mTotal time inside the Enclave: 481.977701ms[0m

Secure aggregation completed!
[Info] Destroy enclave: 0.000000ms.
init enclave...
[33m[INFO] Create Enclave: 103.844157ms[0m
Test aggregate time: 0.170361ms

[33m[Info] Sizeof data matrix: 305MB
[0m[DEBUG] loaded num: 400000, times: 1
[31mTime of clear final_x: 0.000000ms
[0m
[DEBUG] loaded num: 400000, times: 1
Clear final x successfully.
[31mTime of entering the enclave: 0.008426ms[0m
[DEBUG] Sizeof all required data in enclave: 6250 KB
[31mTime of key exchanges for 200 clients: 51.980307ms
[0m
[31mTime of key exchanges per client: 0.240642ms
[0m
Encrpyting user data...
[31mTime of data encryption per client: 3.663022ms[0m
Encprtion completed.

[DEBUG] Times: 1, loaded dim: 400000
[31mTime of secure aggregation: 428.121495ms[0m

[33m[INFO] Aggregate successfully.

[0m[31mTotal time inside the Enclave: 480.110228ms[0m

Secure aggregation completed!
[Info] Destroy enclave: 0.000000ms.
init enclave...
[33m[INFO] Create Enclave: 102.211445ms[0m
Test aggregate time: 0.175051ms

[33m[Info] Sizeof data matrix: 305MB
[0m[DEBUG] loaded num: 400000, times: 1
[31mTime of clear final_x: 0.000000ms
[0m
[DEBUG] loaded num: 400000, times: 1
Clear final x successfully.
[31mTime of entering the enclave: 0.009053ms[0m
[DEBUG] Sizeof all required data in enclave: 6250 KB
[31mTime of key exchanges for 200 clients: 54.198334ms
[0m
[31mTime of key exchanges per client: 0.250012ms
[0m
Encrpyting user data...
[31mTime of data encryption per client: 3.784211ms[0m
Encprtion completed.

[DEBUG] Times: 1, loaded dim: 400000
[31mTime of secure aggregation: 491.441303ms[0m

[33m[INFO] Aggregate successfully.

[0m[31mTotal time inside the Enclave: 545.648690ms[0m

Secure aggregation completed!
[Info] Destroy enclave: 0.000000ms.
init enclave...
[33m[INFO] Create Enclave: 105.548568ms[0m
Test aggregate time: 0.173276ms

[33m[Info] Sizeof data matrix: 305MB
[0m[DEBUG] loaded num: 400000, times: 1
[31mTime of clear final_x: 0.000000ms
[0m
[DEBUG] loaded num: 400000, times: 1
Clear final x successfully.
[31mTime of entering the enclave: 0.007814ms[0m
[DEBUG] Sizeof all required data in enclave: 6250 KB
[31mTime of key exchanges for 200 clients: 52.178507ms
[0m
[31mTime of key exchanges per client: 0.240742ms
[0m
Encrpyting user data...
[31mTime of data encryption per client: 3.701252ms[0m
Encprtion completed.

[DEBUG] Times: 1, loaded dim: 400000
[31mTime of secure aggregation: 450.032477ms[0m

[33m[INFO] Aggregate successfully.

[0m[31mTotal time inside the Enclave: 502.218798ms[0m

Secure aggregation completed!
[Info] Destroy enclave: 0.000000ms.
init enclave...
[33m[INFO] Create Enclave: 108.067939ms[0m
Test aggregate time: 0.173793ms

[33m[Info] Sizeof data matrix: 305MB
[0m[DEBUG] loaded num: 400000, times: 1
[31mTime of clear final_x: 0.000000ms
[0m
[DEBUG] loaded num: 400000, times: 1
Clear final x successfully.
[31mTime of entering the enclave: 0.008878ms[0m
[DEBUG] Sizeof all required data in enclave: 6250 KB
[31mTime of key exchanges for 200 clients: 53.091850ms
[0m
[31mTime of key exchanges per client: 0.245225ms
[0m
Encrpyting user data...
[31mTime of data encryption per client: 3.701981ms[0m
Encprtion completed.

[DEBUG] Times: 1, loaded dim: 400000
[31mTime of secure aggregation: 426.766314ms[0m

[33m[INFO] Aggregate successfully.

[0m[31mTotal time inside the Enclave: 479.867042ms[0m

Secure aggregation completed!
[Info] Destroy enclave: 0.000000ms.
init enclave...
[33m[INFO] Create Enclave: 103.632579ms[0m
Test aggregate time: 0.173297ms

[33m[Info] Sizeof data matrix: 305MB
[0m[DEBUG] loaded num: 400000, times: 1
[31mTime of clear final_x: 0.000000ms
[0m
[DEBUG] loaded num: 400000, times: 1
Clear final x successfully.
[31mTime of entering the enclave: 0.009362ms[0m
[DEBUG] Sizeof all required data in enclave: 6250 KB
[31mTime of key exchanges for 200 clients: 53.305006ms
[0m
[31mTime of key exchanges per client: 0.245247ms
[0m
Encrpyting user data...
[31mTime of data encryption per client: 3.758915ms[0m
Encprtion completed.

[DEBUG] Times: 1, loaded dim: 400000
[31mTime of secure aggregation: 503.180674ms[0m

[33m[INFO] Aggregate successfully.

[0m[31mTotal time inside the Enclave: 556.495042ms[0m

Secure aggregation completed!
[Info] Destroy enclave: 0.000000ms.
init enclave...
[33m[INFO] Create Enclave: 102.188802ms[0m
Test aggregate time: 0.175624ms

[33m[Info] Sizeof data matrix: 305MB
[0m[DEBUG] loaded num: 400000, times: 1
[31mTime of clear final_x: 0.000000ms
[0m
[DEBUG] loaded num: 400000, times: 1
Clear final x successfully.
[31mTime of entering the enclave: 0.009993ms[0m
[DEBUG] Sizeof all required data in enclave: 6250 KB
[31mTime of key exchanges for 200 clients: 53.680353ms
[0m
[31mTime of key exchanges per client: 0.248712ms
[0m
Encrpyting user data...
[31mTime of data encryption per client: 3.759824ms[0m
Encprtion completed.

[DEBUG] Times: 1, loaded dim: 400000
[31mTime of secure aggregation: 527.212003ms[0m

[33m[INFO] Aggregate successfully.

[0m[31mTotal time inside the Enclave: 580.902349ms[0m

Secure aggregation completed!
[Info] Destroy enclave: 0.000000ms.
init enclave...
[33m[INFO] Create Enclave: 107.112359ms[0m
Test aggregate time: 0.174564ms

[33m[Info] Sizeof data matrix: 305MB
[0m[DEBUG] loaded num: 400000, times: 1
[31mTime of clear final_x: 0.000000ms
[0m
[DEBUG] loaded num: 400000, times: 1
Clear final x successfully.
[31mTime of entering the enclave: 0.009078ms[0m
[DEBUG] Sizeof all required data in enclave: 6250 KB
[31mTime of key exchanges for 200 clients: 52.380817ms
[0m
[31mTime of key exchanges per client: 0.242636ms
[0m
Encrpyting user data...
[31mTime of data encryption per client: 3.732888ms[0m
Encprtion completed.

[DEBUG] Times: 1, loaded dim: 400000
[31mTime of secure aggregation: 452.890885ms[0m

[33m[INFO] Aggregate successfully.

[0m[31mTotal time inside the Enclave: 505.280780ms[0m

Secure aggregation completed!
[Info] Destroy enclave: 0.000000ms.
init enclave...
[33m[INFO] Create Enclave: 105.780888ms[0m
Test aggregate time: 0.172153ms

[33m[Info] Sizeof data matrix: 305MB
[0m[DEBUG] loaded num: 400000, times: 1
[31mTime of clear final_x: 0.000000ms
[0m
[DEBUG] loaded num: 400000, times: 1
Clear final x successfully.
[31mTime of entering the enclave: 0.008551ms[0m
[DEBUG] Sizeof all required data in enclave: 6250 KB
[31mTime of key exchanges for 200 clients: 52.254859ms
[0m
[31mTime of key exchanges per client: 0.242597ms
[0m
Encrpyting user data...
[31mTime of data encryption per client: 3.673969ms[0m
Encprtion completed.

[DEBUG] Times: 1, loaded dim: 400000
[31mTime of secure aggregation: 429.097655ms[0m

[33m[INFO] Aggregate successfully.

[0m[31mTotal time inside the Enclave: 481.361065ms[0m

Secure aggregation completed!
[Info] Destroy enclave: 0.000000ms.
init enclave...
[33m[INFO] Create Enclave: 103.390662ms[0m
Test aggregate time: 0.172727ms

[33m[Info] Sizeof data matrix: 305MB
[0m[DEBUG] loaded num: 400000, times: 1
[31mTime of clear final_x: 0.000000ms
[0m
[DEBUG] loaded num: 400000, times: 1
Clear final x successfully.
[31mTime of entering the enclave: 0.007606ms[0m
[DEBUG] Sizeof all required data in enclave: 6250 KB
[31mTime of key exchanges for 200 clients: 52.227046ms
[0m
[31mTime of key exchanges per client: 0.241828ms
[0m
Encrpyting user data...
[31mTime of data encryption per client: 3.680397ms[0m
Encprtion completed.

[DEBUG] Times: 1, loaded dim: 400000
[31mTime of secure aggregation: 433.062291ms[0m

[33m[INFO] Aggregate successfully.

[0m[31mTotal time inside the Enclave: 485.296943ms[0m

Secure aggregation completed!
[Info] Destroy enclave: 0.000000ms.
init enclave...
[33m[INFO] Create Enclave: 111.877030ms[0m
Test aggregate time: 0.177487ms

[33m[Info] Sizeof data matrix: 305MB
[0m[DEBUG] loaded num: 400000, times: 1
[31mTime of clear final_x: 0.000000ms
[0m
[DEBUG] loaded num: 400000, times: 1
Clear final x successfully.
[31mTime of entering the enclave: 0.009564ms[0m
[DEBUG] Sizeof all required data in enclave: 6250 KB
[31mTime of key exchanges for 200 clients: 54.363473ms
[0m
[31mTime of key exchanges per client: 0.250398ms
[0m
Encrpyting user data...
[31mTime of data encryption per client: 3.701241ms[0m
Encprtion completed.

[DEBUG] Times: 1, loaded dim: 400000
[31mTime of secure aggregation: 448.320788ms[0m

[33m[INFO] Aggregate successfully.

[0m[31mTotal time inside the Enclave: 502.693825ms[0m

Secure aggregation completed!
[Info] Destroy enclave: 0.000000ms.
init enclave...
[33m[INFO] Create Enclave: 107.853819ms[0m
Test aggregate time: 0.172609ms

[33m[Info] Sizeof data matrix: 305MB
[0m[DEBUG] loaded num: 400000, times: 1
[31mTime of clear final_x: 0.000000ms
[0m
[DEBUG] loaded num: 400000, times: 1
Clear final x successfully.
[31mTime of entering the enclave: 0.008223ms[0m
[DEBUG] Sizeof all required data in enclave: 6250 KB
[31mTime of key exchanges for 200 clients: 52.433438ms
[0m
[31mTime of key exchanges per client: 0.242313ms
[0m
Encrpyting user data...
[31mTime of data encryption per client: 3.674002ms[0m
Encprtion completed.

[DEBUG] Times: 1, loaded dim: 400000
[31mTime of secure aggregation: 435.235031ms[0m

[33m[INFO] Aggregate successfully.

[0m[31mTotal time inside the Enclave: 487.676692ms[0m

Secure aggregation completed!
[Info] Destroy enclave: 0.000000ms.
init enclave...
[33m[INFO] Create Enclave: 101.637628ms[0m
Test aggregate time: 0.171661ms

[33m[Info] Sizeof data matrix: 305MB
[0m[DEBUG] loaded num: 400000, times: 1
[31mTime of clear final_x: 0.000000ms
[0m
[DEBUG] loaded num: 400000, times: 1
Clear final x successfully.
[31mTime of entering the enclave: 0.009446ms[0m
[DEBUG] Sizeof all required data in enclave: 6250 KB
[31mTime of key exchanges for 200 clients: 52.009475ms
[0m
[31mTime of key exchanges per client: 0.240631ms
[0m
Encrpyting user data...
[31mTime of data encryption per client: 3.654957ms[0m
Encprtion completed.

[DEBUG] Times: 1, loaded dim: 400000
[31mTime of secure aggregation: 428.171681ms[0m

[33m[INFO] Aggregate successfully.

[0m[31mTotal time inside the Enclave: 480.190602ms[0m

Secure aggregation completed!
[Info] Destroy enclave: 0.000000ms.
init enclave...
[33m[INFO] Create Enclave: 101.787398ms[0m
Test aggregate time: 0.171985ms

[33m[Info] Sizeof data matrix: 305MB
[0m[DEBUG] loaded num: 400000, times: 1
[31mTime of clear final_x: 0.000000ms
[0m
[DEBUG] loaded num: 400000, times: 1
Clear final x successfully.
[31mTime of entering the enclave: 0.007862ms[0m
[DEBUG] Sizeof all required data in enclave: 6250 KB
[31mTime of key exchanges for 200 clients: 52.409683ms
[0m
[31mTime of key exchanges per client: 0.241418ms
[0m
Encrpyting user data...
[31mTime of data encryption per client: 3.700241ms[0m
Encprtion completed.

[DEBUG] Times: 1, loaded dim: 400000
[31mTime of secure aggregation: 444.165191ms[0m

[33m[INFO] Aggregate successfully.

[0m[31mTotal time inside the Enclave: 496.582736ms[0m

Secure aggregation completed!
[Info] Destroy enclave: 0.000000ms.
init enclave...
[33m[INFO] Create Enclave: 101.446734ms[0m
Test aggregate time: 0.170529ms

[33m[Info] Sizeof data matrix: 305MB
[0m[DEBUG] loaded num: 400000, times: 1
[31mTime of clear final_x: 0.000000ms
[0m
[DEBUG] loaded num: 400000, times: 1
Clear final x successfully.
[31mTime of entering the enclave: 0.009896ms[0m
[DEBUG] Sizeof all required data in enclave: 6250 KB
[31mTime of key exchanges for 200 clients: 52.556385ms
[0m
[31mTime of key exchanges per client: 0.243623ms
[0m
Encrpyting user data...
[31mTime of data encryption per client: 3.671718ms[0m
Encprtion completed.

[DEBUG] Times: 1, loaded dim: 400000
[31mTime of secure aggregation: 434.767620ms[0m

[33m[INFO] Aggregate successfully.

[0m[31mTotal time inside the Enclave: 487.333901ms[0m

Secure aggregation completed!
[Info] Destroy enclave: 0.000000ms.
init enclave...
[33m[INFO] Create Enclave: 103.666472ms[0m
Test aggregate time: 0.171341ms

[33m[Info] Sizeof data matrix: 305MB
[0m[DEBUG] loaded num: 400000, times: 1
[31mTime of clear final_x: 0.000000ms
[0m
[DEBUG] loaded num: 400000, times: 1
Clear final x successfully.
[31mTime of entering the enclave: 0.008773ms[0m
[DEBUG] Sizeof all required data in enclave: 6250 KB
[31mTime of key exchanges for 200 clients: 52.188249ms
[0m
[31mTime of key exchanges per client: 0.241190ms
[0m
Encrpyting user data...
[31mTime of data encryption per client: 3.667351ms[0m
Encprtion completed.

[DEBUG] Times: 1, loaded dim: 400000
[31mTime of secure aggregation: 429.152999ms[0m

[33m[INFO] Aggregate successfully.

[0m[31mTotal time inside the Enclave: 481.350021ms[0m

Secure aggregation completed!
[Info] Destroy enclave: 0.000000ms.
init enclave...
[33m[INFO] Create Enclave: 101.791793ms[0m
Test aggregate time: 0.170657ms

[33m[Info] Sizeof data matrix: 305MB
[0m[DEBUG] loaded num: 400000, times: 1
[31mTime of clear final_x: 0.000000ms
[0m
[DEBUG] loaded num: 400000, times: 1
Clear final x successfully.
[31mTime of entering the enclave: 0.008668ms[0m
[DEBUG] Sizeof all required data in enclave: 6250 KB
[31mTime of key exchanges for 200 clients: 51.879960ms
[0m
[31mTime of key exchanges per client: 0.240003ms
[0m
Encrpyting user data...
[31mTime of data encryption per client: 3.671405ms[0m
Encprtion completed.

[DEBUG] Times: 1, loaded dim: 400000
[31mTime of secure aggregation: 431.090287ms[0m

[33m[INFO] Aggregate successfully.

[0m[31mTotal time inside the Enclave: 482.978915ms[0m

Secure aggregation completed!
[Info] Destroy enclave: 0.000000ms.
init enclave...
[33m[INFO] Create Enclave: 101.060259ms[0m
Test aggregate time: 0.170601ms

[33m[Info] Sizeof data matrix: 305MB
[0m[DEBUG] loaded num: 400000, times: 1
[31mTime of clear final_x: 0.000000ms
[0m
[DEBUG] loaded num: 400000, times: 1
Clear final x successfully.
[31mTime of entering the enclave: 0.009073ms[0m
[DEBUG] Sizeof all required data in enclave: 6250 KB
[31mTime of key exchanges for 200 clients: 55.605452ms
[0m
[31mTime of key exchanges per client: 0.257902ms
[0m
Encrpyting user data...
[31mTime of data encryption per client: 3.667517ms[0m
Encprtion completed.

[DEBUG] Times: 1, loaded dim: 400000
[31mTime of secure aggregation: 435.131430ms[0m

[33m[INFO] Aggregate successfully.

[0m[31mTotal time inside the Enclave: 490.745955ms[0m

Secure aggregation completed!
[Info] Destroy enclave: 0.000000ms.
init enclave...
[33m[INFO] Create Enclave: 101.938520ms[0m
Test aggregate time: 0.171377ms

[33m[Info] Sizeof data matrix: 305MB
[0m[DEBUG] loaded num: 400000, times: 1
[31mTime of clear final_x: 0.000000ms
[0m
[DEBUG] loaded num: 400000, times: 1
Clear final x successfully.
[31mTime of entering the enclave: 0.008761ms[0m
[DEBUG] Sizeof all required data in enclave: 6250 KB
[31mTime of key exchanges for 200 clients: 52.069198ms
[0m
[31mTime of key exchanges per client: 0.240198ms
[0m
Encrpyting user data...
[31mTime of data encryption per client: 3.649685ms[0m
Encprtion completed.

[DEBUG] Times: 1, loaded dim: 400000
[31mTime of secure aggregation: 429.815348ms[0m

[33m[INFO] Aggregate successfully.

[0m[31mTotal time inside the Enclave: 481.893307ms[0m

Secure aggregation completed!
[Info] Destroy enclave: 0.000000ms.
init enclave...
[33m[INFO] Create Enclave: 100.923690ms[0m
Test aggregate time: 0.171039ms

[33m[Info] Sizeof data matrix: 305MB
[0m[DEBUG] loaded num: 400000, times: 1
[31mTime of clear final_x: 0.000000ms
[0m
[DEBUG] loaded num: 400000, times: 1
Clear final x successfully.
[31mTime of entering the enclave: 0.008440ms[0m
[DEBUG] Sizeof all required data in enclave: 6250 KB
[31mTime of key exchanges for 200 clients: 52.423760ms
[0m
[31mTime of key exchanges per client: 0.242151ms
[0m
Encrpyting user data...
[31mTime of data encryption per client: 3.662000ms[0m
Encprtion completed.

[DEBUG] Times: 1, loaded dim: 400000
[31mTime of secure aggregation: 427.582771ms[0m

[33m[INFO] Aggregate successfully.

[0m[31mTotal time inside the Enclave: 480.014971ms[0m

Secure aggregation completed!
[Info] Destroy enclave: 0.000000ms.
init enclave...
[33m[INFO] Create Enclave: 102.033221ms[0m
Test aggregate time: 0.173266ms

[33m[Info] Sizeof data matrix: 305MB
[0m[DEBUG] loaded num: 400000, times: 1
[31mTime of clear final_x: 0.000000ms
[0m
[DEBUG] loaded num: 400000, times: 1
Clear final x successfully.
[31mTime of entering the enclave: 0.010271ms[0m
[DEBUG] Sizeof all required data in enclave: 6250 KB
[31mTime of key exchanges for 200 clients: 53.623240ms
[0m
[31mTime of key exchanges per client: 0.248289ms
[0m
Encrpyting user data...
[31mTime of data encryption per client: 3.685091ms[0m
Encprtion completed.

[DEBUG] Times: 1, loaded dim: 400000
[31mTime of secure aggregation: 426.382051ms[0m

[33m[INFO] Aggregate successfully.

[0m[31mTotal time inside the Enclave: 480.015562ms[0m

Secure aggregation completed!
[Info] Destroy enclave: 0.000000ms.
init enclave...
[33m[INFO] Create Enclave: 104.303675ms[0m
Test aggregate time: 0.172144ms

[33m[Info] Sizeof data matrix: 305MB
[0m[DEBUG] loaded num: 400000, times: 1
[31mTime of clear final_x: 0.000000ms
[0m
[DEBUG] loaded num: 400000, times: 1
Clear final x successfully.
[31mTime of entering the enclave: 0.008469ms[0m
[DEBUG] Sizeof all required data in enclave: 6250 KB
[31mTime of key exchanges for 200 clients: 52.079672ms
[0m
[31mTime of key exchanges per client: 0.240769ms
[0m
Encrpyting user data...
[31mTime of data encryption per client: 3.674638ms[0m
Encprtion completed.

[DEBUG] Times: 1, loaded dim: 400000
[31mTime of secure aggregation: 429.696858ms[0m

[33m[INFO] Aggregate successfully.

[0m[31mTotal time inside the Enclave: 481.784999ms[0m

Secure aggregation completed!
[Info] Destroy enclave: 0.000000ms.
init enclave...
[33m[INFO] Create Enclave: 100.455018ms[0m
Test aggregate time: 0.174975ms

[33m[Info] Sizeof data matrix: 305MB
[0m[DEBUG] loaded num: 400000, times: 1
[31mTime of clear final_x: 0.000000ms
[0m
[DEBUG] loaded num: 400000, times: 1
Clear final x successfully.
[31mTime of entering the enclave: 0.008490ms[0m
[DEBUG] Sizeof all required data in enclave: 6250 KB
[31mTime of key exchanges for 200 clients: 51.995888ms
[0m
[31mTime of key exchanges per client: 0.240624ms
[0m
Encrpyting user data...
[31mTime of data encryption per client: 3.667085ms[0m
Encprtion completed.

[DEBUG] Times: 1, loaded dim: 400000
[31mTime of secure aggregation: 433.364932ms[0m

[33m[INFO] Aggregate successfully.

[0m[31mTotal time inside the Enclave: 485.369310ms[0m

Secure aggregation completed!
[Info] Destroy enclave: 0.000000ms.
init enclave...
[33m[INFO] Create Enclave: 104.122646ms[0m
Test aggregate time: 0.171407ms

[33m[Info] Sizeof data matrix: 305MB
[0m[DEBUG] loaded num: 400000, times: 1
[31mTime of clear final_x: 0.000000ms
[0m
[DEBUG] loaded num: 400000, times: 1
Clear final x successfully.
[31mTime of entering the enclave: 0.007949ms[0m
[DEBUG] Sizeof all required data in enclave: 6250 KB
[31mTime of key exchanges for 200 clients: 51.879684ms
[0m
[31mTime of key exchanges per client: 0.240868ms
[0m
Encrpyting user data...
[31mTime of data encryption per client: 3.665777ms[0m
Encprtion completed.

[DEBUG] Times: 1, loaded dim: 400000
[31mTime of secure aggregation: 430.155143ms[0m

[33m[INFO] Aggregate successfully.

[0m[31mTotal time inside the Enclave: 482.042776ms[0m

Secure aggregation completed!
[Info] Destroy enclave: 0.000000ms.
init enclave...
[33m[INFO] Create Enclave: 103.201346ms[0m
Test aggregate time: 0.170822ms

[33m[Info] Sizeof data matrix: 305MB
[0m[DEBUG] loaded num: 400000, times: 1
[31mTime of clear final_x: 0.000000ms
[0m
[DEBUG] loaded num: 400000, times: 1
Clear final x successfully.
[31mTime of entering the enclave: 0.008444ms[0m
[DEBUG] Sizeof all required data in enclave: 6250 KB
[31mTime of key exchanges for 200 clients: 52.544738ms
[0m
[31mTime of key exchanges per client: 0.242971ms
[0m
Encrpyting user data...
[31mTime of data encryption per client: 3.702625ms[0m
Encprtion completed.

[DEBUG] Times: 1, loaded dim: 400000
[31mTime of secure aggregation: 429.862109ms[0m

[33m[INFO] Aggregate successfully.

[0m[31mTotal time inside the Enclave: 482.415291ms[0m

Secure aggregation completed!
[Info] Destroy enclave: 0.000000ms.
init enclave...
[33m[INFO] Create Enclave: 103.288518ms[0m
Test aggregate time: 0.170900ms

[33m[Info] Sizeof data matrix: 305MB
[0m[DEBUG] loaded num: 400000, times: 1
[31mTime of clear final_x: 0.000000ms
[0m
[DEBUG] loaded num: 400000, times: 1
Clear final x successfully.
[31mTime of entering the enclave: 0.008317ms[0m
[DEBUG] Sizeof all required data in enclave: 6250 KB
[31mTime of key exchanges for 200 clients: 52.069787ms
[0m
[31mTime of key exchanges per client: 0.240872ms
[0m
Encrpyting user data...
[31mTime of data encryption per client: 3.659334ms[0m
Encprtion completed.

[DEBUG] Times: 1, loaded dim: 400000
[31mTime of secure aggregation: 427.931361ms[0m

[33m[INFO] Aggregate successfully.

[0m[31mTotal time inside the Enclave: 480.009465ms[0m

Secure aggregation completed!
[Info] Destroy enclave: 0.000000ms.
init enclave...
[33m[INFO] Create Enclave: 112.929825ms[0m
Test aggregate time: 0.171026ms

[33m[Info] Sizeof data matrix: 305MB
[0m[DEBUG] loaded num: 400000, times: 1
[31mTime of clear final_x: 0.000000ms
[0m
[DEBUG] loaded num: 400000, times: 1
Clear final x successfully.
[31mTime of entering the enclave: 0.008549ms[0m
[DEBUG] Sizeof all required data in enclave: 6250 KB
[31mTime of key exchanges for 200 clients: 52.159486ms
[0m
[31mTime of key exchanges per client: 0.241030ms
[0m
Encrpyting user data...
[31mTime of data encryption per client: 3.668081ms[0m
Encprtion completed.

[DEBUG] Times: 1, loaded dim: 400000
[31mTime of secure aggregation: 430.486515ms[0m

[33m[INFO] Aggregate successfully.

[0m[31mTotal time inside the Enclave: 482.654550ms[0m

Secure aggregation completed!
[Info] Destroy enclave: 0.000000ms.
init enclave...
[33m[INFO] Create Enclave: 106.754966ms[0m
Test aggregate time: 0.170528ms

[33m[Info] Sizeof data matrix: 305MB
[0m[DEBUG] loaded num: 400000, times: 1
[31mTime of clear final_x: 0.000000ms
[0m
[DEBUG] loaded num: 400000, times: 1
Clear final x successfully.
[31mTime of entering the enclave: 0.008850ms[0m
[DEBUG] Sizeof all required data in enclave: 6250 KB
[31mTime of key exchanges for 200 clients: 52.089927ms
[0m
[31mTime of key exchanges per client: 0.241226ms
[0m
Encrpyting user data...
[31mTime of data encryption per client: 3.664121ms[0m
Encprtion completed.

[DEBUG] Times: 1, loaded dim: 400000
[31mTime of secure aggregation: 431.798161ms[0m

[33m[INFO] Aggregate successfully.

[0m[31mTotal time inside the Enclave: 483.896938ms[0m

Secure aggregation completed!
[Info] Destroy enclave: 0.000000ms.
init enclave...
[33m[INFO] Create Enclave: 104.138229ms[0m
Test aggregate time: 0.170835ms

[33m[Info] Sizeof data matrix: 305MB
[0m[DEBUG] loaded num: 400000, times: 1
[31mTime of clear final_x: 0.000000ms
[0m
[DEBUG] loaded num: 400000, times: 1
Clear final x successfully.
[31mTime of entering the enclave: 0.007999ms[0m
[DEBUG] Sizeof all required data in enclave: 6250 KB
[31mTime of key exchanges for 200 clients: 51.894960ms
[0m
[31mTime of key exchanges per client: 0.241132ms
[0m
Encrpyting user data...
[31mTime of data encryption per client: 3.652628ms[0m
Encprtion completed.

[DEBUG] Times: 1, loaded dim: 400000
[31mTime of secure aggregation: 429.364930ms[0m

[33m[INFO] Aggregate successfully.

[0m[31mTotal time inside the Enclave: 481.267889ms[0m

Secure aggregation completed!
[Info] Destroy enclave: 0.000000ms.
init enclave...
[33m[INFO] Create Enclave: 101.519023ms[0m
Test aggregate time: 0.170399ms

[33m[Info] Sizeof data matrix: 305MB
[0m[DEBUG] loaded num: 400000, times: 1
[31mTime of clear final_x: 0.000000ms
[0m
[DEBUG] loaded num: 400000, times: 1
Clear final x successfully.
[31mTime of entering the enclave: 0.008502ms[0m
[DEBUG] Sizeof all required data in enclave: 6250 KB
[31mTime of key exchanges for 200 clients: 52.557010ms
[0m
[31mTime of key exchanges per client: 0.241889ms
[0m
Encrpyting user data...
[31mTime of data encryption per client: 3.660096ms[0m
Encprtion completed.

[DEBUG] Times: 1, loaded dim: 400000
[31mTime of secure aggregation: 432.434738ms[0m

[33m[INFO] Aggregate successfully.

[0m[31mTotal time inside the Enclave: 485.000250ms[0m

Secure aggregation completed!
[Info] Destroy enclave: 0.000000ms.
init enclave...
[33m[INFO] Create Enclave: 108.993163ms[0m
Test aggregate time: 0.170617ms

[33m[Info] Sizeof data matrix: 305MB
[0m[DEBUG] loaded num: 400000, times: 1
[31mTime of clear final_x: 0.000000ms
[0m
[DEBUG] loaded num: 400000, times: 1
Clear final x successfully.
[31mTime of entering the enclave: 0.008697ms[0m
[DEBUG] Sizeof all required data in enclave: 6250 KB
[31mTime of key exchanges for 200 clients: 51.998999ms
[0m
[31mTime of key exchanges per client: 0.241365ms
[0m
Encrpyting user data...
[31mTime of data encryption per client: 3.658084ms[0m
Encprtion completed.

[DEBUG] Times: 1, loaded dim: 400000
[31mTime of secure aggregation: 428.175202ms[0m

[33m[INFO] Aggregate successfully.

[0m[31mTotal time inside the Enclave: 480.182898ms[0m

Secure aggregation completed!
[Info] Destroy enclave: 0.000000ms.
init enclave...
[33m[INFO] Create Enclave: 103.335386ms[0m
Test aggregate time: 0.170323ms

[33m[Info] Sizeof data matrix: 305MB
[0m[DEBUG] loaded num: 400000, times: 1
[31mTime of clear final_x: 0.000000ms
[0m
[DEBUG] loaded num: 400000, times: 1
Clear final x successfully.
[31mTime of entering the enclave: 0.008481ms[0m
[DEBUG] Sizeof all required data in enclave: 6250 KB
[31mTime of key exchanges for 200 clients: 51.842469ms
[0m
[31mTime of key exchanges per client: 0.239412ms
[0m
Encrpyting user data...
[31mTime of data encryption per client: 3.675127ms[0m
Encprtion completed.

[DEBUG] Times: 1, loaded dim: 400000
[31mTime of secure aggregation: 428.991884ms[0m

[33m[INFO] Aggregate successfully.

[0m[31mTotal time inside the Enclave: 480.842834ms[0m

Secure aggregation completed!
[Info] Destroy enclave: 0.000000ms.
init enclave...
[33m[INFO] Create Enclave: 102.944284ms[0m
Test aggregate time: 0.170895ms

[33m[Info] Sizeof data matrix: 305MB
[0m[DEBUG] loaded num: 400000, times: 1
[31mTime of clear final_x: 0.000000ms
[0m
[DEBUG] loaded num: 400000, times: 1
Clear final x successfully.
[31mTime of entering the enclave: 0.008340ms[0m
[DEBUG] Sizeof all required data in enclave: 6250 KB
[31mTime of key exchanges for 200 clients: 52.289766ms
[0m
[31mTime of key exchanges per client: 0.242157ms
[0m
Encrpyting user data...
[31mTime of data encryption per client: 3.668451ms[0m
Encprtion completed.

[DEBUG] Times: 1, loaded dim: 400000
[31mTime of secure aggregation: 429.964439ms[0m

[33m[INFO] Aggregate successfully.

[0m[31mTotal time inside the Enclave: 482.262545ms[0m

Secure aggregation completed!
[Info] Destroy enclave: 0.000000ms.
init enclave...
[33m[INFO] Create Enclave: 103.738491ms[0m
Test aggregate time: 0.173499ms

[33m[Info] Sizeof data matrix: 305MB
[0m[DEBUG] loaded num: 400000, times: 1
[31mTime of clear final_x: 0.000000ms
[0m
[DEBUG] loaded num: 400000, times: 1
Clear final x successfully.
[31mTime of entering the enclave: 0.008776ms[0m
[DEBUG] Sizeof all required data in enclave: 6250 KB
[31mTime of key exchanges for 200 clients: 52.128904ms
[0m
[31mTime of key exchanges per client: 0.242041ms
[0m
Encrpyting user data...
[31mTime of data encryption per client: 3.673802ms[0m
Encprtion completed.

[DEBUG] Times: 1, loaded dim: 400000
[31mTime of secure aggregation: 432.189748ms[0m

[33m[INFO] Aggregate successfully.

[0m[31mTotal time inside the Enclave: 484.327428ms[0m

Secure aggregation completed!
[Info] Destroy enclave: 0.000000ms.
init enclave...
[33m[INFO] Create Enclave: 104.117448ms[0m
Test aggregate time: 0.171290ms

[33m[Info] Sizeof data matrix: 305MB
[0m[DEBUG] loaded num: 400000, times: 1
[31mTime of clear final_x: 0.000000ms
[0m
[DEBUG] loaded num: 400000, times: 1
Clear final x successfully.
[31mTime of entering the enclave: 0.008327ms[0m
[DEBUG] Sizeof all required data in enclave: 6250 KB
[31mTime of key exchanges for 200 clients: 52.583125ms
[0m
[31mTime of key exchanges per client: 0.244386ms
[0m
Encrpyting user data...
[31mTime of data encryption per client: 3.668574ms[0m
Encprtion completed.

[DEBUG] Times: 1, loaded dim: 400000
[31mTime of secure aggregation: 429.338923ms[0m

[33m[INFO] Aggregate successfully.

[0m[31mTotal time inside the Enclave: 481.930375ms[0m

Secure aggregation completed!
[Info] Destroy enclave: 0.000000ms.
init enclave...
[33m[INFO] Create Enclave: 102.378442ms[0m
Test aggregate time: 0.170760ms

[33m[Info] Sizeof data matrix: 305MB
[0m[DEBUG] loaded num: 400000, times: 1
[31mTime of clear final_x: 0.000000ms
[0m
[DEBUG] loaded num: 400000, times: 1
Clear final x successfully.
[31mTime of entering the enclave: 0.008559ms[0m
[DEBUG] Sizeof all required data in enclave: 6250 KB
[31mTime of key exchanges for 200 clients: 52.143306ms
[0m
[31mTime of key exchanges per client: 0.241230ms
[0m
Encrpyting user data...
[31mTime of data encryption per client: 3.686854ms[0m
Encprtion completed.

[DEBUG] Times: 1, loaded dim: 400000
[31mTime of secure aggregation: 426.950698ms[0m

[33m[INFO] Aggregate successfully.

[0m[31mTotal time inside the Enclave: 479.102563ms[0m

Secure aggregation completed!
[Info] Destroy enclave: 0.000000ms.
init enclave...
[33m[INFO] Create Enclave: 102.090655ms[0m
Test aggregate time: 0.171048ms

[33m[Info] Sizeof data matrix: 305MB
[0m[DEBUG] loaded num: 400000, times: 1
[31mTime of clear final_x: 0.000000ms
[0m
[DEBUG] loaded num: 400000, times: 1
Clear final x successfully.
[31mTime of entering the enclave: 0.008094ms[0m
[DEBUG] Sizeof all required data in enclave: 6250 KB
[31mTime of key exchanges for 200 clients: 52.403675ms
[0m
[31mTime of key exchanges per client: 0.240585ms
[0m
Encrpyting user data...
[31mTime of data encryption per client: 3.669074ms[0m
Encprtion completed.

[DEBUG] Times: 1, loaded dim: 400000
[31mTime of secure aggregation: 428.228589ms[0m

[33m[INFO] Aggregate successfully.

[0m[31mTotal time inside the Enclave: 480.640358ms[0m

Secure aggregation completed!
[Info] Destroy enclave: 0.000000ms.
init enclave...
[33m[INFO] Create Enclave: 102.048618ms[0m
Test aggregate time: 0.170923ms

[33m[Info] Sizeof data matrix: 305MB
[0m[DEBUG] loaded num: 400000, times: 1
[31mTime of clear final_x: 0.000000ms
[0m
[DEBUG] loaded num: 400000, times: 1
Clear final x successfully.
[31mTime of entering the enclave: 0.008900ms[0m
[DEBUG] Sizeof all required data in enclave: 6250 KB
[31mTime of key exchanges for 200 clients: 52.027454ms
[0m
[31mTime of key exchanges per client: 0.240112ms
[0m
Encrpyting user data...
[31mTime of data encryption per client: 3.661090ms[0m
Encprtion completed.

[DEBUG] Times: 1, loaded dim: 400000
[31mTime of secure aggregation: 430.040536ms[0m

[33m[INFO] Aggregate successfully.

[0m[31mTotal time inside the Enclave: 482.076890ms[0m

Secure aggregation completed!
[Info] Destroy enclave: 0.000000ms.
init enclave...
[33m[INFO] Create Enclave: 104.773217ms[0m
Test aggregate time: 0.171826ms

[33m[Info] Sizeof data matrix: 305MB
[0m[DEBUG] loaded num: 400000, times: 1
[31mTime of clear final_x: 0.000000ms
[0m
[DEBUG] loaded num: 400000, times: 1
Clear final x successfully.
[31mTime of entering the enclave: 0.007593ms[0m
[DEBUG] Sizeof all required data in enclave: 6250 KB
[31mTime of key exchanges for 200 clients: 51.885769ms
[0m
[31mTime of key exchanges per client: 0.239963ms
[0m
Encrpyting user data...
[31mTime of data encryption per client: 3.709281ms[0m
Encprtion completed.

[DEBUG] Times: 1, loaded dim: 400000
[31mTime of secure aggregation: 429.701300ms[0m

[33m[INFO] Aggregate successfully.

[0m[31mTotal time inside the Enclave: 481.594662ms[0m

Secure aggregation completed!
[Info] Destroy enclave: 0.000000ms.
init enclave...
[33m[INFO] Create Enclave: 101.323350ms[0m
Test aggregate time: 0.170972ms

[33m[Info] Sizeof data matrix: 305MB
[0m[DEBUG] loaded num: 400000, times: 1
[31mTime of clear final_x: 0.000000ms
[0m
[DEBUG] loaded num: 400000, times: 1
Clear final x successfully.
[31mTime of entering the enclave: 0.008590ms[0m
[DEBUG] Sizeof all required data in enclave: 6250 KB
[31mTime of key exchanges for 200 clients: 52.089819ms
[0m
[31mTime of key exchanges per client: 0.241524ms
[0m
Encrpyting user data...
[31mTime of data encryption per client: 3.654923ms[0m
Encprtion completed.

[DEBUG] Times: 1, loaded dim: 400000
[31mTime of secure aggregation: 435.150596ms[0m

[33m[INFO] Aggregate successfully.

[0m[31mTotal time inside the Enclave: 487.249005ms[0m

Secure aggregation completed!
[Info] Destroy enclave: 0.000000ms.
init enclave...
[33m[INFO] Create Enclave: 101.594468ms[0m
Test aggregate time: 0.171762ms

[33m[Info] Sizeof data matrix: 305MB
[0m[DEBUG] loaded num: 400000, times: 1
[31mTime of clear final_x: 0.000000ms
[0m
[DEBUG] loaded num: 400000, times: 1
Clear final x successfully.
[31mTime of entering the enclave: 0.008841ms[0m
[DEBUG] Sizeof all required data in enclave: 6250 KB
[31mTime of key exchanges for 200 clients: 52.391406ms
[0m
[31mTime of key exchanges per client: 0.242824ms
[0m
Encrpyting user data...
[31mTime of data encryption per client: 3.669610ms[0m
Encprtion completed.

[DEBUG] Times: 1, loaded dim: 400000
[31mTime of secure aggregation: 429.103038ms[0m

[33m[INFO] Aggregate successfully.

[0m[31mTotal time inside the Enclave: 481.503285ms[0m

Secure aggregation completed!
[Info] Destroy enclave: 0.000000ms.
init enclave...
[33m[INFO] Create Enclave: 103.204781ms[0m
Test aggregate time: 0.170161ms

[33m[Info] Sizeof data matrix: 305MB
[0m[DEBUG] loaded num: 400000, times: 1
[31mTime of clear final_x: 0.000000ms
[0m
[DEBUG] loaded num: 400000, times: 1
Clear final x successfully.
[31mTime of entering the enclave: 0.008983ms[0m
[DEBUG] Sizeof all required data in enclave: 6250 KB
[31mTime of key exchanges for 200 clients: 52.180722ms
[0m
[31mTime of key exchanges per client: 0.240134ms
[0m
Encrpyting user data...
[31mTime of data encryption per client: 3.649977ms[0m
Encprtion completed.

[DEBUG] Times: 1, loaded dim: 400000
[31mTime of secure aggregation: 428.584070ms[0m

[33m[INFO] Aggregate successfully.

[0m[31mTotal time inside the Enclave: 480.773775ms[0m

Secure aggregation completed!
[Info] Destroy enclave: 0.000000ms.
init enclave...
[33m[INFO] Create Enclave: 103.908308ms[0m
Test aggregate time: 0.171350ms

[33m[Info] Sizeof data matrix: 305MB
[0m[DEBUG] loaded num: 400000, times: 1
[31mTime of clear final_x: 0.000000ms
[0m
[DEBUG] loaded num: 400000, times: 1
Clear final x successfully.
[31mTime of entering the enclave: 0.008116ms[0m
[DEBUG] Sizeof all required data in enclave: 6250 KB
[31mTime of key exchanges for 200 clients: 52.105110ms
[0m
[31mTime of key exchanges per client: 0.242176ms
[0m
Encrpyting user data...
[31mTime of data encryption per client: 3.682988ms[0m
Encprtion completed.

[DEBUG] Times: 1, loaded dim: 400000
[31mTime of secure aggregation: 431.522862ms[0m

[33m[INFO] Aggregate successfully.

[0m[31mTotal time inside the Enclave: 483.636088ms[0m

Secure aggregation completed!
[Info] Destroy enclave: 0.000000ms.
init enclave...
[33m[INFO] Create Enclave: 102.563366ms[0m
Test aggregate time: 0.171869ms

[33m[Info] Sizeof data matrix: 305MB
[0m[DEBUG] loaded num: 400000, times: 1
[31mTime of clear final_x: 0.000000ms
[0m
[DEBUG] loaded num: 400000, times: 1
Clear final x successfully.
[31mTime of entering the enclave: 0.008940ms[0m
[DEBUG] Sizeof all required data in enclave: 6250 KB
[31mTime of key exchanges for 200 clients: 52.257736ms
[0m
[31mTime of key exchanges per client: 0.241560ms
[0m
Encrpyting user data...
[31mTime of data encryption per client: 3.657933ms[0m
Encprtion completed.

[DEBUG] Times: 1, loaded dim: 400000
[31mTime of secure aggregation: 431.487695ms[0m

[33m[INFO] Aggregate successfully.

[0m[31mTotal time inside the Enclave: 483.754371ms[0m

Secure aggregation completed!
[Info] Destroy enclave: 0.000000ms.
init enclave...
[33m[INFO] Create Enclave: 102.491184ms[0m
Test aggregate time: 0.171355ms

[33m[Info] Sizeof data matrix: 305MB
[0m[DEBUG] loaded num: 400000, times: 1
[31mTime of clear final_x: 0.000000ms
[0m
[DEBUG] loaded num: 400000, times: 1
Clear final x successfully.
[31mTime of entering the enclave: 0.009238ms[0m
[DEBUG] Sizeof all required data in enclave: 6250 KB
[31mTime of key exchanges for 200 clients: 52.258573ms
[0m
[31mTime of key exchanges per client: 0.240650ms
[0m
Encrpyting user data...
[31mTime of data encryption per client: 3.661792ms[0m
Encprtion completed.

[DEBUG] Times: 1, loaded dim: 400000
[31mTime of secure aggregation: 428.857777ms[0m

[33m[INFO] Aggregate successfully.

[0m[31mTotal time inside the Enclave: 481.125588ms[0m

Secure aggregation completed!
[Info] Destroy enclave: 0.000000ms.
init enclave...
[33m[INFO] Create Enclave: 103.256326ms[0m
Test aggregate time: 0.170623ms

[33m[Info] Sizeof data matrix: 305MB
[0m[DEBUG] loaded num: 400000, times: 1
[31mTime of clear final_x: 0.000000ms
[0m
[DEBUG] loaded num: 400000, times: 1
Clear final x successfully.
[31mTime of entering the enclave: 0.008775ms[0m
[DEBUG] Sizeof all required data in enclave: 6250 KB
[31mTime of key exchanges for 200 clients: 51.959480ms
[0m
[31mTime of key exchanges per client: 0.240002ms
[0m
Encrpyting user data...
[31mTime of data encryption per client: 3.733118ms[0m
Encprtion completed.

[DEBUG] Times: 1, loaded dim: 400000
[31mTime of secure aggregation: 426.520096ms[0m

[33m[INFO] Aggregate successfully.

[0m[31mTotal time inside the Enclave: 478.488351ms[0m

Secure aggregation completed!
[Info] Destroy enclave: 0.000000ms.
init enclave...
[33m[INFO] Create Enclave: 116.543340ms[0m
Test aggregate time: 0.170334ms

[33m[Info] Sizeof data matrix: 305MB
[0m[DEBUG] loaded num: 400000, times: 1
[31mTime of clear final_x: 0.000000ms
[0m
[DEBUG] loaded num: 400000, times: 1
Clear final x successfully.
[31mTime of entering the enclave: 0.007964ms[0m
[DEBUG] Sizeof all required data in enclave: 6250 KB
[31mTime of key exchanges for 200 clients: 51.980900ms
[0m
[31mTime of key exchanges per client: 0.241482ms
[0m
Encrpyting user data...
[31mTime of data encryption per client: 3.685987ms[0m
Encprtion completed.

[DEBUG] Times: 1, loaded dim: 400000
[31mTime of secure aggregation: 428.053257ms[0m

[33m[INFO] Aggregate successfully.

[0m[31mTotal time inside the Enclave: 480.042121ms[0m

Secure aggregation completed!
[Info] Destroy enclave: 0.000000ms.
init enclave...
[33m[INFO] Create Enclave: 101.853481ms[0m
Test aggregate time: 0.170900ms

[33m[Info] Sizeof data matrix: 305MB
[0m[DEBUG] loaded num: 400000, times: 1
[31mTime of clear final_x: 0.000000ms
[0m
[DEBUG] loaded num: 400000, times: 1
Clear final x successfully.
[31mTime of entering the enclave: 0.008555ms[0m
[DEBUG] Sizeof all required data in enclave: 6250 KB
[31mTime of key exchanges for 200 clients: 52.369511ms
[0m
[31mTime of key exchanges per client: 0.242582ms
[0m
Encrpyting user data...
[31mTime of data encryption per client: 3.664207ms[0m
Encprtion completed.

[DEBUG] Times: 1, loaded dim: 400000
[31mTime of secure aggregation: 430.535182ms[0m

[33m[INFO] Aggregate successfully.

[0m[31mTotal time inside the Enclave: 482.913248ms[0m

Secure aggregation completed!
[Info] Destroy enclave: 0.000000ms.
init enclave...
[33m[INFO] Create Enclave: 113.803130ms[0m
Test aggregate time: 0.171352ms

[33m[Info] Sizeof data matrix: 305MB
[0m[DEBUG] loaded num: 400000, times: 1
[31mTime of clear final_x: 0.000000ms
[0m
[DEBUG] loaded num: 400000, times: 1
Clear final x successfully.
[31mTime of entering the enclave: 0.008567ms[0m
[DEBUG] Sizeof all required data in enclave: 6250 KB
[31mTime of key exchanges for 200 clients: 51.943376ms
[0m
[31mTime of key exchanges per client: 0.239915ms
[0m
Encrpyting user data...
[31mTime of data encryption per client: 3.668977ms[0m
Encprtion completed.

[DEBUG] Times: 1, loaded dim: 400000
[31mTime of secure aggregation: 429.780587ms[0m

[33m[INFO] Aggregate successfully.

[0m[31mTotal time inside the Enclave: 481.732530ms[0m

Secure aggregation completed!
[Info] Destroy enclave: 0.000000ms.
init enclave...
[33m[INFO] Create Enclave: 105.961651ms[0m
Test aggregate time: 0.172762ms

[33m[Info] Sizeof data matrix: 305MB
[0m[DEBUG] loaded num: 400000, times: 1
[31mTime of clear final_x: 0.000000ms
[0m
[DEBUG] loaded num: 400000, times: 1
Clear final x successfully.
[31mTime of entering the enclave: 0.008342ms[0m
[DEBUG] Sizeof all required data in enclave: 6250 KB
[31mTime of key exchanges for 200 clients: 51.867083ms
[0m
[31mTime of key exchanges per client: 0.240081ms
[0m
Encrpyting user data...
[31mTime of data encryption per client: 3.683001ms[0m
Encprtion completed.

[DEBUG] Times: 1, loaded dim: 400000
[31mTime of secure aggregation: 440.343655ms[0m

[33m[INFO] Aggregate successfully.

[0m[31mTotal time inside the Enclave: 492.219080ms[0m

Secure aggregation completed!
[Info] Destroy enclave: 0.000000ms.
init enclave...
[33m[INFO] Create Enclave: 102.493444ms[0m
Test aggregate time: 0.171498ms

[33m[Info] Sizeof data matrix: 305MB
[0m[DEBUG] loaded num: 400000, times: 1
[31mTime of clear final_x: 0.000000ms
[0m
[DEBUG] loaded num: 400000, times: 1
Clear final x successfully.
[31mTime of entering the enclave: 0.007989ms[0m
[DEBUG] Sizeof all required data in enclave: 6250 KB
[31mTime of key exchanges for 200 clients: 53.054403ms
[0m
[31mTime of key exchanges per client: 0.243883ms
[0m
Encrpyting user data...
[31mTime of data encryption per client: 3.671483ms[0m
Encprtion completed.

[DEBUG] Times: 1, loaded dim: 400000
[31mTime of secure aggregation: 428.757971ms[0m

[33m[INFO] Aggregate successfully.

[0m[31mTotal time inside the Enclave: 481.820363ms[0m

Secure aggregation completed!
[Info] Destroy enclave: 0.000000ms.
init enclave...
[33m[INFO] Create Enclave: 103.385571ms[0m
Test aggregate time: 0.171388ms

[33m[Info] Sizeof data matrix: 305MB
[0m[DEBUG] loaded num: 400000, times: 1
[31mTime of clear final_x: 0.000000ms
[0m
[DEBUG] loaded num: 400000, times: 1
Clear final x successfully.
[31mTime of entering the enclave: 0.008547ms[0m
[DEBUG] Sizeof all required data in enclave: 6250 KB
[31mTime of key exchanges for 200 clients: 52.328654ms
[0m
[31mTime of key exchanges per client: 0.240356ms
[0m
Encrpyting user data...
[31mTime of data encryption per client: 3.700352ms[0m
Encprtion completed.

[DEBUG] Times: 1, loaded dim: 400000
[31mTime of secure aggregation: 429.577272ms[0m

[33m[INFO] Aggregate successfully.

[0m[31mTotal time inside the Enclave: 481.914473ms[0m

Secure aggregation completed!
[Info] Destroy enclave: 0.000000ms.
init enclave...
[33m[INFO] Create Enclave: 102.567515ms[0m
Test aggregate time: 0.170351ms

[33m[Info] Sizeof data matrix: 305MB
[0m[DEBUG] loaded num: 400000, times: 1
[31mTime of clear final_x: 0.000000ms
[0m
[DEBUG] loaded num: 400000, times: 1
Clear final x successfully.
[31mTime of entering the enclave: 0.009271ms[0m
[DEBUG] Sizeof all required data in enclave: 6250 KB
[31mTime of key exchanges for 200 clients: 51.826631ms
[0m
[31mTime of key exchanges per client: 0.239446ms
[0m
Encrpyting user data...
[31mTime of data encryption per client: 3.752252ms[0m
Encprtion completed.

[DEBUG] Times: 1, loaded dim: 400000
[31mTime of secure aggregation: 437.998702ms[0m

[33m[INFO] Aggregate successfully.

[0m[31mTotal time inside the Enclave: 489.834604ms[0m

Secure aggregation completed!
[Info] Destroy enclave: 0.000000ms.
init enclave...
[33m[INFO] Create Enclave: 120.466142ms[0m
Test aggregate time: 0.171187ms

[33m[Info] Sizeof data matrix: 305MB
[0m[DEBUG] loaded num: 400000, times: 1
[31mTime of clear final_x: 0.000000ms
[0m
[DEBUG] loaded num: 400000, times: 1
Clear final x successfully.
[31mTime of entering the enclave: 0.009262ms[0m
[DEBUG] Sizeof all required data in enclave: 6250 KB
[31mTime of key exchanges for 200 clients: 52.647784ms
[0m
[31mTime of key exchanges per client: 0.243741ms
[0m
Encrpyting user data...
[31mTime of data encryption per client: 3.665496ms[0m
Encprtion completed.

[DEBUG] Times: 1, loaded dim: 400000
[31mTime of secure aggregation: 432.348042ms[0m

[33m[INFO] Aggregate successfully.

[0m[31mTotal time inside the Enclave: 485.005088ms[0m

Secure aggregation completed!
[Info] Destroy enclave: 0.000000ms.
init enclave...
[33m[INFO] Create Enclave: 104.511000ms[0m
Test aggregate time: 0.178802ms

[33m[Info] Sizeof data matrix: 305MB
[0m[DEBUG] loaded num: 400000, times: 1
[31mTime of clear final_x: 0.000000ms
[0m
[DEBUG] loaded num: 400000, times: 1
Clear final x successfully.
[31mTime of entering the enclave: 0.008582ms[0m
[DEBUG] Sizeof all required data in enclave: 6250 KB
[31mTime of key exchanges for 200 clients: 52.339393ms
[0m
[31mTime of key exchanges per client: 0.240521ms
[0m
Encrpyting user data...
[31mTime of data encryption per client: 3.663840ms[0m
Encprtion completed.

[DEBUG] Times: 1, loaded dim: 400000
[31mTime of secure aggregation: 434.066406ms[0m

[33m[INFO] Aggregate successfully.

[0m[31mTotal time inside the Enclave: 486.414381ms[0m

Secure aggregation completed!
[Info] Destroy enclave: 0.000000ms.
init enclave...
[33m[INFO] Create Enclave: 103.270406ms[0m
Test aggregate time: 0.170657ms

[33m[Info] Sizeof data matrix: 305MB
[0m[DEBUG] loaded num: 400000, times: 1
[31mTime of clear final_x: 0.000000ms
[0m
[DEBUG] loaded num: 400000, times: 1
Clear final x successfully.
[31mTime of entering the enclave: 0.007814ms[0m
[DEBUG] Sizeof all required data in enclave: 6250 KB
[31mTime of key exchanges for 200 clients: 52.858244ms
[0m
[31mTime of key exchanges per client: 0.244496ms
[0m
Encrpyting user data...
[31mTime of data encryption per client: 3.671021ms[0m
Encprtion completed.

[DEBUG] Times: 1, loaded dim: 400000
[31mTime of secure aggregation: 427.125477ms[0m

[33m[INFO] Aggregate successfully.

[0m[31mTotal time inside the Enclave: 479.991535ms[0m

Secure aggregation completed!
[Info] Destroy enclave: 0.000000ms.
init enclave...
[33m[INFO] Create Enclave: 101.779916ms[0m
Test aggregate time: 0.170466ms

[33m[Info] Sizeof data matrix: 305MB
[0m[DEBUG] loaded num: 400000, times: 1
[31mTime of clear final_x: 0.000000ms
[0m
[DEBUG] loaded num: 400000, times: 1
Clear final x successfully.
[31mTime of entering the enclave: 0.010966ms[0m
[DEBUG] Sizeof all required data in enclave: 6250 KB
[31mTime of key exchanges for 200 clients: 52.644180ms
[0m
[31mTime of key exchanges per client: 0.243394ms
[0m
Encrpyting user data...
[31mTime of data encryption per client: 3.661622ms[0m
Encprtion completed.

[DEBUG] Times: 1, loaded dim: 400000
[31mTime of secure aggregation: 454.480875ms[0m

[33m[INFO] Aggregate successfully.

[0m[31mTotal time inside the Enclave: 507.136021ms[0m

Secure aggregation completed!
[Info] Destroy enclave: 0.000000ms.
init enclave...
[33m[INFO] Create Enclave: 104.026873ms[0m
Test aggregate time: 0.171469ms

[33m[Info] Sizeof data matrix: 305MB
[0m[DEBUG] loaded num: 400000, times: 1
[31mTime of clear final_x: 0.000000ms
[0m
[DEBUG] loaded num: 400000, times: 1
Clear final x successfully.
[31mTime of entering the enclave: 0.009020ms[0m
[DEBUG] Sizeof all required data in enclave: 6250 KB
[31mTime of key exchanges for 200 clients: 51.910561ms
[0m
[31mTime of key exchanges per client: 0.240508ms
[0m
Encrpyting user data...
[31mTime of data encryption per client: 3.660181ms[0m
Encprtion completed.

[DEBUG] Times: 1, loaded dim: 400000
[31mTime of secure aggregation: 425.032771ms[0m

[33m[INFO] Aggregate successfully.

[0m[31mTotal time inside the Enclave: 476.952352ms[0m

Secure aggregation completed!
[Info] Destroy enclave: 0.000000ms.
init enclave...
[33m[INFO] Create Enclave: 103.362866ms[0m
Test aggregate time: 0.171307ms

[33m[Info] Sizeof data matrix: 305MB
[0m[DEBUG] loaded num: 400000, times: 1
[31mTime of clear final_x: 0.000000ms
[0m
[DEBUG] loaded num: 400000, times: 1
Clear final x successfully.
[31mTime of entering the enclave: 0.008547ms[0m
[DEBUG] Sizeof all required data in enclave: 6250 KB
[31mTime of key exchanges for 200 clients: 52.012832ms
[0m
[31mTime of key exchanges per client: 0.239540ms
[0m
Encrpyting user data...
[31mTime of data encryption per client: 3.671110ms[0m
Encprtion completed.

[DEBUG] Times: 1, loaded dim: 400000
[31mTime of secure aggregation: 426.387727ms[0m

[33m[INFO] Aggregate successfully.

[0m[31mTotal time inside the Enclave: 478.409106ms[0m

Secure aggregation completed!
[Info] Destroy enclave: 0.000000ms.
init enclave...
[33m[INFO] Create Enclave: 102.572570ms[0m
Test aggregate time: 0.171648ms

[33m[Info] Sizeof data matrix: 305MB
[0m[DEBUG] loaded num: 400000, times: 1
[31mTime of clear final_x: 0.000000ms
[0m
[DEBUG] loaded num: 400000, times: 1
Clear final x successfully.
[31mTime of entering the enclave: 0.008544ms[0m
[DEBUG] Sizeof all required data in enclave: 6250 KB
[31mTime of key exchanges for 200 clients: 52.132069ms
[0m
[31mTime of key exchanges per client: 0.241571ms
[0m
Encrpyting user data...
[31mTime of data encryption per client: 3.699032ms[0m
Encprtion completed.

[DEBUG] Times: 1, loaded dim: 400000
[31mTime of secure aggregation: 434.430790ms[0m

[33m[INFO] Aggregate successfully.

[0m[31mTotal time inside the Enclave: 486.571403ms[0m

Secure aggregation completed!
[Info] Destroy enclave: 0.000000ms.
init enclave...
[33m[INFO] Create Enclave: 103.174618ms[0m
Test aggregate time: 0.171299ms

[33m[Info] Sizeof data matrix: 305MB
[0m[DEBUG] loaded num: 400000, times: 1
[31mTime of clear final_x: 0.000000ms
[0m
[DEBUG] loaded num: 400000, times: 1
Clear final x successfully.
[31mTime of entering the enclave: 0.007735ms[0m
[DEBUG] Sizeof all required data in enclave: 6250 KB
[31mTime of key exchanges for 200 clients: 52.090533ms
[0m
[31mTime of key exchanges per client: 0.240440ms
[0m
Encrpyting user data...
[31mTime of data encryption per client: 3.646830ms[0m
Encprtion completed.

[DEBUG] Times: 1, loaded dim: 400000
[31mTime of secure aggregation: 427.181762ms[0m

[33m[INFO] Aggregate successfully.

[0m[31mTotal time inside the Enclave: 479.280030ms[0m

Secure aggregation completed!
[Info] Destroy enclave: 0.000000ms.
init enclave...
[33m[INFO] Create Enclave: 104.408776ms[0m
Test aggregate time: 0.170344ms

[33m[Info] Sizeof data matrix: 305MB
[0m[DEBUG] loaded num: 400000, times: 1
[31mTime of clear final_x: 0.000000ms
[0m
[DEBUG] loaded num: 400000, times: 1
Clear final x successfully.
[31mTime of entering the enclave: 0.008716ms[0m
[DEBUG] Sizeof all required data in enclave: 6250 KB
[31mTime of key exchanges for 200 clients: 52.560404ms
[0m
[31mTime of key exchanges per client: 0.242300ms
[0m
Encrpyting user data...
[31mTime of data encryption per client: 3.649100ms[0m
Encprtion completed.

[DEBUG] Times: 1, loaded dim: 400000
[31mTime of secure aggregation: 424.366053ms[0m

[33m[INFO] Aggregate successfully.

[0m[31mTotal time inside the Enclave: 476.935173ms[0m

Secure aggregation completed!
[Info] Destroy enclave: 0.000000ms.
init enclave...
[33m[INFO] Create Enclave: 101.907773ms[0m
Test aggregate time: 0.171056ms

[33m[Info] Sizeof data matrix: 305MB
[0m[DEBUG] loaded num: 400000, times: 1
[31mTime of clear final_x: 0.000000ms
[0m
[DEBUG] loaded num: 400000, times: 1
Clear final x successfully.
[31mTime of entering the enclave: 0.008737ms[0m
[DEBUG] Sizeof all required data in enclave: 6250 KB
[31mTime of key exchanges for 200 clients: 52.122790ms
[0m
[31mTime of key exchanges per client: 0.241314ms
[0m
Encrpyting user data...
[31mTime of data encryption per client: 3.677826ms[0m
Encprtion completed.

[DEBUG] Times: 1, loaded dim: 400000
[31mTime of secure aggregation: 425.472821ms[0m

[33m[INFO] Aggregate successfully.

[0m[31mTotal time inside the Enclave: 477.604348ms[0m

Secure aggregation completed!
[Info] Destroy enclave: 0.000000ms.
init enclave...
[33m[INFO] Create Enclave: 101.527072ms[0m
Test aggregate time: 0.171841ms

[33m[Info] Sizeof data matrix: 305MB
[0m[DEBUG] loaded num: 400000, times: 1
[31mTime of clear final_x: 0.000000ms
[0m
[DEBUG] loaded num: 400000, times: 1
Clear final x successfully.
[31mTime of entering the enclave: 0.008564ms[0m
[DEBUG] Sizeof all required data in enclave: 6250 KB
[31mTime of key exchanges for 200 clients: 51.998035ms
[0m
[31mTime of key exchanges per client: 0.241075ms
[0m
Encrpyting user data...
[31mTime of data encryption per client: 3.656324ms[0m
Encprtion completed.

[DEBUG] Times: 1, loaded dim: 400000
[31mTime of secure aggregation: 429.179512ms[0m

[33m[INFO] Aggregate successfully.

[0m[31mTotal time inside the Enclave: 481.186111ms[0m

Secure aggregation completed!
[Info] Destroy enclave: 0.000000ms.
init enclave...
[33m[INFO] Create Enclave: 103.534718ms[0m
Test aggregate time: 0.171038ms

[33m[Info] Sizeof data matrix: 305MB
[0m[DEBUG] loaded num: 400000, times: 1
[31mTime of clear final_x: 0.000000ms
[0m
[DEBUG] loaded num: 400000, times: 1
Clear final x successfully.
[31mTime of entering the enclave: 0.008470ms[0m
[DEBUG] Sizeof all required data in enclave: 6250 KB
[31mTime of key exchanges for 200 clients: 51.906585ms
[0m
[31mTime of key exchanges per client: 0.240164ms
[0m
Encrpyting user data...
[31mTime of data encryption per client: 3.659212ms[0m
Encprtion completed.

[DEBUG] Times: 1, loaded dim: 400000
[31mTime of secure aggregation: 427.576614ms[0m

[33m[INFO] Aggregate successfully.

[0m[31mTotal time inside the Enclave: 479.491669ms[0m

Secure aggregation completed!
[Info] Destroy enclave: 0.000000ms.
init enclave...
[33m[INFO] Create Enclave: 105.054490ms[0m
Test aggregate time: 0.170485ms

[33m[Info] Sizeof data matrix: 305MB
[0m[DEBUG] loaded num: 400000, times: 1
[31mTime of clear final_x: 0.000000ms
[0m
[DEBUG] loaded num: 400000, times: 1
Clear final x successfully.
[31mTime of entering the enclave: 0.009351ms[0m
[DEBUG] Sizeof all required data in enclave: 6250 KB
[31mTime of key exchanges for 200 clients: 52.106370ms
[0m
[31mTime of key exchanges per client: 0.241289ms
[0m
Encrpyting user data...
[31mTime of data encryption per client: 3.657530ms[0m
Encprtion completed.

[DEBUG] Times: 1, loaded dim: 400000
[31mTime of secure aggregation: 427.909736ms[0m

[33m[INFO] Aggregate successfully.

[0m[31mTotal time inside the Enclave: 480.025457ms[0m

Secure aggregation completed!
[Info] Destroy enclave: 0.000000ms.
init enclave...
[33m[INFO] Create Enclave: 103.592770ms[0m
Test aggregate time: 0.170514ms

[33m[Info] Sizeof data matrix: 305MB
[0m[DEBUG] loaded num: 400000, times: 1
[31mTime of clear final_x: 0.000000ms
[0m
[DEBUG] loaded num: 400000, times: 1
Clear final x successfully.
[31mTime of entering the enclave: 0.009392ms[0m
[DEBUG] Sizeof all required data in enclave: 6250 KB
[31mTime of key exchanges for 200 clients: 51.827588ms
[0m
[31mTime of key exchanges per client: 0.241001ms
[0m
Encrpyting user data...
[31mTime of data encryption per client: 3.665726ms[0m
Encprtion completed.

[DEBUG] Times: 1, loaded dim: 400000
[31mTime of secure aggregation: 440.027637ms[0m

[33m[INFO] Aggregate successfully.

[0m[31mTotal time inside the Enclave: 491.864617ms[0m

Secure aggregation completed!
[Info] Destroy enclave: 0.000000ms.
init enclave...
[33m[INFO] Create Enclave: 105.456093ms[0m
Test aggregate time: 0.170934ms

[33m[Info] Sizeof data matrix: 305MB
[0m[DEBUG] loaded num: 400000, times: 1
[31mTime of clear final_x: 0.000000ms
[0m
[DEBUG] loaded num: 400000, times: 1
Clear final x successfully.
[31mTime of entering the enclave: 0.008519ms[0m
[DEBUG] Sizeof all required data in enclave: 6250 KB
[31mTime of key exchanges for 200 clients: 52.191153ms
[0m
[31mTime of key exchanges per client: 0.242332ms
[0m
Encrpyting user data...
[31mTime of data encryption per client: 3.663624ms[0m
Encprtion completed.

[DEBUG] Times: 1, loaded dim: 400000
[31mTime of secure aggregation: 425.559250ms[0m

[33m[INFO] Aggregate successfully.

[0m[31mTotal time inside the Enclave: 477.758922ms[0m

Secure aggregation completed!
[Info] Destroy enclave: 0.000000ms.
init enclave...
[33m[INFO] Create Enclave: 103.774178ms[0m
Test aggregate time: 0.171666ms

[33m[Info] Sizeof data matrix: 305MB
[0m[DEBUG] loaded num: 400000, times: 1
[31mTime of clear final_x: 0.000000ms
[0m
[DEBUG] loaded num: 400000, times: 1
Clear final x successfully.
[31mTime of entering the enclave: 0.008520ms[0m
[DEBUG] Sizeof all required data in enclave: 6250 KB
[31mTime of key exchanges for 200 clients: 53.400513ms
[0m
[31mTime of key exchanges per client: 0.246649ms
[0m
Encrpyting user data...
[31mTime of data encryption per client: 3.665167ms[0m
Encprtion completed.

[DEBUG] Times: 1, loaded dim: 400000
[31mTime of secure aggregation: 427.182605ms[0m

[33m[INFO] Aggregate successfully.

[0m[31mTotal time inside the Enclave: 480.591638ms[0m

Secure aggregation completed!
[Info] Destroy enclave: 0.000000ms.
init enclave...
[33m[INFO] Create Enclave: 101.802912ms[0m
Test aggregate time: 0.173917ms

[33m[Info] Sizeof data matrix: 305MB
[0m[DEBUG] loaded num: 400000, times: 1
[31mTime of clear final_x: 0.000000ms
[0m
[DEBUG] loaded num: 400000, times: 1
Clear final x successfully.
[31mTime of entering the enclave: 0.008355ms[0m
[DEBUG] Sizeof all required data in enclave: 6250 KB
[31mTime of key exchanges for 200 clients: 52.273264ms
[0m
[31mTime of key exchanges per client: 0.241415ms
[0m
Encrpyting user data...
[31mTime of data encryption per client: 3.682330ms[0m
Encprtion completed.

[DEBUG] Times: 1, loaded dim: 400000
[31mTime of secure aggregation: 428.718660ms[0m

[33m[INFO] Aggregate successfully.

[0m[31mTotal time inside the Enclave: 481.000279ms[0m

Secure aggregation completed!
[Info] Destroy enclave: 0.000000ms.
init enclave...
[33m[INFO] Create Enclave: 101.483070ms[0m
Test aggregate time: 0.176767ms

[33m[Info] Sizeof data matrix: 305MB
[0m[DEBUG] loaded num: 400000, times: 1
[31mTime of clear final_x: 0.000000ms
[0m
[DEBUG] loaded num: 400000, times: 1
Clear final x successfully.
[31mTime of entering the enclave: 0.008753ms[0m
[DEBUG] Sizeof all required data in enclave: 6250 KB
[31mTime of key exchanges for 200 clients: 52.841963ms
[0m
[31mTime of key exchanges per client: 0.243067ms
[0m
Encrpyting user data...
[31mTime of data encryption per client: 3.686907ms[0m
Encprtion completed.

[DEBUG] Times: 1, loaded dim: 400000
[31mTime of secure aggregation: 428.733472ms[0m

[33m[INFO] Aggregate successfully.

[0m[31mTotal time inside the Enclave: 481.584188ms[0m

Secure aggregation completed!
[Info] Destroy enclave: 0.000000ms.
init enclave...
[33m[INFO] Create Enclave: 102.138536ms[0m
Test aggregate time: 0.170705ms

[33m[Info] Sizeof data matrix: 305MB
[0m[DEBUG] loaded num: 400000, times: 1
[31mTime of clear final_x: 0.000000ms
[0m
[DEBUG] loaded num: 400000, times: 1
Clear final x successfully.
[31mTime of entering the enclave: 0.009079ms[0m
[DEBUG] Sizeof all required data in enclave: 6250 KB
[31mTime of key exchanges for 200 clients: 53.359174ms
[0m
[31mTime of key exchanges per client: 0.245819ms
[0m
Encrpyting user data...
[31mTime of data encryption per client: 3.662512ms[0m
Encprtion completed.

[DEBUG] Times: 1, loaded dim: 400000
[31mTime of secure aggregation: 425.648560ms[0m

[33m[INFO] Aggregate successfully.

[0m[31mTotal time inside the Enclave: 479.016813ms[0m

Secure aggregation completed!
[Info] Destroy enclave: 0.000000ms.
