init enclave...
[33m[INFO] Create Enclave: 106.233628ms[0m
Test aggregate time: 0.256356ms

[33m[Info] Sizeof data matrix: 457MB
[0m[DEBUG] loaded num: 400000, times: 1
[31mTime of clear final_x: 0.000000ms
[0m
[DEBUG] loaded num: 400000, times: 1
Clear final x successfully.
[31mTime of entering the enclave: 0.008499ms[0m
[DEBUG] Sizeof all required data in enclave: 6250 KB
[31mTime of key exchanges for 300 clients: 78.476378ms
[0m
[31mTime of key exchanges per client: 0.242957ms
[0m
Encrpyting user data...
[31mTime of data encryption per client: 3.709970ms[0m
Encprtion completed.

[DEBUG] Times: 1, loaded dim: 400000
[31mTime of secure aggregation: 644.735451ms[0m

[33m[INFO] Aggregate successfully.

[0m[31mTotal time inside the Enclave: 723.220328ms[0m

Secure aggregation completed!
[Info] Destroy enclave: 0.000000ms.
init enclave...
[33m[INFO] Create Enclave: 102.998320ms[0m
Test aggregate time: 0.256318ms

[33m[Info] Sizeof data matrix: 457MB
[0m[DEBUG] loaded num: 400000, times: 1
[31mTime of clear final_x: 0.000000ms
[0m
[DEBUG] loaded num: 400000, times: 1
Clear final x successfully.
[31mTime of entering the enclave: 0.008894ms[0m
[DEBUG] Sizeof all required data in enclave: 6250 KB
[31mTime of key exchanges for 300 clients: 78.245367ms
[0m
[31mTime of key exchanges per client: 0.242351ms
[0m
Encrpyting user data...
[31mTime of data encryption per client: 3.647547ms[0m
Encprtion completed.

[DEBUG] Times: 1, loaded dim: 400000
[31mTime of secure aggregation: 639.482729ms[0m

[33m[INFO] Aggregate successfully.

[0m[31mTotal time inside the Enclave: 717.736990ms[0m

Secure aggregation completed!
[Info] Destroy enclave: 0.000000ms.
init enclave...
[33m[INFO] Create Enclave: 101.653915ms[0m
Test aggregate time: 0.255254ms

[33m[Info] Sizeof data matrix: 457MB
[0m[DEBUG] loaded num: 400000, times: 1
[31mTime of clear final_x: 0.000000ms
[0m
[DEBUG] loaded num: 400000, times: 1
Clear final x successfully.
[31mTime of entering the enclave: 0.008637ms[0m
[DEBUG] Sizeof all required data in enclave: 6250 KB
[31mTime of key exchanges for 300 clients: 78.051251ms
[0m
[31mTime of key exchanges per client: 0.241965ms
[0m
Encrpyting user data...
[31mTime of data encryption per client: 3.665432ms[0m
Encprtion completed.

[DEBUG] Times: 1, loaded dim: 400000
[31mTime of secure aggregation: 637.091999ms[0m

[33m[INFO] Aggregate successfully.

[0m[31mTotal time inside the Enclave: 715.151887ms[0m

Secure aggregation completed!
[Info] Destroy enclave: 0.000000ms.
init enclave...
[33m[INFO] Create Enclave: 103.520084ms[0m
Test aggregate time: 0.255377ms

[33m[Info] Sizeof data matrix: 457MB
[0m[DEBUG] loaded num: 400000, times: 1
[31mTime of clear final_x: 0.000000ms
[0m
[DEBUG] loaded num: 400000, times: 1
Clear final x successfully.
[31mTime of entering the enclave: 0.008166ms[0m
[DEBUG] Sizeof all required data in enclave: 6250 KB
[31mTime of key exchanges for 300 clients: 77.791409ms
[0m
[31mTime of key exchanges per client: 0.242405ms
[0m
Encrpyting user data...
[31mTime of data encryption per client: 3.688603ms[0m
Encprtion completed.

[DEBUG] Times: 1, loaded dim: 400000
[31mTime of secure aggregation: 639.892530ms[0m

[33m[INFO] Aggregate successfully.

[0m[31mTotal time inside the Enclave: 717.692105ms[0m

Secure aggregation completed!
[Info] Destroy enclave: 0.000000ms.
init enclave...
[33m[INFO] Create Enclave: 101.197921ms[0m
Test aggregate time: 0.255450ms

[33m[Info] Sizeof data matrix: 457MB
[0m[DEBUG] loaded num: 400000, times: 1
[31mTime of clear final_x: 0.000000ms
[0m
[DEBUG] loaded num: 400000, times: 1
Clear final x successfully.
[31mTime of entering the enclave: 0.008348ms[0m
[DEBUG] Sizeof all required data in enclave: 6250 KB
[31mTime of key exchanges for 300 clients: 78.138734ms
[0m
[31mTime of key exchanges per client: 0.243094ms
[0m
Encrpyting user data...
[31mTime of data encryption per client: 3.650850ms[0m
Encprtion completed.

[DEBUG] Times: 1, loaded dim: 400000
[31mTime of secure aggregation: 650.649262ms[0m

[33m[INFO] Aggregate successfully.

[0m[31mTotal time inside the Enclave: 728.796344ms[0m

Secure aggregation completed!
[Info] Destroy enclave: 0.000000ms.
init enclave...
[33m[INFO] Create Enclave: 101.411117ms[0m
Test aggregate time: 0.255608ms

[33m[Info] Sizeof data matrix: 457MB
[0m[DEBUG] loaded num: 400000, times: 1
[31mTime of clear final_x: 0.000000ms
[0m
[DEBUG] loaded num: 400000, times: 1
Clear final x successfully.
[31mTime of entering the enclave: 0.008446ms[0m
[DEBUG] Sizeof all required data in enclave: 6250 KB
[31mTime of key exchanges for 300 clients: 78.036211ms
[0m
[31mTime of key exchanges per client: 0.242820ms
[0m
Encrpyting user data...
[31mTime of data encryption per client: 3.660128ms[0m
Encprtion completed.

[DEBUG] Times: 1, loaded dim: 400000
[31mTime of secure aggregation: 638.846091ms[0m

[33m[INFO] Aggregate successfully.

[0m[31mTotal time inside the Enclave: 716.890748ms[0m

Secure aggregation completed!
[Info] Destroy enclave: 0.000000ms.
init enclave...
[33m[INFO] Create Enclave: 101.015245ms[0m
Test aggregate time: 0.255244ms

[33m[Info] Sizeof data matrix: 457MB
[0m[DEBUG] loaded num: 400000, times: 1
[31mTime of clear final_x: 0.000000ms
[0m
[DEBUG] loaded num: 400000, times: 1
Clear final x successfully.
[31mTime of entering the enclave: 0.008775ms[0m
[DEBUG] Sizeof all required data in enclave: 6250 KB
[31mTime of key exchanges for 300 clients: 78.085879ms
[0m
[31mTime of key exchanges per client: 0.244023ms
[0m
Encrpyting user data...
[31mTime of data encryption per client: 3.648681ms[0m
Encprtion completed.

[DEBUG] Times: 1, loaded dim: 400000
[31mTime of secure aggregation: 639.836232ms[0m

[33m[INFO] Aggregate successfully.

[0m[31mTotal time inside the Enclave: 717.930886ms[0m

Secure aggregation completed!
[Info] Destroy enclave: 0.000000ms.
init enclave...
[33m[INFO] Create Enclave: 108.531872ms[0m
Test aggregate time: 0.256292ms

[33m[Info] Sizeof data matrix: 457MB
[0m[DEBUG] loaded num: 400000, times: 1
[31mTime of clear final_x: 0.000000ms
[0m
[DEBUG] loaded num: 400000, times: 1
Clear final x successfully.
[31mTime of entering the enclave: 0.008372ms[0m
[DEBUG] Sizeof all required data in enclave: 6250 KB
[31mTime of key exchanges for 300 clients: 77.721777ms
[0m
[31mTime of key exchanges per client: 0.242285ms
[0m
Encrpyting user data...
[31mTime of data encryption per client: 3.673436ms[0m
Encprtion completed.

[DEBUG] Times: 1, loaded dim: 400000
[31mTime of secure aggregation: 638.032556ms[0m

[33m[INFO] Aggregate successfully.

[0m[31mTotal time inside the Enclave: 715.762705ms[0m

Secure aggregation completed!
[Info] Destroy enclave: 0.000000ms.
init enclave...
[33m[INFO] Create Enclave: 104.185665ms[0m
Test aggregate time: 0.259617ms

[33m[Info] Sizeof data matrix: 457MB
[0m[DEBUG] loaded num: 400000, times: 1
[31mTime of clear final_x: 0.000000ms
[0m
[DEBUG] loaded num: 400000, times: 1
Clear final x successfully.
[31mTime of entering the enclave: 0.009113ms[0m
[DEBUG] Sizeof all required data in enclave: 6250 KB
[31mTime of key exchanges for 300 clients: 80.074597ms
[0m
[31mTime of key exchanges per client: 0.247692ms
[0m
Encrpyting user data...
[31mTime of data encryption per client: 3.717199ms[0m
Encprtion completed.

[DEBUG] Times: 1, loaded dim: 400000
[31mTime of secure aggregation: 673.540591ms[0m

[33m[INFO] Aggregate successfully.

[0m[31mTotal time inside the Enclave: 753.624301ms[0m

Secure aggregation completed!
[Info] Destroy enclave: 0.000000ms.
init enclave...
[33m[INFO] Create Enclave: 101.658713ms[0m
Test aggregate time: 0.260418ms

[33m[Info] Sizeof data matrix: 457MB
[0m[DEBUG] loaded num: 400000, times: 1
[31mTime of clear final_x: 0.000000ms
[0m
[DEBUG] loaded num: 400000, times: 1
Clear final x successfully.
[31mTime of entering the enclave: 0.008452ms[0m
[DEBUG] Sizeof all required data in enclave: 6250 KB
[31mTime of key exchanges for 300 clients: 80.522711ms
[0m
[31mTime of key exchanges per client: 0.251148ms
[0m
Encrpyting user data...
[31mTime of data encryption per client: 3.736596ms[0m
Encprtion completed.

[DEBUG] Times: 1, loaded dim: 400000
[31mTime of secure aggregation: 685.230996ms[0m

[33m[INFO] Aggregate successfully.

[0m[31mTotal time inside the Enclave: 765.762159ms[0m

Secure aggregation completed!
[Info] Destroy enclave: 0.000000ms.
init enclave...
[33m[INFO] Create Enclave: 104.075842ms[0m
Test aggregate time: 0.257720ms

[33m[Info] Sizeof data matrix: 457MB
[0m[DEBUG] loaded num: 400000, times: 1
[31mTime of clear final_x: 0.000000ms
[0m
[DEBUG] loaded num: 400000, times: 1
Clear final x successfully.
[31mTime of entering the enclave: 0.008385ms[0m
[DEBUG] Sizeof all required data in enclave: 6250 KB
[31mTime of key exchanges for 300 clients: 78.075261ms
[0m
[31mTime of key exchanges per client: 0.241985ms
[0m
Encrpyting user data...
[31mTime of data encryption per client: 3.669309ms[0m
Encprtion completed.

[DEBUG] Times: 1, loaded dim: 400000
[31mTime of secure aggregation: 649.947210ms[0m

[33m[INFO] Aggregate successfully.

[0m[31mTotal time inside the Enclave: 728.030856ms[0m

Secure aggregation completed!
[Info] Destroy enclave: 0.000000ms.
init enclave...
[33m[INFO] Create Enclave: 104.630529ms[0m
Test aggregate time: 0.258826ms

[33m[Info] Sizeof data matrix: 457MB
[0m[DEBUG] loaded num: 400000, times: 1
[31mTime of clear final_x: 0.000000ms
[0m
[DEBUG] loaded num: 400000, times: 1
Clear final x successfully.
[31mTime of entering the enclave: 0.009394ms[0m
[DEBUG] Sizeof all required data in enclave: 6250 KB
[31mTime of key exchanges for 300 clients: 79.493053ms
[0m
[31mTime of key exchanges per client: 0.247747ms
[0m
Encrpyting user data...
[31mTime of data encryption per client: 3.664458ms[0m
Encprtion completed.

[DEBUG] Times: 1, loaded dim: 400000
[31mTime of secure aggregation: 653.369283ms[0m

[33m[INFO] Aggregate successfully.

[0m[31mTotal time inside the Enclave: 732.871730ms[0m

Secure aggregation completed!
[Info] Destroy enclave: 0.000000ms.
init enclave...
[33m[INFO] Create Enclave: 103.980936ms[0m
Test aggregate time: 0.262840ms

[33m[Info] Sizeof data matrix: 457MB
[0m[DEBUG] loaded num: 400000, times: 1
[31mTime of clear final_x: 0.000000ms
[0m
[DEBUG] loaded num: 400000, times: 1
Clear final x successfully.
[31mTime of entering the enclave: 0.009248ms[0m
[DEBUG] Sizeof all required data in enclave: 6250 KB
[31mTime of key exchanges for 300 clients: 78.275661ms
[0m
[31mTime of key exchanges per client: 0.244329ms
[0m
Encrpyting user data...
[31mTime of data encryption per client: 3.698673ms[0m
Encprtion completed.

[DEBUG] Times: 1, loaded dim: 400000
[31mTime of secure aggregation: 667.943268ms[0m

[33m[INFO] Aggregate successfully.

[0m[31mTotal time inside the Enclave: 746.228177ms[0m

Secure aggregation completed!
[Info] Destroy enclave: 0.000000ms.
init enclave...
[33m[INFO] Create Enclave: 104.937145ms[0m
Test aggregate time: 0.273074ms

[33m[Info] Sizeof data matrix: 457MB
[0m[DEBUG] loaded num: 400000, times: 1
[31mTime of clear final_x: 0.000000ms
[0m
[DEBUG] loaded num: 400000, times: 1
Clear final x successfully.
[31mTime of entering the enclave: 0.010834ms[0m
[DEBUG] Sizeof all required data in enclave: 6250 KB
[31mTime of key exchanges for 300 clients: 79.846514ms
[0m
[31mTime of key exchanges per client: 0.248192ms
[0m
Encrpyting user data...
[31mTime of data encryption per client: 3.722467ms[0m
Encprtion completed.

[DEBUG] Times: 1, loaded dim: 400000
[31mTime of secure aggregation: 652.557821ms[0m

[33m[INFO] Aggregate successfully.

[0m[31mTotal time inside the Enclave: 732.415169ms[0m

Secure aggregation completed!
[Info] Destroy enclave: 0.000000ms.
init enclave...
[33m[INFO] Create Enclave: 101.465309ms[0m
Test aggregate time: 0.256608ms

[33m[Info] Sizeof data matrix: 457MB
[0m[DEBUG] loaded num: 400000, times: 1
[31mTime of clear final_x: 0.000000ms
[0m
[DEBUG] loaded num: 400000, times: 1
Clear final x successfully.
[31mTime of entering the enclave: 0.008491ms[0m
[DEBUG] Sizeof all required data in enclave: 6250 KB
[31mTime of key exchanges for 300 clients: 78.597678ms
[0m
[31mTime of key exchanges per client: 0.244900ms
[0m
Encrpyting user data...
[31mTime of data encryption per client: 3.670217ms[0m
Encprtion completed.

[DEBUG] Times: 1, loaded dim: 400000
[31mTime of secure aggregation: 649.191783ms[0m

[33m[INFO] Aggregate successfully.

[0m[31mTotal time inside the Enclave: 727.797952ms[0m

Secure aggregation completed!
[Info] Destroy enclave: 0.000000ms.
init enclave...
[33m[INFO] Create Enclave: 106.181711ms[0m
Test aggregate time: 0.259742ms

[33m[Info] Sizeof data matrix: 457MB
[0m[DEBUG] loaded num: 400000, times: 1
[31mTime of clear final_x: 0.000000ms
[0m
[DEBUG] loaded num: 400000, times: 1
Clear final x successfully.
[31mTime of entering the enclave: 0.009079ms[0m
[DEBUG] Sizeof all required data in enclave: 6250 KB
[31mTime of key exchanges for 300 clients: 78.606620ms
[0m
[31mTime of key exchanges per client: 0.244962ms
[0m
Encrpyting user data...
[31mTime of data encryption per client: 3.732523ms[0m
Encprtion completed.

[DEBUG] Times: 1, loaded dim: 400000
[31mTime of secure aggregation: 637.622184ms[0m

[33m[INFO] Aggregate successfully.

[0m[31mTotal time inside the Enclave: 716.237883ms[0m

Secure aggregation completed!
[Info] Destroy enclave: 0.000000ms.
init enclave...
[33m[INFO] Create Enclave: 105.601358ms[0m
Test aggregate time: 0.262456ms

[33m[Info] Sizeof data matrix: 457MB
[0m[DEBUG] loaded num: 400000, times: 1
[31mTime of clear final_x: 0.000000ms
[0m
[DEBUG] loaded num: 400000, times: 1
Clear final x successfully.
[31mTime of entering the enclave: 0.008829ms[0m
[DEBUG] Sizeof all required data in enclave: 6250 KB
[31mTime of key exchanges for 300 clients: 79.721642ms
[0m
[31mTime of key exchanges per client: 0.247585ms
[0m
Encrpyting user data...
[31mTime of data encryption per client: 3.705317ms[0m
Encprtion completed.

[DEBUG] Times: 1, loaded dim: 400000
[31mTime of secure aggregation: 645.113771ms[0m

[33m[INFO] Aggregate successfully.

[0m[31mTotal time inside the Enclave: 724.844242ms[0m

Secure aggregation completed!
[Info] Destroy enclave: 0.000000ms.
init enclave...
[33m[INFO] Create Enclave: 107.428630ms[0m
Test aggregate time: 0.255380ms

[33m[Info] Sizeof data matrix: 457MB
[0m[DEBUG] loaded num: 400000, times: 1
[31mTime of clear final_x: 0.000000ms
[0m
[DEBUG] loaded num: 400000, times: 1
Clear final x successfully.
[31mTime of entering the enclave: 0.008664ms[0m
[DEBUG] Sizeof all required data in enclave: 6250 KB
[31mTime of key exchanges for 300 clients: 77.966999ms
[0m
[31mTime of key exchanges per client: 0.243938ms
[0m
Encrpyting user data...
[31mTime of data encryption per client: 3.703006ms[0m
Encprtion completed.

[DEBUG] Times: 1, loaded dim: 400000
[31mTime of secure aggregation: 669.467324ms[0m

[33m[INFO] Aggregate successfully.

[0m[31mTotal time inside the Enclave: 747.442987ms[0m

Secure aggregation completed!
[Info] Destroy enclave: 0.000000ms.
init enclave...
[33m[INFO] Create Enclave: 101.504719ms[0m
Test aggregate time: 0.256905ms

[33m[Info] Sizeof data matrix: 457MB
[0m[DEBUG] loaded num: 400000, times: 1
[31mTime of clear final_x: 0.000000ms
[0m
[DEBUG] loaded num: 400000, times: 1
Clear final x successfully.
[31mTime of entering the enclave: 0.007851ms[0m
[DEBUG] Sizeof all required data in enclave: 6250 KB
[31mTime of key exchanges for 300 clients: 79.156135ms
[0m
[31mTime of key exchanges per client: 0.244544ms
[0m
Encrpyting user data...
[31mTime of data encryption per client: 3.698883ms[0m
Encprtion completed.

[DEBUG] Times: 1, loaded dim: 400000
[31mTime of secure aggregation: 645.163541ms[0m

[33m[INFO] Aggregate successfully.

[0m[31mTotal time inside the Enclave: 724.327527ms[0m

Secure aggregation completed!
[Info] Destroy enclave: 0.000000ms.
init enclave...
[33m[INFO] Create Enclave: 108.245579ms[0m
Test aggregate time: 0.255082ms

[33m[Info] Sizeof data matrix: 457MB
[0m[DEBUG] loaded num: 400000, times: 1
[31mTime of clear final_x: 0.000000ms
[0m
[DEBUG] loaded num: 400000, times: 1
Clear final x successfully.
[31mTime of entering the enclave: 0.008703ms[0m
[DEBUG] Sizeof all required data in enclave: 6250 KB
[31mTime of key exchanges for 300 clients: 78.083460ms
[0m
[31mTime of key exchanges per client: 0.243024ms
[0m
Encrpyting user data...
[31mTime of data encryption per client: 3.675837ms[0m
Encprtion completed.

[DEBUG] Times: 1, loaded dim: 400000
[31mTime of secure aggregation: 638.638197ms[0m

[33m[INFO] Aggregate successfully.

[0m[31mTotal time inside the Enclave: 716.730360ms[0m

Secure aggregation completed!
[Info] Destroy enclave: 0.000000ms.
init enclave...
[33m[INFO] Create Enclave: 102.132739ms[0m
Test aggregate time: 0.262067ms

[33m[Info] Sizeof data matrix: 457MB
[0m[DEBUG] loaded num: 400000, times: 1
[31mTime of clear final_x: 0.000000ms
[0m
[DEBUG] loaded num: 400000, times: 1
Clear final x successfully.
[31mTime of entering the enclave: 0.008402ms[0m
[DEBUG] Sizeof all required data in enclave: 6250 KB
[31mTime of key exchanges for 300 clients: 77.774546ms
[0m
[31mTime of key exchanges per client: 0.241558ms
[0m
Encrpyting user data...
[31mTime of data encryption per client: 3.653407ms[0m
Encprtion completed.

[DEBUG] Times: 1, loaded dim: 400000
[31mTime of secure aggregation: 635.776845ms[0m

[33m[INFO] Aggregate successfully.

[0m[31mTotal time inside the Enclave: 713.559793ms[0m

Secure aggregation completed!
[Info] Destroy enclave: 0.000000ms.
init enclave...
[33m[INFO] Create Enclave: 101.983368ms[0m
Test aggregate time: 0.255202ms

[33m[Info] Sizeof data matrix: 457MB
[0m[DEBUG] loaded num: 400000, times: 1
[31mTime of clear final_x: 0.000000ms
[0m
[DEBUG] loaded num: 400000, times: 1
Clear final x successfully.
[31mTime of entering the enclave: 0.008125ms[0m
[DEBUG] Sizeof all required data in enclave: 6250 KB
[31mTime of key exchanges for 300 clients: 77.821719ms
[0m
[31mTime of key exchanges per client: 0.243029ms
[0m
Encrpyting user data...
[31mTime of data encryption per client: 3.666233ms[0m
Encprtion completed.

[DEBUG] Times: 1, loaded dim: 400000
[31mTime of secure aggregation: 637.678265ms[0m

[33m[INFO] Aggregate successfully.

[0m[31mTotal time inside the Enclave: 715.508109ms[0m

Secure aggregation completed!
[Info] Destroy enclave: 0.000000ms.
init enclave...
[33m[INFO] Create Enclave: 106.151018ms[0m
Test aggregate time: 0.256503ms

[33m[Info] Sizeof data matrix: 457MB
[0m[DEBUG] loaded num: 400000, times: 1
[31mTime of clear final_x: 0.000000ms
[0m
[DEBUG] loaded num: 400000, times: 1
Clear final x successfully.
[31mTime of entering the enclave: 0.008379ms[0m
[DEBUG] Sizeof all required data in enclave: 6250 KB
[31mTime of key exchanges for 300 clients: 78.208711ms
[0m
[31mTime of key exchanges per client: 0.243692ms
[0m
Encrpyting user data...
[31mTime of data encryption per client: 3.694786ms[0m
Encprtion completed.

[DEBUG] Times: 1, loaded dim: 400000
[31mTime of secure aggregation: 638.331965ms[0m

[33m[INFO] Aggregate successfully.

[0m[31mTotal time inside the Enclave: 716.549055ms[0m

Secure aggregation completed!
[Info] Destroy enclave: 0.000000ms.
init enclave...
[33m[INFO] Create Enclave: 106.239958ms[0m
Test aggregate time: 0.254805ms

[33m[Info] Sizeof data matrix: 457MB
[0m[DEBUG] loaded num: 400000, times: 1
[31mTime of clear final_x: 0.000000ms
[0m
[DEBUG] loaded num: 400000, times: 1
Clear final x successfully.
[31mTime of entering the enclave: 0.008538ms[0m
[DEBUG] Sizeof all required data in enclave: 6250 KB
[31mTime of key exchanges for 300 clients: 78.555851ms
[0m
[31mTime of key exchanges per client: 0.243465ms
[0m
Encrpyting user data...
[31mTime of data encryption per client: 3.645535ms[0m
Encprtion completed.

[DEBUG] Times: 1, loaded dim: 400000
[31mTime of secure aggregation: 636.870479ms[0m

[33m[INFO] Aggregate successfully.

[0m[31mTotal time inside the Enclave: 715.434868ms[0m

Secure aggregation completed!
[Info] Destroy enclave: 0.000000ms.
init enclave...
[33m[INFO] Create Enclave: 101.902080ms[0m
Test aggregate time: 0.255672ms

[33m[Info] Sizeof data matrix: 457MB
[0m[DEBUG] loaded num: 400000, times: 1
[31mTime of clear final_x: 0.000000ms
[0m
[DEBUG] loaded num: 400000, times: 1
Clear final x successfully.
[31mTime of entering the enclave: 0.008853ms[0m
[DEBUG] Sizeof all required data in enclave: 6250 KB
[31mTime of key exchanges for 300 clients: 77.768778ms
[0m
[31mTime of key exchanges per client: 0.243265ms
[0m
Encrpyting user data...
[31mTime of data encryption per client: 3.679312ms[0m
Encprtion completed.

[DEBUG] Times: 1, loaded dim: 400000
[31mTime of secure aggregation: 638.275021ms[0m

[33m[INFO] Aggregate successfully.

[0m[31mTotal time inside the Enclave: 716.052652ms[0m

Secure aggregation completed!
[Info] Destroy enclave: 0.000000ms.
init enclave...
[33m[INFO] Create Enclave: 102.069794ms[0m
Test aggregate time: 0.256768ms

[33m[Info] Sizeof data matrix: 457MB
[0m[DEBUG] loaded num: 400000, times: 1
[31mTime of clear final_x: 0.000000ms
[0m
[DEBUG] loaded num: 400000, times: 1
Clear final x successfully.
[31mTime of entering the enclave: 0.008772ms[0m
[DEBUG] Sizeof all required data in enclave: 6250 KB
[31mTime of key exchanges for 300 clients: 78.133732ms
[0m
[31mTime of key exchanges per client: 0.242935ms
[0m
Encrpyting user data...
[31mTime of data encryption per client: 3.654727ms[0m
Encprtion completed.

[DEBUG] Times: 1, loaded dim: 400000
[31mTime of secure aggregation: 635.924681ms[0m

[33m[INFO] Aggregate successfully.

[0m[31mTotal time inside the Enclave: 714.067185ms[0m

Secure aggregation completed!
[Info] Destroy enclave: 0.000000ms.
init enclave...
[33m[INFO] Create Enclave: 101.788541ms[0m
Test aggregate time: 0.254646ms

[33m[Info] Sizeof data matrix: 457MB
[0m[DEBUG] loaded num: 400000, times: 1
[31mTime of clear final_x: 0.000000ms
[0m
[DEBUG] loaded num: 400000, times: 1
Clear final x successfully.
[31mTime of entering the enclave: 0.009837ms[0m
[DEBUG] Sizeof all required data in enclave: 6250 KB
[31mTime of key exchanges for 300 clients: 77.840865ms
[0m
[31mTime of key exchanges per client: 0.242371ms
[0m
Encrpyting user data...
[31mTime of data encryption per client: 3.655623ms[0m
Encprtion completed.

[DEBUG] Times: 1, loaded dim: 400000
[31mTime of secure aggregation: 635.051674ms[0m

[33m[INFO] Aggregate successfully.

[0m[31mTotal time inside the Enclave: 712.902376ms[0m

Secure aggregation completed!
[Info] Destroy enclave: 0.000000ms.
init enclave...
[33m[INFO] Create Enclave: 102.089051ms[0m
Test aggregate time: 0.255757ms

[33m[Info] Sizeof data matrix: 457MB
[0m[DEBUG] loaded num: 400000, times: 1
[31mTime of clear final_x: 0.000000ms
[0m
[DEBUG] loaded num: 400000, times: 1
Clear final x successfully.
[31mTime of entering the enclave: 0.009067ms[0m
[DEBUG] Sizeof all required data in enclave: 6250 KB
[31mTime of key exchanges for 300 clients: 78.335196ms
[0m
[31mTime of key exchanges per client: 0.243180ms
[0m
Encrpyting user data...
[31mTime of data encryption per client: 3.685275ms[0m
Encprtion completed.

[DEBUG] Times: 1, loaded dim: 400000
[31mTime of secure aggregation: 638.237601ms[0m

[33m[INFO] Aggregate successfully.

[0m[31mTotal time inside the Enclave: 716.581864ms[0m

Secure aggregation completed!
[Info] Destroy enclave: 0.000000ms.
init enclave...
[33m[INFO] Create Enclave: 107.742367ms[0m
Test aggregate time: 0.255637ms

[33m[Info] Sizeof data matrix: 457MB
[0m[DEBUG] loaded num: 400000, times: 1
[31mTime of clear final_x: 0.000000ms
[0m
[DEBUG] loaded num: 400000, times: 1
Clear final x successfully.
[31mTime of entering the enclave: 0.009195ms[0m
[DEBUG] Sizeof all required data in enclave: 6250 KB
[31mTime of key exchanges for 300 clients: 79.178997ms
[0m
[31mTime of key exchanges per client: 0.244407ms
[0m
Encrpyting user data...
[31mTime of data encryption per client: 3.665922ms[0m
Encprtion completed.

[DEBUG] Times: 1, loaded dim: 400000
[31mTime of secure aggregation: 634.610340ms[0m

[33m[INFO] Aggregate successfully.

[0m[31mTotal time inside the Enclave: 713.798532ms[0m

Secure aggregation completed!
[Info] Destroy enclave: 0.000000ms.
init enclave...
[33m[INFO] Create Enclave: 101.198714ms[0m
Test aggregate time: 0.256948ms

[33m[Info] Sizeof data matrix: 457MB
[0m[DEBUG] loaded num: 400000, times: 1
[31mTime of clear final_x: 0.000000ms
[0m
[DEBUG] loaded num: 400000, times: 1
Clear final x successfully.
[31mTime of entering the enclave: 0.007648ms[0m
[DEBUG] Sizeof all required data in enclave: 6250 KB
[31mTime of key exchanges for 300 clients: 77.748105ms
[0m
[31mTime of key exchanges per client: 0.241163ms
[0m
Encrpyting user data...
[31mTime of data encryption per client: 3.647598ms[0m
Encprtion completed.

[DEBUG] Times: 1, loaded dim: 400000
[31mTime of secure aggregation: 642.066413ms[0m

[33m[INFO] Aggregate successfully.

[0m[31mTotal time inside the Enclave: 719.822166ms[0m

Secure aggregation completed!
[Info] Destroy enclave: 0.000000ms.
init enclave...
[33m[INFO] Create Enclave: 104.735195ms[0m
Test aggregate time: 0.255431ms

[33m[Info] Sizeof data matrix: 457MB
[0m[DEBUG] loaded num: 400000, times: 1
[31mTime of clear final_x: 0.000000ms
[0m
[DEBUG] loaded num: 400000, times: 1
Clear final x successfully.
[31mTime of entering the enclave: 0.009708ms[0m
[DEBUG] Sizeof all required data in enclave: 6250 KB
[31mTime of key exchanges for 300 clients: 78.093814ms
[0m
[31mTime of key exchanges per client: 0.242460ms
[0m
Encrpyting user data...
[31mTime of data encryption per client: 3.664388ms[0m
Encprtion completed.

[DEBUG] Times: 1, loaded dim: 400000
[31mTime of secure aggregation: 636.444732ms[0m

[33m[INFO] Aggregate successfully.

[0m[31mTotal time inside the Enclave: 714.548254ms[0m

Secure aggregation completed!
[Info] Destroy enclave: 0.000000ms.
init enclave...
[33m[INFO] Create Enclave: 102.954142ms[0m
Test aggregate time: 0.255327ms

[33m[Info] Sizeof data matrix: 457MB
[0m[DEBUG] loaded num: 400000, times: 1
[31mTime of clear final_x: 0.000000ms
[0m
[DEBUG] loaded num: 400000, times: 1
Clear final x successfully.
[31mTime of entering the enclave: 0.008436ms[0m
[DEBUG] Sizeof all required data in enclave: 6250 KB
[31mTime of key exchanges for 300 clients: 78.275528ms
[0m
[31mTime of key exchanges per client: 0.243621ms
[0m
Encrpyting user data...
[31mTime of data encryption per client: 3.686743ms[0m
Encprtion completed.

[DEBUG] Times: 1, loaded dim: 400000
[31mTime of secure aggregation: 647.741979ms[0m

[33m[INFO] Aggregate successfully.

[0m[31mTotal time inside the Enclave: 726.025943ms[0m

Secure aggregation completed!
[Info] Destroy enclave: 0.000000ms.
init enclave...
[33m[INFO] Create Enclave: 102.663317ms[0m
Test aggregate time: 0.268825ms

[33m[Info] Sizeof data matrix: 457MB
[0m[DEBUG] loaded num: 400000, times: 1
[31mTime of clear final_x: 0.000000ms
[0m
[DEBUG] loaded num: 400000, times: 1
Clear final x successfully.
[31mTime of entering the enclave: 0.007844ms[0m
[DEBUG] Sizeof all required data in enclave: 6250 KB
[31mTime of key exchanges for 300 clients: 77.887555ms
[0m
[31mTime of key exchanges per client: 0.243135ms
[0m
Encrpyting user data...
[31mTime of data encryption per client: 3.694220ms[0m
Encprtion completed.

[DEBUG] Times: 1, loaded dim: 400000
[31mTime of secure aggregation: 639.186300ms[0m

[33m[INFO] Aggregate successfully.

[0m[31mTotal time inside the Enclave: 717.081699ms[0m

Secure aggregation completed!
[Info] Destroy enclave: 0.000000ms.
init enclave...
[33m[INFO] Create Enclave: 101.196980ms[0m
Test aggregate time: 0.255408ms

[33m[Info] Sizeof data matrix: 457MB
[0m[DEBUG] loaded num: 400000, times: 1
[31mTime of clear final_x: 0.000000ms
[0m
[DEBUG] loaded num: 400000, times: 1
Clear final x successfully.
[31mTime of entering the enclave: 0.008592ms[0m
[DEBUG] Sizeof all required data in enclave: 6250 KB
[31mTime of key exchanges for 300 clients: 78.329228ms
[0m
[31mTime of key exchanges per client: 0.243895ms
[0m
Encrpyting user data...
[31mTime of data encryption per client: 3.668003ms[0m
Encprtion completed.

[DEBUG] Times: 1, loaded dim: 400000
[31mTime of secure aggregation: 639.465757ms[0m

[33m[INFO] Aggregate successfully.

[0m[31mTotal time inside the Enclave: 717.803577ms[0m

Secure aggregation completed!
[Info] Destroy enclave: 0.000000ms.
init enclave...
[33m[INFO] Create Enclave: 102.509443ms[0m
Test aggregate time: 0.255501ms

[33m[Info] Sizeof data matrix: 457MB
[0m[DEBUG] loaded num: 400000, times: 1
[31mTime of clear final_x: 0.000000ms
[0m
[DEBUG] loaded num: 400000, times: 1
Clear final x successfully.
[31mTime of entering the enclave: 0.008546ms[0m
[DEBUG] Sizeof all required data in enclave: 6250 KB
[31mTime of key exchanges for 300 clients: 77.992760ms
[0m
[31mTime of key exchanges per client: 0.241999ms
[0m
Encrpyting user data...
[31mTime of data encryption per client: 3.682194ms[0m
Encprtion completed.

[DEBUG] Times: 1, loaded dim: 400000
[31mTime of secure aggregation: 635.123560ms[0m

[33m[INFO] Aggregate successfully.

[0m[31mTotal time inside the Enclave: 713.124866ms[0m

Secure aggregation completed!
[Info] Destroy enclave: 0.000000ms.
init enclave...
[33m[INFO] Create Enclave: 102.874533ms[0m
Test aggregate time: 0.255292ms

[33m[Info] Sizeof data matrix: 457MB
[0m[DEBUG] loaded num: 400000, times: 1
[31mTime of clear final_x: 0.000000ms
[0m
[DEBUG] loaded num: 400000, times: 1
Clear final x successfully.
[31mTime of entering the enclave: 0.008347ms[0m
[DEBUG] Sizeof all required data in enclave: 6250 KB
[31mTime of key exchanges for 300 clients: 78.466033ms
[0m
[31mTime of key exchanges per client: 0.243828ms
[0m
Encrpyting user data...
[31mTime of data encryption per client: 3.675451ms[0m
Encprtion completed.

[DEBUG] Times: 1, loaded dim: 400000
[31mTime of secure aggregation: 636.360894ms[0m

[33m[INFO] Aggregate successfully.

[0m[31mTotal time inside the Enclave: 714.835274ms[0m

Secure aggregation completed!
[Info] Destroy enclave: 0.000000ms.
init enclave...
[33m[INFO] Create Enclave: 102.122261ms[0m
Test aggregate time: 0.254814ms

[33m[Info] Sizeof data matrix: 457MB
[0m[DEBUG] loaded num: 400000, times: 1
[31mTime of clear final_x: 0.000000ms
[0m
[DEBUG] loaded num: 400000, times: 1
Clear final x successfully.
[31mTime of entering the enclave: 0.008184ms[0m
[DEBUG] Sizeof all required data in enclave: 6250 KB
[31mTime of key exchanges for 300 clients: 77.910915ms
[0m
[31mTime of key exchanges per client: 0.242409ms
[0m
Encrpyting user data...
[31mTime of data encryption per client: 3.650618ms[0m
Encprtion completed.

[DEBUG] Times: 1, loaded dim: 400000
[31mTime of secure aggregation: 636.537091ms[0m

[33m[INFO] Aggregate successfully.

[0m[31mTotal time inside the Enclave: 714.456190ms[0m

Secure aggregation completed!
[Info] Destroy enclave: 0.000000ms.
init enclave...
[33m[INFO] Create Enclave: 101.427058ms[0m
Test aggregate time: 0.256453ms

[33m[Info] Sizeof data matrix: 457MB
[0m[DEBUG] loaded num: 400000, times: 1
[31mTime of clear final_x: 0.000000ms
[0m
[DEBUG] loaded num: 400000, times: 1
Clear final x successfully.
[31mTime of entering the enclave: 0.009271ms[0m
[DEBUG] Sizeof all required data in enclave: 6250 KB
[31mTime of key exchanges for 300 clients: 77.842306ms
[0m
[31mTime of key exchanges per client: 0.242925ms
[0m
Encrpyting user data...
[31mTime of data encryption per client: 3.680714ms[0m
Encprtion completed.

[DEBUG] Times: 1, loaded dim: 400000
[31mTime of secure aggregation: 646.074910ms[0m

[33m[INFO] Aggregate successfully.

[0m[31mTotal time inside the Enclave: 723.926487ms[0m

Secure aggregation completed!
[Info] Destroy enclave: 0.000000ms.
init enclave...
[33m[INFO] Create Enclave: 101.365052ms[0m
Test aggregate time: 0.255314ms

[33m[Info] Sizeof data matrix: 457MB
[0m[DEBUG] loaded num: 400000, times: 1
[31mTime of clear final_x: 0.000000ms
[0m
[DEBUG] loaded num: 400000, times: 1
Clear final x successfully.
[31mTime of entering the enclave: 0.008627ms[0m
[DEBUG] Sizeof all required data in enclave: 6250 KB
[31mTime of key exchanges for 300 clients: 78.421553ms
[0m
[31mTime of key exchanges per client: 0.243927ms
[0m
Encrpyting user data...
[31mTime of data encryption per client: 3.647806ms[0m
Encprtion completed.

[DEBUG] Times: 1, loaded dim: 400000
[31mTime of secure aggregation: 636.569773ms[0m

[33m[INFO] Aggregate successfully.

[0m[31mTotal time inside the Enclave: 714.999953ms[0m

Secure aggregation completed!
[Info] Destroy enclave: 0.000000ms.
init enclave...
[33m[INFO] Create Enclave: 102.206647ms[0m
Test aggregate time: 0.255987ms

[33m[Info] Sizeof data matrix: 457MB
[0m[DEBUG] loaded num: 400000, times: 1
[31mTime of clear final_x: 0.000000ms
[0m
[DEBUG] loaded num: 400000, times: 1
Clear final x successfully.
[31mTime of entering the enclave: 0.008696ms[0m
[DEBUG] Sizeof all required data in enclave: 6250 KB
[31mTime of key exchanges for 300 clients: 78.000373ms
[0m
[31mTime of key exchanges per client: 0.241443ms
[0m
Encrpyting user data...
[31mTime of data encryption per client: 3.680040ms[0m
Encprtion completed.

[DEBUG] Times: 1, loaded dim: 400000
[31mTime of secure aggregation: 635.117806ms[0m

[33m[INFO] Aggregate successfully.

[0m[31mTotal time inside the Enclave: 713.126875ms[0m

Secure aggregation completed!
[Info] Destroy enclave: 0.000000ms.
init enclave...
[33m[INFO] Create Enclave: 102.345832ms[0m
Test aggregate time: 0.254285ms

[33m[Info] Sizeof data matrix: 457MB
[0m[DEBUG] loaded num: 400000, times: 1
[31mTime of clear final_x: 0.000000ms
[0m
[DEBUG] loaded num: 400000, times: 1
Clear final x successfully.
[31mTime of entering the enclave: 0.008701ms[0m
[DEBUG] Sizeof all required data in enclave: 6250 KB
[31mTime of key exchanges for 300 clients: 78.825217ms
[0m
[31mTime of key exchanges per client: 0.243902ms
[0m
Encrpyting user data...
[31mTime of data encryption per client: 3.660601ms[0m
Encprtion completed.

[DEBUG] Times: 1, loaded dim: 400000
[31mTime of secure aggregation: 636.554923ms[0m

[33m[INFO] Aggregate successfully.

[0m[31mTotal time inside the Enclave: 715.388841ms[0m

Secure aggregation completed!
[Info] Destroy enclave: 0.000000ms.
init enclave...
[33m[INFO] Create Enclave: 100.645734ms[0m
Test aggregate time: 0.255434ms

[33m[Info] Sizeof data matrix: 457MB
[0m[DEBUG] loaded num: 400000, times: 1
[31mTime of clear final_x: 0.000000ms
[0m
[DEBUG] loaded num: 400000, times: 1
Clear final x successfully.
[31mTime of entering the enclave: 0.008912ms[0m
[DEBUG] Sizeof all required data in enclave: 6250 KB
[31mTime of key exchanges for 300 clients: 78.381342ms
[0m
[31mTime of key exchanges per client: 0.242383ms
[0m
Encrpyting user data...
[31mTime of data encryption per client: 3.666329ms[0m
Encprtion completed.

[DEBUG] Times: 1, loaded dim: 400000
[31mTime of secure aggregation: 643.654425ms[0m

[33m[INFO] Aggregate successfully.

[0m[31mTotal time inside the Enclave: 722.044679ms[0m

Secure aggregation completed!
[Info] Destroy enclave: 0.000000ms.
init enclave...
[33m[INFO] Create Enclave: 102.689571ms[0m
Test aggregate time: 0.256214ms

[33m[Info] Sizeof data matrix: 457MB
[0m[DEBUG] loaded num: 400000, times: 1
[31mTime of clear final_x: 0.000000ms
[0m
[DEBUG] loaded num: 400000, times: 1
Clear final x successfully.
[31mTime of entering the enclave: 0.008149ms[0m
[DEBUG] Sizeof all required data in enclave: 6250 KB
[31mTime of key exchanges for 300 clients: 77.816609ms
[0m
[31mTime of key exchanges per client: 0.240998ms
[0m
Encrpyting user data...
[31mTime of data encryption per client: 3.653294ms[0m
Encprtion completed.

[DEBUG] Times: 1, loaded dim: 400000
[31mTime of secure aggregation: 637.628785ms[0m

[33m[INFO] Aggregate successfully.

[0m[31mTotal time inside the Enclave: 715.453543ms[0m

Secure aggregation completed!
[Info] Destroy enclave: 0.000000ms.
init enclave...
[33m[INFO] Create Enclave: 107.663374ms[0m
Test aggregate time: 0.265636ms

[33m[Info] Sizeof data matrix: 457MB
[0m[DEBUG] loaded num: 400000, times: 1
[31mTime of clear final_x: 0.000000ms
[0m
[DEBUG] loaded num: 400000, times: 1
Clear final x successfully.
[31mTime of entering the enclave: 0.007538ms[0m
[DEBUG] Sizeof all required data in enclave: 6250 KB
[31mTime of key exchanges for 300 clients: 81.960954ms
[0m
[31mTime of key exchanges per client: 0.253906ms
[0m
Encrpyting user data...
[31mTime of data encryption per client: 3.812287ms[0m
Encprtion completed.

[DEBUG] Times: 1, loaded dim: 400000
[31mTime of secure aggregation: 728.184681ms[0m

[33m[INFO] Aggregate successfully.

[0m[31mTotal time inside the Enclave: 810.153173ms[0m

Secure aggregation completed!
[Info] Destroy enclave: 0.000000ms.
init enclave...
[33m[INFO] Create Enclave: 103.087828ms[0m
Test aggregate time: 0.269370ms

[33m[Info] Sizeof data matrix: 457MB
[0m[DEBUG] loaded num: 400000, times: 1
[31mTime of clear final_x: 0.000000ms
[0m
[DEBUG] loaded num: 400000, times: 1
Clear final x successfully.
[31mTime of entering the enclave: 0.008637ms[0m
[DEBUG] Sizeof all required data in enclave: 6250 KB
[31mTime of key exchanges for 300 clients: 81.064793ms
[0m
[31mTime of key exchanges per client: 0.251864ms
[0m
Encrpyting user data...
[31mTime of data encryption per client: 3.871696ms[0m
Encprtion completed.

[DEBUG] Times: 1, loaded dim: 400000
[31mTime of secure aggregation: 684.025042ms[0m

[33m[INFO] Aggregate successfully.

[0m[31mTotal time inside the Enclave: 765.098472ms[0m

Secure aggregation completed!
[Info] Destroy enclave: 0.000000ms.
init enclave...
[33m[INFO] Create Enclave: 104.961065ms[0m
Test aggregate time: 0.266409ms

[33m[Info] Sizeof data matrix: 457MB
[0m[DEBUG] loaded num: 400000, times: 1
[31mTime of clear final_x: 0.000000ms
[0m
[DEBUG] loaded num: 400000, times: 1
Clear final x successfully.
[31mTime of entering the enclave: 0.009763ms[0m
[DEBUG] Sizeof all required data in enclave: 6250 KB
[31mTime of key exchanges for 300 clients: 82.718098ms
[0m
[31mTime of key exchanges per client: 0.255868ms
[0m
Encrpyting user data...
[31mTime of data encryption per client: 3.931928ms[0m
Encprtion completed.

[DEBUG] Times: 1, loaded dim: 400000
[31mTime of secure aggregation: 729.738352ms[0m

[33m[INFO] Aggregate successfully.

[0m[31mTotal time inside the Enclave: 812.466213ms[0m

Secure aggregation completed!
[Info] Destroy enclave: 0.000000ms.
init enclave...
[33m[INFO] Create Enclave: 104.101121ms[0m
Test aggregate time: 0.266326ms

[33m[Info] Sizeof data matrix: 457MB
[0m[DEBUG] loaded num: 400000, times: 1
[31mTime of clear final_x: 0.000000ms
[0m
[DEBUG] loaded num: 400000, times: 1
Clear final x successfully.
[31mTime of entering the enclave: 0.012071ms[0m
[DEBUG] Sizeof all required data in enclave: 6250 KB
[31mTime of key exchanges for 300 clients: 80.722138ms
[0m
[31mTime of key exchanges per client: 0.249847ms
[0m
Encrpyting user data...
[31mTime of data encryption per client: 3.761178ms[0m
Encprtion completed.

[DEBUG] Times: 1, loaded dim: 400000
[31mTime of secure aggregation: 693.192025ms[0m

[33m[INFO] Aggregate successfully.

[0m[31mTotal time inside the Enclave: 773.926234ms[0m

Secure aggregation completed!
[Info] Destroy enclave: 0.000000ms.
init enclave...
[33m[INFO] Create Enclave: 104.048420ms[0m
Test aggregate time: 0.261255ms

[33m[Info] Sizeof data matrix: 457MB
[0m[DEBUG] loaded num: 400000, times: 1
[31mTime of clear final_x: 0.000000ms
[0m
[DEBUG] loaded num: 400000, times: 1
Clear final x successfully.
[31mTime of entering the enclave: 0.009513ms[0m
[DEBUG] Sizeof all required data in enclave: 6250 KB
[31mTime of key exchanges for 300 clients: 84.479090ms
[0m
[31mTime of key exchanges per client: 0.262331ms
[0m
Encrpyting user data...
[31mTime of data encryption per client: 3.833712ms[0m
Encprtion completed.

[DEBUG] Times: 1, loaded dim: 400000
[31mTime of secure aggregation: 726.861524ms[0m

[33m[INFO] Aggregate successfully.

[0m[31mTotal time inside the Enclave: 811.350127ms[0m

Secure aggregation completed!
[Info] Destroy enclave: 0.000000ms.
init enclave...
[33m[INFO] Create Enclave: 109.485358ms[0m
Test aggregate time: 0.257205ms

[33m[Info] Sizeof data matrix: 457MB
[0m[DEBUG] loaded num: 400000, times: 1
[31mTime of clear final_x: 0.000000ms
[0m
[DEBUG] loaded num: 400000, times: 1
Clear final x successfully.
[31mTime of entering the enclave: 0.008566ms[0m
[DEBUG] Sizeof all required data in enclave: 6250 KB
[31mTime of key exchanges for 300 clients: 77.958438ms
[0m
[31mTime of key exchanges per client: 0.243167ms
[0m
Encrpyting user data...
[31mTime of data encryption per client: 3.696793ms[0m
Encprtion completed.

[DEBUG] Times: 1, loaded dim: 400000
[31mTime of secure aggregation: 655.300097ms[0m

[33m[INFO] Aggregate successfully.

[0m[31mTotal time inside the Enclave: 733.267101ms[0m

Secure aggregation completed!
[Info] Destroy enclave: 0.000000ms.
init enclave...
[33m[INFO] Create Enclave: 104.260810ms[0m
Test aggregate time: 0.262312ms

[33m[Info] Sizeof data matrix: 457MB
[0m[DEBUG] loaded num: 400000, times: 1
[31mTime of clear final_x: 0.000000ms
[0m
[DEBUG] loaded num: 400000, times: 1
Clear final x successfully.
[31mTime of entering the enclave: 0.008803ms[0m
[DEBUG] Sizeof all required data in enclave: 6250 KB
[31mTime of key exchanges for 300 clients: 81.137819ms
[0m
[31mTime of key exchanges per client: 0.252172ms
[0m
Encrpyting user data...
[31mTime of data encryption per client: 3.794881ms[0m
Encprtion completed.

[DEBUG] Times: 1, loaded dim: 400000
[31mTime of secure aggregation: 733.738955ms[0m

[33m[INFO] Aggregate successfully.

[0m[31mTotal time inside the Enclave: 814.885577ms[0m

Secure aggregation completed!
[Info] Destroy enclave: 0.000000ms.
init enclave...
[33m[INFO] Create Enclave: 108.221637ms[0m
Test aggregate time: 0.260936ms

[33m[Info] Sizeof data matrix: 457MB
[0m[DEBUG] loaded num: 400000, times: 1
[31mTime of clear final_x: 0.000000ms
[0m
[DEBUG] loaded num: 400000, times: 1
Clear final x successfully.
[31mTime of entering the enclave: 0.009400ms[0m
[DEBUG] Sizeof all required data in enclave: 6250 KB
[31mTime of key exchanges for 300 clients: 80.902869ms
[0m
[31mTime of key exchanges per client: 0.251696ms
[0m
Encrpyting user data...
[31mTime of data encryption per client: 3.791781ms[0m
Encprtion completed.

[DEBUG] Times: 1, loaded dim: 400000
[31mTime of secure aggregation: 730.122084ms[0m

[33m[INFO] Aggregate successfully.

[0m[31mTotal time inside the Enclave: 811.034353ms[0m

Secure aggregation completed!
[Info] Destroy enclave: 0.000000ms.
init enclave...
[33m[INFO] Create Enclave: 102.808007ms[0m
Test aggregate time: 0.256491ms

[33m[Info] Sizeof data matrix: 457MB
[0m[DEBUG] loaded num: 400000, times: 1
[31mTime of clear final_x: 0.000000ms
[0m
[DEBUG] loaded num: 400000, times: 1
Clear final x successfully.
[31mTime of entering the enclave: 0.010051ms[0m
[DEBUG] Sizeof all required data in enclave: 6250 KB
[31mTime of key exchanges for 300 clients: 78.185719ms
[0m
[31mTime of key exchanges per client: 0.242645ms
[0m
Encrpyting user data...
[31mTime of data encryption per client: 3.749150ms[0m
Encprtion completed.

[DEBUG] Times: 1, loaded dim: 400000
[31mTime of secure aggregation: 653.328910ms[0m

[33m[INFO] Aggregate successfully.

[0m[31mTotal time inside the Enclave: 731.524680ms[0m

Secure aggregation completed!
[Info] Destroy enclave: 0.000000ms.
init enclave...
[33m[INFO] Create Enclave: 103.472448ms[0m
Test aggregate time: 0.256730ms

[33m[Info] Sizeof data matrix: 457MB
[0m[DEBUG] loaded num: 400000, times: 1
[31mTime of clear final_x: 0.000000ms
[0m
[DEBUG] loaded num: 400000, times: 1
Clear final x successfully.
[31mTime of entering the enclave: 0.008471ms[0m
[DEBUG] Sizeof all required data in enclave: 6250 KB
[31mTime of key exchanges for 300 clients: 80.474910ms
[0m
[31mTime of key exchanges per client: 0.249231ms
[0m
Encrpyting user data...
[31mTime of data encryption per client: 3.817603ms[0m
Encprtion completed.

[DEBUG] Times: 1, loaded dim: 400000
[31mTime of secure aggregation: 756.401204ms[0m

[33m[INFO] Aggregate successfully.

[0m[31mTotal time inside the Enclave: 836.884585ms[0m

Secure aggregation completed!
[Info] Destroy enclave: 0.000000ms.
init enclave...
[33m[INFO] Create Enclave: 103.480704ms[0m
Test aggregate time: 0.261613ms

[33m[Info] Sizeof data matrix: 457MB
[0m[DEBUG] loaded num: 400000, times: 1
[31mTime of clear final_x: 0.000000ms
[0m
[DEBUG] loaded num: 400000, times: 1
Clear final x successfully.
[31mTime of entering the enclave: 0.008329ms[0m
[DEBUG] Sizeof all required data in enclave: 6250 KB
[31mTime of key exchanges for 300 clients: 79.216422ms
[0m
[31mTime of key exchanges per client: 0.246553ms
[0m
Encrpyting user data...
[31mTime of data encryption per client: 3.834390ms[0m
Encprtion completed.

[DEBUG] Times: 1, loaded dim: 400000
[31mTime of secure aggregation: 772.785599ms[0m

[33m[INFO] Aggregate successfully.

[0m[31mTotal time inside the Enclave: 852.010350ms[0m

Secure aggregation completed!
[Info] Destroy enclave: 0.000000ms.
init enclave...
[33m[INFO] Create Enclave: 115.858458ms[0m
Test aggregate time: 0.266902ms

[33m[Info] Sizeof data matrix: 457MB
[0m[DEBUG] loaded num: 400000, times: 1
[31mTime of clear final_x: 0.000000ms
[0m
[DEBUG] loaded num: 400000, times: 1
Clear final x successfully.
[31mTime of entering the enclave: 0.009606ms[0m
[DEBUG] Sizeof all required data in enclave: 6250 KB
[31mTime of key exchanges for 300 clients: 83.027735ms
[0m
[31mTime of key exchanges per client: 0.257926ms
[0m
Encrpyting user data...
[31mTime of data encryption per client: 3.815899ms[0m
Encprtion completed.

[DEBUG] Times: 1, loaded dim: 400000
[31mTime of secure aggregation: 671.162451ms[0m

[33m[INFO] Aggregate successfully.

[0m[31mTotal time inside the Enclave: 754.199792ms[0m

Secure aggregation completed!
[Info] Destroy enclave: 0.000000ms.
init enclave...
[33m[INFO] Create Enclave: 111.304583ms[0m
Test aggregate time: 0.255281ms

[33m[Info] Sizeof data matrix: 457MB
[0m[DEBUG] loaded num: 400000, times: 1
[31mTime of clear final_x: 0.000000ms
[0m
[DEBUG] loaded num: 400000, times: 1
Clear final x successfully.
[31mTime of entering the enclave: 0.008234ms[0m
[DEBUG] Sizeof all required data in enclave: 6250 KB
[31mTime of key exchanges for 300 clients: 78.041591ms
[0m
[31mTime of key exchanges per client: 0.240928ms
[0m
Encrpyting user data...
[31mTime of data encryption per client: 3.709631ms[0m
Encprtion completed.

[DEBUG] Times: 1, loaded dim: 400000
[31mTime of secure aggregation: 659.276937ms[0m

[33m[INFO] Aggregate successfully.

[0m[31mTotal time inside the Enclave: 737.326762ms[0m

Secure aggregation completed!
[Info] Destroy enclave: 0.000000ms.
init enclave...
[33m[INFO] Create Enclave: 102.526452ms[0m
Test aggregate time: 0.254616ms

[33m[Info] Sizeof data matrix: 457MB
[0m[DEBUG] loaded num: 400000, times: 1
[31mTime of clear final_x: 0.000000ms
[0m
[DEBUG] loaded num: 400000, times: 1
Clear final x successfully.
[31mTime of entering the enclave: 0.008916ms[0m
[DEBUG] Sizeof all required data in enclave: 6250 KB
[31mTime of key exchanges for 300 clients: 78.588020ms
[0m
[31mTime of key exchanges per client: 0.245656ms
[0m
Encrpyting user data...
[31mTime of data encryption per client: 3.680619ms[0m
Encprtion completed.

[DEBUG] Times: 1, loaded dim: 400000
[31mTime of secure aggregation: 652.591558ms[0m

[33m[INFO] Aggregate successfully.

[0m[31mTotal time inside the Enclave: 731.188494ms[0m

Secure aggregation completed!
[Info] Destroy enclave: 0.000000ms.
init enclave...
[33m[INFO] Create Enclave: 103.082555ms[0m
Test aggregate time: 0.255262ms

[33m[Info] Sizeof data matrix: 457MB
[0m[DEBUG] loaded num: 400000, times: 1
[31mTime of clear final_x: 0.000000ms
[0m
[DEBUG] loaded num: 400000, times: 1
Clear final x successfully.
[31mTime of entering the enclave: 0.009298ms[0m
[DEBUG] Sizeof all required data in enclave: 6250 KB
[31mTime of key exchanges for 300 clients: 78.074986ms
[0m
[31mTime of key exchanges per client: 0.242138ms
[0m
Encrpyting user data...
[31mTime of data encryption per client: 3.670957ms[0m
Encprtion completed.

[DEBUG] Times: 1, loaded dim: 400000
[31mTime of secure aggregation: 666.275444ms[0m

[33m[INFO] Aggregate successfully.

[0m[31mTotal time inside the Enclave: 744.359728ms[0m

Secure aggregation completed!
[Info] Destroy enclave: 0.000000ms.
init enclave...
[33m[INFO] Create Enclave: 102.103577ms[0m
Test aggregate time: 0.258072ms

[33m[Info] Sizeof data matrix: 457MB
[0m[DEBUG] loaded num: 400000, times: 1
[31mTime of clear final_x: 0.000000ms
[0m
[DEBUG] loaded num: 400000, times: 1
Clear final x successfully.
[31mTime of entering the enclave: 0.009197ms[0m
[DEBUG] Sizeof all required data in enclave: 6250 KB
[31mTime of key exchanges for 300 clients: 78.005351ms
[0m
[31mTime of key exchanges per client: 0.242079ms
[0m
Encrpyting user data...
[31mTime of data encryption per client: 3.667595ms[0m
Encprtion completed.

[DEBUG] Times: 1, loaded dim: 400000
[31mTime of secure aggregation: 660.167564ms[0m

[33m[INFO] Aggregate successfully.

[0m[31mTotal time inside the Enclave: 738.182112ms[0m

Secure aggregation completed!
[Info] Destroy enclave: 0.000000ms.
init enclave...
[33m[INFO] Create Enclave: 102.255931ms[0m
Test aggregate time: 0.256670ms

[33m[Info] Sizeof data matrix: 457MB
[0m[DEBUG] loaded num: 400000, times: 1
[31mTime of clear final_x: 0.000000ms
[0m
[DEBUG] loaded num: 400000, times: 1
Clear final x successfully.
[31mTime of entering the enclave: 0.008871ms[0m
[DEBUG] Sizeof all required data in enclave: 6250 KB
[31mTime of key exchanges for 300 clients: 77.748555ms
[0m
[31mTime of key exchanges per client: 0.241991ms
[0m
Encrpyting user data...
[31mTime of data encryption per client: 3.656558ms[0m
Encprtion completed.

[DEBUG] Times: 1, loaded dim: 400000
[31mTime of secure aggregation: 633.200843ms[0m

[33m[INFO] Aggregate successfully.

[0m[31mTotal time inside the Enclave: 710.958269ms[0m

Secure aggregation completed!
[Info] Destroy enclave: 0.000000ms.
init enclave...
[33m[INFO] Create Enclave: 107.287719ms[0m
Test aggregate time: 0.255270ms

[33m[Info] Sizeof data matrix: 457MB
[0m[DEBUG] loaded num: 400000, times: 1
[31mTime of clear final_x: 0.000000ms
[0m
[DEBUG] loaded num: 400000, times: 1
Clear final x successfully.
[31mTime of entering the enclave: 0.008971ms[0m
[DEBUG] Sizeof all required data in enclave: 6250 KB
[31mTime of key exchanges for 300 clients: 78.270419ms
[0m
[31mTime of key exchanges per client: 0.243452ms
[0m
Encrpyting user data...
[31mTime of data encryption per client: 3.687320ms[0m
Encprtion completed.

[DEBUG] Times: 1, loaded dim: 400000
[31mTime of secure aggregation: 634.924395ms[0m

[33m[INFO] Aggregate successfully.

[0m[31mTotal time inside the Enclave: 713.203785ms[0m

Secure aggregation completed!
[Info] Destroy enclave: 0.000000ms.
init enclave...
[33m[INFO] Create Enclave: 108.358387ms[0m
Test aggregate time: 0.255090ms

[33m[Info] Sizeof data matrix: 457MB
[0m[DEBUG] loaded num: 400000, times: 1
[31mTime of clear final_x: 0.000000ms
[0m
[DEBUG] loaded num: 400000, times: 1
Clear final x successfully.
[31mTime of entering the enclave: 0.007752ms[0m
[DEBUG] Sizeof all required data in enclave: 6250 KB
[31mTime of key exchanges for 300 clients: 77.805704ms
[0m
[31mTime of key exchanges per client: 0.242081ms
[0m
Encrpyting user data...
[31mTime of data encryption per client: 3.659909ms[0m
Encprtion completed.

[DEBUG] Times: 1, loaded dim: 400000
[31mTime of secure aggregation: 634.408126ms[0m

[33m[INFO] Aggregate successfully.

[0m[31mTotal time inside the Enclave: 712.221582ms[0m

Secure aggregation completed!
[Info] Destroy enclave: 0.000000ms.
init enclave...
[33m[INFO] Create Enclave: 115.270493ms[0m
Test aggregate time: 0.254726ms

[33m[Info] Sizeof data matrix: 457MB
[0m[DEBUG] loaded num: 400000, times: 1
[31mTime of clear final_x: 0.000000ms
[0m
[DEBUG] loaded num: 400000, times: 1
Clear final x successfully.
[31mTime of entering the enclave: 0.008811ms[0m
[DEBUG] Sizeof all required data in enclave: 6250 KB
[31mTime of key exchanges for 300 clients: 78.503621ms
[0m
[31mTime of key exchanges per client: 0.243916ms
[0m
Encrpyting user data...
[31mTime of data encryption per client: 3.664528ms[0m
Encprtion completed.

[DEBUG] Times: 1, loaded dim: 400000
[31mTime of secure aggregation: 635.378204ms[0m

[33m[INFO] Aggregate successfully.

[0m[31mTotal time inside the Enclave: 713.890636ms[0m

Secure aggregation completed!
[Info] Destroy enclave: 0.000000ms.
init enclave...
[33m[INFO] Create Enclave: 102.731261ms[0m
Test aggregate time: 0.255534ms

[33m[Info] Sizeof data matrix: 457MB
[0m[DEBUG] loaded num: 400000, times: 1
[31mTime of clear final_x: 0.000000ms
[0m
[DEBUG] loaded num: 400000, times: 1
Clear final x successfully.
[31mTime of entering the enclave: 0.008223ms[0m
[DEBUG] Sizeof all required data in enclave: 6250 KB
[31mTime of key exchanges for 300 clients: 77.560864ms
[0m
[31mTime of key exchanges per client: 0.241215ms
[0m
Encrpyting user data...
[31mTime of data encryption per client: 3.673349ms[0m
Encprtion completed.

[DEBUG] Times: 1, loaded dim: 400000
[31mTime of secure aggregation: 635.053498ms[0m

[33m[INFO] Aggregate successfully.

[0m[31mTotal time inside the Enclave: 712.622585ms[0m

Secure aggregation completed!
[Info] Destroy enclave: 0.000000ms.
init enclave...
[33m[INFO] Create Enclave: 102.406670ms[0m
Test aggregate time: 0.253906ms

[33m[Info] Sizeof data matrix: 457MB
[0m[DEBUG] loaded num: 400000, times: 1
[31mTime of clear final_x: 0.000000ms
[0m
[DEBUG] loaded num: 400000, times: 1
Clear final x successfully.
[31mTime of entering the enclave: 0.009144ms[0m
[DEBUG] Sizeof all required data in enclave: 6250 KB
[31mTime of key exchanges for 300 clients: 78.023416ms
[0m
[31mTime of key exchanges per client: 0.242809ms
[0m
Encrpyting user data...
[31mTime of data encryption per client: 3.638325ms[0m
Encprtion completed.

[DEBUG] Times: 1, loaded dim: 400000
[31mTime of secure aggregation: 633.578425ms[0m

[33m[INFO] Aggregate successfully.

[0m[31mTotal time inside the Enclave: 711.610985ms[0m

Secure aggregation completed!
[Info] Destroy enclave: 0.000000ms.
init enclave...
[33m[INFO] Create Enclave: 103.972932ms[0m
Test aggregate time: 0.264906ms

[33m[Info] Sizeof data matrix: 457MB
[0m[DEBUG] loaded num: 400000, times: 1
[31mTime of clear final_x: 0.000000ms
[0m
[DEBUG] loaded num: 400000, times: 1
Clear final x successfully.
[31mTime of entering the enclave: 0.008461ms[0m
[DEBUG] Sizeof all required data in enclave: 6250 KB
[31mTime of key exchanges for 300 clients: 77.546787ms
[0m
[31mTime of key exchanges per client: 0.241595ms
[0m
Encrpyting user data...
[31mTime of data encryption per client: 3.656305ms[0m
Encprtion completed.

[DEBUG] Times: 1, loaded dim: 400000
[31mTime of secure aggregation: 633.897748ms[0m

[33m[INFO] Aggregate successfully.

[0m[31mTotal time inside the Enclave: 711.452996ms[0m

Secure aggregation completed!
[Info] Destroy enclave: 0.000000ms.
init enclave...
[33m[INFO] Create Enclave: 101.212216ms[0m
Test aggregate time: 0.255312ms

[33m[Info] Sizeof data matrix: 457MB
[0m[DEBUG] loaded num: 400000, times: 1
[31mTime of clear final_x: 0.000000ms
[0m
[DEBUG] loaded num: 400000, times: 1
Clear final x successfully.
[31mTime of entering the enclave: 0.008557ms[0m
[DEBUG] Sizeof all required data in enclave: 6250 KB
[31mTime of key exchanges for 300 clients: 77.314491ms
[0m
[31mTime of key exchanges per client: 0.240117ms
[0m
Encrpyting user data...
[31mTime of data encryption per client: 3.649935ms[0m
Encprtion completed.

[DEBUG] Times: 1, loaded dim: 400000
[31mTime of secure aggregation: 638.893355ms[0m

[33m[INFO] Aggregate successfully.

[0m[31mTotal time inside the Enclave: 716.216403ms[0m

Secure aggregation completed!
[Info] Destroy enclave: 0.000000ms.
init enclave...
[33m[INFO] Create Enclave: 106.305383ms[0m
Test aggregate time: 0.254952ms

[33m[Info] Sizeof data matrix: 457MB
[0m[DEBUG] loaded num: 400000, times: 1
[31mTime of clear final_x: 0.000000ms
[0m
[DEBUG] loaded num: 400000, times: 1
Clear final x successfully.
[31mTime of entering the enclave: 0.007712ms[0m
[DEBUG] Sizeof all required data in enclave: 6250 KB
[31mTime of key exchanges for 300 clients: 77.746987ms
[0m
[31mTime of key exchanges per client: 0.241155ms
[0m
Encrpyting user data...
[31mTime of data encryption per client: 3.654124ms[0m
Encprtion completed.

[DEBUG] Times: 1, loaded dim: 400000
[31mTime of secure aggregation: 648.393548ms[0m

[33m[INFO] Aggregate successfully.

[0m[31mTotal time inside the Enclave: 726.148247ms[0m

Secure aggregation completed!
[Info] Destroy enclave: 0.000000ms.
init enclave...
[33m[INFO] Create Enclave: 104.672980ms[0m
Test aggregate time: 0.255555ms

[33m[Info] Sizeof data matrix: 457MB
[0m[DEBUG] loaded num: 400000, times: 1
[31mTime of clear final_x: 0.000000ms
[0m
[DEBUG] loaded num: 400000, times: 1
Clear final x successfully.
[31mTime of entering the enclave: 0.008079ms[0m
[DEBUG] Sizeof all required data in enclave: 6250 KB
[31mTime of key exchanges for 300 clients: 77.720420ms
[0m
[31mTime of key exchanges per client: 0.241810ms
[0m
Encrpyting user data...
[31mTime of data encryption per client: 3.651365ms[0m
Encprtion completed.

[DEBUG] Times: 1, loaded dim: 400000
[31mTime of secure aggregation: 635.303210ms[0m

[33m[INFO] Aggregate successfully.

[0m[31mTotal time inside the Enclave: 713.031709ms[0m

Secure aggregation completed!
[Info] Destroy enclave: 0.000000ms.
init enclave...
[33m[INFO] Create Enclave: 101.738026ms[0m
Test aggregate time: 0.254185ms

[33m[Info] Sizeof data matrix: 457MB
[0m[DEBUG] loaded num: 400000, times: 1
[31mTime of clear final_x: 0.000000ms
[0m
[DEBUG] loaded num: 400000, times: 1
Clear final x successfully.
[31mTime of entering the enclave: 0.008763ms[0m
[DEBUG] Sizeof all required data in enclave: 6250 KB
[31mTime of key exchanges for 300 clients: 77.864095ms
[0m
[31mTime of key exchanges per client: 0.242413ms
[0m
Encrpyting user data...
[31mTime of data encryption per client: 3.639952ms[0m
Encprtion completed.

[DEBUG] Times: 1, loaded dim: 400000
[31mTime of secure aggregation: 634.993297ms[0m

[33m[INFO] Aggregate successfully.

[0m[31mTotal time inside the Enclave: 712.866155ms[0m

Secure aggregation completed!
[Info] Destroy enclave: 0.000000ms.
init enclave...
[33m[INFO] Create Enclave: 104.388676ms[0m
Test aggregate time: 0.255964ms

[33m[Info] Sizeof data matrix: 457MB
[0m[DEBUG] loaded num: 400000, times: 1
[31mTime of clear final_x: 0.000000ms
[0m
[DEBUG] loaded num: 400000, times: 1
Clear final x successfully.
[31mTime of entering the enclave: 0.009040ms[0m
[DEBUG] Sizeof all required data in enclave: 6250 KB
[31mTime of key exchanges for 300 clients: 77.668710ms
[0m
[31mTime of key exchanges per client: 0.242228ms
[0m
Encrpyting user data...
[31mTime of data encryption per client: 3.658878ms[0m
Encprtion completed.

[DEBUG] Times: 1, loaded dim: 400000
[31mTime of secure aggregation: 638.023955ms[0m

[33m[INFO] Aggregate successfully.

[0m[31mTotal time inside the Enclave: 715.701705ms[0m

Secure aggregation completed!
[Info] Destroy enclave: 0.000000ms.
init enclave...
[33m[INFO] Create Enclave: 104.093742ms[0m
Test aggregate time: 0.256713ms

[33m[Info] Sizeof data matrix: 457MB
[0m[DEBUG] loaded num: 400000, times: 1
[31mTime of clear final_x: 0.000000ms
[0m
[DEBUG] loaded num: 400000, times: 1
Clear final x successfully.
[31mTime of entering the enclave: 0.007673ms[0m
[DEBUG] Sizeof all required data in enclave: 6250 KB
[31mTime of key exchanges for 300 clients: 79.764071ms
[0m
[31mTime of key exchanges per client: 0.247535ms
[0m
Encrpyting user data...
[31mTime of data encryption per client: 3.679547ms[0m
Encprtion completed.

[DEBUG] Times: 1, loaded dim: 400000
[31mTime of secure aggregation: 645.234186ms[0m

[33m[INFO] Aggregate successfully.

[0m[31mTotal time inside the Enclave: 725.005930ms[0m

Secure aggregation completed!
[Info] Destroy enclave: 0.000000ms.
init enclave...
[33m[INFO] Create Enclave: 101.757758ms[0m
Test aggregate time: 0.255322ms

[33m[Info] Sizeof data matrix: 457MB
[0m[DEBUG] loaded num: 400000, times: 1
[31mTime of clear final_x: 0.000000ms
[0m
[DEBUG] loaded num: 400000, times: 1
Clear final x successfully.
[31mTime of entering the enclave: 0.009034ms[0m
[DEBUG] Sizeof all required data in enclave: 6250 KB
[31mTime of key exchanges for 300 clients: 77.632745ms
[0m
[31mTime of key exchanges per client: 0.241496ms
[0m
Encrpyting user data...
[31mTime of data encryption per client: 3.701189ms[0m
Encprtion completed.

[DEBUG] Times: 1, loaded dim: 400000
[31mTime of secure aggregation: 635.039165ms[0m

[33m[INFO] Aggregate successfully.

[0m[31mTotal time inside the Enclave: 712.680944ms[0m

Secure aggregation completed!
[Info] Destroy enclave: 0.000000ms.
init enclave...
[33m[INFO] Create Enclave: 105.117151ms[0m
Test aggregate time: 0.256421ms

[33m[Info] Sizeof data matrix: 457MB
[0m[DEBUG] loaded num: 400000, times: 1
[31mTime of clear final_x: 0.000000ms
[0m
[DEBUG] loaded num: 400000, times: 1
Clear final x successfully.
[31mTime of entering the enclave: 0.008385ms[0m
[DEBUG] Sizeof all required data in enclave: 6250 KB
[31mTime of key exchanges for 300 clients: 77.742613ms
[0m
[31mTime of key exchanges per client: 0.242573ms
[0m
Encrpyting user data...
[31mTime of data encryption per client: 3.665395ms[0m
Encprtion completed.

[DEBUG] Times: 1, loaded dim: 400000
[31mTime of secure aggregation: 634.476716ms[0m

[33m[INFO] Aggregate successfully.

[0m[31mTotal time inside the Enclave: 712.227714ms[0m

Secure aggregation completed!
[Info] Destroy enclave: 0.000000ms.
init enclave...
[33m[INFO] Create Enclave: 103.041756ms[0m
Test aggregate time: 0.254315ms

[33m[Info] Sizeof data matrix: 457MB
[0m[DEBUG] loaded num: 400000, times: 1
[31mTime of clear final_x: 0.000000ms
[0m
[DEBUG] loaded num: 400000, times: 1
Clear final x successfully.
[31mTime of entering the enclave: 0.008002ms[0m
[DEBUG] Sizeof all required data in enclave: 6250 KB
[31mTime of key exchanges for 300 clients: 77.741014ms
[0m
[31mTime of key exchanges per client: 0.241565ms
[0m
Encrpyting user data...
[31mTime of data encryption per client: 3.644111ms[0m
Encprtion completed.

[DEBUG] Times: 1, loaded dim: 400000
[31mTime of secure aggregation: 635.048187ms[0m

[33m[INFO] Aggregate successfully.

[0m[31mTotal time inside the Enclave: 712.797203ms[0m

Secure aggregation completed!
[Info] Destroy enclave: 0.000000ms.
init enclave...
[33m[INFO] Create Enclave: 113.609202ms[0m
Test aggregate time: 0.254993ms

[33m[Info] Sizeof data matrix: 457MB
[0m[DEBUG] loaded num: 400000, times: 1
[31mTime of clear final_x: 0.000000ms
[0m
[DEBUG] loaded num: 400000, times: 1
Clear final x successfully.
[31mTime of entering the enclave: 0.008192ms[0m
[DEBUG] Sizeof all required data in enclave: 6250 KB
[31mTime of key exchanges for 300 clients: 77.616376ms
[0m
[31mTime of key exchanges per client: 0.241737ms
[0m
Encrpyting user data...
[31mTime of data encryption per client: 3.674924ms[0m
Encprtion completed.

[DEBUG] Times: 1, loaded dim: 400000
[31mTime of secure aggregation: 639.910965ms[0m

[33m[INFO] Aggregate successfully.

[0m[31mTotal time inside the Enclave: 717.535533ms[0m

Secure aggregation completed!
[Info] Destroy enclave: 0.000000ms.
init enclave...
[33m[INFO] Create Enclave: 103.141355ms[0m
Test aggregate time: 0.254859ms

[33m[Info] Sizeof data matrix: 457MB
[0m[DEBUG] loaded num: 400000, times: 1
[31mTime of clear final_x: 0.000000ms
[0m
[DEBUG] loaded num: 400000, times: 1
Clear final x successfully.
[31mTime of entering the enclave: 0.008823ms[0m
[DEBUG] Sizeof all required data in enclave: 6250 KB
[31mTime of key exchanges for 300 clients: 78.070127ms
[0m
[31mTime of key exchanges per client: 0.242246ms
[0m
Encrpyting user data...
[31mTime of data encryption per client: 3.658524ms[0m
Encprtion completed.

[DEBUG] Times: 1, loaded dim: 400000
[31mTime of secure aggregation: 637.731057ms[0m

[33m[INFO] Aggregate successfully.

[0m[31mTotal time inside the Enclave: 715.810007ms[0m

Secure aggregation completed!
[Info] Destroy enclave: 0.000000ms.
init enclave...
[33m[INFO] Create Enclave: 102.233159ms[0m
Test aggregate time: 0.263073ms

[33m[Info] Sizeof data matrix: 457MB
[0m[DEBUG] loaded num: 400000, times: 1
[31mTime of clear final_x: 0.000000ms
[0m
[DEBUG] loaded num: 400000, times: 1
Clear final x successfully.
[31mTime of entering the enclave: 0.009709ms[0m
[DEBUG] Sizeof all required data in enclave: 6250 KB
[31mTime of key exchanges for 300 clients: 92.602161ms
[0m
[31mTime of key exchanges per client: 0.279879ms
[0m
Encrpyting user data...
[31mTime of data encryption per client: 3.837927ms[0m
Encprtion completed.

[DEBUG] Times: 1, loaded dim: 400000
[31mTime of secure aggregation: 649.589282ms[0m

[33m[INFO] Aggregate successfully.

[0m[31mTotal time inside the Enclave: 742.201152ms[0m

Secure aggregation completed!
[Info] Destroy enclave: 0.000000ms.
init enclave...
[33m[INFO] Create Enclave: 101.529726ms[0m
Test aggregate time: 0.263492ms

[33m[Info] Sizeof data matrix: 457MB
[0m[DEBUG] loaded num: 400000, times: 1
[31mTime of clear final_x: 0.000000ms
[0m
[DEBUG] loaded num: 400000, times: 1
Clear final x successfully.
[31mTime of entering the enclave: 0.009963ms[0m
[DEBUG] Sizeof all required data in enclave: 6250 KB
[31mTime of key exchanges for 300 clients: 81.064452ms
[0m
[31mTime of key exchanges per client: 0.253782ms
[0m
Encrpyting user data...
[31mTime of data encryption per client: 3.680259ms[0m
Encprtion completed.

[DEBUG] Times: 1, loaded dim: 400000
[31mTime of secure aggregation: 648.680355ms[0m

[33m[INFO] Aggregate successfully.

[0m[31mTotal time inside the Enclave: 729.754770ms[0m

Secure aggregation completed!
[Info] Destroy enclave: 0.000000ms.
init enclave...
[33m[INFO] Create Enclave: 101.377688ms[0m
Test aggregate time: 0.260523ms

[33m[Info] Sizeof data matrix: 457MB
[0m[DEBUG] loaded num: 400000, times: 1
[31mTime of clear final_x: 0.000000ms
[0m
[DEBUG] loaded num: 400000, times: 1
Clear final x successfully.
[31mTime of entering the enclave: 0.009075ms[0m
[DEBUG] Sizeof all required data in enclave: 6250 KB
[31mTime of key exchanges for 300 clients: 77.481403ms
[0m
[31mTime of key exchanges per client: 0.241014ms
[0m
Encrpyting user data...
[31mTime of data encryption per client: 3.654693ms[0m
Encprtion completed.

[DEBUG] Times: 1, loaded dim: 400000
[31mTime of secure aggregation: 638.982320ms[0m

[33m[INFO] Aggregate successfully.

[0m[31mTotal time inside the Enclave: 716.472798ms[0m

Secure aggregation completed!
[Info] Destroy enclave: 0.000000ms.
init enclave...
[33m[INFO] Create Enclave: 104.246565ms[0m
Test aggregate time: 0.260338ms

[33m[Info] Sizeof data matrix: 457MB
[0m[DEBUG] loaded num: 400000, times: 1
[31mTime of clear final_x: 0.000000ms
[0m
[DEBUG] loaded num: 400000, times: 1
Clear final x successfully.
[31mTime of entering the enclave: 0.008776ms[0m
[DEBUG] Sizeof all required data in enclave: 6250 KB
[31mTime of key exchanges for 300 clients: 78.197925ms
[0m
[31mTime of key exchanges per client: 0.244505ms
[0m
Encrpyting user data...
[31mTime of data encryption per client: 3.672705ms[0m
Encprtion completed.

[DEBUG] Times: 1, loaded dim: 400000
[31mTime of secure aggregation: 636.013535ms[0m

[33m[INFO] Aggregate successfully.

[0m[31mTotal time inside the Enclave: 714.220236ms[0m

Secure aggregation completed!
[Info] Destroy enclave: 0.000000ms.
init enclave...
[33m[INFO] Create Enclave: 103.955357ms[0m
Test aggregate time: 0.256587ms

[33m[Info] Sizeof data matrix: 457MB
[0m[DEBUG] loaded num: 400000, times: 1
[31mTime of clear final_x: 0.000000ms
[0m
[DEBUG] loaded num: 400000, times: 1
Clear final x successfully.
[31mTime of entering the enclave: 0.008159ms[0m
[DEBUG] Sizeof all required data in enclave: 6250 KB
[31mTime of key exchanges for 300 clients: 78.279204ms
[0m
[31mTime of key exchanges per client: 0.244862ms
[0m
Encrpyting user data...
[31mTime of data encryption per client: 3.667098ms[0m
Encprtion completed.

[DEBUG] Times: 1, loaded dim: 400000
[31mTime of secure aggregation: 647.113049ms[0m

[33m[INFO] Aggregate successfully.

[0m[31mTotal time inside the Enclave: 725.400412ms[0m

Secure aggregation completed!
[Info] Destroy enclave: 0.000000ms.
init enclave...
[33m[INFO] Create Enclave: 112.992441ms[0m
Test aggregate time: 0.255676ms

[33m[Info] Sizeof data matrix: 457MB
[0m[DEBUG] loaded num: 400000, times: 1
[31mTime of clear final_x: 0.000000ms
[0m
[DEBUG] loaded num: 400000, times: 1
Clear final x successfully.
[31mTime of entering the enclave: 0.008290ms[0m
[DEBUG] Sizeof all required data in enclave: 6250 KB
[31mTime of key exchanges for 300 clients: 78.969908ms
[0m
[31mTime of key exchanges per client: 0.246107ms
[0m
Encrpyting user data...
[31mTime of data encryption per client: 3.737838ms[0m
Encprtion completed.

[DEBUG] Times: 1, loaded dim: 400000
[31mTime of secure aggregation: 660.304234ms[0m

[33m[INFO] Aggregate successfully.

[0m[31mTotal time inside the Enclave: 739.282432ms[0m

Secure aggregation completed!
[Info] Destroy enclave: 0.000000ms.
init enclave...
[33m[INFO] Create Enclave: 108.051822ms[0m
Test aggregate time: 0.257136ms

[33m[Info] Sizeof data matrix: 457MB
[0m[DEBUG] loaded num: 400000, times: 1
[31mTime of clear final_x: 0.000000ms
[0m
[DEBUG] loaded num: 400000, times: 1
Clear final x successfully.
[31mTime of entering the enclave: 0.008526ms[0m
[DEBUG] Sizeof all required data in enclave: 6250 KB
[31mTime of key exchanges for 300 clients: 79.161964ms
[0m
[31mTime of key exchanges per client: 0.244453ms
[0m
Encrpyting user data...
[31mTime of data encryption per client: 3.685395ms[0m
Encprtion completed.

[DEBUG] Times: 1, loaded dim: 400000
[31mTime of secure aggregation: 650.941037ms[0m

[33m[INFO] Aggregate successfully.

[0m[31mTotal time inside the Enclave: 730.111527ms[0m

Secure aggregation completed!
[Info] Destroy enclave: 0.000000ms.
init enclave...
[33m[INFO] Create Enclave: 104.551306ms[0m
Test aggregate time: 0.258808ms

[33m[Info] Sizeof data matrix: 457MB
[0m[DEBUG] loaded num: 400000, times: 1
[31mTime of clear final_x: 0.000000ms
[0m
[DEBUG] loaded num: 400000, times: 1
Clear final x successfully.
[31mTime of entering the enclave: 0.010146ms[0m
[DEBUG] Sizeof all required data in enclave: 6250 KB
[31mTime of key exchanges for 300 clients: 79.228136ms
[0m
[31mTime of key exchanges per client: 0.245673ms
[0m
Encrpyting user data...
[31mTime of data encryption per client: 3.736817ms[0m
Encprtion completed.

[DEBUG] Times: 1, loaded dim: 400000
[31mTime of secure aggregation: 645.511568ms[0m

[33m[INFO] Aggregate successfully.

[0m[31mTotal time inside the Enclave: 724.749850ms[0m

Secure aggregation completed!
[Info] Destroy enclave: 0.000000ms.
init enclave...
[33m[INFO] Create Enclave: 102.284743ms[0m
Test aggregate time: 0.254604ms

[33m[Info] Sizeof data matrix: 457MB
[0m[DEBUG] loaded num: 400000, times: 1
[31mTime of clear final_x: 0.000000ms
[0m
[DEBUG] loaded num: 400000, times: 1
Clear final x successfully.
[31mTime of entering the enclave: 0.008521ms[0m
[DEBUG] Sizeof all required data in enclave: 6250 KB
[31mTime of key exchanges for 300 clients: 78.295710ms
[0m
[31mTime of key exchanges per client: 0.243699ms
[0m
Encrpyting user data...
[31mTime of data encryption per client: 3.659732ms[0m
Encprtion completed.

[DEBUG] Times: 1, loaded dim: 400000
[31mTime of secure aggregation: 644.958142ms[0m

[33m[INFO] Aggregate successfully.

[0m[31mTotal time inside the Enclave: 723.262373ms[0m

Secure aggregation completed!
[Info] Destroy enclave: 0.000000ms.
init enclave...
[33m[INFO] Create Enclave: 102.028569ms[0m
Test aggregate time: 0.276876ms

[33m[Info] Sizeof data matrix: 457MB
[0m[DEBUG] loaded num: 400000, times: 1
[31mTime of clear final_x: 0.000000ms
[0m
[DEBUG] loaded num: 400000, times: 1
Clear final x successfully.
[31mTime of entering the enclave: 0.008244ms[0m
[DEBUG] Sizeof all required data in enclave: 6250 KB
[31mTime of key exchanges for 300 clients: 78.227153ms
[0m
[31mTime of key exchanges per client: 0.243186ms
[0m
Encrpyting user data...
[31mTime of data encryption per client: 3.682570ms[0m
Encprtion completed.

[DEBUG] Times: 1, loaded dim: 400000
[31mTime of secure aggregation: 652.082142ms[0m

[33m[INFO] Aggregate successfully.

[0m[31mTotal time inside the Enclave: 730.317539ms[0m

Secure aggregation completed!
[Info] Destroy enclave: 0.000000ms.
init enclave...
[33m[INFO] Create Enclave: 101.806736ms[0m
Test aggregate time: 0.254280ms

[33m[Info] Sizeof data matrix: 457MB
[0m[DEBUG] loaded num: 400000, times: 1
[31mTime of clear final_x: 0.000000ms
[0m
[DEBUG] loaded num: 400000, times: 1
Clear final x successfully.
[31mTime of entering the enclave: 0.008676ms[0m
[DEBUG] Sizeof all required data in enclave: 6250 KB
[31mTime of key exchanges for 300 clients: 78.971280ms
[0m
[31mTime of key exchanges per client: 0.245248ms
[0m
Encrpyting user data...
[31mTime of data encryption per client: 3.696387ms[0m
Encprtion completed.

[DEBUG] Times: 1, loaded dim: 400000
[31mTime of secure aggregation: 657.672486ms[0m

[33m[INFO] Aggregate successfully.

[0m[31mTotal time inside the Enclave: 736.652442ms[0m

Secure aggregation completed!
[Info] Destroy enclave: 0.000000ms.
init enclave...
[33m[INFO] Create Enclave: 104.763860ms[0m
Test aggregate time: 0.254553ms

[33m[Info] Sizeof data matrix: 457MB
[0m[DEBUG] loaded num: 400000, times: 1
[31mTime of clear final_x: 0.000000ms
[0m
[DEBUG] loaded num: 400000, times: 1
Clear final x successfully.
[31mTime of entering the enclave: 0.008281ms[0m
[DEBUG] Sizeof all required data in enclave: 6250 KB
[31mTime of key exchanges for 300 clients: 78.412219ms
[0m
[31mTime of key exchanges per client: 0.243879ms
[0m
Encrpyting user data...
[31mTime of data encryption per client: 3.697682ms[0m
Encprtion completed.

[DEBUG] Times: 1, loaded dim: 400000
[31mTime of secure aggregation: 637.632265ms[0m

[33m[INFO] Aggregate successfully.

[0m[31mTotal time inside the Enclave: 716.052765ms[0m

Secure aggregation completed!
[Info] Destroy enclave: 0.000000ms.
init enclave...
[33m[INFO] Create Enclave: 106.825792ms[0m
Test aggregate time: 0.258110ms

[33m[Info] Sizeof data matrix: 457MB
[0m[DEBUG] loaded num: 400000, times: 1
[31mTime of clear final_x: 0.000000ms
[0m
[DEBUG] loaded num: 400000, times: 1
Clear final x successfully.
[31mTime of entering the enclave: 0.008612ms[0m
[DEBUG] Sizeof all required data in enclave: 6250 KB
[31mTime of key exchanges for 300 clients: 79.263171ms
[0m
[31mTime of key exchanges per client: 0.247239ms
[0m
Encrpyting user data...
[31mTime of data encryption per client: 3.681856ms[0m
Encprtion completed.

[DEBUG] Times: 1, loaded dim: 400000
[31mTime of secure aggregation: 658.200546ms[0m

[33m[INFO] Aggregate successfully.

[0m[31mTotal time inside the Enclave: 737.472329ms[0m

Secure aggregation completed!
[Info] Destroy enclave: 0.000000ms.
init enclave...
[33m[INFO] Create Enclave: 104.504647ms[0m
Test aggregate time: 0.254753ms

[33m[Info] Sizeof data matrix: 457MB
[0m[DEBUG] loaded num: 400000, times: 1
[31mTime of clear final_x: 0.000000ms
[0m
[DEBUG] loaded num: 400000, times: 1
Clear final x successfully.
[31mTime of entering the enclave: 0.008743ms[0m
[DEBUG] Sizeof all required data in enclave: 6250 KB
[31mTime of key exchanges for 300 clients: 77.697847ms
[0m
[31mTime of key exchanges per client: 0.241856ms
[0m
Encrpyting user data...
[31mTime of data encryption per client: 3.653548ms[0m
Encprtion completed.

[DEBUG] Times: 1, loaded dim: 400000
[31mTime of secure aggregation: 635.286520ms[0m

[33m[INFO] Aggregate successfully.

[0m[31mTotal time inside the Enclave: 712.993110ms[0m

Secure aggregation completed!
[Info] Destroy enclave: 0.000000ms.
init enclave...
[33m[INFO] Create Enclave: 101.516462ms[0m
Test aggregate time: 0.254788ms

[33m[Info] Sizeof data matrix: 457MB
[0m[DEBUG] loaded num: 400000, times: 1
[31mTime of clear final_x: 0.000000ms
[0m
[DEBUG] loaded num: 400000, times: 1
Clear final x successfully.
[31mTime of entering the enclave: 0.008634ms[0m
[DEBUG] Sizeof all required data in enclave: 6250 KB
[31mTime of key exchanges for 300 clients: 78.916720ms
[0m
[31mTime of key exchanges per client: 0.243734ms
[0m
Encrpyting user data...
[31mTime of data encryption per client: 3.680813ms[0m
Encprtion completed.

[DEBUG] Times: 1, loaded dim: 400000
[31mTime of secure aggregation: 657.715621ms[0m

[33m[INFO] Aggregate successfully.

[0m[31mTotal time inside the Enclave: 736.640975ms[0m

Secure aggregation completed!
[Info] Destroy enclave: 0.000000ms.
init enclave...
[33m[INFO] Create Enclave: 111.047964ms[0m
Test aggregate time: 0.256821ms

[33m[Info] Sizeof data matrix: 457MB
[0m[DEBUG] loaded num: 400000, times: 1
[31mTime of clear final_x: 0.000000ms
[0m
[DEBUG] loaded num: 400000, times: 1
Clear final x successfully.
[31mTime of entering the enclave: 0.008734ms[0m
[DEBUG] Sizeof all required data in enclave: 6250 KB
[31mTime of key exchanges for 300 clients: 78.565294ms
[0m
[31mTime of key exchanges per client: 0.244372ms
[0m
Encrpyting user data...
[31mTime of data encryption per client: 3.676915ms[0m
Encprtion completed.

[DEBUG] Times: 1, loaded dim: 400000
[31mTime of secure aggregation: 647.853653ms[0m

[33m[INFO] Aggregate successfully.

[0m[31mTotal time inside the Enclave: 726.427681ms[0m

Secure aggregation completed!
[Info] Destroy enclave: 0.000000ms.
init enclave...
[33m[INFO] Create Enclave: 103.783300ms[0m
Test aggregate time: 0.258771ms

[33m[Info] Sizeof data matrix: 457MB
[0m[DEBUG] loaded num: 400000, times: 1
[31mTime of clear final_x: 0.000000ms
[0m
[DEBUG] loaded num: 400000, times: 1
Clear final x successfully.
[31mTime of entering the enclave: 0.007914ms[0m
[DEBUG] Sizeof all required data in enclave: 6250 KB
[31mTime of key exchanges for 300 clients: 77.941841ms
[0m
[31mTime of key exchanges per client: 0.241099ms
[0m
Encrpyting user data...
[31mTime of data encryption per client: 3.685203ms[0m
Encprtion completed.

[DEBUG] Times: 1, loaded dim: 400000
[31mTime of secure aggregation: 634.231938ms[0m

[33m[INFO] Aggregate successfully.

[0m[31mTotal time inside the Enclave: 712.181693ms[0m

Secure aggregation completed!
[Info] Destroy enclave: 0.000000ms.
init enclave...
[33m[INFO] Create Enclave: 100.997256ms[0m
Test aggregate time: 0.255191ms

[33m[Info] Sizeof data matrix: 457MB
[0m[DEBUG] loaded num: 400000, times: 1
[31mTime of clear final_x: 0.000000ms
[0m
[DEBUG] loaded num: 400000, times: 1
Clear final x successfully.
[31mTime of entering the enclave: 0.008211ms[0m
[DEBUG] Sizeof all required data in enclave: 6250 KB
[31mTime of key exchanges for 300 clients: 77.992728ms
[0m
[31mTime of key exchanges per client: 0.242530ms
[0m
Encrpyting user data...
[31mTime of data encryption per client: 3.642750ms[0m
Encprtion completed.

[DEBUG] Times: 1, loaded dim: 400000
[31mTime of secure aggregation: 635.289800ms[0m

[33m[INFO] Aggregate successfully.

[0m[31mTotal time inside the Enclave: 713.290739ms[0m

Secure aggregation completed!
[Info] Destroy enclave: 0.000000ms.
init enclave...
[33m[INFO] Create Enclave: 103.727819ms[0m
Test aggregate time: 0.255392ms

[33m[Info] Sizeof data matrix: 457MB
[0m[DEBUG] loaded num: 400000, times: 1
[31mTime of clear final_x: 0.000000ms
[0m
[DEBUG] loaded num: 400000, times: 1
Clear final x successfully.
[31mTime of entering the enclave: 0.008754ms[0m
[DEBUG] Sizeof all required data in enclave: 6250 KB
[31mTime of key exchanges for 300 clients: 77.656047ms
[0m
[31mTime of key exchanges per client: 0.241246ms
[0m
Encrpyting user data...
[31mTime of data encryption per client: 3.695934ms[0m
Encprtion completed.

[DEBUG] Times: 1, loaded dim: 400000
[31mTime of secure aggregation: 645.882668ms[0m

[33m[INFO] Aggregate successfully.

[0m[31mTotal time inside the Enclave: 723.547469ms[0m

Secure aggregation completed!
[Info] Destroy enclave: 0.000000ms.
init enclave...
[33m[INFO] Create Enclave: 102.915223ms[0m
Test aggregate time: 0.257412ms

[33m[Info] Sizeof data matrix: 457MB
[0m[DEBUG] loaded num: 400000, times: 1
[31mTime of clear final_x: 0.000000ms
[0m
[DEBUG] loaded num: 400000, times: 1
Clear final x successfully.
[31mTime of entering the enclave: 0.008807ms[0m
[DEBUG] Sizeof all required data in enclave: 6250 KB
[31mTime of key exchanges for 300 clients: 84.970684ms
[0m
[31mTime of key exchanges per client: 0.263390ms
[0m
Encrpyting user data...
[31mTime of data encryption per client: 3.642142ms[0m
Encprtion completed.

[DEBUG] Times: 1, loaded dim: 400000
[31mTime of secure aggregation: 655.344822ms[0m

[33m[INFO] Aggregate successfully.

[0m[31mTotal time inside the Enclave: 740.324313ms[0m

Secure aggregation completed!
[Info] Destroy enclave: 0.000000ms.
init enclave...
[33m[INFO] Create Enclave: 103.147435ms[0m
Test aggregate time: 0.254194ms

[33m[Info] Sizeof data matrix: 457MB
[0m[DEBUG] loaded num: 400000, times: 1
[31mTime of clear final_x: 0.000000ms
[0m
[DEBUG] loaded num: 400000, times: 1
Clear final x successfully.
[31mTime of entering the enclave: 0.007976ms[0m
[DEBUG] Sizeof all required data in enclave: 6250 KB
[31mTime of key exchanges for 300 clients: 77.542090ms
[0m
[31mTime of key exchanges per client: 0.240465ms
[0m
Encrpyting user data...
[31mTime of data encryption per client: 3.645871ms[0m
Encprtion completed.

[DEBUG] Times: 1, loaded dim: 400000
[31mTime of secure aggregation: 666.635851ms[0m

[33m[INFO] Aggregate successfully.

[0m[31mTotal time inside the Enclave: 744.185917ms[0m

Secure aggregation completed!
[Info] Destroy enclave: 0.000000ms.
init enclave...
[33m[INFO] Create Enclave: 105.087995ms[0m
Test aggregate time: 0.256098ms

[33m[Info] Sizeof data matrix: 457MB
[0m[DEBUG] loaded num: 400000, times: 1
[31mTime of clear final_x: 0.000000ms
[0m
[DEBUG] loaded num: 400000, times: 1
Clear final x successfully.
[31mTime of entering the enclave: 0.008073ms[0m
[DEBUG] Sizeof all required data in enclave: 6250 KB
[31mTime of key exchanges for 300 clients: 80.123466ms
[0m
[31mTime of key exchanges per client: 0.249266ms
[0m
Encrpyting user data...
[31mTime of data encryption per client: 3.740795ms[0m
Encprtion completed.

[DEBUG] Times: 1, loaded dim: 400000
[31mTime of secure aggregation: 703.149160ms[0m

[33m[INFO] Aggregate successfully.

[0m[31mTotal time inside the Enclave: 783.280699ms[0m

Secure aggregation completed!
[Info] Destroy enclave: 0.000000ms.
init enclave...
[33m[INFO] Create Enclave: 101.165471ms[0m
Test aggregate time: 0.296258ms

[33m[Info] Sizeof data matrix: 457MB
[0m[DEBUG] loaded num: 400000, times: 1
[31mTime of clear final_x: 0.000000ms
[0m
[DEBUG] loaded num: 400000, times: 1
Clear final x successfully.
[31mTime of entering the enclave: 0.008229ms[0m
[DEBUG] Sizeof all required data in enclave: 6250 KB
[31mTime of key exchanges for 300 clients: 79.453917ms
[0m
[31mTime of key exchanges per client: 0.244355ms
[0m
Encrpyting user data...
[31mTime of data encryption per client: 3.713134ms[0m
Encprtion completed.

[DEBUG] Times: 1, loaded dim: 400000
[31mTime of secure aggregation: 663.005446ms[0m

[33m[INFO] Aggregate successfully.

[0m[31mTotal time inside the Enclave: 742.467592ms[0m

Secure aggregation completed!
[Info] Destroy enclave: 0.000000ms.
