init enclave...
[33m[INFO] Create Enclave: 105.126856ms[0m
Test aggregate time: 0.318433ms

[33m[Info] Sizeof data matrix: 572MB
[0m[DEBUG] loaded num: 500000, times: 1
[31mTime of clear final_x: 0.000000ms
[0m
[DEBUG] loaded num: 500000, times: 1
Clear final x successfully.
[31mTime of entering the enclave: 0.009101ms[0m
[DEBUG] Sizeof all required data in enclave: 7812 KB
[31mTime of key exchanges for 300 clients: 77.597835ms
[0m
[31mTime of key exchanges per client: 0.240530ms
[0m
Encrpyting user data...
[31mTime of data encryption per client: 4.575794ms[0m
Encprtion completed.

[DEBUG] Times: 1, loaded dim: 500000
[31mTime of secure aggregation: 802.030258ms[0m

[33m[INFO] Aggregate successfully.

[0m[31mTotal time inside the Enclave: 879.637194ms[0m

Secure aggregation completed!
[Info] Destroy enclave: 0.000000ms.
init enclave...
[33m[INFO] Create Enclave: 105.075099ms[0m
Test aggregate time: 0.318365ms

[33m[Info] Sizeof data matrix: 572MB
[0m[DEBUG] loaded num: 500000, times: 1
[31mTime of clear final_x: 0.000000ms
[0m
[DEBUG] loaded num: 500000, times: 1
Clear final x successfully.
[31mTime of entering the enclave: 0.010340ms[0m
[DEBUG] Sizeof all required data in enclave: 7812 KB
[31mTime of key exchanges for 300 clients: 78.119805ms
[0m
[31mTime of key exchanges per client: 0.239632ms
[0m
Encrpyting user data...
[31mTime of data encryption per client: 4.589668ms[0m
Encprtion completed.

[DEBUG] Times: 1, loaded dim: 500000
[31mTime of secure aggregation: 795.668346ms[0m

[33m[INFO] Aggregate successfully.

[0m[31mTotal time inside the Enclave: 873.798491ms[0m

Secure aggregation completed!
[Info] Destroy enclave: 0.000000ms.
init enclave...
[33m[INFO] Create Enclave: 102.521073ms[0m
Test aggregate time: 0.318635ms

[33m[Info] Sizeof data matrix: 572MB
[0m[DEBUG] loaded num: 500000, times: 1
[31mTime of clear final_x: 0.000000ms
[0m
[DEBUG] loaded num: 500000, times: 1
Clear final x successfully.
[31mTime of entering the enclave: 0.008561ms[0m
[DEBUG] Sizeof all required data in enclave: 7812 KB
[31mTime of key exchanges for 300 clients: 77.876946ms
[0m
[31mTime of key exchanges per client: 0.240399ms
[0m
Encrpyting user data...
[31mTime of data encryption per client: 4.575901ms[0m
Encprtion completed.

[DEBUG] Times: 1, loaded dim: 500000
[31mTime of secure aggregation: 795.706920ms[0m

[33m[INFO] Aggregate successfully.

[0m[31mTotal time inside the Enclave: 873.592427ms[0m

Secure aggregation completed!
[Info] Destroy enclave: 0.000000ms.
init enclave...
[33m[INFO] Create Enclave: 101.837784ms[0m
Test aggregate time: 0.318578ms

[33m[Info] Sizeof data matrix: 572MB
[0m[DEBUG] loaded num: 500000, times: 1
[31mTime of clear final_x: 0.000000ms
[0m
[DEBUG] loaded num: 500000, times: 1
Clear final x successfully.
[31mTime of entering the enclave: 0.008256ms[0m
[DEBUG] Sizeof all required data in enclave: 7812 KB
[31mTime of key exchanges for 300 clients: 77.775077ms
[0m
[31mTime of key exchanges per client: 0.240643ms
[0m
Encrpyting user data...
[31mTime of data encryption per client: 4.591449ms[0m
Encprtion completed.

[DEBUG] Times: 1, loaded dim: 500000
[31mTime of secure aggregation: 805.877233ms[0m

[33m[INFO] Aggregate successfully.

[0m[31mTotal time inside the Enclave: 883.660566ms[0m

Secure aggregation completed!
[Info] Destroy enclave: 0.000000ms.
init enclave...
[33m[INFO] Create Enclave: 101.420037ms[0m
Test aggregate time: 0.318684ms

[33m[Info] Sizeof data matrix: 572MB
[0m[DEBUG] loaded num: 500000, times: 1
[31mTime of clear final_x: 0.000000ms
[0m
[DEBUG] loaded num: 500000, times: 1
Clear final x successfully.
[31mTime of entering the enclave: 0.008968ms[0m
[DEBUG] Sizeof all required data in enclave: 7812 KB
[31mTime of key exchanges for 300 clients: 78.547721ms
[0m
[31mTime of key exchanges per client: 0.242264ms
[0m
Encrpyting user data...
[31mTime of data encryption per client: 4.557569ms[0m
Encprtion completed.

[DEBUG] Times: 1, loaded dim: 500000
[31mTime of secure aggregation: 801.653258ms[0m

[33m[INFO] Aggregate successfully.

[0m[31mTotal time inside the Enclave: 880.209947ms[0m

Secure aggregation completed!
[Info] Destroy enclave: 0.000000ms.
init enclave...
[33m[INFO] Create Enclave: 101.543617ms[0m
Test aggregate time: 0.319325ms

[33m[Info] Sizeof data matrix: 572MB
[0m[DEBUG] loaded num: 500000, times: 1
[31mTime of clear final_x: 0.000000ms
[0m
[DEBUG] loaded num: 500000, times: 1
Clear final x successfully.
[31mTime of entering the enclave: 0.008692ms[0m
[DEBUG] Sizeof all required data in enclave: 7812 KB
[31mTime of key exchanges for 300 clients: 77.681458ms
[0m
[31mTime of key exchanges per client: 0.240231ms
[0m
Encrpyting user data...
[31mTime of data encryption per client: 4.595213ms[0m
Encprtion completed.

[DEBUG] Times: 1, loaded dim: 500000
[31mTime of secure aggregation: 800.700967ms[0m

[33m[INFO] Aggregate successfully.

[0m[31mTotal time inside the Enclave: 878.391117ms[0m

Secure aggregation completed!
[Info] Destroy enclave: 0.000000ms.
init enclave...
[33m[INFO] Create Enclave: 101.258359ms[0m
Test aggregate time: 0.320160ms

[33m[Info] Sizeof data matrix: 572MB
[0m[DEBUG] loaded num: 500000, times: 1
[31mTime of clear final_x: 0.000000ms
[0m
[DEBUG] loaded num: 500000, times: 1
Clear final x successfully.
[31mTime of entering the enclave: 0.008326ms[0m
[DEBUG] Sizeof all required data in enclave: 7812 KB
[31mTime of key exchanges for 300 clients: 77.846615ms
[0m
[31mTime of key exchanges per client: 0.239745ms
[0m
Encrpyting user data...
[31mTime of data encryption per client: 4.583660ms[0m
Encprtion completed.

[DEBUG] Times: 1, loaded dim: 500000
[31mTime of secure aggregation: 807.518640ms[0m

[33m[INFO] Aggregate successfully.

[0m[31mTotal time inside the Enclave: 885.373581ms[0m

Secure aggregation completed!
[Info] Destroy enclave: 0.000000ms.
init enclave...
[33m[INFO] Create Enclave: 102.102921ms[0m
Test aggregate time: 0.320356ms

[33m[Info] Sizeof data matrix: 572MB
[0m[DEBUG] loaded num: 500000, times: 1
[31mTime of clear final_x: 0.000000ms
[0m
[DEBUG] loaded num: 500000, times: 1
Clear final x successfully.
[31mTime of entering the enclave: 0.008788ms[0m
[DEBUG] Sizeof all required data in enclave: 7812 KB
[31mTime of key exchanges for 300 clients: 78.357209ms
[0m
[31mTime of key exchanges per client: 0.241683ms
[0m
Encrpyting user data...
[31mTime of data encryption per client: 4.584711ms[0m
Encprtion completed.

[DEBUG] Times: 1, loaded dim: 500000
[31mTime of secure aggregation: 805.473932ms[0m

[33m[INFO] Aggregate successfully.

[0m[31mTotal time inside the Enclave: 883.839929ms[0m

Secure aggregation completed!
[Info] Destroy enclave: 0.000000ms.
init enclave...
[33m[INFO] Create Enclave: 101.496696ms[0m
Test aggregate time: 0.320356ms

[33m[Info] Sizeof data matrix: 572MB
[0m[DEBUG] loaded num: 500000, times: 1
[31mTime of clear final_x: 0.000000ms
[0m
[DEBUG] loaded num: 500000, times: 1
Clear final x successfully.
[31mTime of entering the enclave: 0.008323ms[0m
[DEBUG] Sizeof all required data in enclave: 7812 KB
[31mTime of key exchanges for 300 clients: 78.220540ms
[0m
[31mTime of key exchanges per client: 0.241647ms
[0m
Encrpyting user data...
[31mTime of data encryption per client: 4.597648ms[0m
Encprtion completed.

[DEBUG] Times: 1, loaded dim: 500000
[31mTime of secure aggregation: 807.019184ms[0m

[33m[INFO] Aggregate successfully.

[0m[31mTotal time inside the Enclave: 885.248047ms[0m

Secure aggregation completed!
[Info] Destroy enclave: 0.000000ms.
init enclave...
[33m[INFO] Create Enclave: 102.918786ms[0m
Test aggregate time: 0.318553ms

[33m[Info] Sizeof data matrix: 572MB
[0m[DEBUG] loaded num: 500000, times: 1
[31mTime of clear final_x: 0.000000ms
[0m
[DEBUG] loaded num: 500000, times: 1
Clear final x successfully.
[31mTime of entering the enclave: 0.008158ms[0m
[DEBUG] Sizeof all required data in enclave: 7812 KB
[31mTime of key exchanges for 300 clients: 78.268106ms
[0m
[31mTime of key exchanges per client: 0.240854ms
[0m
Encrpyting user data...
[31mTime of data encryption per client: 4.617521ms[0m
Encprtion completed.

[DEBUG] Times: 1, loaded dim: 500000
[31mTime of secure aggregation: 796.946590ms[0m

[33m[INFO] Aggregate successfully.

[0m[31mTotal time inside the Enclave: 875.222854ms[0m

Secure aggregation completed!
[Info] Destroy enclave: 0.000000ms.
init enclave...
[33m[INFO] Create Enclave: 103.154896ms[0m
Test aggregate time: 0.319553ms

[33m[Info] Sizeof data matrix: 572MB
[0m[DEBUG] loaded num: 500000, times: 1
[31mTime of clear final_x: 0.000000ms
[0m
[DEBUG] loaded num: 500000, times: 1
Clear final x successfully.
[31mTime of entering the enclave: 0.008368ms[0m
[DEBUG] Sizeof all required data in enclave: 7812 KB
[31mTime of key exchanges for 300 clients: 77.952173ms
[0m
[31mTime of key exchanges per client: 0.240624ms
[0m
Encrpyting user data...
[31mTime of data encryption per client: 4.564972ms[0m
Encprtion completed.

[DEBUG] Times: 1, loaded dim: 500000
[31mTime of secure aggregation: 799.251282ms[0m

[33m[INFO] Aggregate successfully.

[0m[31mTotal time inside the Enclave: 877.211823ms[0m

Secure aggregation completed!
[Info] Destroy enclave: 0.000000ms.
init enclave...
[33m[INFO] Create Enclave: 102.817711ms[0m
Test aggregate time: 0.318968ms

[33m[Info] Sizeof data matrix: 572MB
[0m[DEBUG] loaded num: 500000, times: 1
[31mTime of clear final_x: 0.000000ms
[0m
[DEBUG] loaded num: 500000, times: 1
Clear final x successfully.
[31mTime of entering the enclave: 0.007938ms[0m
[DEBUG] Sizeof all required data in enclave: 7812 KB
[31mTime of key exchanges for 300 clients: 78.064253ms
[0m
[31mTime of key exchanges per client: 0.241108ms
[0m
Encrpyting user data...
[31mTime of data encryption per client: 4.589442ms[0m
Encprtion completed.

[DEBUG] Times: 1, loaded dim: 500000
[31mTime of secure aggregation: 801.159128ms[0m

[33m[INFO] Aggregate successfully.

[0m[31mTotal time inside the Enclave: 879.231319ms[0m

Secure aggregation completed!
[Info] Destroy enclave: 0.000000ms.
init enclave...
[33m[INFO] Create Enclave: 101.820621ms[0m
Test aggregate time: 0.319907ms

[33m[Info] Sizeof data matrix: 572MB
[0m[DEBUG] loaded num: 500000, times: 1
[31mTime of clear final_x: 0.000000ms
[0m
[DEBUG] loaded num: 500000, times: 1
Clear final x successfully.
[31mTime of entering the enclave: 0.009153ms[0m
[DEBUG] Sizeof all required data in enclave: 7812 KB
[31mTime of key exchanges for 300 clients: 78.952951ms
[0m
[31mTime of key exchanges per client: 0.243172ms
[0m
Encrpyting user data...
[31mTime of data encryption per client: 4.585408ms[0m
Encprtion completed.

[DEBUG] Times: 1, loaded dim: 500000
[31mTime of secure aggregation: 804.944240ms[0m

[33m[INFO] Aggregate successfully.

[0m[31mTotal time inside the Enclave: 883.906344ms[0m

Secure aggregation completed!
[Info] Destroy enclave: 0.000000ms.
init enclave...
[33m[INFO] Create Enclave: 100.530842ms[0m
Test aggregate time: 0.319685ms

[33m[Info] Sizeof data matrix: 572MB
[0m[DEBUG] loaded num: 500000, times: 1
[31mTime of clear final_x: 0.000000ms
[0m
[DEBUG] loaded num: 500000, times: 1
Clear final x successfully.
[31mTime of entering the enclave: 0.009160ms[0m
[DEBUG] Sizeof all required data in enclave: 7812 KB
[31mTime of key exchanges for 300 clients: 81.552653ms
[0m
[31mTime of key exchanges per client: 0.252151ms
[0m
Encrpyting user data...
[31mTime of data encryption per client: 4.557758ms[0m
Encprtion completed.

[DEBUG] Times: 1, loaded dim: 500000
[31mTime of secure aggregation: 803.147167ms[0m

[33m[INFO] Aggregate successfully.

[0m[31mTotal time inside the Enclave: 884.708980ms[0m

Secure aggregation completed!
[Info] Destroy enclave: 0.000000ms.
init enclave...
[33m[INFO] Create Enclave: 101.617782ms[0m
Test aggregate time: 0.318899ms

[33m[Info] Sizeof data matrix: 572MB
[0m[DEBUG] loaded num: 500000, times: 1
[31mTime of clear final_x: 0.000000ms
[0m
[DEBUG] loaded num: 500000, times: 1
Clear final x successfully.
[31mTime of entering the enclave: 0.008481ms[0m
[DEBUG] Sizeof all required data in enclave: 7812 KB
[31mTime of key exchanges for 300 clients: 78.055558ms
[0m
[31mTime of key exchanges per client: 0.240596ms
[0m
Encrpyting user data...
[31mTime of data encryption per client: 4.550682ms[0m
Encprtion completed.

[DEBUG] Times: 1, loaded dim: 500000
[31mTime of secure aggregation: 802.499992ms[0m

[33m[INFO] Aggregate successfully.

[0m[31mTotal time inside the Enclave: 880.564031ms[0m

Secure aggregation completed!
[Info] Destroy enclave: 0.000000ms.
init enclave...
[33m[INFO] Create Enclave: 105.161496ms[0m
Test aggregate time: 0.325843ms

[33m[Info] Sizeof data matrix: 572MB
[0m[DEBUG] loaded num: 500000, times: 1
[31mTime of clear final_x: 0.000000ms
[0m
[DEBUG] loaded num: 500000, times: 1
Clear final x successfully.
[31mTime of entering the enclave: 0.008584ms[0m
[DEBUG] Sizeof all required data in enclave: 7812 KB
[31mTime of key exchanges for 300 clients: 78.186785ms
[0m
[31mTime of key exchanges per client: 0.240560ms
[0m
Encrpyting user data...
[31mTime of data encryption per client: 4.581106ms[0m
Encprtion completed.

[DEBUG] Times: 1, loaded dim: 500000
[31mTime of secure aggregation: 799.097217ms[0m

[33m[INFO] Aggregate successfully.

[0m[31mTotal time inside the Enclave: 877.292586ms[0m

Secure aggregation completed!
[Info] Destroy enclave: 0.000000ms.
init enclave...
[33m[INFO] Create Enclave: 102.319150ms[0m
Test aggregate time: 0.320341ms

[33m[Info] Sizeof data matrix: 572MB
[0m[DEBUG] loaded num: 500000, times: 1
[31mTime of clear final_x: 0.000000ms
[0m
[DEBUG] loaded num: 500000, times: 1
Clear final x successfully.
[31mTime of entering the enclave: 0.008951ms[0m
[DEBUG] Sizeof all required data in enclave: 7812 KB
[31mTime of key exchanges for 300 clients: 77.914605ms
[0m
[31mTime of key exchanges per client: 0.239981ms
[0m
Encrpyting user data...
[31mTime of data encryption per client: 4.558585ms[0m
Encprtion completed.

[DEBUG] Times: 1, loaded dim: 500000
[31mTime of secure aggregation: 797.085148ms[0m

[33m[INFO] Aggregate successfully.

[0m[31mTotal time inside the Enclave: 875.008704ms[0m

Secure aggregation completed!
[Info] Destroy enclave: 0.000000ms.
init enclave...
[33m[INFO] Create Enclave: 101.418100ms[0m
Test aggregate time: 0.319274ms

[33m[Info] Sizeof data matrix: 572MB
[0m[DEBUG] loaded num: 500000, times: 1
[31mTime of clear final_x: 0.000000ms
[0m
[DEBUG] loaded num: 500000, times: 1
Clear final x successfully.
[31mTime of entering the enclave: 0.008773ms[0m
[DEBUG] Sizeof all required data in enclave: 7812 KB
[31mTime of key exchanges for 300 clients: 77.727077ms
[0m
[31mTime of key exchanges per client: 0.240568ms
[0m
Encrpyting user data...
[31mTime of data encryption per client: 4.560377ms[0m
Encprtion completed.

[DEBUG] Times: 1, loaded dim: 500000
[31mTime of secure aggregation: 801.256817ms[0m

[33m[INFO] Aggregate successfully.

[0m[31mTotal time inside the Enclave: 878.992667ms[0m

Secure aggregation completed!
[Info] Destroy enclave: 0.000000ms.
init enclave...
[33m[INFO] Create Enclave: 101.121802ms[0m
Test aggregate time: 0.318603ms

[33m[Info] Sizeof data matrix: 572MB
[0m[DEBUG] loaded num: 500000, times: 1
[31mTime of clear final_x: 0.000000ms
[0m
[DEBUG] loaded num: 500000, times: 1
Clear final x successfully.
[31mTime of entering the enclave: 0.009301ms[0m
[DEBUG] Sizeof all required data in enclave: 7812 KB
[31mTime of key exchanges for 300 clients: 78.097233ms
[0m
[31mTime of key exchanges per client: 0.240644ms
[0m
Encrpyting user data...
[31mTime of data encryption per client: 4.563515ms[0m
Encprtion completed.

[DEBUG] Times: 1, loaded dim: 500000
[31mTime of secure aggregation: 799.834982ms[0m

[33m[INFO] Aggregate successfully.

[0m[31mTotal time inside the Enclave: 877.941516ms[0m

Secure aggregation completed!
[Info] Destroy enclave: 0.000000ms.
init enclave...
[33m[INFO] Create Enclave: 105.999567ms[0m
Test aggregate time: 0.318439ms

[33m[Info] Sizeof data matrix: 572MB
[0m[DEBUG] loaded num: 500000, times: 1
[31mTime of clear final_x: 0.000000ms
[0m
[DEBUG] loaded num: 500000, times: 1
Clear final x successfully.
[31mTime of entering the enclave: 0.009368ms[0m
[DEBUG] Sizeof all required data in enclave: 7812 KB
[31mTime of key exchanges for 300 clients: 79.430837ms
[0m
[31mTime of key exchanges per client: 0.243259ms
[0m
Encrpyting user data...
[31mTime of data encryption per client: 4.576899ms[0m
Encprtion completed.

[DEBUG] Times: 1, loaded dim: 500000
[31mTime of secure aggregation: 800.971176ms[0m

[33m[INFO] Aggregate successfully.

[0m[31mTotal time inside the Enclave: 880.411381ms[0m

Secure aggregation completed!
[Info] Destroy enclave: 0.000000ms.
init enclave...
[33m[INFO] Create Enclave: 102.894226ms[0m
Test aggregate time: 0.320972ms

[33m[Info] Sizeof data matrix: 572MB
[0m[DEBUG] loaded num: 500000, times: 1
[31mTime of clear final_x: 0.000000ms
[0m
[DEBUG] loaded num: 500000, times: 1
Clear final x successfully.
[31mTime of entering the enclave: 0.008443ms[0m
[DEBUG] Sizeof all required data in enclave: 7812 KB
[31mTime of key exchanges for 300 clients: 78.059531ms
[0m
[31mTime of key exchanges per client: 0.240362ms
[0m
Encrpyting user data...
[31mTime of data encryption per client: 4.577463ms[0m
Encprtion completed.

[DEBUG] Times: 1, loaded dim: 500000
[31mTime of secure aggregation: 800.029799ms[0m

[33m[INFO] Aggregate successfully.

[0m[31mTotal time inside the Enclave: 878.097773ms[0m

Secure aggregation completed!
[Info] Destroy enclave: 0.000000ms.
init enclave...
[33m[INFO] Create Enclave: 101.431014ms[0m
Test aggregate time: 0.322767ms

[33m[Info] Sizeof data matrix: 572MB
[0m[DEBUG] loaded num: 500000, times: 1
[31mTime of clear final_x: 0.000000ms
[0m
[DEBUG] loaded num: 500000, times: 1
Clear final x successfully.
[31mTime of entering the enclave: 0.008997ms[0m
[DEBUG] Sizeof all required data in enclave: 7812 KB
[31mTime of key exchanges for 300 clients: 77.857686ms
[0m
[31mTime of key exchanges per client: 0.240870ms
[0m
Encrpyting user data...
[31mTime of data encryption per client: 4.576822ms[0m
Encprtion completed.

[DEBUG] Times: 1, loaded dim: 500000
[31mTime of secure aggregation: 807.145731ms[0m

[33m[INFO] Aggregate successfully.

[0m[31mTotal time inside the Enclave: 885.012414ms[0m

Secure aggregation completed!
[Info] Destroy enclave: 0.000000ms.
init enclave...
[33m[INFO] Create Enclave: 103.648177ms[0m
Test aggregate time: 0.319199ms

[33m[Info] Sizeof data matrix: 572MB
[0m[DEBUG] loaded num: 500000, times: 1
[31mTime of clear final_x: 0.000000ms
[0m
[DEBUG] loaded num: 500000, times: 1
Clear final x successfully.
[31mTime of entering the enclave: 0.009298ms[0m
[DEBUG] Sizeof all required data in enclave: 7812 KB
[31mTime of key exchanges for 300 clients: 77.676492ms
[0m
[31mTime of key exchanges per client: 0.239666ms
[0m
Encrpyting user data...
[31mTime of data encryption per client: 4.550793ms[0m
Encprtion completed.

[DEBUG] Times: 1, loaded dim: 500000
[31mTime of secure aggregation: 808.379247ms[0m

[33m[INFO] Aggregate successfully.

[0m[31mTotal time inside the Enclave: 886.065037ms[0m

Secure aggregation completed!
[Info] Destroy enclave: 0.000000ms.
init enclave...
[33m[INFO] Create Enclave: 103.162350ms[0m
Test aggregate time: 0.318952ms

[33m[Info] Sizeof data matrix: 572MB
[0m[DEBUG] loaded num: 500000, times: 1
[31mTime of clear final_x: 0.000000ms
[0m
[DEBUG] loaded num: 500000, times: 1
Clear final x successfully.
[31mTime of entering the enclave: 0.009283ms[0m
[DEBUG] Sizeof all required data in enclave: 7812 KB
[31mTime of key exchanges for 300 clients: 78.315857ms
[0m
[31mTime of key exchanges per client: 0.240851ms
[0m
Encrpyting user data...
[31mTime of data encryption per client: 4.571351ms[0m
Encprtion completed.

[DEBUG] Times: 1, loaded dim: 500000
[31mTime of secure aggregation: 802.580509ms[0m

[33m[INFO] Aggregate successfully.

[0m[31mTotal time inside the Enclave: 880.905649ms[0m

Secure aggregation completed!
[Info] Destroy enclave: 0.000000ms.
init enclave...
[33m[INFO] Create Enclave: 102.856318ms[0m
Test aggregate time: 0.318707ms

[33m[Info] Sizeof data matrix: 572MB
[0m[DEBUG] loaded num: 500000, times: 1
[31mTime of clear final_x: 0.000000ms
[0m
[DEBUG] loaded num: 500000, times: 1
Clear final x successfully.
[31mTime of entering the enclave: 0.008308ms[0m
[DEBUG] Sizeof all required data in enclave: 7812 KB
[31mTime of key exchanges for 300 clients: 78.016278ms
[0m
[31mTime of key exchanges per client: 0.240158ms
[0m
Encrpyting user data...
[31mTime of data encryption per client: 4.571025ms[0m
Encprtion completed.

[DEBUG] Times: 1, loaded dim: 500000
[31mTime of secure aggregation: 797.164421ms[0m

[33m[INFO] Aggregate successfully.

[0m[31mTotal time inside the Enclave: 875.189007ms[0m

Secure aggregation completed!
[Info] Destroy enclave: 0.000000ms.
init enclave...
[33m[INFO] Create Enclave: 108.326881ms[0m
Test aggregate time: 0.320406ms

[33m[Info] Sizeof data matrix: 572MB
[0m[DEBUG] loaded num: 500000, times: 1
[31mTime of clear final_x: 0.000000ms
[0m
[DEBUG] loaded num: 500000, times: 1
Clear final x successfully.
[31mTime of entering the enclave: 0.008859ms[0m
[DEBUG] Sizeof all required data in enclave: 7812 KB
[31mTime of key exchanges for 300 clients: 77.689914ms
[0m
[31mTime of key exchanges per client: 0.239860ms
[0m
Encrpyting user data...
[31mTime of data encryption per client: 4.565789ms[0m
Encprtion completed.

[DEBUG] Times: 1, loaded dim: 500000
[31mTime of secure aggregation: 800.568762ms[0m

[33m[INFO] Aggregate successfully.

[0m[31mTotal time inside the Enclave: 878.267535ms[0m

Secure aggregation completed!
[Info] Destroy enclave: 0.000000ms.
init enclave...
[33m[INFO] Create Enclave: 100.870600ms[0m
Test aggregate time: 0.318515ms

[33m[Info] Sizeof data matrix: 572MB
[0m[DEBUG] loaded num: 500000, times: 1
[31mTime of clear final_x: 0.000000ms
[0m
[DEBUG] loaded num: 500000, times: 1
Clear final x successfully.
[31mTime of entering the enclave: 0.008829ms[0m
[DEBUG] Sizeof all required data in enclave: 7812 KB
[31mTime of key exchanges for 300 clients: 78.038110ms
[0m
[31mTime of key exchanges per client: 0.240696ms
[0m
Encrpyting user data...
[31mTime of data encryption per client: 4.564337ms[0m
Encprtion completed.

[DEBUG] Times: 1, loaded dim: 500000
[31mTime of secure aggregation: 806.398878ms[0m

[33m[INFO] Aggregate successfully.

[0m[31mTotal time inside the Enclave: 884.445817ms[0m

Secure aggregation completed!
[Info] Destroy enclave: 0.000000ms.
init enclave...
[33m[INFO] Create Enclave: 102.685354ms[0m
Test aggregate time: 0.318508ms

[33m[Info] Sizeof data matrix: 572MB
[0m[DEBUG] loaded num: 500000, times: 1
[31mTime of clear final_x: 0.000000ms
[0m
[DEBUG] loaded num: 500000, times: 1
Clear final x successfully.
[31mTime of entering the enclave: 0.008886ms[0m
[DEBUG] Sizeof all required data in enclave: 7812 KB
[31mTime of key exchanges for 300 clients: 78.491588ms
[0m
[31mTime of key exchanges per client: 0.242301ms
[0m
Encrpyting user data...
[31mTime of data encryption per client: 4.568194ms[0m
Encprtion completed.

[DEBUG] Times: 1, loaded dim: 500000
[31mTime of secure aggregation: 799.986874ms[0m

[33m[INFO] Aggregate successfully.

[0m[31mTotal time inside the Enclave: 878.487348ms[0m

Secure aggregation completed!
[Info] Destroy enclave: 0.000000ms.
init enclave...
[33m[INFO] Create Enclave: 102.274395ms[0m
Test aggregate time: 0.320035ms

[33m[Info] Sizeof data matrix: 572MB
[0m[DEBUG] loaded num: 500000, times: 1
[31mTime of clear final_x: 0.000000ms
[0m
[DEBUG] loaded num: 500000, times: 1
Clear final x successfully.
[31mTime of entering the enclave: 0.007970ms[0m
[DEBUG] Sizeof all required data in enclave: 7812 KB
[31mTime of key exchanges for 300 clients: 77.958361ms
[0m
[31mTime of key exchanges per client: 0.240822ms
[0m
Encrpyting user data...
[31mTime of data encryption per client: 4.563417ms[0m
Encprtion completed.

[DEBUG] Times: 1, loaded dim: 500000
[31mTime of secure aggregation: 801.299281ms[0m

[33m[INFO] Aggregate successfully.

[0m[31mTotal time inside the Enclave: 879.265612ms[0m

Secure aggregation completed!
[Info] Destroy enclave: 0.000000ms.
init enclave...
[33m[INFO] Create Enclave: 101.602224ms[0m
Test aggregate time: 0.319459ms

[33m[Info] Sizeof data matrix: 572MB
[0m[DEBUG] loaded num: 500000, times: 1
[31mTime of clear final_x: 0.000000ms
[0m
[DEBUG] loaded num: 500000, times: 1
Clear final x successfully.
[31mTime of entering the enclave: 0.008867ms[0m
[DEBUG] Sizeof all required data in enclave: 7812 KB
[31mTime of key exchanges for 300 clients: 78.079592ms
[0m
[31mTime of key exchanges per client: 0.240448ms
[0m
Encrpyting user data...
[31mTime of data encryption per client: 4.577868ms[0m
Encprtion completed.

[DEBUG] Times: 1, loaded dim: 500000
[31mTime of secure aggregation: 804.685939ms[0m

[33m[INFO] Aggregate successfully.

[0m[31mTotal time inside the Enclave: 882.774398ms[0m

Secure aggregation completed!
[Info] Destroy enclave: 0.000000ms.
init enclave...
[33m[INFO] Create Enclave: 101.242742ms[0m
Test aggregate time: 0.318656ms

[33m[Info] Sizeof data matrix: 572MB
[0m[DEBUG] loaded num: 500000, times: 1
[31mTime of clear final_x: 0.000000ms
[0m
[DEBUG] loaded num: 500000, times: 1
Clear final x successfully.
[31mTime of entering the enclave: 0.008482ms[0m
[DEBUG] Sizeof all required data in enclave: 7812 KB
[31mTime of key exchanges for 300 clients: 78.398743ms
[0m
[31mTime of key exchanges per client: 0.241184ms
[0m
Encrpyting user data...
[31mTime of data encryption per client: 4.563608ms[0m
Encprtion completed.

[DEBUG] Times: 1, loaded dim: 500000
[31mTime of secure aggregation: 812.809073ms[0m

[33m[INFO] Aggregate successfully.

[0m[31mTotal time inside the Enclave: 891.216298ms[0m

Secure aggregation completed!
[Info] Destroy enclave: 0.000000ms.
init enclave...
[33m[INFO] Create Enclave: 101.242918ms[0m
Test aggregate time: 0.318955ms

[33m[Info] Sizeof data matrix: 572MB
[0m[DEBUG] loaded num: 500000, times: 1
[31mTime of clear final_x: 0.000000ms
[0m
[DEBUG] loaded num: 500000, times: 1
Clear final x successfully.
[31mTime of entering the enclave: 0.008005ms[0m
[DEBUG] Sizeof all required data in enclave: 7812 KB
[31mTime of key exchanges for 300 clients: 77.789833ms
[0m
[31mTime of key exchanges per client: 0.240176ms
[0m
Encrpyting user data...
[31mTime of data encryption per client: 4.577518ms[0m
Encprtion completed.

[DEBUG] Times: 1, loaded dim: 500000
[31mTime of secure aggregation: 814.141660ms[0m

[33m[INFO] Aggregate successfully.

[0m[31mTotal time inside the Enclave: 891.939498ms[0m

Secure aggregation completed!
[Info] Destroy enclave: 0.000000ms.
init enclave...
[33m[INFO] Create Enclave: 103.264939ms[0m
Test aggregate time: 0.317761ms

[33m[Info] Sizeof data matrix: 572MB
[0m[DEBUG] loaded num: 500000, times: 1
[31mTime of clear final_x: 0.000000ms
[0m
[DEBUG] loaded num: 500000, times: 1
Clear final x successfully.
[31mTime of entering the enclave: 0.008980ms[0m
[DEBUG] Sizeof all required data in enclave: 7812 KB
[31mTime of key exchanges for 300 clients: 77.875066ms
[0m
[31mTime of key exchanges per client: 0.240410ms
[0m
Encrpyting user data...
[31mTime of data encryption per client: 4.575394ms[0m
Encprtion completed.

[DEBUG] Times: 1, loaded dim: 500000
[31mTime of secure aggregation: 809.282869ms[0m

[33m[INFO] Aggregate successfully.

[0m[31mTotal time inside the Enclave: 887.166915ms[0m

Secure aggregation completed!
[Info] Destroy enclave: 0.000000ms.
init enclave...
[33m[INFO] Create Enclave: 106.277052ms[0m
Test aggregate time: 0.318270ms

[33m[Info] Sizeof data matrix: 572MB
[0m[DEBUG] loaded num: 500000, times: 1
[31mTime of clear final_x: 0.000000ms
[0m
[DEBUG] loaded num: 500000, times: 1
Clear final x successfully.
[31mTime of entering the enclave: 0.008693ms[0m
[DEBUG] Sizeof all required data in enclave: 7812 KB
[31mTime of key exchanges for 300 clients: 77.589040ms
[0m
[31mTime of key exchanges per client: 0.239871ms
[0m
Encrpyting user data...
[31mTime of data encryption per client: 4.557168ms[0m
Encprtion completed.

[DEBUG] Times: 1, loaded dim: 500000
[31mTime of secure aggregation: 799.351998ms[0m

[33m[INFO] Aggregate successfully.

[0m[31mTotal time inside the Enclave: 876.949731ms[0m

Secure aggregation completed!
[Info] Destroy enclave: 0.000000ms.
init enclave...
[33m[INFO] Create Enclave: 106.762842ms[0m
Test aggregate time: 0.318792ms

[33m[Info] Sizeof data matrix: 572MB
[0m[DEBUG] loaded num: 500000, times: 1
[31mTime of clear final_x: 0.000000ms
[0m
[DEBUG] loaded num: 500000, times: 1
Clear final x successfully.
[31mTime of entering the enclave: 0.009363ms[0m
[DEBUG] Sizeof all required data in enclave: 7812 KB
[31mTime of key exchanges for 300 clients: 78.831236ms
[0m
[31mTime of key exchanges per client: 0.243819ms
[0m
Encrpyting user data...
[31mTime of data encryption per client: 4.562897ms[0m
Encprtion completed.

[DEBUG] Times: 1, loaded dim: 500000
[31mTime of secure aggregation: 813.701996ms[0m

[33m[INFO] Aggregate successfully.

[0m[31mTotal time inside the Enclave: 892.542595ms[0m

Secure aggregation completed!
[Info] Destroy enclave: 0.000000ms.
init enclave...
[33m[INFO] Create Enclave: 107.591415ms[0m
Test aggregate time: 0.320042ms

[33m[Info] Sizeof data matrix: 572MB
[0m[DEBUG] loaded num: 500000, times: 1
[31mTime of clear final_x: 0.000000ms
[0m
[DEBUG] loaded num: 500000, times: 1
Clear final x successfully.
[31mTime of entering the enclave: 0.008313ms[0m
[DEBUG] Sizeof all required data in enclave: 7812 KB
[31mTime of key exchanges for 300 clients: 78.097871ms
[0m
[31mTime of key exchanges per client: 0.239806ms
[0m
Encrpyting user data...
[31mTime of data encryption per client: 4.579620ms[0m
Encprtion completed.

[DEBUG] Times: 1, loaded dim: 500000
[31mTime of secure aggregation: 801.222352ms[0m

[33m[INFO] Aggregate successfully.

[0m[31mTotal time inside the Enclave: 879.328536ms[0m

Secure aggregation completed!
[Info] Destroy enclave: 0.000000ms.
init enclave...
[33m[INFO] Create Enclave: 102.760666ms[0m
Test aggregate time: 0.325594ms

[33m[Info] Sizeof data matrix: 572MB
[0m[DEBUG] loaded num: 500000, times: 1
[31mTime of clear final_x: 0.000000ms
[0m
[DEBUG] loaded num: 500000, times: 1
Clear final x successfully.
[31mTime of entering the enclave: 0.008272ms[0m
[DEBUG] Sizeof all required data in enclave: 7812 KB
[31mTime of key exchanges for 300 clients: 78.869627ms
[0m
[31mTime of key exchanges per client: 0.243749ms
[0m
Encrpyting user data...
[31mTime of data encryption per client: 4.589392ms[0m
Encprtion completed.

[DEBUG] Times: 1, loaded dim: 500000
[31mTime of secure aggregation: 819.929177ms[0m

[33m[INFO] Aggregate successfully.

[0m[31mTotal time inside the Enclave: 898.807076ms[0m

Secure aggregation completed!
[Info] Destroy enclave: 0.000000ms.
init enclave...
[33m[INFO] Create Enclave: 105.947769ms[0m
Test aggregate time: 0.320542ms

[33m[Info] Sizeof data matrix: 572MB
[0m[DEBUG] loaded num: 500000, times: 1
[31mTime of clear final_x: 0.000000ms
[0m
[DEBUG] loaded num: 500000, times: 1
Clear final x successfully.
[31mTime of entering the enclave: 0.008700ms[0m
[DEBUG] Sizeof all required data in enclave: 7812 KB
[31mTime of key exchanges for 300 clients: 78.196151ms
[0m
[31mTime of key exchanges per client: 0.240335ms
[0m
Encrpyting user data...
[31mTime of data encryption per client: 4.563334ms[0m
Encprtion completed.

[DEBUG] Times: 1, loaded dim: 500000
[31mTime of secure aggregation: 803.897356ms[0m

[33m[INFO] Aggregate successfully.

[0m[31mTotal time inside the Enclave: 882.102207ms[0m

Secure aggregation completed!
[Info] Destroy enclave: 0.000000ms.
init enclave...
[33m[INFO] Create Enclave: 105.136200ms[0m
Test aggregate time: 0.319790ms

[33m[Info] Sizeof data matrix: 572MB
[0m[DEBUG] loaded num: 500000, times: 1
[31mTime of clear final_x: 0.000000ms
[0m
[DEBUG] loaded num: 500000, times: 1
Clear final x successfully.
[31mTime of entering the enclave: 0.008706ms[0m
[DEBUG] Sizeof all required data in enclave: 7812 KB
[31mTime of key exchanges for 300 clients: 78.009252ms
[0m
[31mTime of key exchanges per client: 0.240154ms
[0m
Encrpyting user data...
[31mTime of data encryption per client: 4.597122ms[0m
Encprtion completed.

[DEBUG] Times: 1, loaded dim: 500000
[31mTime of secure aggregation: 802.438004ms[0m

[33m[INFO] Aggregate successfully.

[0m[31mTotal time inside the Enclave: 880.455962ms[0m

Secure aggregation completed!
[Info] Destroy enclave: 0.000000ms.
init enclave...
[33m[INFO] Create Enclave: 102.485156ms[0m
Test aggregate time: 0.319940ms

[33m[Info] Sizeof data matrix: 572MB
[0m[DEBUG] loaded num: 500000, times: 1
[31mTime of clear final_x: 0.000000ms
[0m
[DEBUG] loaded num: 500000, times: 1
Clear final x successfully.
[31mTime of entering the enclave: 0.009373ms[0m
[DEBUG] Sizeof all required data in enclave: 7812 KB
[31mTime of key exchanges for 300 clients: 78.053868ms
[0m
[31mTime of key exchanges per client: 0.240307ms
[0m
Encrpyting user data...
[31mTime of data encryption per client: 4.577246ms[0m
Encprtion completed.

[DEBUG] Times: 1, loaded dim: 500000
[31mTime of secure aggregation: 796.364911ms[0m

[33m[INFO] Aggregate successfully.

[0m[31mTotal time inside the Enclave: 874.428152ms[0m

Secure aggregation completed!
[Info] Destroy enclave: 0.000000ms.
init enclave...
[33m[INFO] Create Enclave: 105.615806ms[0m
Test aggregate time: 0.321151ms

[33m[Info] Sizeof data matrix: 572MB
[0m[DEBUG] loaded num: 500000, times: 1
[31mTime of clear final_x: 0.000000ms
[0m
[DEBUG] loaded num: 500000, times: 1
Clear final x successfully.
[31mTime of entering the enclave: 0.008962ms[0m
[DEBUG] Sizeof all required data in enclave: 7812 KB
[31mTime of key exchanges for 300 clients: 77.891842ms
[0m
[31mTime of key exchanges per client: 0.240411ms
[0m
Encrpyting user data...
[31mTime of data encryption per client: 4.599129ms[0m
Encprtion completed.

[DEBUG] Times: 1, loaded dim: 500000
[31mTime of secure aggregation: 803.712345ms[0m

[33m[INFO] Aggregate successfully.

[0m[31mTotal time inside the Enclave: 881.613149ms[0m

Secure aggregation completed!
[Info] Destroy enclave: 0.000000ms.
init enclave...
[33m[INFO] Create Enclave: 109.371410ms[0m
Test aggregate time: 0.318062ms

[33m[Info] Sizeof data matrix: 572MB
[0m[DEBUG] loaded num: 500000, times: 1
[31mTime of clear final_x: 0.000000ms
[0m
[DEBUG] loaded num: 500000, times: 1
Clear final x successfully.
[31mTime of entering the enclave: 0.008974ms[0m
[DEBUG] Sizeof all required data in enclave: 7812 KB
[31mTime of key exchanges for 300 clients: 78.155849ms
[0m
[31mTime of key exchanges per client: 0.240407ms
[0m
Encrpyting user data...
[31mTime of data encryption per client: 4.554124ms[0m
Encprtion completed.

[DEBUG] Times: 1, loaded dim: 500000
[31mTime of secure aggregation: 799.551131ms[0m

[33m[INFO] Aggregate successfully.

[0m[31mTotal time inside the Enclave: 877.715954ms[0m

Secure aggregation completed!
[Info] Destroy enclave: 0.000000ms.
init enclave...
[33m[INFO] Create Enclave: 102.508408ms[0m
Test aggregate time: 0.317849ms

[33m[Info] Sizeof data matrix: 572MB
[0m[DEBUG] loaded num: 500000, times: 1
[31mTime of clear final_x: 0.000000ms
[0m
[DEBUG] loaded num: 500000, times: 1
Clear final x successfully.
[31mTime of entering the enclave: 0.009024ms[0m
[DEBUG] Sizeof all required data in enclave: 7812 KB
[31mTime of key exchanges for 300 clients: 78.632165ms
[0m
[31mTime of key exchanges per client: 0.242108ms
[0m
Encrpyting user data...
[31mTime of data encryption per client: 4.603393ms[0m
Encprtion completed.

[DEBUG] Times: 1, loaded dim: 500000
[31mTime of secure aggregation: 800.409130ms[0m

[33m[INFO] Aggregate successfully.

[0m[31mTotal time inside the Enclave: 879.050319ms[0m

Secure aggregation completed!
[Info] Destroy enclave: 0.000000ms.
init enclave...
[33m[INFO] Create Enclave: 101.844131ms[0m
Test aggregate time: 0.319641ms

[33m[Info] Sizeof data matrix: 572MB
[0m[DEBUG] loaded num: 500000, times: 1
[31mTime of clear final_x: 0.000000ms
[0m
[DEBUG] loaded num: 500000, times: 1
Clear final x successfully.
[31mTime of entering the enclave: 0.009289ms[0m
[DEBUG] Sizeof all required data in enclave: 7812 KB
[31mTime of key exchanges for 300 clients: 77.935311ms
[0m
[31mTime of key exchanges per client: 0.239797ms
[0m
Encrpyting user data...
[31mTime of data encryption per client: 4.567707ms[0m
Encprtion completed.

[DEBUG] Times: 1, loaded dim: 500000
[31mTime of secure aggregation: 803.775436ms[0m

[33m[INFO] Aggregate successfully.

[0m[31mTotal time inside the Enclave: 881.720036ms[0m

Secure aggregation completed!
[Info] Destroy enclave: 0.000000ms.
init enclave...
[33m[INFO] Create Enclave: 102.771934ms[0m
Test aggregate time: 0.319193ms

[33m[Info] Sizeof data matrix: 572MB
[0m[DEBUG] loaded num: 500000, times: 1
[31mTime of clear final_x: 0.000000ms
[0m
[DEBUG] loaded num: 500000, times: 1
Clear final x successfully.
[31mTime of entering the enclave: 0.009095ms[0m
[DEBUG] Sizeof all required data in enclave: 7812 KB
[31mTime of key exchanges for 300 clients: 78.005828ms
[0m
[31mTime of key exchanges per client: 0.240018ms
[0m
Encrpyting user data...
[31mTime of data encryption per client: 4.594686ms[0m
Encprtion completed.

[DEBUG] Times: 1, loaded dim: 500000
[31mTime of secure aggregation: 805.389623ms[0m

[33m[INFO] Aggregate successfully.

[0m[31mTotal time inside the Enclave: 883.404546ms[0m

Secure aggregation completed!
[Info] Destroy enclave: 0.000000ms.
init enclave...
[33m[INFO] Create Enclave: 100.990305ms[0m
Test aggregate time: 0.321742ms

[33m[Info] Sizeof data matrix: 572MB
[0m[DEBUG] loaded num: 500000, times: 1
[31mTime of clear final_x: 0.000000ms
[0m
[DEBUG] loaded num: 500000, times: 1
Clear final x successfully.
[31mTime of entering the enclave: 0.009105ms[0m
[DEBUG] Sizeof all required data in enclave: 7812 KB
[31mTime of key exchanges for 300 clients: 77.968831ms
[0m
[31mTime of key exchanges per client: 0.240399ms
[0m
Encrpyting user data...
[31mTime of data encryption per client: 4.576105ms[0m
Encprtion completed.

[DEBUG] Times: 1, loaded dim: 500000
[31mTime of secure aggregation: 808.523812ms[0m

[33m[INFO] Aggregate successfully.

[0m[31mTotal time inside the Enclave: 886.501748ms[0m

Secure aggregation completed!
[Info] Destroy enclave: 0.000000ms.
init enclave...
[33m[INFO] Create Enclave: 101.587730ms[0m
Test aggregate time: 0.318308ms

[33m[Info] Sizeof data matrix: 572MB
[0m[DEBUG] loaded num: 500000, times: 1
[31mTime of clear final_x: 0.000000ms
[0m
[DEBUG] loaded num: 500000, times: 1
Clear final x successfully.
[31mTime of entering the enclave: 0.008967ms[0m
[DEBUG] Sizeof all required data in enclave: 7812 KB
[31mTime of key exchanges for 300 clients: 77.992468ms
[0m
[31mTime of key exchanges per client: 0.239806ms
[0m
Encrpyting user data...
[31mTime of data encryption per client: 4.576416ms[0m
Encprtion completed.

[DEBUG] Times: 1, loaded dim: 500000
[31mTime of secure aggregation: 801.271892ms[0m

[33m[INFO] Aggregate successfully.

[0m[31mTotal time inside the Enclave: 879.273327ms[0m

Secure aggregation completed!
[Info] Destroy enclave: 0.000000ms.
init enclave...
[33m[INFO] Create Enclave: 110.985455ms[0m
Test aggregate time: 0.318911ms

[33m[Info] Sizeof data matrix: 572MB
[0m[DEBUG] loaded num: 500000, times: 1
[31mTime of clear final_x: 0.000000ms
[0m
[DEBUG] loaded num: 500000, times: 1
Clear final x successfully.
[31mTime of entering the enclave: 0.008782ms[0m
[DEBUG] Sizeof all required data in enclave: 7812 KB
[31mTime of key exchanges for 300 clients: 78.271010ms
[0m
[31mTime of key exchanges per client: 0.241563ms
[0m
Encrpyting user data...
[31mTime of data encryption per client: 4.576128ms[0m
Encprtion completed.

[DEBUG] Times: 1, loaded dim: 500000
[31mTime of secure aggregation: 797.220309ms[0m

[33m[INFO] Aggregate successfully.

[0m[31mTotal time inside the Enclave: 875.500101ms[0m

Secure aggregation completed!
[Info] Destroy enclave: 0.000000ms.
init enclave...
[33m[INFO] Create Enclave: 105.098618ms[0m
Test aggregate time: 0.319334ms

[33m[Info] Sizeof data matrix: 572MB
[0m[DEBUG] loaded num: 500000, times: 1
[31mTime of clear final_x: 0.000000ms
[0m
[DEBUG] loaded num: 500000, times: 1
Clear final x successfully.
[31mTime of entering the enclave: 0.008873ms[0m
[DEBUG] Sizeof all required data in enclave: 7812 KB
[31mTime of key exchanges for 300 clients: 78.032589ms
[0m
[31mTime of key exchanges per client: 0.239797ms
[0m
Encrpyting user data...
[31mTime of data encryption per client: 4.610169ms[0m
Encprtion completed.

[DEBUG] Times: 1, loaded dim: 500000
[31mTime of secure aggregation: 796.668823ms[0m

[33m[INFO] Aggregate successfully.

[0m[31mTotal time inside the Enclave: 874.710285ms[0m

Secure aggregation completed!
[Info] Destroy enclave: 0.000000ms.
init enclave...
[33m[INFO] Create Enclave: 102.622955ms[0m
Test aggregate time: 0.321383ms

[33m[Info] Sizeof data matrix: 572MB
[0m[DEBUG] loaded num: 500000, times: 1
[31mTime of clear final_x: 0.000000ms
[0m
[DEBUG] loaded num: 500000, times: 1
Clear final x successfully.
[31mTime of entering the enclave: 0.009109ms[0m
[DEBUG] Sizeof all required data in enclave: 7812 KB
[31mTime of key exchanges for 300 clients: 77.938592ms
[0m
[31mTime of key exchanges per client: 0.240906ms
[0m
Encrpyting user data...
[31mTime of data encryption per client: 4.579089ms[0m
Encprtion completed.

[DEBUG] Times: 1, loaded dim: 500000
[31mTime of secure aggregation: 803.314880ms[0m

[33m[INFO] Aggregate successfully.

[0m[31mTotal time inside the Enclave: 881.262581ms[0m

Secure aggregation completed!
[Info] Destroy enclave: 0.000000ms.
init enclave...
[33m[INFO] Create Enclave: 101.756592ms[0m
Test aggregate time: 0.318843ms

[33m[Info] Sizeof data matrix: 572MB
[0m[DEBUG] loaded num: 500000, times: 1
[31mTime of clear final_x: 0.000000ms
[0m
[DEBUG] loaded num: 500000, times: 1
Clear final x successfully.
[31mTime of entering the enclave: 0.009633ms[0m
[DEBUG] Sizeof all required data in enclave: 7812 KB
[31mTime of key exchanges for 300 clients: 78.406529ms
[0m
[31mTime of key exchanges per client: 0.242046ms
[0m
Encrpyting user data...
[31mTime of data encryption per client: 4.603473ms[0m
Encprtion completed.

[DEBUG] Times: 1, loaded dim: 500000
[31mTime of secure aggregation: 808.902445ms[0m

[33m[INFO] Aggregate successfully.

[0m[31mTotal time inside the Enclave: 887.318607ms[0m

Secure aggregation completed!
[Info] Destroy enclave: 0.000000ms.
init enclave...
[33m[INFO] Create Enclave: 101.877823ms[0m
Test aggregate time: 0.322823ms

[33m[Info] Sizeof data matrix: 572MB
[0m[DEBUG] loaded num: 500000, times: 1
[31mTime of clear final_x: 0.000000ms
[0m
[DEBUG] loaded num: 500000, times: 1
Clear final x successfully.
[31mTime of entering the enclave: 0.008973ms[0m
[DEBUG] Sizeof all required data in enclave: 7812 KB
[31mTime of key exchanges for 300 clients: 77.853997ms
[0m
[31mTime of key exchanges per client: 0.240128ms
[0m
Encrpyting user data...
[31mTime of data encryption per client: 4.586018ms[0m
Encprtion completed.

[DEBUG] Times: 1, loaded dim: 500000
[31mTime of secure aggregation: 810.840184ms[0m

[33m[INFO] Aggregate successfully.

[0m[31mTotal time inside the Enclave: 888.703154ms[0m

Secure aggregation completed!
[Info] Destroy enclave: 0.000000ms.
init enclave...
[33m[INFO] Create Enclave: 102.427684ms[0m
Test aggregate time: 0.319554ms

[33m[Info] Sizeof data matrix: 572MB
[0m[DEBUG] loaded num: 500000, times: 1
[31mTime of clear final_x: 0.000000ms
[0m
[DEBUG] loaded num: 500000, times: 1
Clear final x successfully.
[31mTime of entering the enclave: 0.009241ms[0m
[DEBUG] Sizeof all required data in enclave: 7812 KB
[31mTime of key exchanges for 300 clients: 79.644517ms
[0m
[31mTime of key exchanges per client: 0.244377ms
[0m
Encrpyting user data...
[31mTime of data encryption per client: 4.580167ms[0m
Encprtion completed.

[DEBUG] Times: 1, loaded dim: 500000
[31mTime of secure aggregation: 802.090465ms[0m

[33m[INFO] Aggregate successfully.

[0m[31mTotal time inside the Enclave: 881.744223ms[0m

Secure aggregation completed!
[Info] Destroy enclave: 0.000000ms.
init enclave...
[33m[INFO] Create Enclave: 106.713730ms[0m
Test aggregate time: 0.319379ms

[33m[Info] Sizeof data matrix: 572MB
[0m[DEBUG] loaded num: 500000, times: 1
[31mTime of clear final_x: 0.000000ms
[0m
[DEBUG] loaded num: 500000, times: 1
Clear final x successfully.
[31mTime of entering the enclave: 0.009187ms[0m
[DEBUG] Sizeof all required data in enclave: 7812 KB
[31mTime of key exchanges for 300 clients: 78.007178ms
[0m
[31mTime of key exchanges per client: 0.239730ms
[0m
Encrpyting user data...
[31mTime of data encryption per client: 4.550217ms[0m
Encprtion completed.

[DEBUG] Times: 1, loaded dim: 500000
[31mTime of secure aggregation: 810.573193ms[0m

[33m[INFO] Aggregate successfully.

[0m[31mTotal time inside the Enclave: 888.589558ms[0m

Secure aggregation completed!
[Info] Destroy enclave: 0.000000ms.
init enclave...
[33m[INFO] Create Enclave: 101.703187ms[0m
Test aggregate time: 0.328069ms

[33m[Info] Sizeof data matrix: 572MB
[0m[DEBUG] loaded num: 500000, times: 1
[31mTime of clear final_x: 0.000000ms
[0m
[DEBUG] loaded num: 500000, times: 1
Clear final x successfully.
[31mTime of entering the enclave: 0.009906ms[0m
[DEBUG] Sizeof all required data in enclave: 7812 KB
[31mTime of key exchanges for 300 clients: 78.516556ms
[0m
[31mTime of key exchanges per client: 0.242228ms
[0m
Encrpyting user data...
[31mTime of data encryption per client: 4.579591ms[0m
Encprtion completed.

[DEBUG] Times: 1, loaded dim: 500000
[31mTime of secure aggregation: 806.333801ms[0m

[33m[INFO] Aggregate successfully.

[0m[31mTotal time inside the Enclave: 884.860263ms[0m

Secure aggregation completed!
[Info] Destroy enclave: 0.000000ms.
init enclave...
[33m[INFO] Create Enclave: 102.927177ms[0m
Test aggregate time: 0.326158ms

[33m[Info] Sizeof data matrix: 572MB
[0m[DEBUG] loaded num: 500000, times: 1
[31mTime of clear final_x: 0.000000ms
[0m
[DEBUG] loaded num: 500000, times: 1
Clear final x successfully.
[31mTime of entering the enclave: 0.008972ms[0m
[DEBUG] Sizeof all required data in enclave: 7812 KB
[31mTime of key exchanges for 300 clients: 78.051904ms
[0m
[31mTime of key exchanges per client: 0.240898ms
[0m
Encrpyting user data...
[31mTime of data encryption per client: 4.596549ms[0m
Encprtion completed.

[DEBUG] Times: 1, loaded dim: 500000
[31mTime of secure aggregation: 808.904894ms[0m

[33m[INFO] Aggregate successfully.

[0m[31mTotal time inside the Enclave: 886.965770ms[0m

Secure aggregation completed!
[Info] Destroy enclave: 0.000000ms.
init enclave...
[33m[INFO] Create Enclave: 105.318571ms[0m
Test aggregate time: 0.326958ms

[33m[Info] Sizeof data matrix: 572MB
[0m[DEBUG] loaded num: 500000, times: 1
[31mTime of clear final_x: 0.000000ms
[0m
[DEBUG] loaded num: 500000, times: 1
Clear final x successfully.
[31mTime of entering the enclave: 0.009356ms[0m
[DEBUG] Sizeof all required data in enclave: 7812 KB
[31mTime of key exchanges for 300 clients: 78.714825ms
[0m
[31mTime of key exchanges per client: 0.241810ms
[0m
Encrpyting user data...
[31mTime of data encryption per client: 4.600647ms[0m
Encprtion completed.

[DEBUG] Times: 1, loaded dim: 500000
[31mTime of secure aggregation: 799.956220ms[0m

[33m[INFO] Aggregate successfully.

[0m[31mTotal time inside the Enclave: 878.680401ms[0m

Secure aggregation completed!
[Info] Destroy enclave: 0.000000ms.
init enclave...
[33m[INFO] Create Enclave: 102.580682ms[0m
Test aggregate time: 0.318523ms

[33m[Info] Sizeof data matrix: 572MB
[0m[DEBUG] loaded num: 500000, times: 1
[31mTime of clear final_x: 0.000000ms
[0m
[DEBUG] loaded num: 500000, times: 1
Clear final x successfully.
[31mTime of entering the enclave: 0.008803ms[0m
[DEBUG] Sizeof all required data in enclave: 7812 KB
[31mTime of key exchanges for 300 clients: 78.076184ms
[0m
[31mTime of key exchanges per client: 0.240978ms
[0m
Encrpyting user data...
[31mTime of data encryption per client: 4.590113ms[0m
Encprtion completed.

[DEBUG] Times: 1, loaded dim: 500000
[31mTime of secure aggregation: 801.061869ms[0m

[33m[INFO] Aggregate successfully.

[0m[31mTotal time inside the Enclave: 879.146856ms[0m

Secure aggregation completed!
[Info] Destroy enclave: 0.000000ms.
init enclave...
[33m[INFO] Create Enclave: 103.301354ms[0m
Test aggregate time: 0.318505ms

[33m[Info] Sizeof data matrix: 572MB
[0m[DEBUG] loaded num: 500000, times: 1
[31mTime of clear final_x: 0.000000ms
[0m
[DEBUG] loaded num: 500000, times: 1
Clear final x successfully.
[31mTime of entering the enclave: 0.009331ms[0m
[DEBUG] Sizeof all required data in enclave: 7812 KB
[31mTime of key exchanges for 300 clients: 78.678154ms
[0m
[31mTime of key exchanges per client: 0.242651ms
[0m
Encrpyting user data...
[31mTime of data encryption per client: 4.563264ms[0m
Encprtion completed.

[DEBUG] Times: 1, loaded dim: 500000
[31mTime of secure aggregation: 804.827100ms[0m

[33m[INFO] Aggregate successfully.

[0m[31mTotal time inside the Enclave: 883.514585ms[0m

Secure aggregation completed!
[Info] Destroy enclave: 0.000000ms.
init enclave...
[33m[INFO] Create Enclave: 102.231789ms[0m
Test aggregate time: 0.319883ms

[33m[Info] Sizeof data matrix: 572MB
[0m[DEBUG] loaded num: 500000, times: 1
[31mTime of clear final_x: 0.000000ms
[0m
[DEBUG] loaded num: 500000, times: 1
Clear final x successfully.
[31mTime of entering the enclave: 0.009247ms[0m
[DEBUG] Sizeof all required data in enclave: 7812 KB
[31mTime of key exchanges for 300 clients: 77.973470ms
[0m
[31mTime of key exchanges per client: 0.240226ms
[0m
Encrpyting user data...
[31mTime of data encryption per client: 4.573279ms[0m
Encprtion completed.

[DEBUG] Times: 1, loaded dim: 500000
[31mTime of secure aggregation: 803.029589ms[0m

[33m[INFO] Aggregate successfully.

[0m[31mTotal time inside the Enclave: 881.012306ms[0m

Secure aggregation completed!
[Info] Destroy enclave: 0.000000ms.
init enclave...
[33m[INFO] Create Enclave: 102.092911ms[0m
Test aggregate time: 0.320567ms

[33m[Info] Sizeof data matrix: 572MB
[0m[DEBUG] loaded num: 500000, times: 1
[31mTime of clear final_x: 0.000000ms
[0m
[DEBUG] loaded num: 500000, times: 1
Clear final x successfully.
[31mTime of entering the enclave: 0.008802ms[0m
[DEBUG] Sizeof all required data in enclave: 7812 KB
[31mTime of key exchanges for 300 clients: 78.070403ms
[0m
[31mTime of key exchanges per client: 0.240497ms
[0m
Encrpyting user data...
[31mTime of data encryption per client: 4.574910ms[0m
Encprtion completed.

[DEBUG] Times: 1, loaded dim: 500000
[31mTime of secure aggregation: 801.553802ms[0m

[33m[INFO] Aggregate successfully.

[0m[31mTotal time inside the Enclave: 879.633007ms[0m

Secure aggregation completed!
[Info] Destroy enclave: 0.000000ms.
init enclave...
[33m[INFO] Create Enclave: 104.306447ms[0m
Test aggregate time: 0.319527ms

[33m[Info] Sizeof data matrix: 572MB
[0m[DEBUG] loaded num: 500000, times: 1
[31mTime of clear final_x: 0.000000ms
[0m
[DEBUG] loaded num: 500000, times: 1
Clear final x successfully.
[31mTime of entering the enclave: 0.008770ms[0m
[DEBUG] Sizeof all required data in enclave: 7812 KB
[31mTime of key exchanges for 300 clients: 77.858844ms
[0m
[31mTime of key exchanges per client: 0.240630ms
[0m
Encrpyting user data...
[31mTime of data encryption per client: 4.555622ms[0m
Encprtion completed.

[DEBUG] Times: 1, loaded dim: 500000
[31mTime of secure aggregation: 804.222795ms[0m

[33m[INFO] Aggregate successfully.

[0m[31mTotal time inside the Enclave: 882.090409ms[0m

Secure aggregation completed!
[Info] Destroy enclave: 0.000000ms.
init enclave...
[33m[INFO] Create Enclave: 103.407015ms[0m
Test aggregate time: 0.317799ms

[33m[Info] Sizeof data matrix: 572MB
[0m[DEBUG] loaded num: 500000, times: 1
[31mTime of clear final_x: 0.000000ms
[0m
[DEBUG] loaded num: 500000, times: 1
Clear final x successfully.
[31mTime of entering the enclave: 0.008399ms[0m
[DEBUG] Sizeof all required data in enclave: 7812 KB
[31mTime of key exchanges for 300 clients: 78.071880ms
[0m
[31mTime of key exchanges per client: 0.240308ms
[0m
Encrpyting user data...
[31mTime of data encryption per client: 4.554372ms[0m
Encprtion completed.

[DEBUG] Times: 1, loaded dim: 500000
[31mTime of secure aggregation: 806.755294ms[0m

[33m[INFO] Aggregate successfully.

[0m[31mTotal time inside the Enclave: 884.835573ms[0m

Secure aggregation completed!
[Info] Destroy enclave: 0.000000ms.
init enclave...
[33m[INFO] Create Enclave: 102.514528ms[0m
Test aggregate time: 0.322543ms

[33m[Info] Sizeof data matrix: 572MB
[0m[DEBUG] loaded num: 500000, times: 1
[31mTime of clear final_x: 0.000000ms
[0m
[DEBUG] loaded num: 500000, times: 1
Clear final x successfully.
[31mTime of entering the enclave: 0.008824ms[0m
[DEBUG] Sizeof all required data in enclave: 7812 KB
[31mTime of key exchanges for 300 clients: 78.493777ms
[0m
[31mTime of key exchanges per client: 0.242098ms
[0m
Encrpyting user data...
[31mTime of data encryption per client: 4.585898ms[0m
Encprtion completed.

[DEBUG] Times: 1, loaded dim: 500000
[31mTime of secure aggregation: 802.829138ms[0m

[33m[INFO] Aggregate successfully.

[0m[31mTotal time inside the Enclave: 881.331739ms[0m

Secure aggregation completed!
[Info] Destroy enclave: 0.000000ms.
init enclave...
[33m[INFO] Create Enclave: 102.843323ms[0m
Test aggregate time: 0.319801ms

[33m[Info] Sizeof data matrix: 572MB
[0m[DEBUG] loaded num: 500000, times: 1
[31mTime of clear final_x: 0.000000ms
[0m
[DEBUG] loaded num: 500000, times: 1
Clear final x successfully.
[31mTime of entering the enclave: 0.009225ms[0m
[DEBUG] Sizeof all required data in enclave: 7812 KB
[31mTime of key exchanges for 300 clients: 77.600254ms
[0m
[31mTime of key exchanges per client: 0.240014ms
[0m
Encrpyting user data...
[31mTime of data encryption per client: 4.564100ms[0m
Encprtion completed.

[DEBUG] Times: 1, loaded dim: 500000
[31mTime of secure aggregation: 800.225366ms[0m

[33m[INFO] Aggregate successfully.

[0m[31mTotal time inside the Enclave: 877.834845ms[0m

Secure aggregation completed!
[Info] Destroy enclave: 0.000000ms.
init enclave...
[33m[INFO] Create Enclave: 102.761657ms[0m
Test aggregate time: 0.318228ms

[33m[Info] Sizeof data matrix: 572MB
[0m[DEBUG] loaded num: 500000, times: 1
[31mTime of clear final_x: 0.000000ms
[0m
[DEBUG] loaded num: 500000, times: 1
Clear final x successfully.
[31mTime of entering the enclave: 0.008970ms[0m
[DEBUG] Sizeof all required data in enclave: 7812 KB
[31mTime of key exchanges for 300 clients: 78.180363ms
[0m
[31mTime of key exchanges per client: 0.241193ms
[0m
Encrpyting user data...
[31mTime of data encryption per client: 4.558157ms[0m
Encprtion completed.

[DEBUG] Times: 1, loaded dim: 500000
[31mTime of secure aggregation: 800.782188ms[0m

[33m[INFO] Aggregate successfully.

[0m[31mTotal time inside the Enclave: 878.971521ms[0m

Secure aggregation completed!
[Info] Destroy enclave: 0.000000ms.
init enclave...
[33m[INFO] Create Enclave: 102.932698ms[0m
Test aggregate time: 0.319361ms

[33m[Info] Sizeof data matrix: 572MB
[0m[DEBUG] loaded num: 500000, times: 1
[31mTime of clear final_x: 0.000000ms
[0m
[DEBUG] loaded num: 500000, times: 1
Clear final x successfully.
[31mTime of entering the enclave: 0.009724ms[0m
[DEBUG] Sizeof all required data in enclave: 7812 KB
[31mTime of key exchanges for 300 clients: 78.781962ms
[0m
[31mTime of key exchanges per client: 0.242342ms
[0m
Encrpyting user data...
[31mTime of data encryption per client: 4.565703ms[0m
Encprtion completed.

[DEBUG] Times: 1, loaded dim: 500000
[31mTime of secure aggregation: 804.463039ms[0m

[33m[INFO] Aggregate successfully.

[0m[31mTotal time inside the Enclave: 883.254725ms[0m

Secure aggregation completed!
[Info] Destroy enclave: 0.000000ms.
init enclave...
[33m[INFO] Create Enclave: 103.569193ms[0m
Test aggregate time: 0.320913ms

[33m[Info] Sizeof data matrix: 572MB
[0m[DEBUG] loaded num: 500000, times: 1
[31mTime of clear final_x: 0.000000ms
[0m
[DEBUG] loaded num: 500000, times: 1
Clear final x successfully.
[31mTime of entering the enclave: 0.008305ms[0m
[DEBUG] Sizeof all required data in enclave: 7812 KB
[31mTime of key exchanges for 300 clients: 77.947408ms
[0m
[31mTime of key exchanges per client: 0.241165ms
[0m
Encrpyting user data...
[31mTime of data encryption per client: 4.610976ms[0m
Encprtion completed.

[DEBUG] Times: 1, loaded dim: 500000
[31mTime of secure aggregation: 803.021407ms[0m

[33m[INFO] Aggregate successfully.

[0m[31mTotal time inside the Enclave: 880.977120ms[0m

Secure aggregation completed!
[Info] Destroy enclave: 0.000000ms.
init enclave...
[33m[INFO] Create Enclave: 100.918110ms[0m
Test aggregate time: 0.321458ms

[33m[Info] Sizeof data matrix: 572MB
[0m[DEBUG] loaded num: 500000, times: 1
[31mTime of clear final_x: 0.000000ms
[0m
[DEBUG] loaded num: 500000, times: 1
Clear final x successfully.
[31mTime of entering the enclave: 0.008604ms[0m
[DEBUG] Sizeof all required data in enclave: 7812 KB
[31mTime of key exchanges for 300 clients: 78.128512ms
[0m
[31mTime of key exchanges per client: 0.241260ms
[0m
Encrpyting user data...
[31mTime of data encryption per client: 4.565372ms[0m
Encprtion completed.

[DEBUG] Times: 1, loaded dim: 500000
[31mTime of secure aggregation: 804.458762ms[0m

[33m[INFO] Aggregate successfully.

[0m[31mTotal time inside the Enclave: 882.595878ms[0m

Secure aggregation completed!
[Info] Destroy enclave: 0.000000ms.
init enclave...
[33m[INFO] Create Enclave: 102.003149ms[0m
Test aggregate time: 0.320112ms

[33m[Info] Sizeof data matrix: 572MB
[0m[DEBUG] loaded num: 500000, times: 1
[31mTime of clear final_x: 0.000000ms
[0m
[DEBUG] loaded num: 500000, times: 1
Clear final x successfully.
[31mTime of entering the enclave: 0.008023ms[0m
[DEBUG] Sizeof all required data in enclave: 7812 KB
[31mTime of key exchanges for 300 clients: 78.515721ms
[0m
[31mTime of key exchanges per client: 0.242378ms
[0m
Encrpyting user data...
[31mTime of data encryption per client: 4.563301ms[0m
Encprtion completed.

[DEBUG] Times: 1, loaded dim: 500000
[31mTime of secure aggregation: 804.854985ms[0m

[33m[INFO] Aggregate successfully.

[0m[31mTotal time inside the Enclave: 883.378729ms[0m

Secure aggregation completed!
[Info] Destroy enclave: 0.000000ms.
init enclave...
[33m[INFO] Create Enclave: 101.740850ms[0m
Test aggregate time: 0.319785ms

[33m[Info] Sizeof data matrix: 572MB
[0m[DEBUG] loaded num: 500000, times: 1
[31mTime of clear final_x: 0.000000ms
[0m
[DEBUG] loaded num: 500000, times: 1
Clear final x successfully.
[31mTime of entering the enclave: 0.008652ms[0m
[DEBUG] Sizeof all required data in enclave: 7812 KB
[31mTime of key exchanges for 300 clients: 78.344867ms
[0m
[31mTime of key exchanges per client: 0.240791ms
[0m
Encrpyting user data...
[31mTime of data encryption per client: 4.566249ms[0m
Encprtion completed.

[DEBUG] Times: 1, loaded dim: 500000
[31mTime of secure aggregation: 802.849109ms[0m

[33m[INFO] Aggregate successfully.

[0m[31mTotal time inside the Enclave: 881.202628ms[0m

Secure aggregation completed!
[Info] Destroy enclave: 0.000000ms.
init enclave...
[33m[INFO] Create Enclave: 102.499002ms[0m
Test aggregate time: 0.319078ms

[33m[Info] Sizeof data matrix: 572MB
[0m[DEBUG] loaded num: 500000, times: 1
[31mTime of clear final_x: 0.000000ms
[0m
[DEBUG] loaded num: 500000, times: 1
Clear final x successfully.
[31mTime of entering the enclave: 0.008554ms[0m
[DEBUG] Sizeof all required data in enclave: 7812 KB
[31mTime of key exchanges for 300 clients: 78.648885ms
[0m
[31mTime of key exchanges per client: 0.242187ms
[0m
Encrpyting user data...
[31mTime of data encryption per client: 4.559820ms[0m
Encprtion completed.

[DEBUG] Times: 1, loaded dim: 500000
[31mTime of secure aggregation: 800.306857ms[0m

[33m[INFO] Aggregate successfully.

[0m[31mTotal time inside the Enclave: 878.964296ms[0m

Secure aggregation completed!
[Info] Destroy enclave: 0.000000ms.
init enclave...
[33m[INFO] Create Enclave: 102.119332ms[0m
Test aggregate time: 0.318195ms

[33m[Info] Sizeof data matrix: 572MB
[0m[DEBUG] loaded num: 500000, times: 1
[31mTime of clear final_x: 0.000000ms
[0m
[DEBUG] loaded num: 500000, times: 1
Clear final x successfully.
[31mTime of entering the enclave: 0.007833ms[0m
[DEBUG] Sizeof all required data in enclave: 7812 KB
[31mTime of key exchanges for 300 clients: 77.696574ms
[0m
[31mTime of key exchanges per client: 0.239992ms
[0m
Encrpyting user data...
[31mTime of data encryption per client: 4.566398ms[0m
Encprtion completed.

[DEBUG] Times: 1, loaded dim: 500000
[31mTime of secure aggregation: 798.688754ms[0m

[33m[INFO] Aggregate successfully.

[0m[31mTotal time inside the Enclave: 876.393161ms[0m

Secure aggregation completed!
[Info] Destroy enclave: 0.000000ms.
init enclave...
[33m[INFO] Create Enclave: 100.876822ms[0m
Test aggregate time: 0.319140ms

[33m[Info] Sizeof data matrix: 572MB
[0m[DEBUG] loaded num: 500000, times: 1
[31mTime of clear final_x: 0.000000ms
[0m
[DEBUG] loaded num: 500000, times: 1
Clear final x successfully.
[31mTime of entering the enclave: 0.009608ms[0m
[DEBUG] Sizeof all required data in enclave: 7812 KB
[31mTime of key exchanges for 300 clients: 77.688116ms
[0m
[31mTime of key exchanges per client: 0.240418ms
[0m
Encrpyting user data...
[31mTime of data encryption per client: 4.556450ms[0m
Encprtion completed.

[DEBUG] Times: 1, loaded dim: 500000
[31mTime of secure aggregation: 812.456338ms[0m

[33m[INFO] Aggregate successfully.

[0m[31mTotal time inside the Enclave: 890.154062ms[0m

Secure aggregation completed!
[Info] Destroy enclave: 0.000000ms.
init enclave...
[33m[INFO] Create Enclave: 102.965347ms[0m
Test aggregate time: 0.318501ms

[33m[Info] Sizeof data matrix: 572MB
[0m[DEBUG] loaded num: 500000, times: 1
[31mTime of clear final_x: 0.000000ms
[0m
[DEBUG] loaded num: 500000, times: 1
Clear final x successfully.
[31mTime of entering the enclave: 0.008899ms[0m
[DEBUG] Sizeof all required data in enclave: 7812 KB
[31mTime of key exchanges for 300 clients: 78.998294ms
[0m
[31mTime of key exchanges per client: 0.243141ms
[0m
Encrpyting user data...
[31mTime of data encryption per client: 4.555904ms[0m
Encprtion completed.

[DEBUG] Times: 1, loaded dim: 500000
[31mTime of secure aggregation: 817.317716ms[0m

[33m[INFO] Aggregate successfully.

[0m[31mTotal time inside the Enclave: 896.324909ms[0m

Secure aggregation completed!
[Info] Destroy enclave: 0.000000ms.
init enclave...
[33m[INFO] Create Enclave: 101.596209ms[0m
Test aggregate time: 0.320116ms

[33m[Info] Sizeof data matrix: 572MB
[0m[DEBUG] loaded num: 500000, times: 1
[31mTime of clear final_x: 0.000000ms
[0m
[DEBUG] loaded num: 500000, times: 1
Clear final x successfully.
[31mTime of entering the enclave: 0.009267ms[0m
[DEBUG] Sizeof all required data in enclave: 7812 KB
[31mTime of key exchanges for 300 clients: 77.865964ms
[0m
[31mTime of key exchanges per client: 0.239794ms
[0m
Encrpyting user data...
[31mTime of data encryption per client: 4.563478ms[0m
Encprtion completed.

[DEBUG] Times: 1, loaded dim: 500000
[31mTime of secure aggregation: 818.190826ms[0m

[33m[INFO] Aggregate successfully.

[0m[31mTotal time inside the Enclave: 896.066057ms[0m

Secure aggregation completed!
[Info] Destroy enclave: 0.000000ms.
init enclave...
[33m[INFO] Create Enclave: 101.186965ms[0m
Test aggregate time: 0.319864ms

[33m[Info] Sizeof data matrix: 572MB
[0m[DEBUG] loaded num: 500000, times: 1
[31mTime of clear final_x: 0.000000ms
[0m
[DEBUG] loaded num: 500000, times: 1
Clear final x successfully.
[31mTime of entering the enclave: 0.008575ms[0m
[DEBUG] Sizeof all required data in enclave: 7812 KB
[31mTime of key exchanges for 300 clients: 78.148314ms
[0m
[31mTime of key exchanges per client: 0.242005ms
[0m
Encrpyting user data...
[31mTime of data encryption per client: 4.561453ms[0m
Encprtion completed.

[DEBUG] Times: 1, loaded dim: 500000
[31mTime of secure aggregation: 806.046503ms[0m

[33m[INFO] Aggregate successfully.

[0m[31mTotal time inside the Enclave: 884.203392ms[0m

Secure aggregation completed!
[Info] Destroy enclave: 0.000000ms.
init enclave...
[33m[INFO] Create Enclave: 107.385508ms[0m
Test aggregate time: 0.320320ms

[33m[Info] Sizeof data matrix: 572MB
[0m[DEBUG] loaded num: 500000, times: 1
[31mTime of clear final_x: 0.000000ms
[0m
[DEBUG] loaded num: 500000, times: 1
Clear final x successfully.
[31mTime of entering the enclave: 0.008866ms[0m
[DEBUG] Sizeof all required data in enclave: 7812 KB
[31mTime of key exchanges for 300 clients: 77.913317ms
[0m
[31mTime of key exchanges per client: 0.240490ms
[0m
Encrpyting user data...
[31mTime of data encryption per client: 4.572326ms[0m
Encprtion completed.

[DEBUG] Times: 1, loaded dim: 500000
[31mTime of secure aggregation: 826.744251ms[0m

[33m[INFO] Aggregate successfully.

[0m[31mTotal time inside the Enclave: 904.666434ms[0m

Secure aggregation completed!
[Info] Destroy enclave: 0.000000ms.
init enclave...
[33m[INFO] Create Enclave: 103.802369ms[0m
Test aggregate time: 0.320551ms

[33m[Info] Sizeof data matrix: 572MB
[0m[DEBUG] loaded num: 500000, times: 1
[31mTime of clear final_x: 0.000000ms
[0m
[DEBUG] loaded num: 500000, times: 1
Clear final x successfully.
[31mTime of entering the enclave: 0.008655ms[0m
[DEBUG] Sizeof all required data in enclave: 7812 KB
[31mTime of key exchanges for 300 clients: 78.711579ms
[0m
[31mTime of key exchanges per client: 0.242659ms
[0m
Encrpyting user data...
[31mTime of data encryption per client: 4.576782ms[0m
Encprtion completed.

[DEBUG] Times: 1, loaded dim: 500000
[31mTime of secure aggregation: 805.011186ms[0m

[33m[INFO] Aggregate successfully.

[0m[31mTotal time inside the Enclave: 883.731420ms[0m

Secure aggregation completed!
[Info] Destroy enclave: 0.000000ms.
init enclave...
[33m[INFO] Create Enclave: 106.042641ms[0m
Test aggregate time: 0.320894ms

[33m[Info] Sizeof data matrix: 572MB
[0m[DEBUG] loaded num: 500000, times: 1
[31mTime of clear final_x: 0.000000ms
[0m
[DEBUG] loaded num: 500000, times: 1
Clear final x successfully.
[31mTime of entering the enclave: 0.009230ms[0m
[DEBUG] Sizeof all required data in enclave: 7812 KB
[31mTime of key exchanges for 300 clients: 77.744070ms
[0m
[31mTime of key exchanges per client: 0.239937ms
[0m
Encrpyting user data...
[31mTime of data encryption per client: 4.559318ms[0m
Encprtion completed.

[DEBUG] Times: 1, loaded dim: 500000
[31mTime of secure aggregation: 813.819076ms[0m

[33m[INFO] Aggregate successfully.

[0m[31mTotal time inside the Enclave: 891.572376ms[0m

Secure aggregation completed!
[Info] Destroy enclave: 0.000000ms.
init enclave...
[33m[INFO] Create Enclave: 104.543580ms[0m
Test aggregate time: 0.318648ms

[33m[Info] Sizeof data matrix: 572MB
[0m[DEBUG] loaded num: 500000, times: 1
[31mTime of clear final_x: 0.000000ms
[0m
[DEBUG] loaded num: 500000, times: 1
Clear final x successfully.
[31mTime of entering the enclave: 0.008195ms[0m
[DEBUG] Sizeof all required data in enclave: 7812 KB
[31mTime of key exchanges for 300 clients: 78.014675ms
[0m
[31mTime of key exchanges per client: 0.241145ms
[0m
Encrpyting user data...
[31mTime of data encryption per client: 4.557299ms[0m
Encprtion completed.

[DEBUG] Times: 1, loaded dim: 500000
[31mTime of secure aggregation: 806.810743ms[0m

[33m[INFO] Aggregate successfully.

[0m[31mTotal time inside the Enclave: 884.833613ms[0m

Secure aggregation completed!
[Info] Destroy enclave: 0.000000ms.
init enclave...
[33m[INFO] Create Enclave: 102.153258ms[0m
Test aggregate time: 0.319232ms

[33m[Info] Sizeof data matrix: 572MB
[0m[DEBUG] loaded num: 500000, times: 1
[31mTime of clear final_x: 0.000000ms
[0m
[DEBUG] loaded num: 500000, times: 1
Clear final x successfully.
[31mTime of entering the enclave: 0.008239ms[0m
[DEBUG] Sizeof all required data in enclave: 7812 KB
[31mTime of key exchanges for 300 clients: 78.305618ms
[0m
[31mTime of key exchanges per client: 0.240684ms
[0m
Encrpyting user data...
[31mTime of data encryption per client: 4.614448ms[0m
Encprtion completed.

[DEBUG] Times: 1, loaded dim: 500000
[31mTime of secure aggregation: 809.738265ms[0m

[33m[INFO] Aggregate successfully.

[0m[31mTotal time inside the Enclave: 888.052122ms[0m

Secure aggregation completed!
[Info] Destroy enclave: 0.000000ms.
init enclave...
[33m[INFO] Create Enclave: 102.223731ms[0m
Test aggregate time: 0.320719ms

[33m[Info] Sizeof data matrix: 572MB
[0m[DEBUG] loaded num: 500000, times: 1
[31mTime of clear final_x: 0.000000ms
[0m
[DEBUG] loaded num: 500000, times: 1
Clear final x successfully.
[31mTime of entering the enclave: 0.008611ms[0m
[DEBUG] Sizeof all required data in enclave: 7812 KB
[31mTime of key exchanges for 300 clients: 79.155017ms
[0m
[31mTime of key exchanges per client: 0.244558ms
[0m
Encrpyting user data...
[31mTime of data encryption per client: 4.582064ms[0m
Encprtion completed.

[DEBUG] Times: 1, loaded dim: 500000
[31mTime of secure aggregation: 803.724801ms[0m

[33m[INFO] Aggregate successfully.

[0m[31mTotal time inside the Enclave: 882.888429ms[0m

Secure aggregation completed!
[Info] Destroy enclave: 0.000000ms.
init enclave...
[33m[INFO] Create Enclave: 103.158892ms[0m
Test aggregate time: 0.320079ms

[33m[Info] Sizeof data matrix: 572MB
[0m[DEBUG] loaded num: 500000, times: 1
[31mTime of clear final_x: 0.000000ms
[0m
[DEBUG] loaded num: 500000, times: 1
Clear final x successfully.
[31mTime of entering the enclave: 0.008714ms[0m
[DEBUG] Sizeof all required data in enclave: 7812 KB
[31mTime of key exchanges for 300 clients: 77.700140ms
[0m
[31mTime of key exchanges per client: 0.238980ms
[0m
Encrpyting user data...
[31mTime of data encryption per client: 4.586438ms[0m
Encprtion completed.

[DEBUG] Times: 1, loaded dim: 500000
[31mTime of secure aggregation: 804.616646ms[0m

[33m[INFO] Aggregate successfully.

[0m[31mTotal time inside the Enclave: 882.325500ms[0m

Secure aggregation completed!
[Info] Destroy enclave: 0.000000ms.
init enclave...
[33m[INFO] Create Enclave: 101.990660ms[0m
Test aggregate time: 0.319561ms

[33m[Info] Sizeof data matrix: 572MB
[0m[DEBUG] loaded num: 500000, times: 1
[31mTime of clear final_x: 0.000000ms
[0m
[DEBUG] loaded num: 500000, times: 1
Clear final x successfully.
[31mTime of entering the enclave: 0.008157ms[0m
[DEBUG] Sizeof all required data in enclave: 7812 KB
[31mTime of key exchanges for 300 clients: 78.108114ms
[0m
[31mTime of key exchanges per client: 0.240451ms
[0m
Encrpyting user data...
[31mTime of data encryption per client: 4.559049ms[0m
Encprtion completed.

[DEBUG] Times: 1, loaded dim: 500000
[31mTime of secure aggregation: 800.664727ms[0m

[33m[INFO] Aggregate successfully.

[0m[31mTotal time inside the Enclave: 878.780998ms[0m

Secure aggregation completed!
[Info] Destroy enclave: 0.000000ms.
init enclave...
[33m[INFO] Create Enclave: 100.666697ms[0m
Test aggregate time: 0.319108ms

[33m[Info] Sizeof data matrix: 572MB
[0m[DEBUG] loaded num: 500000, times: 1
[31mTime of clear final_x: 0.000000ms
[0m
[DEBUG] loaded num: 500000, times: 1
Clear final x successfully.
[31mTime of entering the enclave: 0.008732ms[0m
[DEBUG] Sizeof all required data in enclave: 7812 KB
[31mTime of key exchanges for 300 clients: 77.820700ms
[0m
[31mTime of key exchanges per client: 0.239997ms
[0m
Encrpyting user data...
[31mTime of data encryption per client: 4.596192ms[0m
Encprtion completed.

[DEBUG] Times: 1, loaded dim: 500000
[31mTime of secure aggregation: 806.604335ms[0m

[33m[INFO] Aggregate successfully.

[0m[31mTotal time inside the Enclave: 884.433767ms[0m

Secure aggregation completed!
[Info] Destroy enclave: 0.000000ms.
init enclave...
[33m[INFO] Create Enclave: 101.539555ms[0m
Test aggregate time: 0.323950ms

[33m[Info] Sizeof data matrix: 572MB
[0m[DEBUG] loaded num: 500000, times: 1
[31mTime of clear final_x: 0.000000ms
[0m
[DEBUG] loaded num: 500000, times: 1
Clear final x successfully.
[31mTime of entering the enclave: 0.008313ms[0m
[DEBUG] Sizeof all required data in enclave: 7812 KB
[31mTime of key exchanges for 300 clients: 77.900217ms
[0m
[31mTime of key exchanges per client: 0.240935ms
[0m
Encrpyting user data...
[31mTime of data encryption per client: 4.584423ms[0m
Encprtion completed.

[DEBUG] Times: 1, loaded dim: 500000
[31mTime of secure aggregation: 806.826475ms[0m

[33m[INFO] Aggregate successfully.

[0m[31mTotal time inside the Enclave: 884.735005ms[0m

Secure aggregation completed!
[Info] Destroy enclave: 0.000000ms.
init enclave...
[33m[INFO] Create Enclave: 107.789806ms[0m
Test aggregate time: 0.320160ms

[33m[Info] Sizeof data matrix: 572MB
[0m[DEBUG] loaded num: 500000, times: 1
[31mTime of clear final_x: 0.000000ms
[0m
[DEBUG] loaded num: 500000, times: 1
Clear final x successfully.
[31mTime of entering the enclave: 0.009114ms[0m
[DEBUG] Sizeof all required data in enclave: 7812 KB
[31mTime of key exchanges for 300 clients: 77.976411ms
[0m
[31mTime of key exchanges per client: 0.240590ms
[0m
Encrpyting user data...
[31mTime of data encryption per client: 4.608013ms[0m
Encprtion completed.

[DEBUG] Times: 1, loaded dim: 500000
[31mTime of secure aggregation: 810.308591ms[0m

[33m[INFO] Aggregate successfully.

[0m[31mTotal time inside the Enclave: 888.294116ms[0m

Secure aggregation completed!
[Info] Destroy enclave: 0.000000ms.
init enclave...
[33m[INFO] Create Enclave: 105.491848ms[0m
Test aggregate time: 0.319204ms

[33m[Info] Sizeof data matrix: 572MB
[0m[DEBUG] loaded num: 500000, times: 1
[31mTime of clear final_x: 0.000000ms
[0m
[DEBUG] loaded num: 500000, times: 1
Clear final x successfully.
[31mTime of entering the enclave: 0.008443ms[0m
[DEBUG] Sizeof all required data in enclave: 7812 KB
[31mTime of key exchanges for 300 clients: 78.023835ms
[0m
[31mTime of key exchanges per client: 0.240589ms
[0m
Encrpyting user data...
[31mTime of data encryption per client: 4.565509ms[0m
Encprtion completed.

[DEBUG] Times: 1, loaded dim: 500000
[31mTime of secure aggregation: 799.185758ms[0m

[33m[INFO] Aggregate successfully.

[0m[31mTotal time inside the Enclave: 877.218036ms[0m

Secure aggregation completed!
[Info] Destroy enclave: 0.000000ms.
init enclave...
[33m[INFO] Create Enclave: 101.915190ms[0m
Test aggregate time: 0.318531ms

[33m[Info] Sizeof data matrix: 572MB
[0m[DEBUG] loaded num: 500000, times: 1
[31mTime of clear final_x: 0.000000ms
[0m
[DEBUG] loaded num: 500000, times: 1
Clear final x successfully.
[31mTime of entering the enclave: 0.009392ms[0m
[DEBUG] Sizeof all required data in enclave: 7812 KB
[31mTime of key exchanges for 300 clients: 77.883699ms
[0m
[31mTime of key exchanges per client: 0.239758ms
[0m
Encrpyting user data...
[31mTime of data encryption per client: 4.591665ms[0m
Encprtion completed.

[DEBUG] Times: 1, loaded dim: 500000
[31mTime of secure aggregation: 805.090077ms[0m

[33m[INFO] Aggregate successfully.

[0m[31mTotal time inside the Enclave: 882.983168ms[0m

Secure aggregation completed!
[Info] Destroy enclave: 0.000000ms.
init enclave...
[33m[INFO] Create Enclave: 102.381713ms[0m
Test aggregate time: 0.318494ms

[33m[Info] Sizeof data matrix: 572MB
[0m[DEBUG] loaded num: 500000, times: 1
[31mTime of clear final_x: 0.000000ms
[0m
[DEBUG] loaded num: 500000, times: 1
Clear final x successfully.
[31mTime of entering the enclave: 0.008845ms[0m
[DEBUG] Sizeof all required data in enclave: 7812 KB
[31mTime of key exchanges for 300 clients: 78.434044ms
[0m
[31mTime of key exchanges per client: 0.241709ms
[0m
Encrpyting user data...
[31mTime of data encryption per client: 4.577090ms[0m
Encprtion completed.

[DEBUG] Times: 1, loaded dim: 500000
[31mTime of secure aggregation: 801.762403ms[0m

[33m[INFO] Aggregate successfully.

[0m[31mTotal time inside the Enclave: 880.205292ms[0m

Secure aggregation completed!
[Info] Destroy enclave: 0.000000ms.
init enclave...
[33m[INFO] Create Enclave: 104.958984ms[0m
Test aggregate time: 0.319867ms

[33m[Info] Sizeof data matrix: 572MB
[0m[DEBUG] loaded num: 500000, times: 1
[31mTime of clear final_x: 0.000000ms
[0m
[DEBUG] loaded num: 500000, times: 1
Clear final x successfully.
[31mTime of entering the enclave: 0.008800ms[0m
[DEBUG] Sizeof all required data in enclave: 7812 KB
[31mTime of key exchanges for 300 clients: 77.810574ms
[0m
[31mTime of key exchanges per client: 0.240414ms
[0m
Encrpyting user data...
[31mTime of data encryption per client: 4.586416ms[0m
Encprtion completed.

[DEBUG] Times: 1, loaded dim: 500000
[31mTime of secure aggregation: 803.790967ms[0m

[33m[INFO] Aggregate successfully.

[0m[31mTotal time inside the Enclave: 881.610341ms[0m

Secure aggregation completed!
[Info] Destroy enclave: 0.000000ms.
init enclave...
[33m[INFO] Create Enclave: 102.181021ms[0m
Test aggregate time: 0.322985ms

[33m[Info] Sizeof data matrix: 572MB
[0m[DEBUG] loaded num: 500000, times: 1
[31mTime of clear final_x: 0.000000ms
[0m
[DEBUG] loaded num: 500000, times: 1
Clear final x successfully.
[31mTime of entering the enclave: 0.007683ms[0m
[DEBUG] Sizeof all required data in enclave: 7812 KB
[31mTime of key exchanges for 300 clients: 77.877630ms
[0m
[31mTime of key exchanges per client: 0.239827ms
[0m
Encrpyting user data...
[31mTime of data encryption per client: 4.575105ms[0m
Encprtion completed.

[DEBUG] Times: 1, loaded dim: 500000
[31mTime of secure aggregation: 798.633276ms[0m

[33m[INFO] Aggregate successfully.

[0m[31mTotal time inside the Enclave: 876.518589ms[0m

Secure aggregation completed!
[Info] Destroy enclave: 0.000000ms.
init enclave...
[33m[INFO] Create Enclave: 100.605346ms[0m
Test aggregate time: 0.320114ms

[33m[Info] Sizeof data matrix: 572MB
[0m[DEBUG] loaded num: 500000, times: 1
[31mTime of clear final_x: 0.000000ms
[0m
[DEBUG] loaded num: 500000, times: 1
Clear final x successfully.
[31mTime of entering the enclave: 0.008139ms[0m
[DEBUG] Sizeof all required data in enclave: 7812 KB
[31mTime of key exchanges for 300 clients: 78.101035ms
[0m
[31mTime of key exchanges per client: 0.241656ms
[0m
Encrpyting user data...
[31mTime of data encryption per client: 4.605360ms[0m
Encprtion completed.

[DEBUG] Times: 1, loaded dim: 500000
[31mTime of secure aggregation: 804.276975ms[0m

[33m[INFO] Aggregate successfully.

[0m[31mTotal time inside the Enclave: 882.386149ms[0m

Secure aggregation completed!
[Info] Destroy enclave: 0.000000ms.
init enclave...
[33m[INFO] Create Enclave: 101.534966ms[0m
Test aggregate time: 0.319880ms

[33m[Info] Sizeof data matrix: 572MB
[0m[DEBUG] loaded num: 500000, times: 1
[31mTime of clear final_x: 0.000000ms
[0m
[DEBUG] loaded num: 500000, times: 1
Clear final x successfully.
[31mTime of entering the enclave: 0.008444ms[0m
[DEBUG] Sizeof all required data in enclave: 7812 KB
[31mTime of key exchanges for 300 clients: 78.160346ms
[0m
[31mTime of key exchanges per client: 0.240995ms
[0m
Encrpyting user data...
[31mTime of data encryption per client: 4.569835ms[0m
Encprtion completed.

[DEBUG] Times: 1, loaded dim: 500000
[31mTime of secure aggregation: 801.719868ms[0m

[33m[INFO] Aggregate successfully.

[0m[31mTotal time inside the Enclave: 879.888658ms[0m

Secure aggregation completed!
[Info] Destroy enclave: 0.000000ms.
init enclave...
[33m[INFO] Create Enclave: 101.322449ms[0m
Test aggregate time: 0.318089ms

[33m[Info] Sizeof data matrix: 572MB
[0m[DEBUG] loaded num: 500000, times: 1
[31mTime of clear final_x: 0.000000ms
[0m
[DEBUG] loaded num: 500000, times: 1
Clear final x successfully.
[31mTime of entering the enclave: 0.008958ms[0m
[DEBUG] Sizeof all required data in enclave: 7812 KB
[31mTime of key exchanges for 300 clients: 81.279703ms
[0m
[31mTime of key exchanges per client: 0.250136ms
[0m
Encrpyting user data...
[31mTime of data encryption per client: 4.555799ms[0m
Encprtion completed.

[DEBUG] Times: 1, loaded dim: 500000
[31mTime of secure aggregation: 800.860090ms[0m

[33m[INFO] Aggregate successfully.

[0m[31mTotal time inside the Enclave: 882.148751ms[0m

Secure aggregation completed!
[Info] Destroy enclave: 0.000000ms.
init enclave...
[33m[INFO] Create Enclave: 103.990521ms[0m
Test aggregate time: 0.320587ms

[33m[Info] Sizeof data matrix: 572MB
[0m[DEBUG] loaded num: 500000, times: 1
[31mTime of clear final_x: 0.000000ms
[0m
[DEBUG] loaded num: 500000, times: 1
Clear final x successfully.
[31mTime of entering the enclave: 0.008775ms[0m
[DEBUG] Sizeof all required data in enclave: 7812 KB
[31mTime of key exchanges for 300 clients: 77.816874ms
[0m
[31mTime of key exchanges per client: 0.239840ms
[0m
Encrpyting user data...
[31mTime of data encryption per client: 4.584796ms[0m
Encprtion completed.

[DEBUG] Times: 1, loaded dim: 500000
[31mTime of secure aggregation: 803.294539ms[0m

[33m[INFO] Aggregate successfully.

[0m[31mTotal time inside the Enclave: 881.120188ms[0m

Secure aggregation completed!
[Info] Destroy enclave: 0.000000ms.
init enclave...
[33m[INFO] Create Enclave: 105.057714ms[0m
Test aggregate time: 0.324352ms

[33m[Info] Sizeof data matrix: 572MB
[0m[DEBUG] loaded num: 500000, times: 1
[31mTime of clear final_x: 0.000000ms
[0m
[DEBUG] loaded num: 500000, times: 1
Clear final x successfully.
[31mTime of entering the enclave: 0.010250ms[0m
[DEBUG] Sizeof all required data in enclave: 7812 KB
[31mTime of key exchanges for 300 clients: 77.852327ms
[0m
[31mTime of key exchanges per client: 0.239647ms
[0m
Encrpyting user data...
[31mTime of data encryption per client: 4.562208ms[0m
Encprtion completed.

[DEBUG] Times: 1, loaded dim: 500000
[31mTime of secure aggregation: 800.590052ms[0m

[33m[INFO] Aggregate successfully.

[0m[31mTotal time inside the Enclave: 878.452629ms[0m

Secure aggregation completed!
[Info] Destroy enclave: 0.000000ms.
init enclave...
[33m[INFO] Create Enclave: 104.807988ms[0m
Test aggregate time: 0.318355ms

[33m[Info] Sizeof data matrix: 572MB
[0m[DEBUG] loaded num: 500000, times: 1
[31mTime of clear final_x: 0.000000ms
[0m
[DEBUG] loaded num: 500000, times: 1
Clear final x successfully.
[31mTime of entering the enclave: 0.008755ms[0m
[DEBUG] Sizeof all required data in enclave: 7812 KB
[31mTime of key exchanges for 300 clients: 80.125478ms
[0m
[31mTime of key exchanges per client: 0.246348ms
[0m
Encrpyting user data...
[31mTime of data encryption per client: 4.567395ms[0m
Encprtion completed.

[DEBUG] Times: 1, loaded dim: 500000
[31mTime of secure aggregation: 809.185035ms[0m

[33m[INFO] Aggregate successfully.

[0m[31mTotal time inside the Enclave: 889.319268ms[0m

Secure aggregation completed!
[Info] Destroy enclave: 0.000000ms.
init enclave...
[33m[INFO] Create Enclave: 101.002681ms[0m
Test aggregate time: 0.325177ms

[33m[Info] Sizeof data matrix: 572MB
[0m[DEBUG] loaded num: 500000, times: 1
[31mTime of clear final_x: 0.000000ms
[0m
[DEBUG] loaded num: 500000, times: 1
Clear final x successfully.
[31mTime of entering the enclave: 0.008037ms[0m
[DEBUG] Sizeof all required data in enclave: 7812 KB
[31mTime of key exchanges for 300 clients: 78.255778ms
[0m
[31mTime of key exchanges per client: 0.241499ms
[0m
Encrpyting user data...
[31mTime of data encryption per client: 4.578249ms[0m
Encprtion completed.

[DEBUG] Times: 1, loaded dim: 500000
[31mTime of secure aggregation: 800.492345ms[0m

[33m[INFO] Aggregate successfully.

[0m[31mTotal time inside the Enclave: 878.756160ms[0m

Secure aggregation completed!
[Info] Destroy enclave: 0.000000ms.
