init enclave...
[33m[INFO] Create Enclave: 103.656505ms[0m
Test aggregate time: 0.260047ms

[33m[Info] Sizeof data matrix: 457MB
[0m[DEBUG] loaded num: 300000, times: 1
[31mTime of clear final_x: 0.000000ms
[0m
[DEBUG] loaded num: 300000, times: 1
Clear final x successfully.
[31mTime of entering the enclave: 0.007825ms[0m
[DEBUG] Sizeof all required data in enclave: 4687 KB
[31mTime of key exchanges for 400 clients: 107.369674ms
[0m
[31mTime of key exchanges per client: 0.247506ms
[0m
Encrpyting user data...
[31mTime of data encryption per client: 2.792774ms[0m
Encprtion completed.

[DEBUG] Times: 1, loaded dim: 300000
[31mTime of secure aggregation: 635.622341ms[0m

[33m[INFO] Aggregate successfully.

[0m[31mTotal time inside the Enclave: 742.999840ms[0m

Secure aggregation completed!
[Info] Destroy enclave: 0.000000ms.
init enclave...
[33m[INFO] Create Enclave: 107.706921ms[0m
Test aggregate time: 0.255876ms

[33m[Info] Sizeof data matrix: 457MB
[0m[DEBUG] loaded num: 300000, times: 1
[31mTime of clear final_x: 0.000000ms
[0m
[DEBUG] loaded num: 300000, times: 1
Clear final x successfully.
[31mTime of entering the enclave: 0.008920ms[0m
[DEBUG] Sizeof all required data in enclave: 4687 KB
[31mTime of key exchanges for 400 clients: 104.777167ms
[0m
[31mTime of key exchanges per client: 0.242499ms
[0m
Encrpyting user data...
[31mTime of data encryption per client: 2.757944ms[0m
Encprtion completed.

[DEBUG] Times: 1, loaded dim: 300000
[31mTime of secure aggregation: 636.352142ms[0m

[33m[INFO] Aggregate successfully.

[0m[31mTotal time inside the Enclave: 741.138229ms[0m

Secure aggregation completed!
[Info] Destroy enclave: 0.000000ms.
init enclave...
[33m[INFO] Create Enclave: 104.878324ms[0m
Test aggregate time: 0.255923ms

[33m[Info] Sizeof data matrix: 457MB
[0m[DEBUG] loaded num: 300000, times: 1
[31mTime of clear final_x: 0.000000ms
[0m
[DEBUG] loaded num: 300000, times: 1
Clear final x successfully.
[31mTime of entering the enclave: 0.007923ms[0m
[DEBUG] Sizeof all required data in enclave: 4687 KB
[31mTime of key exchanges for 400 clients: 104.294798ms
[0m
[31mTime of key exchanges per client: 0.241375ms
[0m
Encrpyting user data...
[31mTime of data encryption per client: 2.784241ms[0m
Encprtion completed.

[DEBUG] Times: 1, loaded dim: 300000
[31mTime of secure aggregation: 636.095419ms[0m

[33m[INFO] Aggregate successfully.

[0m[31mTotal time inside the Enclave: 740.398140ms[0m

Secure aggregation completed!
[Info] Destroy enclave: 0.000000ms.
init enclave...
[33m[INFO] Create Enclave: 102.163071ms[0m
Test aggregate time: 0.256875ms

[33m[Info] Sizeof data matrix: 457MB
[0m[DEBUG] loaded num: 300000, times: 1
[31mTime of clear final_x: 0.000000ms
[0m
[DEBUG] loaded num: 300000, times: 1
Clear final x successfully.
[31mTime of entering the enclave: 0.007988ms[0m
[DEBUG] Sizeof all required data in enclave: 4687 KB
[31mTime of key exchanges for 400 clients: 104.698545ms
[0m
[31mTime of key exchanges per client: 0.242119ms
[0m
Encrpyting user data...
[31mTime of data encryption per client: 2.759815ms[0m
Encprtion completed.

[DEBUG] Times: 1, loaded dim: 300000
[31mTime of secure aggregation: 635.309263ms[0m

[33m[INFO] Aggregate successfully.

[0m[31mTotal time inside the Enclave: 740.015796ms[0m

Secure aggregation completed!
[Info] Destroy enclave: 0.000000ms.
init enclave...
[33m[INFO] Create Enclave: 101.743245ms[0m
Test aggregate time: 0.255503ms

[33m[Info] Sizeof data matrix: 457MB
[0m[DEBUG] loaded num: 300000, times: 1
[31mTime of clear final_x: 0.000000ms
[0m
[DEBUG] loaded num: 300000, times: 1
Clear final x successfully.
[31mTime of entering the enclave: 0.008514ms[0m
[DEBUG] Sizeof all required data in enclave: 4687 KB
[31mTime of key exchanges for 400 clients: 104.983279ms
[0m
[31mTime of key exchanges per client: 0.242680ms
[0m
Encrpyting user data...
[31mTime of data encryption per client: 2.742921ms[0m
Encprtion completed.

[DEBUG] Times: 1, loaded dim: 300000
[31mTime of secure aggregation: 643.224039ms[0m

[33m[INFO] Aggregate successfully.

[0m[31mTotal time inside the Enclave: 748.215832ms[0m

Secure aggregation completed!
[Info] Destroy enclave: 0.000000ms.
init enclave...
[33m[INFO] Create Enclave: 103.343966ms[0m
Test aggregate time: 0.255285ms

[33m[Info] Sizeof data matrix: 457MB
[0m[DEBUG] loaded num: 300000, times: 1
[31mTime of clear final_x: 0.000000ms
[0m
[DEBUG] loaded num: 300000, times: 1
Clear final x successfully.
[31mTime of entering the enclave: 0.007800ms[0m
[DEBUG] Sizeof all required data in enclave: 4687 KB
[31mTime of key exchanges for 400 clients: 104.576736ms
[0m
[31mTime of key exchanges per client: 0.241420ms
[0m
Encrpyting user data...
[31mTime of data encryption per client: 2.745439ms[0m
Encprtion completed.

[DEBUG] Times: 1, loaded dim: 300000
[31mTime of secure aggregation: 634.794762ms[0m

[33m[INFO] Aggregate successfully.

[0m[31mTotal time inside the Enclave: 739.379298ms[0m

Secure aggregation completed!
[Info] Destroy enclave: 0.000000ms.
init enclave...
[33m[INFO] Create Enclave: 102.773161ms[0m
Test aggregate time: 0.256012ms

[33m[Info] Sizeof data matrix: 457MB
[0m[DEBUG] loaded num: 300000, times: 1
[31mTime of clear final_x: 0.000000ms
[0m
[DEBUG] loaded num: 300000, times: 1
Clear final x successfully.
[31mTime of entering the enclave: 0.007686ms[0m
[DEBUG] Sizeof all required data in enclave: 4687 KB
[31mTime of key exchanges for 400 clients: 104.734562ms
[0m
[31mTime of key exchanges per client: 0.242128ms
[0m
Encrpyting user data...
[31mTime of data encryption per client: 2.756106ms[0m
Encprtion completed.

[DEBUG] Times: 1, loaded dim: 300000
[31mTime of secure aggregation: 633.792211ms[0m

[33m[INFO] Aggregate successfully.

[0m[31mTotal time inside the Enclave: 738.534459ms[0m

Secure aggregation completed!
[Info] Destroy enclave: 0.000000ms.
init enclave...
[33m[INFO] Create Enclave: 102.231997ms[0m
Test aggregate time: 0.256615ms

[33m[Info] Sizeof data matrix: 457MB
[0m[DEBUG] loaded num: 300000, times: 1
[31mTime of clear final_x: 0.000000ms
[0m
[DEBUG] loaded num: 300000, times: 1
Clear final x successfully.
[31mTime of entering the enclave: 0.008616ms[0m
[DEBUG] Sizeof all required data in enclave: 4687 KB
[31mTime of key exchanges for 400 clients: 104.885864ms
[0m
[31mTime of key exchanges per client: 0.242428ms
[0m
Encrpyting user data...
[31mTime of data encryption per client: 2.763471ms[0m
Encprtion completed.

[DEBUG] Times: 1, loaded dim: 300000
[31mTime of secure aggregation: 637.301390ms[0m

[33m[INFO] Aggregate successfully.

[0m[31mTotal time inside the Enclave: 742.195870ms[0m

Secure aggregation completed!
[Info] Destroy enclave: 0.000000ms.
init enclave...
[33m[INFO] Create Enclave: 101.760526ms[0m
Test aggregate time: 0.259039ms

[33m[Info] Sizeof data matrix: 457MB
[0m[DEBUG] loaded num: 300000, times: 1
[31mTime of clear final_x: 0.000000ms
[0m
[DEBUG] loaded num: 300000, times: 1
Clear final x successfully.
[31mTime of entering the enclave: 0.008273ms[0m
[DEBUG] Sizeof all required data in enclave: 4687 KB
[31mTime of key exchanges for 400 clients: 111.673449ms
[0m
[31mTime of key exchanges per client: 0.257982ms
[0m
Encrpyting user data...
[31mTime of data encryption per client: 2.781802ms[0m
Encprtion completed.

[DEBUG] Times: 1, loaded dim: 300000
[31mTime of secure aggregation: 637.932021ms[0m

[33m[INFO] Aggregate successfully.

[0m[31mTotal time inside the Enclave: 749.613743ms[0m

Secure aggregation completed!
[Info] Destroy enclave: 0.000000ms.
init enclave...
[33m[INFO] Create Enclave: 107.808400ms[0m
Test aggregate time: 0.256521ms

[33m[Info] Sizeof data matrix: 457MB
[0m[DEBUG] loaded num: 300000, times: 1
[31mTime of clear final_x: 0.000000ms
[0m
[DEBUG] loaded num: 300000, times: 1
Clear final x successfully.
[31mTime of entering the enclave: 0.007861ms[0m
[DEBUG] Sizeof all required data in enclave: 4687 KB
[31mTime of key exchanges for 400 clients: 105.552523ms
[0m
[31mTime of key exchanges per client: 0.243915ms
[0m
Encrpyting user data...
[31mTime of data encryption per client: 2.776740ms[0m
Encprtion completed.

[DEBUG] Times: 1, loaded dim: 300000
[31mTime of secure aggregation: 637.686302ms[0m

[33m[INFO] Aggregate successfully.

[0m[31mTotal time inside the Enclave: 743.246686ms[0m

Secure aggregation completed!
[Info] Destroy enclave: 0.000000ms.
init enclave...
[33m[INFO] Create Enclave: 103.336737ms[0m
Test aggregate time: 0.255687ms

[33m[Info] Sizeof data matrix: 457MB
[0m[DEBUG] loaded num: 300000, times: 1
[31mTime of clear final_x: 0.000000ms
[0m
[DEBUG] loaded num: 300000, times: 1
Clear final x successfully.
[31mTime of entering the enclave: 0.008089ms[0m
[DEBUG] Sizeof all required data in enclave: 4687 KB
[31mTime of key exchanges for 400 clients: 104.325397ms
[0m
[31mTime of key exchanges per client: 0.242019ms
[0m
Encrpyting user data...
[31mTime of data encryption per client: 2.744840ms[0m
Encprtion completed.

[DEBUG] Times: 1, loaded dim: 300000
[31mTime of secure aggregation: 635.561648ms[0m

[33m[INFO] Aggregate successfully.

[0m[31mTotal time inside the Enclave: 739.895134ms[0m

Secure aggregation completed!
[Info] Destroy enclave: 0.000000ms.
init enclave...
[33m[INFO] Create Enclave: 102.465966ms[0m
Test aggregate time: 0.255905ms

[33m[Info] Sizeof data matrix: 457MB
[0m[DEBUG] loaded num: 300000, times: 1
[31mTime of clear final_x: 0.000000ms
[0m
[DEBUG] loaded num: 300000, times: 1
Clear final x successfully.
[31mTime of entering the enclave: 0.008075ms[0m
[DEBUG] Sizeof all required data in enclave: 4687 KB
[31mTime of key exchanges for 400 clients: 104.554929ms
[0m
[31mTime of key exchanges per client: 0.242016ms
[0m
Encrpyting user data...
[31mTime of data encryption per client: 2.748902ms[0m
Encprtion completed.

[DEBUG] Times: 1, loaded dim: 300000
[31mTime of secure aggregation: 633.993168ms[0m

[33m[INFO] Aggregate successfully.

[0m[31mTotal time inside the Enclave: 738.556172ms[0m

Secure aggregation completed!
[Info] Destroy enclave: 0.000000ms.
init enclave...
[33m[INFO] Create Enclave: 100.993846ms[0m
Test aggregate time: 0.256646ms

[33m[Info] Sizeof data matrix: 457MB
[0m[DEBUG] loaded num: 300000, times: 1
[31mTime of clear final_x: 0.000000ms
[0m
[DEBUG] loaded num: 300000, times: 1
Clear final x successfully.
[31mTime of entering the enclave: 0.007642ms[0m
[DEBUG] Sizeof all required data in enclave: 4687 KB
[31mTime of key exchanges for 400 clients: 106.179723ms
[0m
[31mTime of key exchanges per client: 0.244055ms
[0m
Encrpyting user data...
[31mTime of data encryption per client: 2.770458ms[0m
Encprtion completed.

[DEBUG] Times: 1, loaded dim: 300000
[31mTime of secure aggregation: 639.024435ms[0m

[33m[INFO] Aggregate successfully.

[0m[31mTotal time inside the Enclave: 745.211800ms[0m

Secure aggregation completed!
[Info] Destroy enclave: 0.000000ms.
init enclave...
[33m[INFO] Create Enclave: 101.260106ms[0m
Test aggregate time: 0.255657ms

[33m[Info] Sizeof data matrix: 457MB
[0m[DEBUG] loaded num: 300000, times: 1
[31mTime of clear final_x: 0.000000ms
[0m
[DEBUG] loaded num: 300000, times: 1
Clear final x successfully.
[31mTime of entering the enclave: 0.008455ms[0m
[DEBUG] Sizeof all required data in enclave: 4687 KB
[31mTime of key exchanges for 400 clients: 104.835026ms
[0m
[31mTime of key exchanges per client: 0.242960ms
[0m
Encrpyting user data...
[31mTime of data encryption per client: 2.762617ms[0m
Encprtion completed.

[DEBUG] Times: 1, loaded dim: 300000
[31mTime of secure aggregation: 638.049830ms[0m

[33m[INFO] Aggregate successfully.

[0m[31mTotal time inside the Enclave: 742.893311ms[0m

Secure aggregation completed!
[Info] Destroy enclave: 0.000000ms.
init enclave...
[33m[INFO] Create Enclave: 103.082752ms[0m
Test aggregate time: 0.255924ms

[33m[Info] Sizeof data matrix: 457MB
[0m[DEBUG] loaded num: 300000, times: 1
[31mTime of clear final_x: 0.000000ms
[0m
[DEBUG] loaded num: 300000, times: 1
Clear final x successfully.
[31mTime of entering the enclave: 0.008455ms[0m
[DEBUG] Sizeof all required data in enclave: 4687 KB
[31mTime of key exchanges for 400 clients: 105.674813ms
[0m
[31mTime of key exchanges per client: 0.244753ms
[0m
Encrpyting user data...
[31mTime of data encryption per client: 2.754307ms[0m
Encprtion completed.

[DEBUG] Times: 1, loaded dim: 300000
[31mTime of secure aggregation: 634.454047ms[0m

[33m[INFO] Aggregate successfully.

[0m[31mTotal time inside the Enclave: 740.137315ms[0m

Secure aggregation completed!
[Info] Destroy enclave: 0.000000ms.
init enclave...
[33m[INFO] Create Enclave: 106.993968ms[0m
Test aggregate time: 0.255689ms

[33m[Info] Sizeof data matrix: 457MB
[0m[DEBUG] loaded num: 300000, times: 1
[31mTime of clear final_x: 0.000000ms
[0m
[DEBUG] loaded num: 300000, times: 1
Clear final x successfully.
[31mTime of entering the enclave: 0.008038ms[0m
[DEBUG] Sizeof all required data in enclave: 4687 KB
[31mTime of key exchanges for 400 clients: 105.352394ms
[0m
[31mTime of key exchanges per client: 0.243093ms
[0m
Encrpyting user data...
[31mTime of data encryption per client: 2.756439ms[0m
Encprtion completed.

[DEBUG] Times: 1, loaded dim: 300000
[31mTime of secure aggregation: 637.518479ms[0m

[33m[INFO] Aggregate successfully.

[0m[31mTotal time inside the Enclave: 742.878911ms[0m

Secure aggregation completed!
[Info] Destroy enclave: 0.000000ms.
init enclave...
[33m[INFO] Create Enclave: 103.822444ms[0m
Test aggregate time: 0.255800ms

[33m[Info] Sizeof data matrix: 457MB
[0m[DEBUG] loaded num: 300000, times: 1
[31mTime of clear final_x: 0.000000ms
[0m
[DEBUG] loaded num: 300000, times: 1
Clear final x successfully.
[31mTime of entering the enclave: 0.008554ms[0m
[DEBUG] Sizeof all required data in enclave: 4687 KB
[31mTime of key exchanges for 400 clients: 104.848453ms
[0m
[31mTime of key exchanges per client: 0.242236ms
[0m
Encrpyting user data...
[31mTime of data encryption per client: 2.763153ms[0m
Encprtion completed.

[DEBUG] Times: 1, loaded dim: 300000
[31mTime of secure aggregation: 634.897252ms[0m

[33m[INFO] Aggregate successfully.

[0m[31mTotal time inside the Enclave: 739.754259ms[0m

Secure aggregation completed!
[Info] Destroy enclave: 0.000000ms.
init enclave...
[33m[INFO] Create Enclave: 102.131775ms[0m
Test aggregate time: 0.258014ms

[33m[Info] Sizeof data matrix: 457MB
[0m[DEBUG] loaded num: 300000, times: 1
[31mTime of clear final_x: 0.000000ms
[0m
[DEBUG] loaded num: 300000, times: 1
Clear final x successfully.
[31mTime of entering the enclave: 0.008585ms[0m
[DEBUG] Sizeof all required data in enclave: 4687 KB
[31mTime of key exchanges for 400 clients: 104.730963ms
[0m
[31mTime of key exchanges per client: 0.242736ms
[0m
Encrpyting user data...
[31mTime of data encryption per client: 2.762162ms[0m
Encprtion completed.

[DEBUG] Times: 1, loaded dim: 300000
[31mTime of secure aggregation: 637.514323ms[0m

[33m[INFO] Aggregate successfully.

[0m[31mTotal time inside the Enclave: 742.253871ms[0m

Secure aggregation completed!
[Info] Destroy enclave: 0.000000ms.
init enclave...
[33m[INFO] Create Enclave: 102.079215ms[0m
Test aggregate time: 0.256302ms

[33m[Info] Sizeof data matrix: 457MB
[0m[DEBUG] loaded num: 300000, times: 1
[31mTime of clear final_x: 0.000000ms
[0m
[DEBUG] loaded num: 300000, times: 1
Clear final x successfully.
[31mTime of entering the enclave: 0.008240ms[0m
[DEBUG] Sizeof all required data in enclave: 4687 KB
[31mTime of key exchanges for 400 clients: 105.031564ms
[0m
[31mTime of key exchanges per client: 0.241785ms
[0m
Encrpyting user data...
[31mTime of data encryption per client: 2.757503ms[0m
Encprtion completed.

[DEBUG] Times: 1, loaded dim: 300000
[31mTime of secure aggregation: 636.565629ms[0m

[33m[INFO] Aggregate successfully.

[0m[31mTotal time inside the Enclave: 741.605433ms[0m

Secure aggregation completed!
[Info] Destroy enclave: 0.000000ms.
init enclave...
[33m[INFO] Create Enclave: 102.349182ms[0m
Test aggregate time: 0.256529ms

[33m[Info] Sizeof data matrix: 457MB
[0m[DEBUG] loaded num: 300000, times: 1
[31mTime of clear final_x: 0.000000ms
[0m
[DEBUG] loaded num: 300000, times: 1
Clear final x successfully.
[31mTime of entering the enclave: 0.008226ms[0m
[DEBUG] Sizeof all required data in enclave: 4687 KB
[31mTime of key exchanges for 400 clients: 106.132559ms
[0m
[31mTime of key exchanges per client: 0.244121ms
[0m
Encrpyting user data...
[31mTime of data encryption per client: 2.776174ms[0m
Encprtion completed.

[DEBUG] Times: 1, loaded dim: 300000
[31mTime of secure aggregation: 668.876607ms[0m

[33m[INFO] Aggregate successfully.

[0m[31mTotal time inside the Enclave: 775.017392ms[0m

Secure aggregation completed!
[Info] Destroy enclave: 0.000000ms.
init enclave...
[33m[INFO] Create Enclave: 114.902638ms[0m
Test aggregate time: 0.259983ms

[33m[Info] Sizeof data matrix: 457MB
[0m[DEBUG] loaded num: 300000, times: 1
[31mTime of clear final_x: 0.000000ms
[0m
[DEBUG] loaded num: 300000, times: 1
Clear final x successfully.
[31mTime of entering the enclave: 0.007576ms[0m
[DEBUG] Sizeof all required data in enclave: 4687 KB
[31mTime of key exchanges for 400 clients: 111.992106ms
[0m
[31mTime of key exchanges per client: 0.252099ms
[0m
Encrpyting user data...
[31mTime of data encryption per client: 2.812034ms[0m
Encprtion completed.

[DEBUG] Times: 1, loaded dim: 300000
[31mTime of secure aggregation: 658.019150ms[0m

[33m[INFO] Aggregate successfully.

[0m[31mTotal time inside the Enclave: 770.018832ms[0m

Secure aggregation completed!
[Info] Destroy enclave: 0.000000ms.
init enclave...
[33m[INFO] Create Enclave: 103.703244ms[0m
Test aggregate time: 0.266122ms

[33m[Info] Sizeof data matrix: 457MB
[0m[DEBUG] loaded num: 300000, times: 1
[31mTime of clear final_x: 0.000000ms
[0m
[DEBUG] loaded num: 300000, times: 1
Clear final x successfully.
[31mTime of entering the enclave: 0.009067ms[0m
[DEBUG] Sizeof all required data in enclave: 4687 KB
[31mTime of key exchanges for 400 clients: 106.102277ms
[0m
[31mTime of key exchanges per client: 0.245213ms
[0m
Encrpyting user data...
[31mTime of data encryption per client: 2.750678ms[0m
Encprtion completed.

[DEBUG] Times: 1, loaded dim: 300000
[31mTime of secure aggregation: 635.882238ms[0m

[33m[INFO] Aggregate successfully.

[0m[31mTotal time inside the Enclave: 741.993582ms[0m

Secure aggregation completed!
[Info] Destroy enclave: 0.000000ms.
init enclave...
[33m[INFO] Create Enclave: 102.530711ms[0m
Test aggregate time: 0.256257ms

[33m[Info] Sizeof data matrix: 457MB
[0m[DEBUG] loaded num: 300000, times: 1
[31mTime of clear final_x: 0.000000ms
[0m
[DEBUG] loaded num: 300000, times: 1
Clear final x successfully.
[31mTime of entering the enclave: 0.009021ms[0m
[DEBUG] Sizeof all required data in enclave: 4687 KB
[31mTime of key exchanges for 400 clients: 106.644638ms
[0m
[31mTime of key exchanges per client: 0.244339ms
[0m
Encrpyting user data...
[31mTime of data encryption per client: 2.781974ms[0m
Encprtion completed.

[DEBUG] Times: 1, loaded dim: 300000
[31mTime of secure aggregation: 643.604305ms[0m

[33m[INFO] Aggregate successfully.

[0m[31mTotal time inside the Enclave: 750.257964ms[0m

Secure aggregation completed!
[Info] Destroy enclave: 0.000000ms.
init enclave...
[33m[INFO] Create Enclave: 101.970309ms[0m
Test aggregate time: 0.255904ms

[33m[Info] Sizeof data matrix: 457MB
[0m[DEBUG] loaded num: 300000, times: 1
[31mTime of clear final_x: 0.000000ms
[0m
[DEBUG] loaded num: 300000, times: 1
Clear final x successfully.
[31mTime of entering the enclave: 0.007756ms[0m
[DEBUG] Sizeof all required data in enclave: 4687 KB
[31mTime of key exchanges for 400 clients: 105.249532ms
[0m
[31mTime of key exchanges per client: 0.242811ms
[0m
Encrpyting user data...
[31mTime of data encryption per client: 2.767914ms[0m
Encprtion completed.

[DEBUG] Times: 1, loaded dim: 300000
[31mTime of secure aggregation: 634.398448ms[0m

[33m[INFO] Aggregate successfully.

[0m[31mTotal time inside the Enclave: 739.655736ms[0m

Secure aggregation completed!
[Info] Destroy enclave: 0.000000ms.
init enclave...
[33m[INFO] Create Enclave: 101.892847ms[0m
Test aggregate time: 0.257770ms

[33m[Info] Sizeof data matrix: 457MB
[0m[DEBUG] loaded num: 300000, times: 1
[31mTime of clear final_x: 0.000000ms
[0m
[DEBUG] loaded num: 300000, times: 1
Clear final x successfully.
[31mTime of entering the enclave: 0.007711ms[0m
[DEBUG] Sizeof all required data in enclave: 4687 KB
[31mTime of key exchanges for 400 clients: 106.189954ms
[0m
[31mTime of key exchanges per client: 0.245958ms
[0m
Encrpyting user data...
[31mTime of data encryption per client: 2.770777ms[0m
Encprtion completed.

[DEBUG] Times: 1, loaded dim: 300000
[31mTime of secure aggregation: 638.602933ms[0m

[33m[INFO] Aggregate successfully.

[0m[31mTotal time inside the Enclave: 744.800598ms[0m

Secure aggregation completed!
[Info] Destroy enclave: 0.000000ms.
init enclave...
[33m[INFO] Create Enclave: 101.696341ms[0m
Test aggregate time: 0.256473ms

[33m[Info] Sizeof data matrix: 457MB
[0m[DEBUG] loaded num: 300000, times: 1
[31mTime of clear final_x: 0.000000ms
[0m
[DEBUG] loaded num: 300000, times: 1
Clear final x successfully.
[31mTime of entering the enclave: 0.008086ms[0m
[DEBUG] Sizeof all required data in enclave: 4687 KB
[31mTime of key exchanges for 400 clients: 105.080843ms
[0m
[31mTime of key exchanges per client: 0.242949ms
[0m
Encrpyting user data...
[31mTime of data encryption per client: 2.756263ms[0m
Encprtion completed.

[DEBUG] Times: 1, loaded dim: 300000
[31mTime of secure aggregation: 635.865374ms[0m

[33m[INFO] Aggregate successfully.

[0m[31mTotal time inside the Enclave: 740.954303ms[0m

Secure aggregation completed!
[Info] Destroy enclave: 0.000000ms.
init enclave...
[33m[INFO] Create Enclave: 102.564099ms[0m
Test aggregate time: 0.255908ms

[33m[Info] Sizeof data matrix: 457MB
[0m[DEBUG] loaded num: 300000, times: 1
[31mTime of clear final_x: 0.000000ms
[0m
[DEBUG] loaded num: 300000, times: 1
Clear final x successfully.
[31mTime of entering the enclave: 0.007613ms[0m
[DEBUG] Sizeof all required data in enclave: 4687 KB
[31mTime of key exchanges for 400 clients: 105.464691ms
[0m
[31mTime of key exchanges per client: 0.244310ms
[0m
Encrpyting user data...
[31mTime of data encryption per client: 2.759242ms[0m
Encprtion completed.

[DEBUG] Times: 1, loaded dim: 300000
[31mTime of secure aggregation: 638.864248ms[0m

[33m[INFO] Aggregate successfully.

[0m[31mTotal time inside the Enclave: 744.336552ms[0m

Secure aggregation completed!
[Info] Destroy enclave: 0.000000ms.
init enclave...
[33m[INFO] Create Enclave: 101.226359ms[0m
Test aggregate time: 0.257127ms

[33m[Info] Sizeof data matrix: 457MB
[0m[DEBUG] loaded num: 300000, times: 1
[31mTime of clear final_x: 0.000000ms
[0m
[DEBUG] loaded num: 300000, times: 1
Clear final x successfully.
[31mTime of entering the enclave: 0.008542ms[0m
[DEBUG] Sizeof all required data in enclave: 4687 KB
[31mTime of key exchanges for 400 clients: 104.882344ms
[0m
[31mTime of key exchanges per client: 0.242318ms
[0m
Encrpyting user data...
[31mTime of data encryption per client: 2.750855ms[0m
Encprtion completed.

[DEBUG] Times: 1, loaded dim: 300000
[31mTime of secure aggregation: 635.986165ms[0m

[33m[INFO] Aggregate successfully.

[0m[31mTotal time inside the Enclave: 740.877051ms[0m

Secure aggregation completed!
[Info] Destroy enclave: 0.000000ms.
init enclave...
[33m[INFO] Create Enclave: 101.522705ms[0m
Test aggregate time: 0.256703ms

[33m[Info] Sizeof data matrix: 457MB
[0m[DEBUG] loaded num: 300000, times: 1
[31mTime of clear final_x: 0.000000ms
[0m
[DEBUG] loaded num: 300000, times: 1
Clear final x successfully.
[31mTime of entering the enclave: 0.007602ms[0m
[DEBUG] Sizeof all required data in enclave: 4687 KB
[31mTime of key exchanges for 400 clients: 109.116429ms
[0m
[31mTime of key exchanges per client: 0.252638ms
[0m
Encrpyting user data...
[31mTime of data encryption per client: 2.750199ms[0m
Encprtion completed.

[DEBUG] Times: 1, loaded dim: 300000
[31mTime of secure aggregation: 634.555430ms[0m

[33m[INFO] Aggregate successfully.

[0m[31mTotal time inside the Enclave: 743.679461ms[0m

Secure aggregation completed!
[Info] Destroy enclave: 0.000000ms.
init enclave...
[33m[INFO] Create Enclave: 103.942141ms[0m
Test aggregate time: 0.255664ms

[33m[Info] Sizeof data matrix: 457MB
[0m[DEBUG] loaded num: 300000, times: 1
[31mTime of clear final_x: 0.000000ms
[0m
[DEBUG] loaded num: 300000, times: 1
Clear final x successfully.
[31mTime of entering the enclave: 0.008318ms[0m
[DEBUG] Sizeof all required data in enclave: 4687 KB
[31mTime of key exchanges for 400 clients: 104.713094ms
[0m
[31mTime of key exchanges per client: 0.242292ms
[0m
Encrpyting user data...
[31mTime of data encryption per client: 2.742327ms[0m
Encprtion completed.

[DEBUG] Times: 1, loaded dim: 300000
[31mTime of secure aggregation: 634.191481ms[0m

[33m[INFO] Aggregate successfully.

[0m[31mTotal time inside the Enclave: 738.912893ms[0m

Secure aggregation completed!
[Info] Destroy enclave: 0.000000ms.
init enclave...
[33m[INFO] Create Enclave: 101.359197ms[0m
Test aggregate time: 0.256656ms

[33m[Info] Sizeof data matrix: 457MB
[0m[DEBUG] loaded num: 300000, times: 1
[31mTime of clear final_x: 0.000000ms
[0m
[DEBUG] loaded num: 300000, times: 1
Clear final x successfully.
[31mTime of entering the enclave: 0.008252ms[0m
[DEBUG] Sizeof all required data in enclave: 4687 KB
[31mTime of key exchanges for 400 clients: 105.532268ms
[0m
[31mTime of key exchanges per client: 0.243682ms
[0m
Encrpyting user data...
[31mTime of data encryption per client: 2.774863ms[0m
Encprtion completed.

[DEBUG] Times: 1, loaded dim: 300000
[31mTime of secure aggregation: 668.092347ms[0m

[33m[INFO] Aggregate successfully.

[0m[31mTotal time inside the Enclave: 773.632867ms[0m

Secure aggregation completed!
[Info] Destroy enclave: 0.000000ms.
init enclave...
[33m[INFO] Create Enclave: 102.297672ms[0m
Test aggregate time: 0.269988ms

[33m[Info] Sizeof data matrix: 457MB
[0m[DEBUG] loaded num: 300000, times: 1
[31mTime of clear final_x: 0.000000ms
[0m
[DEBUG] loaded num: 300000, times: 1
Clear final x successfully.
[31mTime of entering the enclave: 0.008759ms[0m
[DEBUG] Sizeof all required data in enclave: 4687 KB
[31mTime of key exchanges for 400 clients: 108.253373ms
[0m
[31mTime of key exchanges per client: 0.250372ms
[0m
Encrpyting user data...
[31mTime of data encryption per client: 2.849929ms[0m
Encprtion completed.

[DEBUG] Times: 1, loaded dim: 300000
[31mTime of secure aggregation: 765.179681ms[0m

[33m[INFO] Aggregate successfully.

[0m[31mTotal time inside the Enclave: 873.441813ms[0m

Secure aggregation completed!
[Info] Destroy enclave: 0.000000ms.
init enclave...
[33m[INFO] Create Enclave: 108.344147ms[0m
Test aggregate time: 0.260139ms

[33m[Info] Sizeof data matrix: 457MB
[0m[DEBUG] loaded num: 300000, times: 1
[31mTime of clear final_x: 0.000000ms
[0m
[DEBUG] loaded num: 300000, times: 1
Clear final x successfully.
[31mTime of entering the enclave: 0.007731ms[0m
[DEBUG] Sizeof all required data in enclave: 4687 KB
[31mTime of key exchanges for 400 clients: 106.929461ms
[0m
[31mTime of key exchanges per client: 0.247747ms
[0m
Encrpyting user data...
[31mTime of data encryption per client: 2.799916ms[0m
Encprtion completed.

[DEBUG] Times: 1, loaded dim: 300000
[31mTime of secure aggregation: 652.684283ms[0m

[33m[INFO] Aggregate successfully.

[0m[31mTotal time inside the Enclave: 759.621475ms[0m

Secure aggregation completed!
[Info] Destroy enclave: 0.000000ms.
init enclave...
[33m[INFO] Create Enclave: 105.905966ms[0m
Test aggregate time: 0.259340ms

[33m[Info] Sizeof data matrix: 457MB
[0m[DEBUG] loaded num: 300000, times: 1
[31mTime of clear final_x: 0.000000ms
[0m
[DEBUG] loaded num: 300000, times: 1
Clear final x successfully.
[31mTime of entering the enclave: 0.008750ms[0m
[DEBUG] Sizeof all required data in enclave: 4687 KB
[31mTime of key exchanges for 400 clients: 105.335238ms
[0m
[31mTime of key exchanges per client: 0.243209ms
[0m
Encrpyting user data...
[31mTime of data encryption per client: 2.811609ms[0m
Encprtion completed.

[DEBUG] Times: 1, loaded dim: 300000
[31mTime of secure aggregation: 660.895708ms[0m

[33m[INFO] Aggregate successfully.

[0m[31mTotal time inside the Enclave: 766.239696ms[0m

Secure aggregation completed!
[Info] Destroy enclave: 0.000000ms.
init enclave...
[33m[INFO] Create Enclave: 103.607447ms[0m
Test aggregate time: 0.255392ms

[33m[Info] Sizeof data matrix: 457MB
[0m[DEBUG] loaded num: 300000, times: 1
[31mTime of clear final_x: 0.000000ms
[0m
[DEBUG] loaded num: 300000, times: 1
Clear final x successfully.
[31mTime of entering the enclave: 0.008812ms[0m
[DEBUG] Sizeof all required data in enclave: 4687 KB
[31mTime of key exchanges for 400 clients: 106.023378ms
[0m
[31mTime of key exchanges per client: 0.246611ms
[0m
Encrpyting user data...
[31mTime of data encryption per client: 2.819660ms[0m
Encprtion completed.

[DEBUG] Times: 1, loaded dim: 300000
[31mTime of secure aggregation: 726.561633ms[0m

[33m[INFO] Aggregate successfully.

[0m[31mTotal time inside the Enclave: 832.593823ms[0m

Secure aggregation completed!
[Info] Destroy enclave: 0.000000ms.
init enclave...
[33m[INFO] Create Enclave: 105.960329ms[0m
Test aggregate time: 0.262930ms

[33m[Info] Sizeof data matrix: 457MB
[0m[DEBUG] loaded num: 300000, times: 1
[31mTime of clear final_x: 0.000000ms
[0m
[DEBUG] loaded num: 300000, times: 1
Clear final x successfully.
[31mTime of entering the enclave: 0.007727ms[0m
[DEBUG] Sizeof all required data in enclave: 4687 KB
[31mTime of key exchanges for 400 clients: 105.641746ms
[0m
[31mTime of key exchanges per client: 0.244462ms
[0m
Encrpyting user data...
[31mTime of data encryption per client: 2.747419ms[0m
Encprtion completed.

[DEBUG] Times: 1, loaded dim: 300000
[31mTime of secure aggregation: 633.538272ms[0m

[33m[INFO] Aggregate successfully.

[0m[31mTotal time inside the Enclave: 739.187745ms[0m

Secure aggregation completed!
[Info] Destroy enclave: 0.000000ms.
init enclave...
[33m[INFO] Create Enclave: 103.295609ms[0m
Test aggregate time: 0.262016ms

[33m[Info] Sizeof data matrix: 457MB
[0m[DEBUG] loaded num: 300000, times: 1
[31mTime of clear final_x: 0.000000ms
[0m
[DEBUG] loaded num: 300000, times: 1
Clear final x successfully.
[31mTime of entering the enclave: 0.008473ms[0m
[DEBUG] Sizeof all required data in enclave: 4687 KB
[31mTime of key exchanges for 400 clients: 106.414394ms
[0m
[31mTime of key exchanges per client: 0.246328ms
[0m
Encrpyting user data...
[31mTime of data encryption per client: 2.887084ms[0m
Encprtion completed.

[DEBUG] Times: 1, loaded dim: 300000
[31mTime of secure aggregation: 708.050939ms[0m

[33m[INFO] Aggregate successfully.

[0m[31mTotal time inside the Enclave: 814.473806ms[0m

Secure aggregation completed!
[Info] Destroy enclave: 0.000000ms.
init enclave...
[33m[INFO] Create Enclave: 105.791341ms[0m
Test aggregate time: 0.284411ms

[33m[Info] Sizeof data matrix: 457MB
[0m[DEBUG] loaded num: 300000, times: 1
[31mTime of clear final_x: 0.000000ms
[0m
[DEBUG] loaded num: 300000, times: 1
Clear final x successfully.
[31mTime of entering the enclave: 0.008503ms[0m
[DEBUG] Sizeof all required data in enclave: 4687 KB
[31mTime of key exchanges for 400 clients: 107.866624ms
[0m
[31mTime of key exchanges per client: 0.249453ms
[0m
Encrpyting user data...
[31mTime of data encryption per client: 2.862981ms[0m
Encprtion completed.

[DEBUG] Times: 1, loaded dim: 300000
[31mTime of secure aggregation: 725.840765ms[0m

[33m[INFO] Aggregate successfully.

[0m[31mTotal time inside the Enclave: 833.715892ms[0m

Secure aggregation completed!
[Info] Destroy enclave: 0.000000ms.
init enclave...
[33m[INFO] Create Enclave: 108.404074ms[0m
Test aggregate time: 0.260762ms

[33m[Info] Sizeof data matrix: 457MB
[0m[DEBUG] loaded num: 300000, times: 1
[31mTime of clear final_x: 0.000000ms
[0m
[DEBUG] loaded num: 300000, times: 1
Clear final x successfully.
[31mTime of entering the enclave: 0.007824ms[0m
[DEBUG] Sizeof all required data in enclave: 4687 KB
[31mTime of key exchanges for 400 clients: 110.978719ms
[0m
[31mTime of key exchanges per client: 0.256254ms
[0m
Encrpyting user data...
[31mTime of data encryption per client: 2.952667ms[0m
Encprtion completed.

[DEBUG] Times: 1, loaded dim: 300000
[31mTime of secure aggregation: 731.949325ms[0m

[33m[INFO] Aggregate successfully.

[0m[31mTotal time inside the Enclave: 842.935868ms[0m

Secure aggregation completed!
[Info] Destroy enclave: 0.000000ms.
init enclave...
[33m[INFO] Create Enclave: 105.892211ms[0m
Test aggregate time: 0.266256ms

[33m[Info] Sizeof data matrix: 457MB
[0m[DEBUG] loaded num: 300000, times: 1
[31mTime of clear final_x: 0.000000ms
[0m
[DEBUG] loaded num: 300000, times: 1
Clear final x successfully.
[31mTime of entering the enclave: 0.007982ms[0m
[DEBUG] Sizeof all required data in enclave: 4687 KB
[31mTime of key exchanges for 400 clients: 108.516895ms
[0m
[31mTime of key exchanges per client: 0.248813ms
[0m
Encrpyting user data...
[31mTime of data encryption per client: 2.777828ms[0m
Encprtion completed.

[DEBUG] Times: 1, loaded dim: 300000
[31mTime of secure aggregation: 646.040648ms[0m

[33m[INFO] Aggregate successfully.

[0m[31mTotal time inside the Enclave: 754.565525ms[0m

Secure aggregation completed!
[Info] Destroy enclave: 0.000000ms.
init enclave...
[33m[INFO] Create Enclave: 105.318663ms[0m
Test aggregate time: 0.262933ms

[33m[Info] Sizeof data matrix: 457MB
[0m[DEBUG] loaded num: 300000, times: 1
[31mTime of clear final_x: 0.000000ms
[0m
[DEBUG] loaded num: 300000, times: 1
Clear final x successfully.
[31mTime of entering the enclave: 0.009638ms[0m
[DEBUG] Sizeof all required data in enclave: 4687 KB
[31mTime of key exchanges for 400 clients: 105.507583ms
[0m
[31mTime of key exchanges per client: 0.244748ms
[0m
Encrpyting user data...
[31mTime of data encryption per client: 2.766571ms[0m
Encprtion completed.

[DEBUG] Times: 1, loaded dim: 300000
[31mTime of secure aggregation: 663.813838ms[0m

[33m[INFO] Aggregate successfully.

[0m[31mTotal time inside the Enclave: 769.331059ms[0m

Secure aggregation completed!
[Info] Destroy enclave: 0.000000ms.
init enclave...
[33m[INFO] Create Enclave: 111.212981ms[0m
Test aggregate time: 0.273705ms

[33m[Info] Sizeof data matrix: 457MB
[0m[DEBUG] loaded num: 300000, times: 1
[31mTime of clear final_x: 0.000000ms
[0m
[DEBUG] loaded num: 300000, times: 1
Clear final x successfully.
[31mTime of entering the enclave: 0.009351ms[0m
[DEBUG] Sizeof all required data in enclave: 4687 KB
[31mTime of key exchanges for 400 clients: 115.201568ms
[0m
[31mTime of key exchanges per client: 0.267014ms
[0m
Encrpyting user data...
[31mTime of data encryption per client: 2.902896ms[0m
Encprtion completed.

[DEBUG] Times: 1, loaded dim: 300000
[31mTime of secure aggregation: 671.567294ms[0m

[33m[INFO] Aggregate successfully.

[0m[31mTotal time inside the Enclave: 786.778213ms[0m

Secure aggregation completed!
[Info] Destroy enclave: 0.000000ms.
init enclave...
[33m[INFO] Create Enclave: 101.893931ms[0m
Test aggregate time: 0.259924ms

[33m[Info] Sizeof data matrix: 457MB
[0m[DEBUG] loaded num: 300000, times: 1
[31mTime of clear final_x: 0.000000ms
[0m
[DEBUG] loaded num: 300000, times: 1
Clear final x successfully.
[31mTime of entering the enclave: 0.008884ms[0m
[DEBUG] Sizeof all required data in enclave: 4687 KB
[31mTime of key exchanges for 400 clients: 106.751085ms
[0m
[31mTime of key exchanges per client: 0.247012ms
[0m
Encrpyting user data...
[31mTime of data encryption per client: 2.790274ms[0m
Encprtion completed.

[DEBUG] Times: 1, loaded dim: 300000
[31mTime of secure aggregation: 635.636967ms[0m

[33m[INFO] Aggregate successfully.

[0m[31mTotal time inside the Enclave: 742.396936ms[0m

Secure aggregation completed!
[Info] Destroy enclave: 0.000000ms.
init enclave...
[33m[INFO] Create Enclave: 100.975460ms[0m
Test aggregate time: 0.257046ms

[33m[Info] Sizeof data matrix: 457MB
[0m[DEBUG] loaded num: 300000, times: 1
[31mTime of clear final_x: 0.000000ms
[0m
[DEBUG] loaded num: 300000, times: 1
Clear final x successfully.
[31mTime of entering the enclave: 0.010129ms[0m
[DEBUG] Sizeof all required data in enclave: 4687 KB
[31mTime of key exchanges for 400 clients: 104.630184ms
[0m
[31mTime of key exchanges per client: 0.242074ms
[0m
Encrpyting user data...
[31mTime of data encryption per client: 2.744422ms[0m
Encprtion completed.

[DEBUG] Times: 1, loaded dim: 300000
[31mTime of secure aggregation: 655.347983ms[0m

[33m[INFO] Aggregate successfully.

[0m[31mTotal time inside the Enclave: 759.988296ms[0m

Secure aggregation completed!
[Info] Destroy enclave: 0.000000ms.
init enclave...
[33m[INFO] Create Enclave: 124.594697ms[0m
Test aggregate time: 0.256960ms

[33m[Info] Sizeof data matrix: 457MB
[0m[DEBUG] loaded num: 300000, times: 1
[31mTime of clear final_x: 0.000000ms
[0m
[DEBUG] loaded num: 300000, times: 1
Clear final x successfully.
[31mTime of entering the enclave: 0.007977ms[0m
[DEBUG] Sizeof all required data in enclave: 4687 KB
[31mTime of key exchanges for 400 clients: 107.569261ms
[0m
[31mTime of key exchanges per client: 0.247600ms
[0m
Encrpyting user data...
[31mTime of data encryption per client: 2.781459ms[0m
Encprtion completed.

[DEBUG] Times: 1, loaded dim: 300000
[31mTime of secure aggregation: 638.327996ms[0m

[33m[INFO] Aggregate successfully.

[0m[31mTotal time inside the Enclave: 745.905234ms[0m

Secure aggregation completed!
[Info] Destroy enclave: 0.000000ms.
init enclave...
[33m[INFO] Create Enclave: 104.460605ms[0m
Test aggregate time: 0.256360ms

[33m[Info] Sizeof data matrix: 457MB
[0m[DEBUG] loaded num: 300000, times: 1
[31mTime of clear final_x: 0.000000ms
[0m
[DEBUG] loaded num: 300000, times: 1
Clear final x successfully.
[31mTime of entering the enclave: 0.009120ms[0m
[DEBUG] Sizeof all required data in enclave: 4687 KB
[31mTime of key exchanges for 400 clients: 104.757559ms
[0m
[31mTime of key exchanges per client: 0.241794ms
[0m
Encrpyting user data...
[31mTime of data encryption per client: 2.771223ms[0m
Encprtion completed.

[DEBUG] Times: 1, loaded dim: 300000
[31mTime of secure aggregation: 647.411125ms[0m

[33m[INFO] Aggregate successfully.

[0m[31mTotal time inside the Enclave: 752.177804ms[0m

Secure aggregation completed!
[Info] Destroy enclave: 0.000000ms.
init enclave...
[33m[INFO] Create Enclave: 109.979881ms[0m
Test aggregate time: 0.259081ms

[33m[Info] Sizeof data matrix: 457MB
[0m[DEBUG] loaded num: 300000, times: 1
[31mTime of clear final_x: 0.000000ms
[0m
[DEBUG] loaded num: 300000, times: 1
Clear final x successfully.
[31mTime of entering the enclave: 0.007521ms[0m
[DEBUG] Sizeof all required data in enclave: 4687 KB
[31mTime of key exchanges for 400 clients: 105.397438ms
[0m
[31mTime of key exchanges per client: 0.243809ms
[0m
Encrpyting user data...
[31mTime of data encryption per client: 2.779483ms[0m
Encprtion completed.

[DEBUG] Times: 1, loaded dim: 300000
[31mTime of secure aggregation: 702.722380ms[0m

[33m[INFO] Aggregate successfully.

[0m[31mTotal time inside the Enclave: 808.127339ms[0m

Secure aggregation completed!
[Info] Destroy enclave: 0.000000ms.
init enclave...
[33m[INFO] Create Enclave: 104.236528ms[0m
Test aggregate time: 0.255692ms

[33m[Info] Sizeof data matrix: 457MB
[0m[DEBUG] loaded num: 300000, times: 1
[31mTime of clear final_x: 0.000000ms
[0m
[DEBUG] loaded num: 300000, times: 1
Clear final x successfully.
[31mTime of entering the enclave: 0.008095ms[0m
[DEBUG] Sizeof all required data in enclave: 4687 KB
[31mTime of key exchanges for 400 clients: 105.011928ms
[0m
[31mTime of key exchanges per client: 0.241640ms
[0m
Encrpyting user data...
[31mTime of data encryption per client: 2.822376ms[0m
Encprtion completed.

[DEBUG] Times: 1, loaded dim: 300000
[31mTime of secure aggregation: 684.727939ms[0m

[33m[INFO] Aggregate successfully.

[0m[31mTotal time inside the Enclave: 789.747962ms[0m

Secure aggregation completed!
[Info] Destroy enclave: 0.000000ms.
init enclave...
[33m[INFO] Create Enclave: 102.164416ms[0m
Test aggregate time: 0.255354ms

[33m[Info] Sizeof data matrix: 457MB
[0m[DEBUG] loaded num: 300000, times: 1
[31mTime of clear final_x: 0.000000ms
[0m
[DEBUG] loaded num: 300000, times: 1
Clear final x successfully.
[31mTime of entering the enclave: 0.007346ms[0m
[DEBUG] Sizeof all required data in enclave: 4687 KB
[31mTime of key exchanges for 400 clients: 104.828473ms
[0m
[31mTime of key exchanges per client: 0.243439ms
[0m
Encrpyting user data...
[31mTime of data encryption per client: 2.796510ms[0m
Encprtion completed.

[DEBUG] Times: 1, loaded dim: 300000
[31mTime of secure aggregation: 678.578260ms[0m

[33m[INFO] Aggregate successfully.

[0m[31mTotal time inside the Enclave: 783.414079ms[0m

Secure aggregation completed!
[Info] Destroy enclave: 0.000000ms.
init enclave...
[33m[INFO] Create Enclave: 102.533668ms[0m
Test aggregate time: 0.259973ms

[33m[Info] Sizeof data matrix: 457MB
[0m[DEBUG] loaded num: 300000, times: 1
[31mTime of clear final_x: 0.000000ms
[0m
[DEBUG] loaded num: 300000, times: 1
Clear final x successfully.
[31mTime of entering the enclave: 0.008120ms[0m
[DEBUG] Sizeof all required data in enclave: 4687 KB
[31mTime of key exchanges for 400 clients: 106.623258ms
[0m
[31mTime of key exchanges per client: 0.247191ms
[0m
Encrpyting user data...
[31mTime of data encryption per client: 2.838144ms[0m
Encprtion completed.

[DEBUG] Times: 1, loaded dim: 300000
[31mTime of secure aggregation: 663.374418ms[0m

[33m[INFO] Aggregate successfully.

[0m[31mTotal time inside the Enclave: 770.005796ms[0m

Secure aggregation completed!
[Info] Destroy enclave: 0.000000ms.
init enclave...
[33m[INFO] Create Enclave: 101.515606ms[0m
Test aggregate time: 0.255734ms

[33m[Info] Sizeof data matrix: 457MB
[0m[DEBUG] loaded num: 300000, times: 1
[31mTime of clear final_x: 0.000000ms
[0m
[DEBUG] loaded num: 300000, times: 1
Clear final x successfully.
[31mTime of entering the enclave: 0.007955ms[0m
[DEBUG] Sizeof all required data in enclave: 4687 KB
[31mTime of key exchanges for 400 clients: 105.160776ms
[0m
[31mTime of key exchanges per client: 0.243431ms
[0m
Encrpyting user data...
[31mTime of data encryption per client: 2.759245ms[0m
Encprtion completed.

[DEBUG] Times: 1, loaded dim: 300000
[31mTime of secure aggregation: 681.320513ms[0m

[33m[INFO] Aggregate successfully.

[0m[31mTotal time inside the Enclave: 786.489244ms[0m

Secure aggregation completed!
[Info] Destroy enclave: 0.000000ms.
init enclave...
[33m[INFO] Create Enclave: 103.827809ms[0m
Test aggregate time: 0.258907ms

[33m[Info] Sizeof data matrix: 457MB
[0m[DEBUG] loaded num: 300000, times: 1
[31mTime of clear final_x: 0.000000ms
[0m
[DEBUG] loaded num: 300000, times: 1
Clear final x successfully.
[31mTime of entering the enclave: 0.008774ms[0m
[DEBUG] Sizeof all required data in enclave: 4687 KB
[31mTime of key exchanges for 400 clients: 109.249491ms
[0m
[31mTime of key exchanges per client: 0.251662ms
[0m
Encrpyting user data...
[31mTime of data encryption per client: 2.779087ms[0m
Encprtion completed.

[DEBUG] Times: 1, loaded dim: 300000
[31mTime of secure aggregation: 647.290165ms[0m

[33m[INFO] Aggregate successfully.

[0m[31mTotal time inside the Enclave: 756.548430ms[0m

Secure aggregation completed!
[Info] Destroy enclave: 0.000000ms.
init enclave...
[33m[INFO] Create Enclave: 108.334825ms[0m
Test aggregate time: 0.258351ms

[33m[Info] Sizeof data matrix: 457MB
[0m[DEBUG] loaded num: 300000, times: 1
[31mTime of clear final_x: 0.000000ms
[0m
[DEBUG] loaded num: 300000, times: 1
Clear final x successfully.
[31mTime of entering the enclave: 0.010173ms[0m
[DEBUG] Sizeof all required data in enclave: 4687 KB
[31mTime of key exchanges for 400 clients: 106.310130ms
[0m
[31mTime of key exchanges per client: 0.246175ms
[0m
Encrpyting user data...
[31mTime of data encryption per client: 2.780363ms[0m
Encprtion completed.

[DEBUG] Times: 1, loaded dim: 300000
[31mTime of secure aggregation: 639.378606ms[0m

[33m[INFO] Aggregate successfully.

[0m[31mTotal time inside the Enclave: 745.698909ms[0m

Secure aggregation completed!
[Info] Destroy enclave: 0.000000ms.
init enclave...
[33m[INFO] Create Enclave: 103.092839ms[0m
Test aggregate time: 0.257853ms

[33m[Info] Sizeof data matrix: 457MB
[0m[DEBUG] loaded num: 300000, times: 1
[31mTime of clear final_x: 0.000000ms
[0m
[DEBUG] loaded num: 300000, times: 1
Clear final x successfully.
[31mTime of entering the enclave: 0.008280ms[0m
[DEBUG] Sizeof all required data in enclave: 4687 KB
[31mTime of key exchanges for 400 clients: 106.645945ms
[0m
[31mTime of key exchanges per client: 0.246016ms
[0m
Encrpyting user data...
[31mTime of data encryption per client: 2.818048ms[0m
Encprtion completed.

[DEBUG] Times: 1, loaded dim: 300000
[31mTime of secure aggregation: 676.244435ms[0m

[33m[INFO] Aggregate successfully.

[0m[31mTotal time inside the Enclave: 782.898660ms[0m

Secure aggregation completed!
[Info] Destroy enclave: 0.000000ms.
init enclave...
[33m[INFO] Create Enclave: 104.627068ms[0m
Test aggregate time: 0.256091ms

[33m[Info] Sizeof data matrix: 457MB
[0m[DEBUG] loaded num: 300000, times: 1
[31mTime of clear final_x: 0.000000ms
[0m
[DEBUG] loaded num: 300000, times: 1
Clear final x successfully.
[31mTime of entering the enclave: 0.008994ms[0m
[DEBUG] Sizeof all required data in enclave: 4687 KB
[31mTime of key exchanges for 400 clients: 106.473861ms
[0m
[31mTime of key exchanges per client: 0.246252ms
[0m
Encrpyting user data...
[31mTime of data encryption per client: 2.755854ms[0m
Encprtion completed.

[DEBUG] Times: 1, loaded dim: 300000
[31mTime of secure aggregation: 653.989819ms[0m

[33m[INFO] Aggregate successfully.

[0m[31mTotal time inside the Enclave: 760.472674ms[0m

Secure aggregation completed!
[Info] Destroy enclave: 0.000000ms.
init enclave...
[33m[INFO] Create Enclave: 102.629215ms[0m
Test aggregate time: 0.260501ms

[33m[Info] Sizeof data matrix: 457MB
[0m[DEBUG] loaded num: 300000, times: 1
[31mTime of clear final_x: 0.000000ms
[0m
[DEBUG] loaded num: 300000, times: 1
Clear final x successfully.
[31mTime of entering the enclave: 0.010866ms[0m
[DEBUG] Sizeof all required data in enclave: 4687 KB
[31mTime of key exchanges for 400 clients: 109.819176ms
[0m
[31mTime of key exchanges per client: 0.254886ms
[0m
Encrpyting user data...
[31mTime of data encryption per client: 2.820878ms[0m
Encprtion completed.

[DEBUG] Times: 1, loaded dim: 300000
[31mTime of secure aggregation: 750.166738ms[0m

[33m[INFO] Aggregate successfully.

[0m[31mTotal time inside the Enclave: 859.996780ms[0m

Secure aggregation completed!
[Info] Destroy enclave: 0.000000ms.
init enclave...
[33m[INFO] Create Enclave: 104.006447ms[0m
Test aggregate time: 0.255729ms

[33m[Info] Sizeof data matrix: 457MB
[0m[DEBUG] loaded num: 300000, times: 1
[31mTime of clear final_x: 0.000000ms
[0m
[DEBUG] loaded num: 300000, times: 1
Clear final x successfully.
[31mTime of entering the enclave: 0.008381ms[0m
[DEBUG] Sizeof all required data in enclave: 4687 KB
[31mTime of key exchanges for 400 clients: 107.271047ms
[0m
[31mTime of key exchanges per client: 0.245897ms
[0m
Encrpyting user data...
[31mTime of data encryption per client: 2.774627ms[0m
Encprtion completed.

[DEBUG] Times: 1, loaded dim: 300000
[31mTime of secure aggregation: 644.285559ms[0m

[33m[INFO] Aggregate successfully.

[0m[31mTotal time inside the Enclave: 751.564987ms[0m

Secure aggregation completed!
[Info] Destroy enclave: 0.000000ms.
init enclave...
[33m[INFO] Create Enclave: 109.178850ms[0m
Test aggregate time: 0.263524ms

[33m[Info] Sizeof data matrix: 457MB
[0m[DEBUG] loaded num: 300000, times: 1
[31mTime of clear final_x: 0.000000ms
[0m
[DEBUG] loaded num: 300000, times: 1
Clear final x successfully.
[31mTime of entering the enclave: 0.008385ms[0m
[DEBUG] Sizeof all required data in enclave: 4687 KB
[31mTime of key exchanges for 400 clients: 110.959110ms
[0m
[31mTime of key exchanges per client: 0.256590ms
[0m
Encrpyting user data...
[31mTime of data encryption per client: 2.812889ms[0m
Encprtion completed.

[DEBUG] Times: 1, loaded dim: 300000
[31mTime of secure aggregation: 646.468251ms[0m

[33m[INFO] Aggregate successfully.

[0m[31mTotal time inside the Enclave: 757.435746ms[0m

Secure aggregation completed!
[Info] Destroy enclave: 0.000000ms.
init enclave...
[33m[INFO] Create Enclave: 104.009833ms[0m
Test aggregate time: 0.259121ms

[33m[Info] Sizeof data matrix: 457MB
[0m[DEBUG] loaded num: 300000, times: 1
[31mTime of clear final_x: 0.000000ms
[0m
[DEBUG] loaded num: 300000, times: 1
Clear final x successfully.
[31mTime of entering the enclave: 0.008581ms[0m
[DEBUG] Sizeof all required data in enclave: 4687 KB
[31mTime of key exchanges for 400 clients: 108.815214ms
[0m
[31mTime of key exchanges per client: 0.251190ms
[0m
Encrpyting user data...
[31mTime of data encryption per client: 2.753901ms[0m
Encprtion completed.

[DEBUG] Times: 1, loaded dim: 300000
[31mTime of secure aggregation: 644.869534ms[0m

[33m[INFO] Aggregate successfully.

[0m[31mTotal time inside the Enclave: 753.693329ms[0m

Secure aggregation completed!
[Info] Destroy enclave: 0.000000ms.
init enclave...
[33m[INFO] Create Enclave: 102.028274ms[0m
Test aggregate time: 0.255823ms

[33m[Info] Sizeof data matrix: 457MB
[0m[DEBUG] loaded num: 300000, times: 1
[31mTime of clear final_x: 0.000000ms
[0m
[DEBUG] loaded num: 300000, times: 1
Clear final x successfully.
[31mTime of entering the enclave: 0.007576ms[0m
[DEBUG] Sizeof all required data in enclave: 4687 KB
[31mTime of key exchanges for 400 clients: 105.461215ms
[0m
[31mTime of key exchanges per client: 0.243690ms
[0m
Encrpyting user data...
[31mTime of data encryption per client: 2.758599ms[0m
Encprtion completed.

[DEBUG] Times: 1, loaded dim: 300000
[31mTime of secure aggregation: 636.386865ms[0m

[33m[INFO] Aggregate successfully.

[0m[31mTotal time inside the Enclave: 741.855656ms[0m

Secure aggregation completed!
[Info] Destroy enclave: 0.000000ms.
init enclave...
[33m[INFO] Create Enclave: 102.432690ms[0m
Test aggregate time: 0.256610ms

[33m[Info] Sizeof data matrix: 457MB
[0m[DEBUG] loaded num: 300000, times: 1
[31mTime of clear final_x: 0.000000ms
[0m
[DEBUG] loaded num: 300000, times: 1
Clear final x successfully.
[31mTime of entering the enclave: 0.007727ms[0m
[DEBUG] Sizeof all required data in enclave: 4687 KB
[31mTime of key exchanges for 400 clients: 105.161942ms
[0m
[31mTime of key exchanges per client: 0.242818ms
[0m
Encrpyting user data...
[31mTime of data encryption per client: 2.770092ms[0m
Encprtion completed.

[DEBUG] Times: 1, loaded dim: 300000
[31mTime of secure aggregation: 645.607717ms[0m

[33m[INFO] Aggregate successfully.

[0m[31mTotal time inside the Enclave: 750.777386ms[0m

Secure aggregation completed!
[Info] Destroy enclave: 0.000000ms.
init enclave...
[33m[INFO] Create Enclave: 101.789151ms[0m
Test aggregate time: 0.254391ms

[33m[Info] Sizeof data matrix: 457MB
[0m[DEBUG] loaded num: 300000, times: 1
[31mTime of clear final_x: 0.000000ms
[0m
[DEBUG] loaded num: 300000, times: 1
Clear final x successfully.
[31mTime of entering the enclave: 0.008221ms[0m
[DEBUG] Sizeof all required data in enclave: 4687 KB
[31mTime of key exchanges for 400 clients: 105.660227ms
[0m
[31mTime of key exchanges per client: 0.244236ms
[0m
Encrpyting user data...
[31mTime of data encryption per client: 2.777409ms[0m
Encprtion completed.

[DEBUG] Times: 1, loaded dim: 300000
[31mTime of secure aggregation: 647.918434ms[0m

[33m[INFO] Aggregate successfully.

[0m[31mTotal time inside the Enclave: 753.586882ms[0m

Secure aggregation completed!
[Info] Destroy enclave: 0.000000ms.
init enclave...
[33m[INFO] Create Enclave: 102.164635ms[0m
Test aggregate time: 0.256670ms

[33m[Info] Sizeof data matrix: 457MB
[0m[DEBUG] loaded num: 300000, times: 1
[31mTime of clear final_x: 0.000000ms
[0m
[DEBUG] loaded num: 300000, times: 1
Clear final x successfully.
[31mTime of entering the enclave: 0.009693ms[0m
[DEBUG] Sizeof all required data in enclave: 4687 KB
[31mTime of key exchanges for 400 clients: 105.435419ms
[0m
[31mTime of key exchanges per client: 0.243518ms
[0m
Encrpyting user data...
[31mTime of data encryption per client: 2.771468ms[0m
Encprtion completed.

[DEBUG] Times: 1, loaded dim: 300000
[31mTime of secure aggregation: 644.005643ms[0m

[33m[INFO] Aggregate successfully.

[0m[31mTotal time inside the Enclave: 749.450755ms[0m

Secure aggregation completed!
[Info] Destroy enclave: 0.000000ms.
init enclave...
[33m[INFO] Create Enclave: 102.273305ms[0m
Test aggregate time: 0.257780ms

[33m[Info] Sizeof data matrix: 457MB
[0m[DEBUG] loaded num: 300000, times: 1
[31mTime of clear final_x: 0.000000ms
[0m
[DEBUG] loaded num: 300000, times: 1
Clear final x successfully.
[31mTime of entering the enclave: 0.008795ms[0m
[DEBUG] Sizeof all required data in enclave: 4687 KB
[31mTime of key exchanges for 400 clients: 107.349911ms
[0m
[31mTime of key exchanges per client: 0.248817ms
[0m
Encrpyting user data...
[31mTime of data encryption per client: 2.761629ms[0m
Encprtion completed.

[DEBUG] Times: 1, loaded dim: 300000
[31mTime of secure aggregation: 639.609439ms[0m

[33m[INFO] Aggregate successfully.

[0m[31mTotal time inside the Enclave: 746.968145ms[0m

Secure aggregation completed!
[Info] Destroy enclave: 0.000000ms.
init enclave...
[33m[INFO] Create Enclave: 102.450558ms[0m
Test aggregate time: 0.255348ms

[33m[Info] Sizeof data matrix: 457MB
[0m[DEBUG] loaded num: 300000, times: 1
[31mTime of clear final_x: 0.000000ms
[0m
[DEBUG] loaded num: 300000, times: 1
Clear final x successfully.
[31mTime of entering the enclave: 0.007829ms[0m
[DEBUG] Sizeof all required data in enclave: 4687 KB
[31mTime of key exchanges for 400 clients: 105.365712ms
[0m
[31mTime of key exchanges per client: 0.243427ms
[0m
Encrpyting user data...
[31mTime of data encryption per client: 2.767418ms[0m
Encprtion completed.

[DEBUG] Times: 1, loaded dim: 300000
[31mTime of secure aggregation: 642.133119ms[0m

[33m[INFO] Aggregate successfully.

[0m[31mTotal time inside the Enclave: 747.506660ms[0m

Secure aggregation completed!
[Info] Destroy enclave: 0.000000ms.
init enclave...
[33m[INFO] Create Enclave: 104.500641ms[0m
Test aggregate time: 0.261480ms

[33m[Info] Sizeof data matrix: 457MB
[0m[DEBUG] loaded num: 300000, times: 1
[31mTime of clear final_x: 0.000000ms
[0m
[DEBUG] loaded num: 300000, times: 1
Clear final x successfully.
[31mTime of entering the enclave: 0.007889ms[0m
[DEBUG] Sizeof all required data in enclave: 4687 KB
[31mTime of key exchanges for 400 clients: 107.235865ms
[0m
[31mTime of key exchanges per client: 0.248555ms
[0m
Encrpyting user data...
[31mTime of data encryption per client: 2.832483ms[0m
Encprtion completed.

[DEBUG] Times: 1, loaded dim: 300000
[31mTime of secure aggregation: 679.412227ms[0m

[33m[INFO] Aggregate successfully.

[0m[31mTotal time inside the Enclave: 786.655981ms[0m

Secure aggregation completed!
[Info] Destroy enclave: 0.000000ms.
init enclave...
[33m[INFO] Create Enclave: 128.745841ms[0m
Test aggregate time: 0.261017ms

[33m[Info] Sizeof data matrix: 457MB
[0m[DEBUG] loaded num: 300000, times: 1
[31mTime of clear final_x: 0.000000ms
[0m
[DEBUG] loaded num: 300000, times: 1
Clear final x successfully.
[31mTime of entering the enclave: 0.007776ms[0m
[DEBUG] Sizeof all required data in enclave: 4687 KB
[31mTime of key exchanges for 400 clients: 107.649487ms
[0m
[31mTime of key exchanges per client: 0.249223ms
[0m
Encrpyting user data...
[31mTime of data encryption per client: 2.784024ms[0m
Encprtion completed.

[DEBUG] Times: 1, loaded dim: 300000
[31mTime of secure aggregation: 720.868190ms[0m

[33m[INFO] Aggregate successfully.

[0m[31mTotal time inside the Enclave: 828.525453ms[0m

Secure aggregation completed!
[Info] Destroy enclave: 0.000000ms.
init enclave...
[33m[INFO] Create Enclave: 106.991220ms[0m
Test aggregate time: 0.258896ms

[33m[Info] Sizeof data matrix: 457MB
[0m[DEBUG] loaded num: 300000, times: 1
[31mTime of clear final_x: 0.000000ms
[0m
[DEBUG] loaded num: 300000, times: 1
Clear final x successfully.
[31mTime of entering the enclave: 0.008558ms[0m
[DEBUG] Sizeof all required data in enclave: 4687 KB
[31mTime of key exchanges for 400 clients: 114.360438ms
[0m
[31mTime of key exchanges per client: 0.263622ms
[0m
Encrpyting user data...
[31mTime of data encryption per client: 2.778966ms[0m
Encprtion completed.

[DEBUG] Times: 1, loaded dim: 300000
[31mTime of secure aggregation: 632.823380ms[0m

[33m[INFO] Aggregate successfully.

[0m[31mTotal time inside the Enclave: 747.192376ms[0m

Secure aggregation completed!
[Info] Destroy enclave: 0.000000ms.
init enclave...
[33m[INFO] Create Enclave: 109.540919ms[0m
Test aggregate time: 0.256351ms

[33m[Info] Sizeof data matrix: 457MB
[0m[DEBUG] loaded num: 300000, times: 1
[31mTime of clear final_x: 0.000000ms
[0m
[DEBUG] loaded num: 300000, times: 1
Clear final x successfully.
[31mTime of entering the enclave: 0.007457ms[0m
[DEBUG] Sizeof all required data in enclave: 4687 KB
[31mTime of key exchanges for 400 clients: 104.263742ms
[0m
[31mTime of key exchanges per client: 0.241083ms
[0m
Encrpyting user data...
[31mTime of data encryption per client: 2.732431ms[0m
Encprtion completed.

[DEBUG] Times: 1, loaded dim: 300000
[31mTime of secure aggregation: 650.587751ms[0m

[33m[INFO] Aggregate successfully.

[0m[31mTotal time inside the Enclave: 754.858950ms[0m

Secure aggregation completed!
[Info] Destroy enclave: 0.000000ms.
init enclave...
[33m[INFO] Create Enclave: 102.668929ms[0m
Test aggregate time: 0.256103ms

[33m[Info] Sizeof data matrix: 457MB
[0m[DEBUG] loaded num: 300000, times: 1
[31mTime of clear final_x: 0.000000ms
[0m
[DEBUG] loaded num: 300000, times: 1
Clear final x successfully.
[31mTime of entering the enclave: 0.007944ms[0m
[DEBUG] Sizeof all required data in enclave: 4687 KB
[31mTime of key exchanges for 400 clients: 104.902098ms
[0m
[31mTime of key exchanges per client: 0.241916ms
[0m
Encrpyting user data...
[31mTime of data encryption per client: 2.759443ms[0m
Encprtion completed.

[DEBUG] Times: 1, loaded dim: 300000
[31mTime of secure aggregation: 635.605807ms[0m

[33m[INFO] Aggregate successfully.

[0m[31mTotal time inside the Enclave: 740.515849ms[0m

Secure aggregation completed!
[Info] Destroy enclave: 0.000000ms.
init enclave...
[33m[INFO] Create Enclave: 101.109275ms[0m
Test aggregate time: 0.256316ms

[33m[Info] Sizeof data matrix: 457MB
[0m[DEBUG] loaded num: 300000, times: 1
[31mTime of clear final_x: 0.000000ms
[0m
[DEBUG] loaded num: 300000, times: 1
Clear final x successfully.
[31mTime of entering the enclave: 0.010156ms[0m
[DEBUG] Sizeof all required data in enclave: 4687 KB
[31mTime of key exchanges for 400 clients: 104.976688ms
[0m
[31mTime of key exchanges per client: 0.243440ms
[0m
Encrpyting user data...
[31mTime of data encryption per client: 2.750393ms[0m
Encprtion completed.

[DEBUG] Times: 1, loaded dim: 300000
[31mTime of secure aggregation: 633.058806ms[0m

[33m[INFO] Aggregate successfully.

[0m[31mTotal time inside the Enclave: 738.045650ms[0m

Secure aggregation completed!
[Info] Destroy enclave: 0.000000ms.
init enclave...
[33m[INFO] Create Enclave: 101.725346ms[0m
Test aggregate time: 0.254261ms

[33m[Info] Sizeof data matrix: 457MB
[0m[DEBUG] loaded num: 300000, times: 1
[31mTime of clear final_x: 0.000000ms
[0m
[DEBUG] loaded num: 300000, times: 1
Clear final x successfully.
[31mTime of entering the enclave: 0.007765ms[0m
[DEBUG] Sizeof all required data in enclave: 4687 KB
[31mTime of key exchanges for 400 clients: 105.094162ms
[0m
[31mTime of key exchanges per client: 0.242965ms
[0m
Encrpyting user data...
[31mTime of data encryption per client: 2.745919ms[0m
Encprtion completed.

[DEBUG] Times: 1, loaded dim: 300000
[31mTime of secure aggregation: 648.021599ms[0m

[33m[INFO] Aggregate successfully.

[0m[31mTotal time inside the Enclave: 753.123526ms[0m

Secure aggregation completed!
[Info] Destroy enclave: 0.000000ms.
init enclave...
[33m[INFO] Create Enclave: 102.469212ms[0m
Test aggregate time: 0.254168ms

[33m[Info] Sizeof data matrix: 457MB
[0m[DEBUG] loaded num: 300000, times: 1
[31mTime of clear final_x: 0.000000ms
[0m
[DEBUG] loaded num: 300000, times: 1
Clear final x successfully.
[31mTime of entering the enclave: 0.007515ms[0m
[DEBUG] Sizeof all required data in enclave: 4687 KB
[31mTime of key exchanges for 400 clients: 104.237104ms
[0m
[31mTime of key exchanges per client: 0.240502ms
[0m
Encrpyting user data...
[31mTime of data encryption per client: 2.761683ms[0m
Encprtion completed.

[DEBUG] Times: 1, loaded dim: 300000
[31mTime of secure aggregation: 632.606271ms[0m

[33m[INFO] Aggregate successfully.

[0m[31mTotal time inside the Enclave: 736.850890ms[0m

Secure aggregation completed!
[Info] Destroy enclave: 0.000000ms.
init enclave...
[33m[INFO] Create Enclave: 106.523557ms[0m
Test aggregate time: 0.257783ms

[33m[Info] Sizeof data matrix: 457MB
[0m[DEBUG] loaded num: 300000, times: 1
[31mTime of clear final_x: 0.000000ms
[0m
[DEBUG] loaded num: 300000, times: 1
Clear final x successfully.
[31mTime of entering the enclave: 0.007831ms[0m
[DEBUG] Sizeof all required data in enclave: 4687 KB
[31mTime of key exchanges for 400 clients: 105.654152ms
[0m
[31mTime of key exchanges per client: 0.244202ms
[0m
Encrpyting user data...
[31mTime of data encryption per client: 2.763013ms[0m
Encprtion completed.

[DEBUG] Times: 1, loaded dim: 300000
[31mTime of secure aggregation: 636.175756ms[0m

[33m[INFO] Aggregate successfully.

[0m[31mTotal time inside the Enclave: 741.837739ms[0m

Secure aggregation completed!
[Info] Destroy enclave: 0.000000ms.
init enclave...
[33m[INFO] Create Enclave: 102.931362ms[0m
Test aggregate time: 0.254903ms

[33m[Info] Sizeof data matrix: 457MB
[0m[DEBUG] loaded num: 300000, times: 1
[31mTime of clear final_x: 0.000000ms
[0m
[DEBUG] loaded num: 300000, times: 1
Clear final x successfully.
[31mTime of entering the enclave: 0.007471ms[0m
[DEBUG] Sizeof all required data in enclave: 4687 KB
[31mTime of key exchanges for 400 clients: 104.500708ms
[0m
[31mTime of key exchanges per client: 0.242449ms
[0m
Encrpyting user data...
[31mTime of data encryption per client: 2.750392ms[0m
Encprtion completed.

[DEBUG] Times: 1, loaded dim: 300000
[31mTime of secure aggregation: 659.273453ms[0m

[33m[INFO] Aggregate successfully.

[0m[31mTotal time inside the Enclave: 763.781632ms[0m

Secure aggregation completed!
[Info] Destroy enclave: 0.000000ms.
init enclave...
[33m[INFO] Create Enclave: 102.671123ms[0m
Test aggregate time: 0.255056ms

[33m[Info] Sizeof data matrix: 457MB
[0m[DEBUG] loaded num: 300000, times: 1
[31mTime of clear final_x: 0.000000ms
[0m
[DEBUG] loaded num: 300000, times: 1
Clear final x successfully.
[31mTime of entering the enclave: 0.008384ms[0m
[DEBUG] Sizeof all required data in enclave: 4687 KB
[31mTime of key exchanges for 400 clients: 105.044139ms
[0m
[31mTime of key exchanges per client: 0.243071ms
[0m
Encrpyting user data...
[31mTime of data encryption per client: 2.755111ms[0m
Encprtion completed.

[DEBUG] Times: 1, loaded dim: 300000
[31mTime of secure aggregation: 633.485532ms[0m

[33m[INFO] Aggregate successfully.

[0m[31mTotal time inside the Enclave: 738.538055ms[0m

Secure aggregation completed!
[Info] Destroy enclave: 0.000000ms.
init enclave...
[33m[INFO] Create Enclave: 105.516716ms[0m
Test aggregate time: 0.256401ms

[33m[Info] Sizeof data matrix: 457MB
[0m[DEBUG] loaded num: 300000, times: 1
[31mTime of clear final_x: 0.000000ms
[0m
[DEBUG] loaded num: 300000, times: 1
Clear final x successfully.
[31mTime of entering the enclave: 0.008444ms[0m
[DEBUG] Sizeof all required data in enclave: 4687 KB
[31mTime of key exchanges for 400 clients: 104.837135ms
[0m
[31mTime of key exchanges per client: 0.241000ms
[0m
Encrpyting user data...
[31mTime of data encryption per client: 2.748482ms[0m
Encprtion completed.

[DEBUG] Times: 1, loaded dim: 300000
[31mTime of secure aggregation: 637.394305ms[0m

[33m[INFO] Aggregate successfully.

[0m[31mTotal time inside the Enclave: 742.239884ms[0m

Secure aggregation completed!
[Info] Destroy enclave: 0.000000ms.
init enclave...
[33m[INFO] Create Enclave: 103.988472ms[0m
Test aggregate time: 0.255058ms

[33m[Info] Sizeof data matrix: 457MB
[0m[DEBUG] loaded num: 300000, times: 1
[31mTime of clear final_x: 0.000000ms
[0m
[DEBUG] loaded num: 300000, times: 1
Clear final x successfully.
[31mTime of entering the enclave: 0.008223ms[0m
[DEBUG] Sizeof all required data in enclave: 4687 KB
[31mTime of key exchanges for 400 clients: 104.410665ms
[0m
[31mTime of key exchanges per client: 0.240793ms
[0m
Encrpyting user data...
[31mTime of data encryption per client: 2.736297ms[0m
Encprtion completed.

[DEBUG] Times: 1, loaded dim: 300000
[31mTime of secure aggregation: 641.292683ms[0m

[33m[INFO] Aggregate successfully.

[0m[31mTotal time inside the Enclave: 745.711571ms[0m

Secure aggregation completed!
[Info] Destroy enclave: 0.000000ms.
init enclave...
[33m[INFO] Create Enclave: 115.837325ms[0m
Test aggregate time: 0.254586ms

[33m[Info] Sizeof data matrix: 457MB
[0m[DEBUG] loaded num: 300000, times: 1
[31mTime of clear final_x: 0.000000ms
[0m
[DEBUG] loaded num: 300000, times: 1
Clear final x successfully.
[31mTime of entering the enclave: 0.008500ms[0m
[DEBUG] Sizeof all required data in enclave: 4687 KB
[31mTime of key exchanges for 400 clients: 104.730839ms
[0m
[31mTime of key exchanges per client: 0.241741ms
[0m
Encrpyting user data...
[31mTime of data encryption per client: 2.741894ms[0m
Encprtion completed.

[DEBUG] Times: 1, loaded dim: 300000
[31mTime of secure aggregation: 644.201525ms[0m

[33m[INFO] Aggregate successfully.

[0m[31mTotal time inside the Enclave: 748.940864ms[0m

Secure aggregation completed!
[Info] Destroy enclave: 0.000000ms.
init enclave...
[33m[INFO] Create Enclave: 101.901771ms[0m
Test aggregate time: 0.255418ms

[33m[Info] Sizeof data matrix: 457MB
[0m[DEBUG] loaded num: 300000, times: 1
[31mTime of clear final_x: 0.000000ms
[0m
[DEBUG] loaded num: 300000, times: 1
Clear final x successfully.
[31mTime of entering the enclave: 0.009286ms[0m
[DEBUG] Sizeof all required data in enclave: 4687 KB
[31mTime of key exchanges for 400 clients: 105.013580ms
[0m
[31mTime of key exchanges per client: 0.243007ms
[0m
Encrpyting user data...
[31mTime of data encryption per client: 2.747592ms[0m
Encprtion completed.

[DEBUG] Times: 1, loaded dim: 300000
[31mTime of secure aggregation: 633.252434ms[0m

[33m[INFO] Aggregate successfully.

[0m[31mTotal time inside the Enclave: 738.275300ms[0m

Secure aggregation completed!
[Info] Destroy enclave: 0.000000ms.
init enclave...
[33m[INFO] Create Enclave: 101.904786ms[0m
Test aggregate time: 0.254392ms

[33m[Info] Sizeof data matrix: 457MB
[0m[DEBUG] loaded num: 300000, times: 1
[31mTime of clear final_x: 0.000000ms
[0m
[DEBUG] loaded num: 300000, times: 1
Clear final x successfully.
[31mTime of entering the enclave: 0.007669ms[0m
[DEBUG] Sizeof all required data in enclave: 4687 KB
[31mTime of key exchanges for 400 clients: 104.308863ms
[0m
[31mTime of key exchanges per client: 0.241599ms
[0m
Encrpyting user data...
[31mTime of data encryption per client: 2.753132ms[0m
Encprtion completed.

[DEBUG] Times: 1, loaded dim: 300000
[31mTime of secure aggregation: 642.027646ms[0m

[33m[INFO] Aggregate successfully.

[0m[31mTotal time inside the Enclave: 746.344178ms[0m

Secure aggregation completed!
[Info] Destroy enclave: 0.000000ms.
init enclave...
[33m[INFO] Create Enclave: 110.780161ms[0m
Test aggregate time: 0.261094ms

[33m[Info] Sizeof data matrix: 457MB
[0m[DEBUG] loaded num: 300000, times: 1
[31mTime of clear final_x: 0.000000ms
[0m
[DEBUG] loaded num: 300000, times: 1
Clear final x successfully.
[31mTime of entering the enclave: 0.008263ms[0m
[DEBUG] Sizeof all required data in enclave: 4687 KB
[31mTime of key exchanges for 400 clients: 104.315733ms
[0m
[31mTime of key exchanges per client: 0.241745ms
[0m
Encrpyting user data...
[31mTime of data encryption per client: 2.752972ms[0m
Encprtion completed.

[DEBUG] Times: 1, loaded dim: 300000
[31mTime of secure aggregation: 642.025464ms[0m

[33m[INFO] Aggregate successfully.

[0m[31mTotal time inside the Enclave: 746.349460ms[0m

Secure aggregation completed!
[Info] Destroy enclave: 0.000000ms.
init enclave...
[33m[INFO] Create Enclave: 104.211360ms[0m
Test aggregate time: 0.255024ms

[33m[Info] Sizeof data matrix: 457MB
[0m[DEBUG] loaded num: 300000, times: 1
[31mTime of clear final_x: 0.000000ms
[0m
[DEBUG] loaded num: 300000, times: 1
Clear final x successfully.
[31mTime of entering the enclave: 0.008026ms[0m
[DEBUG] Sizeof all required data in enclave: 4687 KB
[31mTime of key exchanges for 400 clients: 104.534792ms
[0m
[31mTime of key exchanges per client: 0.241602ms
[0m
Encrpyting user data...
[31mTime of data encryption per client: 2.744660ms[0m
Encprtion completed.

[DEBUG] Times: 1, loaded dim: 300000
[31mTime of secure aggregation: 634.067191ms[0m

[33m[INFO] Aggregate successfully.

[0m[31mTotal time inside the Enclave: 738.610009ms[0m

Secure aggregation completed!
[Info] Destroy enclave: 0.000000ms.
init enclave...
[33m[INFO] Create Enclave: 110.928980ms[0m
Test aggregate time: 0.260584ms

[33m[Info] Sizeof data matrix: 457MB
[0m[DEBUG] loaded num: 300000, times: 1
[31mTime of clear final_x: 0.000000ms
[0m
[DEBUG] loaded num: 300000, times: 1
Clear final x successfully.
[31mTime of entering the enclave: 0.008094ms[0m
[DEBUG] Sizeof all required data in enclave: 4687 KB
[31mTime of key exchanges for 400 clients: 105.211303ms
[0m
[31mTime of key exchanges per client: 0.242582ms
[0m
Encrpyting user data...
[31mTime of data encryption per client: 2.755614ms[0m
Encprtion completed.

[DEBUG] Times: 1, loaded dim: 300000
[31mTime of secure aggregation: 640.885617ms[0m

[33m[INFO] Aggregate successfully.

[0m[31mTotal time inside the Enclave: 746.105014ms[0m

Secure aggregation completed!
[Info] Destroy enclave: 0.000000ms.
init enclave...
[33m[INFO] Create Enclave: 102.190817ms[0m
Test aggregate time: 0.254063ms

[33m[Info] Sizeof data matrix: 457MB
[0m[DEBUG] loaded num: 300000, times: 1
[31mTime of clear final_x: 0.000000ms
[0m
[DEBUG] loaded num: 300000, times: 1
Clear final x successfully.
[31mTime of entering the enclave: 0.008574ms[0m
[DEBUG] Sizeof all required data in enclave: 4687 KB
[31mTime of key exchanges for 400 clients: 104.199001ms
[0m
[31mTime of key exchanges per client: 0.240425ms
[0m
Encrpyting user data...
[31mTime of data encryption per client: 2.755029ms[0m
Encprtion completed.

[DEBUG] Times: 1, loaded dim: 300000
[31mTime of secure aggregation: 636.308672ms[0m

[33m[INFO] Aggregate successfully.

[0m[31mTotal time inside the Enclave: 740.516247ms[0m

Secure aggregation completed!
[Info] Destroy enclave: 0.000000ms.
init enclave...
[33m[INFO] Create Enclave: 103.230735ms[0m
Test aggregate time: 0.255399ms

[33m[Info] Sizeof data matrix: 457MB
[0m[DEBUG] loaded num: 300000, times: 1
[31mTime of clear final_x: 0.000000ms
[0m
[DEBUG] loaded num: 300000, times: 1
Clear final x successfully.
[31mTime of entering the enclave: 0.010328ms[0m
[DEBUG] Sizeof all required data in enclave: 4687 KB
[31mTime of key exchanges for 400 clients: 104.370654ms
[0m
[31mTime of key exchanges per client: 0.242293ms
[0m
Encrpyting user data...
[31mTime of data encryption per client: 2.748463ms[0m
Encprtion completed.

[DEBUG] Times: 1, loaded dim: 300000
[31mTime of secure aggregation: 634.168996ms[0m

[33m[INFO] Aggregate successfully.

[0m[31mTotal time inside the Enclave: 738.549978ms[0m

Secure aggregation completed!
[Info] Destroy enclave: 0.000000ms.
init enclave...
[33m[INFO] Create Enclave: 102.720868ms[0m
Test aggregate time: 0.256354ms

[33m[Info] Sizeof data matrix: 457MB
[0m[DEBUG] loaded num: 300000, times: 1
[31mTime of clear final_x: 0.000000ms
[0m
[DEBUG] loaded num: 300000, times: 1
Clear final x successfully.
[31mTime of entering the enclave: 0.008074ms[0m
[DEBUG] Sizeof all required data in enclave: 4687 KB
[31mTime of key exchanges for 400 clients: 105.078213ms
[0m
[31mTime of key exchanges per client: 0.242433ms
[0m
Encrpyting user data...
[31mTime of data encryption per client: 2.790236ms[0m
Encprtion completed.

[DEBUG] Times: 1, loaded dim: 300000
[31mTime of secure aggregation: 635.059729ms[0m

[33m[INFO] Aggregate successfully.

[0m[31mTotal time inside the Enclave: 740.146016ms[0m

Secure aggregation completed!
[Info] Destroy enclave: 0.000000ms.
init enclave...
[33m[INFO] Create Enclave: 102.038422ms[0m
Test aggregate time: 0.256823ms

[33m[Info] Sizeof data matrix: 457MB
[0m[DEBUG] loaded num: 300000, times: 1
[31mTime of clear final_x: 0.000000ms
[0m
[DEBUG] loaded num: 300000, times: 1
Clear final x successfully.
[31mTime of entering the enclave: 0.008004ms[0m
[DEBUG] Sizeof all required data in enclave: 4687 KB
[31mTime of key exchanges for 400 clients: 104.852575ms
[0m
[31mTime of key exchanges per client: 0.242097ms
[0m
Encrpyting user data...
[31mTime of data encryption per client: 2.760179ms[0m
Encprtion completed.

[DEBUG] Times: 1, loaded dim: 300000
[31mTime of secure aggregation: 635.031296ms[0m

[33m[INFO] Aggregate successfully.

[0m[31mTotal time inside the Enclave: 739.891875ms[0m

Secure aggregation completed!
[Info] Destroy enclave: 0.000000ms.
init enclave...
[33m[INFO] Create Enclave: 107.291084ms[0m
Test aggregate time: 0.254216ms

[33m[Info] Sizeof data matrix: 457MB
[0m[DEBUG] loaded num: 300000, times: 1
[31mTime of clear final_x: 0.000000ms
[0m
[DEBUG] loaded num: 300000, times: 1
Clear final x successfully.
[31mTime of entering the enclave: 0.008606ms[0m
[DEBUG] Sizeof all required data in enclave: 4687 KB
[31mTime of key exchanges for 400 clients: 104.718282ms
[0m
[31mTime of key exchanges per client: 0.241556ms
[0m
Encrpyting user data...
[31mTime of data encryption per client: 2.744727ms[0m
Encprtion completed.

[DEBUG] Times: 1, loaded dim: 300000
[31mTime of secure aggregation: 633.897089ms[0m

[33m[INFO] Aggregate successfully.

[0m[31mTotal time inside the Enclave: 738.623977ms[0m

Secure aggregation completed!
[Info] Destroy enclave: 0.000000ms.
init enclave...
[33m[INFO] Create Enclave: 102.210357ms[0m
Test aggregate time: 0.254435ms

[33m[Info] Sizeof data matrix: 457MB
[0m[DEBUG] loaded num: 300000, times: 1
[31mTime of clear final_x: 0.000000ms
[0m
[DEBUG] loaded num: 300000, times: 1
Clear final x successfully.
[31mTime of entering the enclave: 0.007862ms[0m
[DEBUG] Sizeof all required data in enclave: 4687 KB
[31mTime of key exchanges for 400 clients: 104.306412ms
[0m
[31mTime of key exchanges per client: 0.241138ms
[0m
Encrpyting user data...
[31mTime of data encryption per client: 2.753234ms[0m
Encprtion completed.

[DEBUG] Times: 1, loaded dim: 300000
[31mTime of secure aggregation: 634.884514ms[0m

[33m[INFO] Aggregate successfully.

[0m[31mTotal time inside the Enclave: 739.198788ms[0m

Secure aggregation completed!
[Info] Destroy enclave: 0.000000ms.
init enclave...
[33m[INFO] Create Enclave: 106.415946ms[0m
Test aggregate time: 0.255185ms

[33m[Info] Sizeof data matrix: 457MB
[0m[DEBUG] loaded num: 300000, times: 1
[31mTime of clear final_x: 0.000000ms
[0m
[DEBUG] loaded num: 300000, times: 1
Clear final x successfully.
[31mTime of entering the enclave: 0.008763ms[0m
[DEBUG] Sizeof all required data in enclave: 4687 KB
[31mTime of key exchanges for 400 clients: 104.278292ms
[0m
[31mTime of key exchanges per client: 0.241067ms
[0m
Encrpyting user data...
[31mTime of data encryption per client: 2.741902ms[0m
Encprtion completed.

[DEBUG] Times: 1, loaded dim: 300000
[31mTime of secure aggregation: 642.177422ms[0m

[33m[INFO] Aggregate successfully.

[0m[31mTotal time inside the Enclave: 746.464477ms[0m

Secure aggregation completed!
[Info] Destroy enclave: 0.000000ms.
init enclave...
[33m[INFO] Create Enclave: 100.252054ms[0m
Test aggregate time: 0.254371ms

[33m[Info] Sizeof data matrix: 457MB
[0m[DEBUG] loaded num: 300000, times: 1
[31mTime of clear final_x: 0.000000ms
[0m
[DEBUG] loaded num: 300000, times: 1
Clear final x successfully.
[31mTime of entering the enclave: 0.009453ms[0m
[DEBUG] Sizeof all required data in enclave: 4687 KB
[31mTime of key exchanges for 400 clients: 108.704343ms
[0m
[31mTime of key exchanges per client: 0.250695ms
[0m
Encrpyting user data...
[31mTime of data encryption per client: 2.753949ms[0m
Encprtion completed.

[DEBUG] Times: 1, loaded dim: 300000
[31mTime of secure aggregation: 633.405202ms[0m

[33m[INFO] Aggregate successfully.

[0m[31mTotal time inside the Enclave: 742.118998ms[0m

Secure aggregation completed!
[Info] Destroy enclave: 0.000000ms.
init enclave...
[33m[INFO] Create Enclave: 101.087582ms[0m
Test aggregate time: 0.255751ms

[33m[Info] Sizeof data matrix: 457MB
[0m[DEBUG] loaded num: 300000, times: 1
[31mTime of clear final_x: 0.000000ms
[0m
[DEBUG] loaded num: 300000, times: 1
Clear final x successfully.
[31mTime of entering the enclave: 0.008185ms[0m
[DEBUG] Sizeof all required data in enclave: 4687 KB
[31mTime of key exchanges for 400 clients: 104.363448ms
[0m
[31mTime of key exchanges per client: 0.242171ms
[0m
Encrpyting user data...
[31mTime of data encryption per client: 2.749139ms[0m
Encprtion completed.

[DEBUG] Times: 1, loaded dim: 300000
[31mTime of secure aggregation: 633.994602ms[0m

[33m[INFO] Aggregate successfully.

[0m[31mTotal time inside the Enclave: 738.366235ms[0m

Secure aggregation completed!
[Info] Destroy enclave: 0.000000ms.
init enclave...
[33m[INFO] Create Enclave: 102.494135ms[0m
Test aggregate time: 0.254152ms

[33m[Info] Sizeof data matrix: 457MB
[0m[DEBUG] loaded num: 300000, times: 1
[31mTime of clear final_x: 0.000000ms
[0m
[DEBUG] loaded num: 300000, times: 1
Clear final x successfully.
[31mTime of entering the enclave: 0.007717ms[0m
[DEBUG] Sizeof all required data in enclave: 4687 KB
[31mTime of key exchanges for 400 clients: 104.469676ms
[0m
[31mTime of key exchanges per client: 0.241461ms
[0m
Encrpyting user data...
[31mTime of data encryption per client: 2.769769ms[0m
Encprtion completed.

[DEBUG] Times: 1, loaded dim: 300000
[31mTime of secure aggregation: 637.032691ms[0m

[33m[INFO] Aggregate successfully.

[0m[31mTotal time inside the Enclave: 741.510084ms[0m

Secure aggregation completed!
[Info] Destroy enclave: 0.000000ms.
init enclave...
[33m[INFO] Create Enclave: 102.318050ms[0m
Test aggregate time: 0.254746ms

[33m[Info] Sizeof data matrix: 457MB
[0m[DEBUG] loaded num: 300000, times: 1
[31mTime of clear final_x: 0.000000ms
[0m
[DEBUG] loaded num: 300000, times: 1
Clear final x successfully.
[31mTime of entering the enclave: 0.007978ms[0m
[DEBUG] Sizeof all required data in enclave: 4687 KB
[31mTime of key exchanges for 400 clients: 104.513716ms
[0m
[31mTime of key exchanges per client: 0.241463ms
[0m
Encrpyting user data...
[31mTime of data encryption per client: 2.735686ms[0m
Encprtion completed.

[DEBUG] Times: 1, loaded dim: 300000
[31mTime of secure aggregation: 633.360471ms[0m

[33m[INFO] Aggregate successfully.

[0m[31mTotal time inside the Enclave: 737.882165ms[0m

Secure aggregation completed!
[Info] Destroy enclave: 0.000000ms.
init enclave...
[33m[INFO] Create Enclave: 101.602154ms[0m
Test aggregate time: 0.256075ms

[33m[Info] Sizeof data matrix: 457MB
[0m[DEBUG] loaded num: 300000, times: 1
[31mTime of clear final_x: 0.000000ms
[0m
[DEBUG] loaded num: 300000, times: 1
Clear final x successfully.
[31mTime of entering the enclave: 0.008231ms[0m
[DEBUG] Sizeof all required data in enclave: 4687 KB
[31mTime of key exchanges for 400 clients: 105.352682ms
[0m
[31mTime of key exchanges per client: 0.242959ms
[0m
Encrpyting user data...
[31mTime of data encryption per client: 2.771387ms[0m
Encprtion completed.

[DEBUG] Times: 1, loaded dim: 300000
[31mTime of secure aggregation: 632.758335ms[0m

[33m[INFO] Aggregate successfully.

[0m[31mTotal time inside the Enclave: 738.119248ms[0m

Secure aggregation completed!
[Info] Destroy enclave: 0.000000ms.
init enclave...
[33m[INFO] Create Enclave: 101.797519ms[0m
Test aggregate time: 0.255226ms

[33m[Info] Sizeof data matrix: 457MB
[0m[DEBUG] loaded num: 300000, times: 1
[31mTime of clear final_x: 0.000000ms
[0m
[DEBUG] loaded num: 300000, times: 1
Clear final x successfully.
[31mTime of entering the enclave: 0.007845ms[0m
[DEBUG] Sizeof all required data in enclave: 4687 KB
[31mTime of key exchanges for 400 clients: 104.658953ms
[0m
[31mTime of key exchanges per client: 0.241624ms
[0m
Encrpyting user data...
[31mTime of data encryption per client: 2.765720ms[0m
Encprtion completed.

[DEBUG] Times: 1, loaded dim: 300000
[31mTime of secure aggregation: 652.298530ms[0m

[33m[INFO] Aggregate successfully.

[0m[31mTotal time inside the Enclave: 756.965328ms[0m

Secure aggregation completed!
[Info] Destroy enclave: 0.000000ms.
init enclave...
[33m[INFO] Create Enclave: 103.183361ms[0m
Test aggregate time: 0.254422ms

[33m[Info] Sizeof data matrix: 457MB
[0m[DEBUG] loaded num: 300000, times: 1
[31mTime of clear final_x: 0.000000ms
[0m
[DEBUG] loaded num: 300000, times: 1
Clear final x successfully.
[31mTime of entering the enclave: 0.007644ms[0m
[DEBUG] Sizeof all required data in enclave: 4687 KB
[31mTime of key exchanges for 400 clients: 104.409250ms
[0m
[31mTime of key exchanges per client: 0.240745ms
[0m
Encrpyting user data...
[31mTime of data encryption per client: 2.734463ms[0m
Encprtion completed.

[DEBUG] Times: 1, loaded dim: 300000
[31mTime of secure aggregation: 632.456635ms[0m

[33m[INFO] Aggregate successfully.

[0m[31mTotal time inside the Enclave: 736.873529ms[0m

Secure aggregation completed!
[Info] Destroy enclave: 0.000000ms.
init enclave...
[33m[INFO] Create Enclave: 100.866593ms[0m
Test aggregate time: 0.254643ms

[33m[Info] Sizeof data matrix: 457MB
[0m[DEBUG] loaded num: 300000, times: 1
[31mTime of clear final_x: 0.000000ms
[0m
[DEBUG] loaded num: 300000, times: 1
Clear final x successfully.
[31mTime of entering the enclave: 0.008031ms[0m
[DEBUG] Sizeof all required data in enclave: 4687 KB
[31mTime of key exchanges for 400 clients: 104.996416ms
[0m
[31mTime of key exchanges per client: 0.242637ms
[0m
Encrpyting user data...
[31mTime of data encryption per client: 2.763813ms[0m
Encprtion completed.

[DEBUG] Times: 1, loaded dim: 300000
[31mTime of secure aggregation: 641.183525ms[0m

[33m[INFO] Aggregate successfully.

[0m[31mTotal time inside the Enclave: 746.187972ms[0m

Secure aggregation completed!
[Info] Destroy enclave: 0.000000ms.
init enclave...
[33m[INFO] Create Enclave: 101.443332ms[0m
Test aggregate time: 0.256972ms

[33m[Info] Sizeof data matrix: 457MB
[0m[DEBUG] loaded num: 300000, times: 1
[31mTime of clear final_x: 0.000000ms
[0m
[DEBUG] loaded num: 300000, times: 1
Clear final x successfully.
[31mTime of entering the enclave: 0.007739ms[0m
[DEBUG] Sizeof all required data in enclave: 4687 KB
[31mTime of key exchanges for 400 clients: 105.912257ms
[0m
[31mTime of key exchanges per client: 0.243486ms
[0m
Encrpyting user data...
[31mTime of data encryption per client: 2.749590ms[0m
Encprtion completed.

[DEBUG] Times: 1, loaded dim: 300000
[31mTime of secure aggregation: 646.776652ms[0m

[33m[INFO] Aggregate successfully.

[0m[31mTotal time inside the Enclave: 752.696648ms[0m

Secure aggregation completed!
[Info] Destroy enclave: 0.000000ms.
