init enclave...
[33m[INFO] Create Enclave: 103.036415ms[0m
Test aggregate time: 0.424805ms

[33m[Info] Sizeof data matrix: 762MB
[0m[DEBUG] loaded num: 500000, times: 1
[31mTime of clear final_x: 0.000000ms
[0m
[DEBUG] loaded num: 500000, times: 1
Clear final x successfully.
[31mTime of entering the enclave: 0.008473ms[0m
[DEBUG] Sizeof all required data in enclave: 7812 KB
[31mTime of key exchanges for 400 clients: 103.886362ms
[0m
[31mTime of key exchanges per client: 0.240799ms
[0m
Encrpyting user data...
[31mTime of data encryption per client: 4.560084ms[0m
Encprtion completed.

[DEBUG] Times: 1, loaded dim: 500000
[31mTime of secure aggregation: 1080.302648ms[0m

[33m[INFO] Aggregate successfully.

[0m[31mTotal time inside the Enclave: 1184.197483ms[0m

Secure aggregation completed!
[Info] Destroy enclave: 0.000000ms.
init enclave...
[33m[INFO] Create Enclave: 101.995452ms[0m
Test aggregate time: 0.425541ms

[33m[Info] Sizeof data matrix: 762MB
[0m[DEBUG] loaded num: 500000, times: 1
[31mTime of clear final_x: 0.000000ms
[0m
[DEBUG] loaded num: 500000, times: 1
Clear final x successfully.
[31mTime of entering the enclave: 0.009529ms[0m
[DEBUG] Sizeof all required data in enclave: 7812 KB
[31mTime of key exchanges for 400 clients: 103.971733ms
[0m
[31mTime of key exchanges per client: 0.240567ms
[0m
Encrpyting user data...
[31mTime of data encryption per client: 4.560124ms[0m
Encprtion completed.

[DEBUG] Times: 1, loaded dim: 500000
[31mTime of secure aggregation: 1080.625463ms[0m

[33m[INFO] Aggregate successfully.

[0m[31mTotal time inside the Enclave: 1184.606725ms[0m

Secure aggregation completed!
[Info] Destroy enclave: 0.000000ms.
init enclave...
[33m[INFO] Create Enclave: 102.629894ms[0m
Test aggregate time: 0.425636ms

[33m[Info] Sizeof data matrix: 762MB
[0m[DEBUG] loaded num: 500000, times: 1
[31mTime of clear final_x: 0.000000ms
[0m
[DEBUG] loaded num: 500000, times: 1
Clear final x successfully.
[31mTime of entering the enclave: 0.008643ms[0m
[DEBUG] Sizeof all required data in enclave: 7812 KB
[31mTime of key exchanges for 400 clients: 104.203221ms
[0m
[31mTime of key exchanges per client: 0.240627ms
[0m
Encrpyting user data...
[31mTime of data encryption per client: 4.574726ms[0m
Encprtion completed.

[DEBUG] Times: 1, loaded dim: 500000
[31mTime of secure aggregation: 1067.906231ms[0m

[33m[INFO] Aggregate successfully.

[0m[31mTotal time inside the Enclave: 1172.118095ms[0m

Secure aggregation completed!
[Info] Destroy enclave: 0.000000ms.
init enclave...
[33m[INFO] Create Enclave: 101.760262ms[0m
Test aggregate time: 0.425729ms

[33m[Info] Sizeof data matrix: 762MB
[0m[DEBUG] loaded num: 500000, times: 1
[31mTime of clear final_x: 0.000000ms
[0m
[DEBUG] loaded num: 500000, times: 1
Clear final x successfully.
[31mTime of entering the enclave: 0.009156ms[0m
[DEBUG] Sizeof all required data in enclave: 7812 KB
[31mTime of key exchanges for 400 clients: 104.089124ms
[0m
[31mTime of key exchanges per client: 0.240294ms
[0m
Encrpyting user data...
[31mTime of data encryption per client: 4.563477ms[0m
Encprtion completed.

[DEBUG] Times: 1, loaded dim: 500000
[31mTime of secure aggregation: 1081.625750ms[0m

[33m[INFO] Aggregate successfully.

[0m[31mTotal time inside the Enclave: 1185.724030ms[0m

Secure aggregation completed!
[Info] Destroy enclave: 0.000000ms.
init enclave...
[33m[INFO] Create Enclave: 109.829862ms[0m
Test aggregate time: 0.424606ms

[33m[Info] Sizeof data matrix: 762MB
[0m[DEBUG] loaded num: 500000, times: 1
[31mTime of clear final_x: 0.000000ms
[0m
[DEBUG] loaded num: 500000, times: 1
Clear final x successfully.
[31mTime of entering the enclave: 0.009698ms[0m
[DEBUG] Sizeof all required data in enclave: 7812 KB
[31mTime of key exchanges for 400 clients: 103.477561ms
[0m
[31mTime of key exchanges per client: 0.240315ms
[0m
Encrpyting user data...
[31mTime of data encryption per client: 4.569454ms[0m
Encprtion completed.

[DEBUG] Times: 1, loaded dim: 500000
[31mTime of secure aggregation: 1067.934164ms[0m

[33m[INFO] Aggregate successfully.

[0m[31mTotal time inside the Enclave: 1171.421423ms[0m

Secure aggregation completed!
[Info] Destroy enclave: 0.000000ms.
init enclave...
[33m[INFO] Create Enclave: 102.302076ms[0m
Test aggregate time: 0.424175ms

[33m[Info] Sizeof data matrix: 762MB
[0m[DEBUG] loaded num: 500000, times: 1
[31mTime of clear final_x: 0.000000ms
[0m
[DEBUG] loaded num: 500000, times: 1
Clear final x successfully.
[31mTime of entering the enclave: 0.012470ms[0m
[DEBUG] Sizeof all required data in enclave: 7812 KB
[31mTime of key exchanges for 400 clients: 107.975362ms
[0m
[31mTime of key exchanges per client: 0.250567ms
[0m
Encrpyting user data...
[31mTime of data encryption per client: 4.554392ms[0m
Encprtion completed.

[DEBUG] Times: 1, loaded dim: 500000
[31mTime of secure aggregation: 1077.155731ms[0m

[33m[INFO] Aggregate successfully.

[0m[31mTotal time inside the Enclave: 1185.143563ms[0m

Secure aggregation completed!
[Info] Destroy enclave: 0.000000ms.
init enclave...
[33m[INFO] Create Enclave: 104.775165ms[0m
Test aggregate time: 0.427134ms

[33m[Info] Sizeof data matrix: 762MB
[0m[DEBUG] loaded num: 500000, times: 1
[31mTime of clear final_x: 0.000000ms
[0m
[DEBUG] loaded num: 500000, times: 1
Clear final x successfully.
[31mTime of entering the enclave: 0.009120ms[0m
[DEBUG] Sizeof all required data in enclave: 7812 KB
[31mTime of key exchanges for 400 clients: 105.753312ms
[0m
[31mTime of key exchanges per client: 0.243820ms
[0m
Encrpyting user data...
[31mTime of data encryption per client: 4.561863ms[0m
Encprtion completed.

[DEBUG] Times: 1, loaded dim: 500000
[31mTime of secure aggregation: 1085.421499ms[0m

[33m[INFO] Aggregate successfully.

[0m[31mTotal time inside the Enclave: 1191.183931ms[0m

Secure aggregation completed!
[Info] Destroy enclave: 0.000000ms.
init enclave...
[33m[INFO] Create Enclave: 104.582757ms[0m
Test aggregate time: 0.425708ms

[33m[Info] Sizeof data matrix: 762MB
[0m[DEBUG] loaded num: 500000, times: 1
[31mTime of clear final_x: 0.000000ms
[0m
[DEBUG] loaded num: 500000, times: 1
Clear final x successfully.
[31mTime of entering the enclave: 0.008315ms[0m
[DEBUG] Sizeof all required data in enclave: 7812 KB
[31mTime of key exchanges for 400 clients: 104.523844ms
[0m
[31mTime of key exchanges per client: 0.242164ms
[0m
Encrpyting user data...
[31mTime of data encryption per client: 4.593434ms[0m
Encprtion completed.

[DEBUG] Times: 1, loaded dim: 500000
[31mTime of secure aggregation: 1067.642961ms[0m

[33m[INFO] Aggregate successfully.

[0m[31mTotal time inside the Enclave: 1172.175120ms[0m

Secure aggregation completed!
[Info] Destroy enclave: 0.000000ms.
init enclave...
[33m[INFO] Create Enclave: 103.111064ms[0m
Test aggregate time: 0.435043ms

[33m[Info] Sizeof data matrix: 762MB
[0m[DEBUG] loaded num: 500000, times: 1
[31mTime of clear final_x: 0.000000ms
[0m
[DEBUG] loaded num: 500000, times: 1
Clear final x successfully.
[31mTime of entering the enclave: 0.008734ms[0m
[DEBUG] Sizeof all required data in enclave: 7812 KB
[31mTime of key exchanges for 400 clients: 105.764312ms
[0m
[31mTime of key exchanges per client: 0.244228ms
[0m
Encrpyting user data...
[31mTime of data encryption per client: 4.674309ms[0m
Encprtion completed.

[DEBUG] Times: 1, loaded dim: 500000
[31mTime of secure aggregation: 1188.526523ms[0m

[33m[INFO] Aggregate successfully.

[0m[31mTotal time inside the Enclave: 1294.299569ms[0m

Secure aggregation completed!
[Info] Destroy enclave: 0.000000ms.
init enclave...
[33m[INFO] Create Enclave: 103.194366ms[0m
Test aggregate time: 0.425730ms

[33m[Info] Sizeof data matrix: 762MB
[0m[DEBUG] loaded num: 500000, times: 1
[31mTime of clear final_x: 0.000000ms
[0m
[DEBUG] loaded num: 500000, times: 1
Clear final x successfully.
[31mTime of entering the enclave: 0.009378ms[0m
[DEBUG] Sizeof all required data in enclave: 7812 KB
[31mTime of key exchanges for 400 clients: 103.855373ms
[0m
[31mTime of key exchanges per client: 0.240486ms
[0m
Encrpyting user data...
[31mTime of data encryption per client: 4.589114ms[0m
Encprtion completed.

[DEBUG] Times: 1, loaded dim: 500000
[31mTime of secure aggregation: 1132.827399ms[0m

[33m[INFO] Aggregate successfully.

[0m[31mTotal time inside the Enclave: 1236.692150ms[0m

Secure aggregation completed!
[Info] Destroy enclave: 0.000000ms.
init enclave...
[33m[INFO] Create Enclave: 101.218746ms[0m
Test aggregate time: 0.428376ms

[33m[Info] Sizeof data matrix: 762MB
[0m[DEBUG] loaded num: 500000, times: 1
[31mTime of clear final_x: 0.000000ms
[0m
[DEBUG] loaded num: 500000, times: 1
Clear final x successfully.
[31mTime of entering the enclave: 0.010490ms[0m
[DEBUG] Sizeof all required data in enclave: 7812 KB
[31mTime of key exchanges for 400 clients: 104.268212ms
[0m
[31mTime of key exchanges per client: 0.241001ms
[0m
Encrpyting user data...
[31mTime of data encryption per client: 4.574313ms[0m
Encprtion completed.

[DEBUG] Times: 1, loaded dim: 500000
[31mTime of secure aggregation: 1096.066994ms[0m

[33m[INFO] Aggregate successfully.

[0m[31mTotal time inside the Enclave: 1200.345696ms[0m

Secure aggregation completed!
[Info] Destroy enclave: 0.000000ms.
init enclave...
[33m[INFO] Create Enclave: 102.171373ms[0m
Test aggregate time: 0.425288ms

[33m[Info] Sizeof data matrix: 762MB
[0m[DEBUG] loaded num: 500000, times: 1
[31mTime of clear final_x: 0.000000ms
[0m
[DEBUG] loaded num: 500000, times: 1
Clear final x successfully.
[31mTime of entering the enclave: 0.009163ms[0m
[DEBUG] Sizeof all required data in enclave: 7812 KB
[31mTime of key exchanges for 400 clients: 106.536542ms
[0m
[31mTime of key exchanges per client: 0.246706ms
[0m
Encrpyting user data...
[31mTime of data encryption per client: 4.613665ms[0m
Encprtion completed.

[DEBUG] Times: 1, loaded dim: 500000
[31mTime of secure aggregation: 1085.924611ms[0m

[33m[INFO] Aggregate successfully.

[0m[31mTotal time inside the Enclave: 1192.470316ms[0m

Secure aggregation completed!
[Info] Destroy enclave: 0.000000ms.
init enclave...
[33m[INFO] Create Enclave: 101.935534ms[0m
Test aggregate time: 0.424436ms

[33m[Info] Sizeof data matrix: 762MB
[0m[DEBUG] loaded num: 500000, times: 1
[31mTime of clear final_x: 0.000000ms
[0m
[DEBUG] loaded num: 500000, times: 1
Clear final x successfully.
[31mTime of entering the enclave: 0.009498ms[0m
[DEBUG] Sizeof all required data in enclave: 7812 KB
[31mTime of key exchanges for 400 clients: 103.512548ms
[0m
[31mTime of key exchanges per client: 0.239517ms
[0m
Encrpyting user data...
[31mTime of data encryption per client: 4.586911ms[0m
Encprtion completed.

[DEBUG] Times: 1, loaded dim: 500000
[31mTime of secure aggregation: 1072.091427ms[0m

[33m[INFO] Aggregate successfully.

[0m[31mTotal time inside the Enclave: 1175.613473ms[0m

Secure aggregation completed!
[Info] Destroy enclave: 0.000000ms.
init enclave...
[33m[INFO] Create Enclave: 102.170088ms[0m
Test aggregate time: 0.425031ms

[33m[Info] Sizeof data matrix: 762MB
[0m[DEBUG] loaded num: 500000, times: 1
[31mTime of clear final_x: 0.000000ms
[0m
[DEBUG] loaded num: 500000, times: 1
Clear final x successfully.
[31mTime of entering the enclave: 0.014479ms[0m
[DEBUG] Sizeof all required data in enclave: 7812 KB
[31mTime of key exchanges for 400 clients: 104.683468ms
[0m
[31mTime of key exchanges per client: 0.242077ms
[0m
Encrpyting user data...
[31mTime of data encryption per client: 4.581816ms[0m
Encprtion completed.

[DEBUG] Times: 1, loaded dim: 500000
[31mTime of secure aggregation: 1066.246817ms[0m

[33m[INFO] Aggregate successfully.

[0m[31mTotal time inside the Enclave: 1170.944764ms[0m

Secure aggregation completed!
[Info] Destroy enclave: 0.000000ms.
init enclave...
[33m[INFO] Create Enclave: 103.802039ms[0m
Test aggregate time: 0.425694ms

[33m[Info] Sizeof data matrix: 762MB
[0m[DEBUG] loaded num: 500000, times: 1
[31mTime of clear final_x: 0.000000ms
[0m
[DEBUG] loaded num: 500000, times: 1
Clear final x successfully.
[31mTime of entering the enclave: 0.009033ms[0m
[DEBUG] Sizeof all required data in enclave: 7812 KB
[31mTime of key exchanges for 400 clients: 104.444596ms
[0m
[31mTime of key exchanges per client: 0.240941ms
[0m
Encrpyting user data...
[31mTime of data encryption per client: 4.574975ms[0m
Encprtion completed.

[DEBUG] Times: 1, loaded dim: 500000
[31mTime of secure aggregation: 1073.082679ms[0m

[33m[INFO] Aggregate successfully.

[0m[31mTotal time inside the Enclave: 1177.536308ms[0m

Secure aggregation completed!
[Info] Destroy enclave: 0.000000ms.
init enclave...
[33m[INFO] Create Enclave: 102.367348ms[0m
Test aggregate time: 0.425573ms

[33m[Info] Sizeof data matrix: 762MB
[0m[DEBUG] loaded num: 500000, times: 1
[31mTime of clear final_x: 0.000000ms
[0m
[DEBUG] loaded num: 500000, times: 1
Clear final x successfully.
[31mTime of entering the enclave: 0.008955ms[0m
[DEBUG] Sizeof all required data in enclave: 7812 KB
[31mTime of key exchanges for 400 clients: 103.946317ms
[0m
[31mTime of key exchanges per client: 0.240535ms
[0m
Encrpyting user data...
[31mTime of data encryption per client: 4.582270ms[0m
Encprtion completed.

[DEBUG] Times: 1, loaded dim: 500000
[31mTime of secure aggregation: 1075.896737ms[0m

[33m[INFO] Aggregate successfully.

[0m[31mTotal time inside the Enclave: 1179.852009ms[0m

Secure aggregation completed!
[Info] Destroy enclave: 0.000000ms.
init enclave...
[33m[INFO] Create Enclave: 102.227533ms[0m
Test aggregate time: 0.426501ms

[33m[Info] Sizeof data matrix: 762MB
[0m[DEBUG] loaded num: 500000, times: 1
[31mTime of clear final_x: 0.000000ms
[0m
[DEBUG] loaded num: 500000, times: 1
Clear final x successfully.
[31mTime of entering the enclave: 0.009105ms[0m
[DEBUG] Sizeof all required data in enclave: 7812 KB
[31mTime of key exchanges for 400 clients: 104.391991ms
[0m
[31mTime of key exchanges per client: 0.240716ms
[0m
Encrpyting user data...
[31mTime of data encryption per client: 4.577081ms[0m
Encprtion completed.

[DEBUG] Times: 1, loaded dim: 500000
[31mTime of secure aggregation: 1065.742912ms[0m

[33m[INFO] Aggregate successfully.

[0m[31mTotal time inside the Enclave: 1170.144008ms[0m

Secure aggregation completed!
[Info] Destroy enclave: 0.000000ms.
init enclave...
[33m[INFO] Create Enclave: 103.980611ms[0m
Test aggregate time: 0.425150ms

[33m[Info] Sizeof data matrix: 762MB
[0m[DEBUG] loaded num: 500000, times: 1
[31mTime of clear final_x: 0.000000ms
[0m
[DEBUG] loaded num: 500000, times: 1
Clear final x successfully.
[31mTime of entering the enclave: 0.009589ms[0m
[DEBUG] Sizeof all required data in enclave: 7812 KB
[31mTime of key exchanges for 400 clients: 103.953820ms
[0m
[31mTime of key exchanges per client: 0.240721ms
[0m
Encrpyting user data...
[31mTime of data encryption per client: 4.581189ms[0m
Encprtion completed.

[DEBUG] Times: 1, loaded dim: 500000
[31mTime of secure aggregation: 1068.278195ms[0m

[33m[INFO] Aggregate successfully.

[0m[31mTotal time inside the Enclave: 1172.241604ms[0m

Secure aggregation completed!
[Info] Destroy enclave: 0.000000ms.
init enclave...
[33m[INFO] Create Enclave: 106.770005ms[0m
Test aggregate time: 0.426279ms

[33m[Info] Sizeof data matrix: 762MB
[0m[DEBUG] loaded num: 500000, times: 1
[31mTime of clear final_x: 0.000000ms
[0m
[DEBUG] loaded num: 500000, times: 1
Clear final x successfully.
[31mTime of entering the enclave: 0.009439ms[0m
[DEBUG] Sizeof all required data in enclave: 7812 KB
[31mTime of key exchanges for 400 clients: 103.687323ms
[0m
[31mTime of key exchanges per client: 0.239821ms
[0m
Encrpyting user data...
[31mTime of data encryption per client: 4.615756ms[0m
Encprtion completed.

[DEBUG] Times: 1, loaded dim: 500000
[31mTime of secure aggregation: 1077.581585ms[0m

[33m[INFO] Aggregate successfully.

[0m[31mTotal time inside the Enclave: 1181.278347ms[0m

Secure aggregation completed!
[Info] Destroy enclave: 0.000000ms.
init enclave...
[33m[INFO] Create Enclave: 105.126805ms[0m
Test aggregate time: 0.425975ms

[33m[Info] Sizeof data matrix: 762MB
[0m[DEBUG] loaded num: 500000, times: 1
[31mTime of clear final_x: 0.000000ms
[0m
[DEBUG] loaded num: 500000, times: 1
Clear final x successfully.
[31mTime of entering the enclave: 0.009038ms[0m
[DEBUG] Sizeof all required data in enclave: 7812 KB
[31mTime of key exchanges for 400 clients: 104.587345ms
[0m
[31mTime of key exchanges per client: 0.240652ms
[0m
Encrpyting user data...
[31mTime of data encryption per client: 4.564890ms[0m
Encprtion completed.

[DEBUG] Times: 1, loaded dim: 500000
[31mTime of secure aggregation: 1075.459906ms[0m

[33m[INFO] Aggregate successfully.

[0m[31mTotal time inside the Enclave: 1180.056289ms[0m

Secure aggregation completed!
[Info] Destroy enclave: 0.000000ms.
init enclave...
[33m[INFO] Create Enclave: 102.222395ms[0m
Test aggregate time: 0.425717ms

[33m[Info] Sizeof data matrix: 762MB
[0m[DEBUG] loaded num: 500000, times: 1
[31mTime of clear final_x: 0.000000ms
[0m
[DEBUG] loaded num: 500000, times: 1
Clear final x successfully.
[31mTime of entering the enclave: 0.008713ms[0m
[DEBUG] Sizeof all required data in enclave: 7812 KB
[31mTime of key exchanges for 400 clients: 103.949084ms
[0m
[31mTime of key exchanges per client: 0.240632ms
[0m
Encrpyting user data...
[31mTime of data encryption per client: 4.553357ms[0m
Encprtion completed.

[DEBUG] Times: 1, loaded dim: 500000
[31mTime of secure aggregation: 1069.350478ms[0m

[33m[INFO] Aggregate successfully.

[0m[31mTotal time inside the Enclave: 1173.308275ms[0m

Secure aggregation completed!
[Info] Destroy enclave: 0.000000ms.
init enclave...
[33m[INFO] Create Enclave: 105.842840ms[0m
Test aggregate time: 0.425284ms

[33m[Info] Sizeof data matrix: 762MB
[0m[DEBUG] loaded num: 500000, times: 1
[31mTime of clear final_x: 0.000000ms
[0m
[DEBUG] loaded num: 500000, times: 1
Clear final x successfully.
[31mTime of entering the enclave: 0.009238ms[0m
[DEBUG] Sizeof all required data in enclave: 7812 KB
[31mTime of key exchanges for 400 clients: 103.708857ms
[0m
[31mTime of key exchanges per client: 0.239783ms
[0m
Encrpyting user data...
[31mTime of data encryption per client: 4.590699ms[0m
Encprtion completed.

[DEBUG] Times: 1, loaded dim: 500000
[31mTime of secure aggregation: 1071.122686ms[0m

[33m[INFO] Aggregate successfully.

[0m[31mTotal time inside the Enclave: 1174.840781ms[0m

Secure aggregation completed!
[Info] Destroy enclave: 0.000000ms.
init enclave...
[33m[INFO] Create Enclave: 102.930702ms[0m
Test aggregate time: 0.425084ms

[33m[Info] Sizeof data matrix: 762MB
[0m[DEBUG] loaded num: 500000, times: 1
[31mTime of clear final_x: 0.000000ms
[0m
[DEBUG] loaded num: 500000, times: 1
Clear final x successfully.
[31mTime of entering the enclave: 0.008920ms[0m
[DEBUG] Sizeof all required data in enclave: 7812 KB
[31mTime of key exchanges for 400 clients: 104.535119ms
[0m
[31mTime of key exchanges per client: 0.242004ms
[0m
Encrpyting user data...
[31mTime of data encryption per client: 4.563269ms[0m
Encprtion completed.

[DEBUG] Times: 1, loaded dim: 500000
[31mTime of secure aggregation: 1079.748019ms[0m

[33m[INFO] Aggregate successfully.

[0m[31mTotal time inside the Enclave: 1184.292058ms[0m

Secure aggregation completed!
[Info] Destroy enclave: 0.000000ms.
init enclave...
[33m[INFO] Create Enclave: 101.746592ms[0m
Test aggregate time: 0.424590ms

[33m[Info] Sizeof data matrix: 762MB
[0m[DEBUG] loaded num: 500000, times: 1
[31mTime of clear final_x: 0.000000ms
[0m
[DEBUG] loaded num: 500000, times: 1
Clear final x successfully.
[31mTime of entering the enclave: 0.010136ms[0m
[DEBUG] Sizeof all required data in enclave: 7812 KB
[31mTime of key exchanges for 400 clients: 104.009872ms
[0m
[31mTime of key exchanges per client: 0.240892ms
[0m
Encrpyting user data...
[31mTime of data encryption per client: 4.565846ms[0m
Encprtion completed.

[DEBUG] Times: 1, loaded dim: 500000
[31mTime of secure aggregation: 1070.745670ms[0m

[33m[INFO] Aggregate successfully.

[0m[31mTotal time inside the Enclave: 1174.765678ms[0m

Secure aggregation completed!
[Info] Destroy enclave: 0.000000ms.
init enclave...
[33m[INFO] Create Enclave: 102.146453ms[0m
Test aggregate time: 0.424972ms

[33m[Info] Sizeof data matrix: 762MB
[0m[DEBUG] loaded num: 500000, times: 1
[31mTime of clear final_x: 0.000000ms
[0m
[DEBUG] loaded num: 500000, times: 1
Clear final x successfully.
[31mTime of entering the enclave: 0.009739ms[0m
[DEBUG] Sizeof all required data in enclave: 7812 KB
[31mTime of key exchanges for 400 clients: 104.386453ms
[0m
[31mTime of key exchanges per client: 0.240405ms
[0m
Encrpyting user data...
[31mTime of data encryption per client: 4.575366ms[0m
Encprtion completed.

[DEBUG] Times: 1, loaded dim: 500000
[31mTime of secure aggregation: 1073.765438ms[0m

[33m[INFO] Aggregate successfully.

[0m[31mTotal time inside the Enclave: 1178.161630ms[0m

Secure aggregation completed!
[Info] Destroy enclave: 0.000000ms.
init enclave...
[33m[INFO] Create Enclave: 106.460190ms[0m
Test aggregate time: 0.425725ms

[33m[Info] Sizeof data matrix: 762MB
[0m[DEBUG] loaded num: 500000, times: 1
[31mTime of clear final_x: 0.000000ms
[0m
[DEBUG] loaded num: 500000, times: 1
Clear final x successfully.
[31mTime of entering the enclave: 0.008641ms[0m
[DEBUG] Sizeof all required data in enclave: 7812 KB
[31mTime of key exchanges for 400 clients: 104.005915ms
[0m
[31mTime of key exchanges per client: 0.240620ms
[0m
Encrpyting user data...
[31mTime of data encryption per client: 4.568971ms[0m
Encprtion completed.

[DEBUG] Times: 1, loaded dim: 500000
[31mTime of secure aggregation: 1064.707728ms[0m

[33m[INFO] Aggregate successfully.

[0m[31mTotal time inside the Enclave: 1168.722284ms[0m

Secure aggregation completed!
[Info] Destroy enclave: 0.000000ms.
init enclave...
[33m[INFO] Create Enclave: 108.460956ms[0m
Test aggregate time: 0.426121ms

[33m[Info] Sizeof data matrix: 762MB
[0m[DEBUG] loaded num: 500000, times: 1
[31mTime of clear final_x: 0.000000ms
[0m
[DEBUG] loaded num: 500000, times: 1
Clear final x successfully.
[31mTime of entering the enclave: 0.009259ms[0m
[DEBUG] Sizeof all required data in enclave: 7812 KB
[31mTime of key exchanges for 400 clients: 105.945923ms
[0m
[31mTime of key exchanges per client: 0.244404ms
[0m
Encrpyting user data...
[31mTime of data encryption per client: 4.595789ms[0m
Encprtion completed.

[DEBUG] Times: 1, loaded dim: 500000
[31mTime of secure aggregation: 1077.666184ms[0m

[33m[INFO] Aggregate successfully.

[0m[31mTotal time inside the Enclave: 1183.621366ms[0m

Secure aggregation completed!
[Info] Destroy enclave: 0.000000ms.
init enclave...
[33m[INFO] Create Enclave: 108.335625ms[0m
Test aggregate time: 0.426773ms

[33m[Info] Sizeof data matrix: 762MB
[0m[DEBUG] loaded num: 500000, times: 1
[31mTime of clear final_x: 0.000000ms
[0m
[DEBUG] loaded num: 500000, times: 1
Clear final x successfully.
[31mTime of entering the enclave: 0.008663ms[0m
[DEBUG] Sizeof all required data in enclave: 7812 KB
[31mTime of key exchanges for 400 clients: 104.479244ms
[0m
[31mTime of key exchanges per client: 0.240748ms
[0m
Encrpyting user data...
[31mTime of data encryption per client: 4.596760ms[0m
Encprtion completed.

[DEBUG] Times: 1, loaded dim: 500000
[31mTime of secure aggregation: 1069.159358ms[0m

[33m[INFO] Aggregate successfully.

[0m[31mTotal time inside the Enclave: 1173.647265ms[0m

Secure aggregation completed!
[Info] Destroy enclave: 0.000000ms.
init enclave...
[33m[INFO] Create Enclave: 101.151712ms[0m
Test aggregate time: 0.424841ms

[33m[Info] Sizeof data matrix: 762MB
[0m[DEBUG] loaded num: 500000, times: 1
[31mTime of clear final_x: 0.000000ms
[0m
[DEBUG] loaded num: 500000, times: 1
Clear final x successfully.
[31mTime of entering the enclave: 0.009276ms[0m
[DEBUG] Sizeof all required data in enclave: 7812 KB
[31mTime of key exchanges for 400 clients: 104.156617ms
[0m
[31mTime of key exchanges per client: 0.242161ms
[0m
Encrpyting user data...
[31mTime of data encryption per client: 4.563824ms[0m
Encprtion completed.

[DEBUG] Times: 1, loaded dim: 500000
[31mTime of secure aggregation: 1092.165295ms[0m

[33m[INFO] Aggregate successfully.

[0m[31mTotal time inside the Enclave: 1196.331188ms[0m

Secure aggregation completed!
[Info] Destroy enclave: 0.000000ms.
init enclave...
[33m[INFO] Create Enclave: 102.772423ms[0m
Test aggregate time: 0.427094ms

[33m[Info] Sizeof data matrix: 762MB
[0m[DEBUG] loaded num: 500000, times: 1
[31mTime of clear final_x: 0.000000ms
[0m
[DEBUG] loaded num: 500000, times: 1
Clear final x successfully.
[31mTime of entering the enclave: 0.009163ms[0m
[DEBUG] Sizeof all required data in enclave: 7812 KB
[31mTime of key exchanges for 400 clients: 103.797180ms
[0m
[31mTime of key exchanges per client: 0.240333ms
[0m
Encrpyting user data...
[31mTime of data encryption per client: 4.578267ms[0m
Encprtion completed.

[DEBUG] Times: 1, loaded dim: 500000
[31mTime of secure aggregation: 1071.579954ms[0m

[33m[INFO] Aggregate successfully.

[0m[31mTotal time inside the Enclave: 1175.386297ms[0m

Secure aggregation completed!
[Info] Destroy enclave: 0.000000ms.
init enclave...
[33m[INFO] Create Enclave: 107.442602ms[0m
Test aggregate time: 0.425831ms

[33m[Info] Sizeof data matrix: 762MB
[0m[DEBUG] loaded num: 500000, times: 1
[31mTime of clear final_x: 0.000000ms
[0m
[DEBUG] loaded num: 500000, times: 1
Clear final x successfully.
[31mTime of entering the enclave: 0.009076ms[0m
[DEBUG] Sizeof all required data in enclave: 7812 KB
[31mTime of key exchanges for 400 clients: 108.032748ms
[0m
[31mTime of key exchanges per client: 0.249490ms
[0m
Encrpyting user data...
[31mTime of data encryption per client: 4.571388ms[0m
Encprtion completed.

[DEBUG] Times: 1, loaded dim: 500000
[31mTime of secure aggregation: 1064.521794ms[0m

[33m[INFO] Aggregate successfully.

[0m[31mTotal time inside the Enclave: 1172.563618ms[0m

Secure aggregation completed!
[Info] Destroy enclave: 0.000000ms.
init enclave...
[33m[INFO] Create Enclave: 102.790574ms[0m
Test aggregate time: 0.425979ms

[33m[Info] Sizeof data matrix: 762MB
[0m[DEBUG] loaded num: 500000, times: 1
[31mTime of clear final_x: 0.000000ms
[0m
[DEBUG] loaded num: 500000, times: 1
Clear final x successfully.
[31mTime of entering the enclave: 0.008881ms[0m
[DEBUG] Sizeof all required data in enclave: 7812 KB
[31mTime of key exchanges for 400 clients: 104.198426ms
[0m
[31mTime of key exchanges per client: 0.240260ms
[0m
Encrpyting user data...
[31mTime of data encryption per client: 4.587725ms[0m
Encprtion completed.

[DEBUG] Times: 1, loaded dim: 500000
[31mTime of secure aggregation: 1084.506878ms[0m

[33m[INFO] Aggregate successfully.

[0m[31mTotal time inside the Enclave: 1188.714185ms[0m

Secure aggregation completed!
[Info] Destroy enclave: 0.000000ms.
init enclave...
[33m[INFO] Create Enclave: 106.642571ms[0m
Test aggregate time: 0.423739ms

[33m[Info] Sizeof data matrix: 762MB
[0m[DEBUG] loaded num: 500000, times: 1
[31mTime of clear final_x: 0.000000ms
[0m
[DEBUG] loaded num: 500000, times: 1
Clear final x successfully.
[31mTime of entering the enclave: 0.008637ms[0m
[DEBUG] Sizeof all required data in enclave: 7812 KB
[31mTime of key exchanges for 400 clients: 103.614135ms
[0m
[31mTime of key exchanges per client: 0.239762ms
[0m
Encrpyting user data...
[31mTime of data encryption per client: 4.554651ms[0m
Encprtion completed.

[DEBUG] Times: 1, loaded dim: 500000
[31mTime of secure aggregation: 1079.880460ms[0m

[33m[INFO] Aggregate successfully.

[0m[31mTotal time inside the Enclave: 1183.503232ms[0m

Secure aggregation completed!
[Info] Destroy enclave: 0.000000ms.
init enclave...
[33m[INFO] Create Enclave: 101.671834ms[0m
Test aggregate time: 0.431038ms

[33m[Info] Sizeof data matrix: 762MB
[0m[DEBUG] loaded num: 500000, times: 1
[31mTime of clear final_x: 0.000000ms
[0m
[DEBUG] loaded num: 500000, times: 1
Clear final x successfully.
[31mTime of entering the enclave: 0.009179ms[0m
[DEBUG] Sizeof all required data in enclave: 7812 KB
[31mTime of key exchanges for 400 clients: 104.670905ms
[0m
[31mTime of key exchanges per client: 0.240729ms
[0m
Encrpyting user data...
[31mTime of data encryption per client: 4.580597ms[0m
Encprtion completed.

[DEBUG] Times: 1, loaded dim: 500000
[31mTime of secure aggregation: 1079.037946ms[0m

[33m[INFO] Aggregate successfully.

[0m[31mTotal time inside the Enclave: 1183.718030ms[0m

Secure aggregation completed!
[Info] Destroy enclave: 0.000000ms.
init enclave...
[33m[INFO] Create Enclave: 101.636483ms[0m
Test aggregate time: 0.424314ms

[33m[Info] Sizeof data matrix: 762MB
[0m[DEBUG] loaded num: 500000, times: 1
[31mTime of clear final_x: 0.000000ms
[0m
[DEBUG] loaded num: 500000, times: 1
Clear final x successfully.
[31mTime of entering the enclave: 0.008818ms[0m
[DEBUG] Sizeof all required data in enclave: 7812 KB
[31mTime of key exchanges for 400 clients: 103.765536ms
[0m
[31mTime of key exchanges per client: 0.239351ms
[0m
Encrpyting user data...
[31mTime of data encryption per client: 4.554893ms[0m
Encprtion completed.

[DEBUG] Times: 1, loaded dim: 500000
[31mTime of secure aggregation: 1082.492591ms[0m

[33m[INFO] Aggregate successfully.

[0m[31mTotal time inside the Enclave: 1186.266945ms[0m

Secure aggregation completed!
[Info] Destroy enclave: 0.000000ms.
init enclave...
[33m[INFO] Create Enclave: 101.081822ms[0m
Test aggregate time: 0.424918ms

[33m[Info] Sizeof data matrix: 762MB
[0m[DEBUG] loaded num: 500000, times: 1
[31mTime of clear final_x: 0.000000ms
[0m
[DEBUG] loaded num: 500000, times: 1
Clear final x successfully.
[31mTime of entering the enclave: 0.008767ms[0m
[DEBUG] Sizeof all required data in enclave: 7812 KB
[31mTime of key exchanges for 400 clients: 103.748513ms
[0m
[31mTime of key exchanges per client: 0.240198ms
[0m
Encrpyting user data...
[31mTime of data encryption per client: 4.572572ms[0m
Encprtion completed.

[DEBUG] Times: 1, loaded dim: 500000
[31mTime of secure aggregation: 1072.451209ms[0m

[33m[INFO] Aggregate successfully.

[0m[31mTotal time inside the Enclave: 1176.208489ms[0m

Secure aggregation completed!
[Info] Destroy enclave: 0.000000ms.
init enclave...
[33m[INFO] Create Enclave: 102.567925ms[0m
Test aggregate time: 0.424661ms

[33m[Info] Sizeof data matrix: 762MB
[0m[DEBUG] loaded num: 500000, times: 1
[31mTime of clear final_x: 0.000000ms
[0m
[DEBUG] loaded num: 500000, times: 1
Clear final x successfully.
[31mTime of entering the enclave: 0.009047ms[0m
[DEBUG] Sizeof all required data in enclave: 7812 KB
[31mTime of key exchanges for 400 clients: 103.699093ms
[0m
[31mTime of key exchanges per client: 0.239533ms
[0m
Encrpyting user data...
[31mTime of data encryption per client: 4.584802ms[0m
Encprtion completed.

[DEBUG] Times: 1, loaded dim: 500000
[31mTime of secure aggregation: 1066.450091ms[0m

[33m[INFO] Aggregate successfully.

[0m[31mTotal time inside the Enclave: 1170.158231ms[0m

Secure aggregation completed!
[Info] Destroy enclave: 0.000000ms.
init enclave...
[33m[INFO] Create Enclave: 106.817108ms[0m
Test aggregate time: 0.426557ms

[33m[Info] Sizeof data matrix: 762MB
[0m[DEBUG] loaded num: 500000, times: 1
[31mTime of clear final_x: 0.000000ms
[0m
[DEBUG] loaded num: 500000, times: 1
Clear final x successfully.
[31mTime of entering the enclave: 0.008402ms[0m
[DEBUG] Sizeof all required data in enclave: 7812 KB
[31mTime of key exchanges for 400 clients: 104.032002ms
[0m
[31mTime of key exchanges per client: 0.241258ms
[0m
Encrpyting user data...
[31mTime of data encryption per client: 4.559901ms[0m
Encprtion completed.

[DEBUG] Times: 1, loaded dim: 500000
[31mTime of secure aggregation: 1099.808677ms[0m

[33m[INFO] Aggregate successfully.

[0m[31mTotal time inside the Enclave: 1203.849081ms[0m

Secure aggregation completed!
[Info] Destroy enclave: 0.000000ms.
init enclave...
[33m[INFO] Create Enclave: 101.083105ms[0m
Test aggregate time: 0.425988ms

[33m[Info] Sizeof data matrix: 762MB
[0m[DEBUG] loaded num: 500000, times: 1
[31mTime of clear final_x: 0.000000ms
[0m
[DEBUG] loaded num: 500000, times: 1
Clear final x successfully.
[31mTime of entering the enclave: 0.009289ms[0m
[DEBUG] Sizeof all required data in enclave: 7812 KB
[31mTime of key exchanges for 400 clients: 103.962951ms
[0m
[31mTime of key exchanges per client: 0.240444ms
[0m
Encrpyting user data...
[31mTime of data encryption per client: 4.575299ms[0m
Encprtion completed.

[DEBUG] Times: 1, loaded dim: 500000
[31mTime of secure aggregation: 1067.739006ms[0m

[33m[INFO] Aggregate successfully.

[0m[31mTotal time inside the Enclave: 1171.711246ms[0m

Secure aggregation completed!
[Info] Destroy enclave: 0.000000ms.
init enclave...
[33m[INFO] Create Enclave: 102.136323ms[0m
Test aggregate time: 0.424422ms

[33m[Info] Sizeof data matrix: 762MB
[0m[DEBUG] loaded num: 500000, times: 1
[31mTime of clear final_x: 0.000000ms
[0m
[DEBUG] loaded num: 500000, times: 1
Clear final x successfully.
[31mTime of entering the enclave: 0.008621ms[0m
[DEBUG] Sizeof all required data in enclave: 7812 KB
[31mTime of key exchanges for 400 clients: 104.525739ms
[0m
[31mTime of key exchanges per client: 0.241411ms
[0m
Encrpyting user data...
[31mTime of data encryption per client: 4.560657ms[0m
Encprtion completed.

[DEBUG] Times: 1, loaded dim: 500000
[31mTime of secure aggregation: 1058.951131ms[0m

[33m[INFO] Aggregate successfully.

[0m[31mTotal time inside the Enclave: 1163.485491ms[0m

Secure aggregation completed!
[Info] Destroy enclave: 0.000000ms.
init enclave...
[33m[INFO] Create Enclave: 100.969507ms[0m
Test aggregate time: 0.427773ms

[33m[Info] Sizeof data matrix: 762MB
[0m[DEBUG] loaded num: 500000, times: 1
[31mTime of clear final_x: 0.000000ms
[0m
[DEBUG] loaded num: 500000, times: 1
Clear final x successfully.
[31mTime of entering the enclave: 0.009069ms[0m
[DEBUG] Sizeof all required data in enclave: 7812 KB
[31mTime of key exchanges for 400 clients: 103.919990ms
[0m
[31mTime of key exchanges per client: 0.239345ms
[0m
Encrpyting user data...
[31mTime of data encryption per client: 4.598658ms[0m
Encprtion completed.

[DEBUG] Times: 1, loaded dim: 500000
[31mTime of secure aggregation: 1061.220897ms[0m

[33m[INFO] Aggregate successfully.

[0m[31mTotal time inside the Enclave: 1165.149956ms[0m

Secure aggregation completed!
[Info] Destroy enclave: 0.000000ms.
init enclave...
[33m[INFO] Create Enclave: 103.630936ms[0m
Test aggregate time: 0.425442ms

[33m[Info] Sizeof data matrix: 762MB
[0m[DEBUG] loaded num: 500000, times: 1
[31mTime of clear final_x: 0.000000ms
[0m
[DEBUG] loaded num: 500000, times: 1
Clear final x successfully.
[31mTime of entering the enclave: 0.008632ms[0m
[DEBUG] Sizeof all required data in enclave: 7812 KB
[31mTime of key exchanges for 400 clients: 104.339964ms
[0m
[31mTime of key exchanges per client: 0.241243ms
[0m
Encrpyting user data...
[31mTime of data encryption per client: 4.570855ms[0m
Encprtion completed.

[DEBUG] Times: 1, loaded dim: 500000
[31mTime of secure aggregation: 1067.632961ms[0m

[33m[INFO] Aggregate successfully.

[0m[31mTotal time inside the Enclave: 1171.981557ms[0m

Secure aggregation completed!
[Info] Destroy enclave: 0.000000ms.
init enclave...
[33m[INFO] Create Enclave: 103.682482ms[0m
Test aggregate time: 0.429019ms

[33m[Info] Sizeof data matrix: 762MB
[0m[DEBUG] loaded num: 500000, times: 1
[31mTime of clear final_x: 0.000000ms
[0m
[DEBUG] loaded num: 500000, times: 1
Clear final x successfully.
[31mTime of entering the enclave: 0.009360ms[0m
[DEBUG] Sizeof all required data in enclave: 7812 KB
[31mTime of key exchanges for 400 clients: 105.279846ms
[0m
[31mTime of key exchanges per client: 0.243387ms
[0m
Encrpyting user data...
[31mTime of data encryption per client: 4.625472ms[0m
Encprtion completed.

[DEBUG] Times: 1, loaded dim: 500000
[31mTime of secure aggregation: 1106.523792ms[0m

[33m[INFO] Aggregate successfully.

[0m[31mTotal time inside the Enclave: 1211.812998ms[0m

Secure aggregation completed!
[Info] Destroy enclave: 0.000000ms.
init enclave...
[33m[INFO] Create Enclave: 103.812840ms[0m
Test aggregate time: 0.424247ms

[33m[Info] Sizeof data matrix: 762MB
[0m[DEBUG] loaded num: 500000, times: 1
[31mTime of clear final_x: 0.000000ms
[0m
[DEBUG] loaded num: 500000, times: 1
Clear final x successfully.
[31mTime of entering the enclave: 0.008925ms[0m
[DEBUG] Sizeof all required data in enclave: 7812 KB
[31mTime of key exchanges for 400 clients: 104.059007ms
[0m
[31mTime of key exchanges per client: 0.240537ms
[0m
Encrpyting user data...
[31mTime of data encryption per client: 4.606076ms[0m
Encprtion completed.

[DEBUG] Times: 1, loaded dim: 500000
[31mTime of secure aggregation: 1122.280558ms[0m

[33m[INFO] Aggregate successfully.

[0m[31mTotal time inside the Enclave: 1226.348490ms[0m

Secure aggregation completed!
[Info] Destroy enclave: 0.000000ms.
init enclave...
[33m[INFO] Create Enclave: 101.663330ms[0m
Test aggregate time: 0.427855ms

[33m[Info] Sizeof data matrix: 762MB
[0m[DEBUG] loaded num: 500000, times: 1
[31mTime of clear final_x: 0.000000ms
[0m
[DEBUG] loaded num: 500000, times: 1
Clear final x successfully.
[31mTime of entering the enclave: 0.008868ms[0m
[DEBUG] Sizeof all required data in enclave: 7812 KB
[31mTime of key exchanges for 400 clients: 104.154974ms
[0m
[31mTime of key exchanges per client: 0.242440ms
[0m
Encrpyting user data...
[31mTime of data encryption per client: 4.602333ms[0m
Encprtion completed.

[DEBUG] Times: 1, loaded dim: 500000
[31mTime of secure aggregation: 1116.937441ms[0m

[33m[INFO] Aggregate successfully.

[0m[31mTotal time inside the Enclave: 1221.101283ms[0m

Secure aggregation completed!
[Info] Destroy enclave: 0.000000ms.
init enclave...
[33m[INFO] Create Enclave: 109.569702ms[0m
Test aggregate time: 0.425896ms

[33m[Info] Sizeof data matrix: 762MB
[0m[DEBUG] loaded num: 500000, times: 1
[31mTime of clear final_x: 0.000000ms
[0m
[DEBUG] loaded num: 500000, times: 1
Clear final x successfully.
[31mTime of entering the enclave: 0.008859ms[0m
[DEBUG] Sizeof all required data in enclave: 7812 KB
[31mTime of key exchanges for 400 clients: 106.347741ms
[0m
[31mTime of key exchanges per client: 0.245836ms
[0m
Encrpyting user data...
[31mTime of data encryption per client: 4.626084ms[0m
Encprtion completed.

[DEBUG] Times: 1, loaded dim: 500000
[31mTime of secure aggregation: 1085.817570ms[0m

[33m[INFO] Aggregate successfully.

[0m[31mTotal time inside the Enclave: 1192.174170ms[0m

Secure aggregation completed!
[Info] Destroy enclave: 0.000000ms.
init enclave...
[33m[INFO] Create Enclave: 102.293468ms[0m
Test aggregate time: 0.424709ms

[33m[Info] Sizeof data matrix: 762MB
[0m[DEBUG] loaded num: 500000, times: 1
[31mTime of clear final_x: 0.000000ms
[0m
[DEBUG] loaded num: 500000, times: 1
Clear final x successfully.
[31mTime of entering the enclave: 0.008959ms[0m
[DEBUG] Sizeof all required data in enclave: 7812 KB
[31mTime of key exchanges for 400 clients: 104.170354ms
[0m
[31mTime of key exchanges per client: 0.241612ms
[0m
Encrpyting user data...
[31mTime of data encryption per client: 4.601165ms[0m
Encprtion completed.

[DEBUG] Times: 1, loaded dim: 500000
[31mTime of secure aggregation: 1072.548435ms[0m

[33m[INFO] Aggregate successfully.

[0m[31mTotal time inside the Enclave: 1176.727748ms[0m

Secure aggregation completed!
[Info] Destroy enclave: 0.000000ms.
init enclave...
[33m[INFO] Create Enclave: 102.384030ms[0m
Test aggregate time: 0.426029ms

[33m[Info] Sizeof data matrix: 762MB
[0m[DEBUG] loaded num: 500000, times: 1
[31mTime of clear final_x: 0.000000ms
[0m
[DEBUG] loaded num: 500000, times: 1
Clear final x successfully.
[31mTime of entering the enclave: 0.008567ms[0m
[DEBUG] Sizeof all required data in enclave: 7812 KB
[31mTime of key exchanges for 400 clients: 106.947874ms
[0m
[31mTime of key exchanges per client: 0.246656ms
[0m
Encrpyting user data...
[31mTime of data encryption per client: 4.558942ms[0m
Encprtion completed.

[DEBUG] Times: 1, loaded dim: 500000
[31mTime of secure aggregation: 1076.107468ms[0m

[33m[INFO] Aggregate successfully.

[0m[31mTotal time inside the Enclave: 1183.063909ms[0m

Secure aggregation completed!
[Info] Destroy enclave: 0.000000ms.
init enclave...
[33m[INFO] Create Enclave: 105.576769ms[0m
Test aggregate time: 0.426214ms

[33m[Info] Sizeof data matrix: 762MB
[0m[DEBUG] loaded num: 500000, times: 1
[31mTime of clear final_x: 0.000000ms
[0m
[DEBUG] loaded num: 500000, times: 1
Clear final x successfully.
[31mTime of entering the enclave: 0.008993ms[0m
[DEBUG] Sizeof all required data in enclave: 7812 KB
[31mTime of key exchanges for 400 clients: 103.551062ms
[0m
[31mTime of key exchanges per client: 0.239504ms
[0m
Encrpyting user data...
[31mTime of data encryption per client: 4.576016ms[0m
Encprtion completed.

[DEBUG] Times: 1, loaded dim: 500000
[31mTime of secure aggregation: 1073.788833ms[0m

[33m[INFO] Aggregate successfully.

[0m[31mTotal time inside the Enclave: 1177.348888ms[0m

Secure aggregation completed!
[Info] Destroy enclave: 0.000000ms.
init enclave...
[33m[INFO] Create Enclave: 103.077176ms[0m
Test aggregate time: 0.425766ms

[33m[Info] Sizeof data matrix: 762MB
[0m[DEBUG] loaded num: 500000, times: 1
[31mTime of clear final_x: 0.000000ms
[0m
[DEBUG] loaded num: 500000, times: 1
Clear final x successfully.
[31mTime of entering the enclave: 0.009673ms[0m
[DEBUG] Sizeof all required data in enclave: 7812 KB
[31mTime of key exchanges for 400 clients: 105.155808ms
[0m
[31mTime of key exchanges per client: 0.243124ms
[0m
Encrpyting user data...
[31mTime of data encryption per client: 4.590431ms[0m
Encprtion completed.

[DEBUG] Times: 1, loaded dim: 500000
[31mTime of secure aggregation: 1066.729851ms[0m

[33m[INFO] Aggregate successfully.

[0m[31mTotal time inside the Enclave: 1171.895332ms[0m

Secure aggregation completed!
[Info] Destroy enclave: 0.000000ms.
init enclave...
[33m[INFO] Create Enclave: 102.711021ms[0m
Test aggregate time: 0.423919ms

[33m[Info] Sizeof data matrix: 762MB
[0m[DEBUG] loaded num: 500000, times: 1
[31mTime of clear final_x: 0.000000ms
[0m
[DEBUG] loaded num: 500000, times: 1
Clear final x successfully.
[31mTime of entering the enclave: 0.009237ms[0m
[DEBUG] Sizeof all required data in enclave: 7812 KB
[31mTime of key exchanges for 400 clients: 103.884074ms
[0m
[31mTime of key exchanges per client: 0.240891ms
[0m
Encrpyting user data...
[31mTime of data encryption per client: 4.554476ms[0m
Encprtion completed.

[DEBUG] Times: 1, loaded dim: 500000
[31mTime of secure aggregation: 1077.232433ms[0m

[33m[INFO] Aggregate successfully.

[0m[31mTotal time inside the Enclave: 1181.125744ms[0m

Secure aggregation completed!
[Info] Destroy enclave: 0.000000ms.
init enclave...
[33m[INFO] Create Enclave: 117.723335ms[0m
Test aggregate time: 0.425715ms

[33m[Info] Sizeof data matrix: 762MB
[0m[DEBUG] loaded num: 500000, times: 1
[31mTime of clear final_x: 0.000000ms
[0m
[DEBUG] loaded num: 500000, times: 1
Clear final x successfully.
[31mTime of entering the enclave: 0.008995ms[0m
[DEBUG] Sizeof all required data in enclave: 7812 KB
[31mTime of key exchanges for 400 clients: 104.169137ms
[0m
[31mTime of key exchanges per client: 0.240401ms
[0m
Encrpyting user data...
[31mTime of data encryption per client: 4.577460ms[0m
Encprtion completed.

[DEBUG] Times: 1, loaded dim: 500000
[31mTime of secure aggregation: 1071.478916ms[0m

[33m[INFO] Aggregate successfully.

[0m[31mTotal time inside the Enclave: 1175.657048ms[0m

Secure aggregation completed!
[Info] Destroy enclave: 0.000000ms.
init enclave...
[33m[INFO] Create Enclave: 103.983197ms[0m
Test aggregate time: 0.426526ms

[33m[Info] Sizeof data matrix: 762MB
[0m[DEBUG] loaded num: 500000, times: 1
[31mTime of clear final_x: 0.000000ms
[0m
[DEBUG] loaded num: 500000, times: 1
Clear final x successfully.
[31mTime of entering the enclave: 0.008607ms[0m
[DEBUG] Sizeof all required data in enclave: 7812 KB
[31mTime of key exchanges for 400 clients: 104.314337ms
[0m
[31mTime of key exchanges per client: 0.240649ms
[0m
Encrpyting user data...
[31mTime of data encryption per client: 4.583693ms[0m
Encprtion completed.

[DEBUG] Times: 1, loaded dim: 500000
[31mTime of secure aggregation: 1067.473541ms[0m

[33m[INFO] Aggregate successfully.

[0m[31mTotal time inside the Enclave: 1171.796485ms[0m

Secure aggregation completed!
[Info] Destroy enclave: 0.000000ms.
init enclave...
[33m[INFO] Create Enclave: 101.121046ms[0m
Test aggregate time: 0.425680ms

[33m[Info] Sizeof data matrix: 762MB
[0m[DEBUG] loaded num: 500000, times: 1
[31mTime of clear final_x: 0.000000ms
[0m
[DEBUG] loaded num: 500000, times: 1
Clear final x successfully.
[31mTime of entering the enclave: 0.009231ms[0m
[DEBUG] Sizeof all required data in enclave: 7812 KB
[31mTime of key exchanges for 400 clients: 104.132072ms
[0m
[31mTime of key exchanges per client: 0.239950ms
[0m
Encrpyting user data...
[31mTime of data encryption per client: 4.565128ms[0m
Encprtion completed.

[DEBUG] Times: 1, loaded dim: 500000
[31mTime of secure aggregation: 1069.055695ms[0m

[33m[INFO] Aggregate successfully.

[0m[31mTotal time inside the Enclave: 1173.196998ms[0m

Secure aggregation completed!
[Info] Destroy enclave: 0.000000ms.
init enclave...
[33m[INFO] Create Enclave: 105.424528ms[0m
Test aggregate time: 0.425065ms

[33m[Info] Sizeof data matrix: 762MB
[0m[DEBUG] loaded num: 500000, times: 1
[31mTime of clear final_x: 0.000000ms
[0m
[DEBUG] loaded num: 500000, times: 1
Clear final x successfully.
[31mTime of entering the enclave: 0.009179ms[0m
[DEBUG] Sizeof all required data in enclave: 7812 KB
[31mTime of key exchanges for 400 clients: 103.651847ms
[0m
[31mTime of key exchanges per client: 0.239064ms
[0m
Encrpyting user data...
[31mTime of data encryption per client: 4.556718ms[0m
Encprtion completed.

[DEBUG] Times: 1, loaded dim: 500000
[31mTime of secure aggregation: 1065.762355ms[0m

[33m[INFO] Aggregate successfully.

[0m[31mTotal time inside the Enclave: 1169.423381ms[0m

Secure aggregation completed!
[Info] Destroy enclave: 0.000000ms.
init enclave...
[33m[INFO] Create Enclave: 108.223001ms[0m
Test aggregate time: 0.425029ms

[33m[Info] Sizeof data matrix: 762MB
[0m[DEBUG] loaded num: 500000, times: 1
[31mTime of clear final_x: 0.000000ms
[0m
[DEBUG] loaded num: 500000, times: 1
Clear final x successfully.
[31mTime of entering the enclave: 0.009218ms[0m
[DEBUG] Sizeof all required data in enclave: 7812 KB
[31mTime of key exchanges for 400 clients: 103.860432ms
[0m
[31mTime of key exchanges per client: 0.240043ms
[0m
Encrpyting user data...
[31mTime of data encryption per client: 4.596105ms[0m
Encprtion completed.

[DEBUG] Times: 1, loaded dim: 500000
[31mTime of secure aggregation: 1075.843541ms[0m

[33m[INFO] Aggregate successfully.

[0m[31mTotal time inside the Enclave: 1179.713191ms[0m

Secure aggregation completed!
[Info] Destroy enclave: 0.000000ms.
init enclave...
[33m[INFO] Create Enclave: 100.700710ms[0m
Test aggregate time: 0.424462ms

[33m[Info] Sizeof data matrix: 762MB
[0m[DEBUG] loaded num: 500000, times: 1
[31mTime of clear final_x: 0.000000ms
[0m
[DEBUG] loaded num: 500000, times: 1
Clear final x successfully.
[31mTime of entering the enclave: 0.020728ms[0m
[DEBUG] Sizeof all required data in enclave: 7812 KB
[31mTime of key exchanges for 400 clients: 105.336079ms
[0m
[31mTime of key exchanges per client: 0.242922ms
[0m
Encrpyting user data...
[31mTime of data encryption per client: 4.559189ms[0m
Encprtion completed.

[DEBUG] Times: 1, loaded dim: 500000
[31mTime of secure aggregation: 1072.248636ms[0m

[33m[INFO] Aggregate successfully.

[0m[31mTotal time inside the Enclave: 1177.605443ms[0m

Secure aggregation completed!
[Info] Destroy enclave: 0.000000ms.
init enclave...
[33m[INFO] Create Enclave: 101.485017ms[0m
Test aggregate time: 0.425553ms

[33m[Info] Sizeof data matrix: 762MB
[0m[DEBUG] loaded num: 500000, times: 1
[31mTime of clear final_x: 0.000000ms
[0m
[DEBUG] loaded num: 500000, times: 1
Clear final x successfully.
[31mTime of entering the enclave: 0.007642ms[0m
[DEBUG] Sizeof all required data in enclave: 7812 KB
[31mTime of key exchanges for 400 clients: 103.583230ms
[0m
[31mTime of key exchanges per client: 0.239844ms
[0m
Encrpyting user data...
[31mTime of data encryption per client: 4.560297ms[0m
Encprtion completed.

[DEBUG] Times: 1, loaded dim: 500000
[31mTime of secure aggregation: 1066.256705ms[0m

[33m[INFO] Aggregate successfully.

[0m[31mTotal time inside the Enclave: 1169.847577ms[0m

Secure aggregation completed!
[Info] Destroy enclave: 0.000000ms.
init enclave...
[33m[INFO] Create Enclave: 111.752861ms[0m
Test aggregate time: 0.426265ms

[33m[Info] Sizeof data matrix: 762MB
[0m[DEBUG] loaded num: 500000, times: 1
[31mTime of clear final_x: 0.000000ms
[0m
[DEBUG] loaded num: 500000, times: 1
Clear final x successfully.
[31mTime of entering the enclave: 0.009112ms[0m
[DEBUG] Sizeof all required data in enclave: 7812 KB
[31mTime of key exchanges for 400 clients: 104.703676ms
[0m
[31mTime of key exchanges per client: 0.242454ms
[0m
Encrpyting user data...
[31mTime of data encryption per client: 4.579128ms[0m
Encprtion completed.

[DEBUG] Times: 1, loaded dim: 500000
[31mTime of secure aggregation: 1068.867070ms[0m

[33m[INFO] Aggregate successfully.

[0m[31mTotal time inside the Enclave: 1173.579858ms[0m

Secure aggregation completed!
[Info] Destroy enclave: 0.000000ms.
init enclave...
[33m[INFO] Create Enclave: 102.952762ms[0m
Test aggregate time: 0.427031ms

[33m[Info] Sizeof data matrix: 762MB
[0m[DEBUG] loaded num: 500000, times: 1
[31mTime of clear final_x: 0.000000ms
[0m
[DEBUG] loaded num: 500000, times: 1
Clear final x successfully.
[31mTime of entering the enclave: 0.009854ms[0m
[DEBUG] Sizeof all required data in enclave: 7812 KB
[31mTime of key exchanges for 400 clients: 104.176736ms
[0m
[31mTime of key exchanges per client: 0.240941ms
[0m
Encrpyting user data...
[31mTime of data encryption per client: 4.579262ms[0m
Encprtion completed.

[DEBUG] Times: 1, loaded dim: 500000
[31mTime of secure aggregation: 1081.985577ms[0m

[33m[INFO] Aggregate successfully.

[0m[31mTotal time inside the Enclave: 1186.172167ms[0m

Secure aggregation completed!
[Info] Destroy enclave: 0.000000ms.
init enclave...
[33m[INFO] Create Enclave: 103.677634ms[0m
Test aggregate time: 0.425019ms

[33m[Info] Sizeof data matrix: 762MB
[0m[DEBUG] loaded num: 500000, times: 1
[31mTime of clear final_x: 0.000000ms
[0m
[DEBUG] loaded num: 500000, times: 1
Clear final x successfully.
[31mTime of entering the enclave: 0.008844ms[0m
[DEBUG] Sizeof all required data in enclave: 7812 KB
[31mTime of key exchanges for 400 clients: 105.364043ms
[0m
[31mTime of key exchanges per client: 0.244307ms
[0m
Encrpyting user data...
[31mTime of data encryption per client: 4.580464ms[0m
Encprtion completed.

[DEBUG] Times: 1, loaded dim: 500000
[31mTime of secure aggregation: 1066.019671ms[0m

[33m[INFO] Aggregate successfully.

[0m[31mTotal time inside the Enclave: 1171.392558ms[0m

Secure aggregation completed!
[Info] Destroy enclave: 0.000000ms.
init enclave...
[33m[INFO] Create Enclave: 110.797254ms[0m
Test aggregate time: 0.430666ms

[33m[Info] Sizeof data matrix: 762MB
[0m[DEBUG] loaded num: 500000, times: 1
[31mTime of clear final_x: 0.000000ms
[0m
[DEBUG] loaded num: 500000, times: 1
Clear final x successfully.
[31mTime of entering the enclave: 0.008805ms[0m
[DEBUG] Sizeof all required data in enclave: 7812 KB
[31mTime of key exchanges for 400 clients: 103.681189ms
[0m
[31mTime of key exchanges per client: 0.241271ms
[0m
Encrpyting user data...
[31mTime of data encryption per client: 4.558771ms[0m
Encprtion completed.

[DEBUG] Times: 1, loaded dim: 500000
[31mTime of secure aggregation: 1061.333264ms[0m

[33m[INFO] Aggregate successfully.

[0m[31mTotal time inside the Enclave: 1165.023258ms[0m

Secure aggregation completed!
[Info] Destroy enclave: 0.000000ms.
init enclave...
[33m[INFO] Create Enclave: 102.094601ms[0m
Test aggregate time: 0.427091ms

[33m[Info] Sizeof data matrix: 762MB
[0m[DEBUG] loaded num: 500000, times: 1
[31mTime of clear final_x: 0.000000ms
[0m
[DEBUG] loaded num: 500000, times: 1
Clear final x successfully.
[31mTime of entering the enclave: 0.007913ms[0m
[DEBUG] Sizeof all required data in enclave: 7812 KB
[31mTime of key exchanges for 400 clients: 104.622668ms
[0m
[31mTime of key exchanges per client: 0.241024ms
[0m
Encrpyting user data...
[31mTime of data encryption per client: 4.577284ms[0m
Encprtion completed.

[DEBUG] Times: 1, loaded dim: 500000
[31mTime of secure aggregation: 1079.271566ms[0m

[33m[INFO] Aggregate successfully.

[0m[31mTotal time inside the Enclave: 1183.902147ms[0m

Secure aggregation completed!
[Info] Destroy enclave: 0.000000ms.
init enclave...
[33m[INFO] Create Enclave: 102.516642ms[0m
Test aggregate time: 0.426447ms

[33m[Info] Sizeof data matrix: 762MB
[0m[DEBUG] loaded num: 500000, times: 1
[31mTime of clear final_x: 0.000000ms
[0m
[DEBUG] loaded num: 500000, times: 1
Clear final x successfully.
[31mTime of entering the enclave: 0.009373ms[0m
[DEBUG] Sizeof all required data in enclave: 7812 KB
[31mTime of key exchanges for 400 clients: 105.263593ms
[0m
[31mTime of key exchanges per client: 0.241967ms
[0m
Encrpyting user data...
[31mTime of data encryption per client: 4.583439ms[0m
Encprtion completed.

[DEBUG] Times: 1, loaded dim: 500000
[31mTime of secure aggregation: 1068.621359ms[0m

[33m[INFO] Aggregate successfully.

[0m[31mTotal time inside the Enclave: 1173.894325ms[0m

Secure aggregation completed!
[Info] Destroy enclave: 0.000000ms.
init enclave...
[33m[INFO] Create Enclave: 103.253871ms[0m
Test aggregate time: 0.432171ms

[33m[Info] Sizeof data matrix: 762MB
[0m[DEBUG] loaded num: 500000, times: 1
[31mTime of clear final_x: 0.000000ms
[0m
[DEBUG] loaded num: 500000, times: 1
Clear final x successfully.
[31mTime of entering the enclave: 0.010268ms[0m
[DEBUG] Sizeof all required data in enclave: 7812 KB
[31mTime of key exchanges for 400 clients: 103.856143ms
[0m
[31mTime of key exchanges per client: 0.240174ms
[0m
Encrpyting user data...
[31mTime of data encryption per client: 4.573381ms[0m
Encprtion completed.

[DEBUG] Times: 1, loaded dim: 500000
[31mTime of secure aggregation: 1079.950389ms[0m

[33m[INFO] Aggregate successfully.

[0m[31mTotal time inside the Enclave: 1183.816800ms[0m

Secure aggregation completed!
[Info] Destroy enclave: 0.000000ms.
init enclave...
[33m[INFO] Create Enclave: 101.440876ms[0m
Test aggregate time: 0.427331ms

[33m[Info] Sizeof data matrix: 762MB
[0m[DEBUG] loaded num: 500000, times: 1
[31mTime of clear final_x: 0.000000ms
[0m
[DEBUG] loaded num: 500000, times: 1
Clear final x successfully.
[31mTime of entering the enclave: 0.008736ms[0m
[DEBUG] Sizeof all required data in enclave: 7812 KB
[31mTime of key exchanges for 400 clients: 104.687224ms
[0m
[31mTime of key exchanges per client: 0.241519ms
[0m
Encrpyting user data...
[31mTime of data encryption per client: 4.567259ms[0m
Encprtion completed.

[DEBUG] Times: 1, loaded dim: 500000
[31mTime of secure aggregation: 1080.593244ms[0m

[33m[INFO] Aggregate successfully.

[0m[31mTotal time inside the Enclave: 1185.289204ms[0m

Secure aggregation completed!
[Info] Destroy enclave: 0.000000ms.
init enclave...
[33m[INFO] Create Enclave: 107.342911ms[0m
Test aggregate time: 0.426885ms

[33m[Info] Sizeof data matrix: 762MB
[0m[DEBUG] loaded num: 500000, times: 1
[31mTime of clear final_x: 0.000000ms
[0m
[DEBUG] loaded num: 500000, times: 1
Clear final x successfully.
[31mTime of entering the enclave: 0.008926ms[0m
[DEBUG] Sizeof all required data in enclave: 7812 KB
[31mTime of key exchanges for 400 clients: 103.715708ms
[0m
[31mTime of key exchanges per client: 0.239685ms
[0m
Encrpyting user data...
[31mTime of data encryption per client: 4.598485ms[0m
Encprtion completed.

[DEBUG] Times: 1, loaded dim: 500000
[31mTime of secure aggregation: 1071.017537ms[0m

[33m[INFO] Aggregate successfully.

[0m[31mTotal time inside the Enclave: 1174.742171ms[0m

Secure aggregation completed!
[Info] Destroy enclave: 0.000000ms.
init enclave...
[33m[INFO] Create Enclave: 108.236089ms[0m
Test aggregate time: 0.430683ms

[33m[Info] Sizeof data matrix: 762MB
[0m[DEBUG] loaded num: 500000, times: 1
[31mTime of clear final_x: 0.000000ms
[0m
[DEBUG] loaded num: 500000, times: 1
Clear final x successfully.
[31mTime of entering the enclave: 0.008579ms[0m
[DEBUG] Sizeof all required data in enclave: 7812 KB
[31mTime of key exchanges for 400 clients: 107.029345ms
[0m
[31mTime of key exchanges per client: 0.247684ms
[0m
Encrpyting user data...
[31mTime of data encryption per client: 4.592490ms[0m
Encprtion completed.

[DEBUG] Times: 1, loaded dim: 500000
[31mTime of secure aggregation: 1087.518194ms[0m

[33m[INFO] Aggregate successfully.

[0m[31mTotal time inside the Enclave: 1194.556118ms[0m

Secure aggregation completed!
[Info] Destroy enclave: 0.000000ms.
init enclave...
[33m[INFO] Create Enclave: 106.530193ms[0m
Test aggregate time: 0.429151ms

[33m[Info] Sizeof data matrix: 762MB
[0m[DEBUG] loaded num: 500000, times: 1
[31mTime of clear final_x: 0.000000ms
[0m
[DEBUG] loaded num: 500000, times: 1
Clear final x successfully.
[31mTime of entering the enclave: 0.009724ms[0m
[DEBUG] Sizeof all required data in enclave: 7812 KB
[31mTime of key exchanges for 400 clients: 104.173778ms
[0m
[31mTime of key exchanges per client: 0.240899ms
[0m
Encrpyting user data...
[31mTime of data encryption per client: 4.566456ms[0m
Encprtion completed.

[DEBUG] Times: 1, loaded dim: 500000
[31mTime of secure aggregation: 1069.617231ms[0m

[33m[INFO] Aggregate successfully.

[0m[31mTotal time inside the Enclave: 1173.800733ms[0m

Secure aggregation completed!
[Info] Destroy enclave: 0.000000ms.
init enclave...
[33m[INFO] Create Enclave: 101.381949ms[0m
Test aggregate time: 0.424749ms

[33m[Info] Sizeof data matrix: 762MB
[0m[DEBUG] loaded num: 500000, times: 1
[31mTime of clear final_x: 0.000000ms
[0m
[DEBUG] loaded num: 500000, times: 1
Clear final x successfully.
[31mTime of entering the enclave: 0.008795ms[0m
[DEBUG] Sizeof all required data in enclave: 7812 KB
[31mTime of key exchanges for 400 clients: 104.214001ms
[0m
[31mTime of key exchanges per client: 0.240019ms
[0m
Encrpyting user data...
[31mTime of data encryption per client: 4.561300ms[0m
Encprtion completed.

[DEBUG] Times: 1, loaded dim: 500000
[31mTime of secure aggregation: 1065.045117ms[0m

[33m[INFO] Aggregate successfully.

[0m[31mTotal time inside the Enclave: 1169.267913ms[0m

Secure aggregation completed!
[Info] Destroy enclave: 0.000000ms.
init enclave...
[33m[INFO] Create Enclave: 104.166611ms[0m
Test aggregate time: 0.423915ms

[33m[Info] Sizeof data matrix: 762MB
[0m[DEBUG] loaded num: 500000, times: 1
[31mTime of clear final_x: 0.000000ms
[0m
[DEBUG] loaded num: 500000, times: 1
Clear final x successfully.
[31mTime of entering the enclave: 0.009246ms[0m
[DEBUG] Sizeof all required data in enclave: 7812 KB
[31mTime of key exchanges for 400 clients: 103.789418ms
[0m
[31mTime of key exchanges per client: 0.239718ms
[0m
Encrpyting user data...
[31mTime of data encryption per client: 4.556841ms[0m
Encprtion completed.

[DEBUG] Times: 1, loaded dim: 500000
[31mTime of secure aggregation: 1064.988601ms[0m

[33m[INFO] Aggregate successfully.

[0m[31mTotal time inside the Enclave: 1168.787265ms[0m

Secure aggregation completed!
[Info] Destroy enclave: 0.000000ms.
init enclave...
[33m[INFO] Create Enclave: 105.901080ms[0m
Test aggregate time: 0.425358ms

[33m[Info] Sizeof data matrix: 762MB
[0m[DEBUG] loaded num: 500000, times: 1
[31mTime of clear final_x: 0.000000ms
[0m
[DEBUG] loaded num: 500000, times: 1
Clear final x successfully.
[31mTime of entering the enclave: 0.009170ms[0m
[DEBUG] Sizeof all required data in enclave: 7812 KB
[31mTime of key exchanges for 400 clients: 103.951476ms
[0m
[31mTime of key exchanges per client: 0.240142ms
[0m
Encrpyting user data...
[31mTime of data encryption per client: 4.566843ms[0m
Encprtion completed.

[DEBUG] Times: 1, loaded dim: 500000
[31mTime of secure aggregation: 1070.244595ms[0m

[33m[INFO] Aggregate successfully.

[0m[31mTotal time inside the Enclave: 1174.205241ms[0m

Secure aggregation completed!
[Info] Destroy enclave: 0.000000ms.
init enclave...
[33m[INFO] Create Enclave: 101.174033ms[0m
Test aggregate time: 0.424831ms

[33m[Info] Sizeof data matrix: 762MB
[0m[DEBUG] loaded num: 500000, times: 1
[31mTime of clear final_x: 0.000000ms
[0m
[DEBUG] loaded num: 500000, times: 1
Clear final x successfully.
[31mTime of entering the enclave: 0.008440ms[0m
[DEBUG] Sizeof all required data in enclave: 7812 KB
[31mTime of key exchanges for 400 clients: 103.782443ms
[0m
[31mTime of key exchanges per client: 0.240233ms
[0m
Encrpyting user data...
[31mTime of data encryption per client: 4.583329ms[0m
Encprtion completed.

[DEBUG] Times: 1, loaded dim: 500000
[31mTime of secure aggregation: 1066.933204ms[0m

[33m[INFO] Aggregate successfully.

[0m[31mTotal time inside the Enclave: 1170.724087ms[0m

Secure aggregation completed!
[Info] Destroy enclave: 0.000000ms.
init enclave...
[33m[INFO] Create Enclave: 104.588140ms[0m
Test aggregate time: 0.426152ms

[33m[Info] Sizeof data matrix: 762MB
[0m[DEBUG] loaded num: 500000, times: 1
[31mTime of clear final_x: 0.000000ms
[0m
[DEBUG] loaded num: 500000, times: 1
Clear final x successfully.
[31mTime of entering the enclave: 0.008884ms[0m
[DEBUG] Sizeof all required data in enclave: 7812 KB
[31mTime of key exchanges for 400 clients: 103.809621ms
[0m
[31mTime of key exchanges per client: 0.239769ms
[0m
Encrpyting user data...
[31mTime of data encryption per client: 4.575546ms[0m
Encprtion completed.

[DEBUG] Times: 1, loaded dim: 500000
[31mTime of secure aggregation: 1060.704985ms[0m

[33m[INFO] Aggregate successfully.

[0m[31mTotal time inside the Enclave: 1164.523490ms[0m

Secure aggregation completed!
[Info] Destroy enclave: 0.000000ms.
init enclave...
[33m[INFO] Create Enclave: 106.018157ms[0m
Test aggregate time: 0.425398ms

[33m[Info] Sizeof data matrix: 762MB
[0m[DEBUG] loaded num: 500000, times: 1
[31mTime of clear final_x: 0.000000ms
[0m
[DEBUG] loaded num: 500000, times: 1
Clear final x successfully.
[31mTime of entering the enclave: 0.008413ms[0m
[DEBUG] Sizeof all required data in enclave: 7812 KB
[31mTime of key exchanges for 400 clients: 105.758787ms
[0m
[31mTime of key exchanges per client: 0.244619ms
[0m
Encrpyting user data...
[31mTime of data encryption per client: 4.589389ms[0m
Encprtion completed.

[DEBUG] Times: 1, loaded dim: 500000
[31mTime of secure aggregation: 1064.152128ms[0m

[33m[INFO] Aggregate successfully.

[0m[31mTotal time inside the Enclave: 1169.919328ms[0m

Secure aggregation completed!
[Info] Destroy enclave: 0.000000ms.
init enclave...
[33m[INFO] Create Enclave: 100.693191ms[0m
Test aggregate time: 0.424747ms

[33m[Info] Sizeof data matrix: 762MB
[0m[DEBUG] loaded num: 500000, times: 1
[31mTime of clear final_x: 0.000000ms
[0m
[DEBUG] loaded num: 500000, times: 1
Clear final x successfully.
[31mTime of entering the enclave: 0.010203ms[0m
[DEBUG] Sizeof all required data in enclave: 7812 KB
[31mTime of key exchanges for 400 clients: 104.605882ms
[0m
[31mTime of key exchanges per client: 0.241543ms
[0m
Encrpyting user data...
[31mTime of data encryption per client: 4.551440ms[0m
Encprtion completed.

[DEBUG] Times: 1, loaded dim: 500000
[31mTime of secure aggregation: 1069.438140ms[0m

[33m[INFO] Aggregate successfully.

[0m[31mTotal time inside the Enclave: 1174.054225ms[0m

Secure aggregation completed!
[Info] Destroy enclave: 0.000000ms.
init enclave...
[33m[INFO] Create Enclave: 101.079605ms[0m
Test aggregate time: 0.426300ms

[33m[Info] Sizeof data matrix: 762MB
[0m[DEBUG] loaded num: 500000, times: 1
[31mTime of clear final_x: 0.000000ms
[0m
[DEBUG] loaded num: 500000, times: 1
Clear final x successfully.
[31mTime of entering the enclave: 0.008512ms[0m
[DEBUG] Sizeof all required data in enclave: 7812 KB
[31mTime of key exchanges for 400 clients: 104.059701ms
[0m
[31mTime of key exchanges per client: 0.240346ms
[0m
Encrpyting user data...
[31mTime of data encryption per client: 4.565601ms[0m
Encprtion completed.

[DEBUG] Times: 1, loaded dim: 500000
[31mTime of secure aggregation: 1067.705882ms[0m

[33m[INFO] Aggregate successfully.

[0m[31mTotal time inside the Enclave: 1171.774095ms[0m

Secure aggregation completed!
[Info] Destroy enclave: 0.000000ms.
init enclave...
[33m[INFO] Create Enclave: 106.162978ms[0m
Test aggregate time: 0.425593ms

[33m[Info] Sizeof data matrix: 762MB
[0m[DEBUG] loaded num: 500000, times: 1
[31mTime of clear final_x: 0.000000ms
[0m
[DEBUG] loaded num: 500000, times: 1
Clear final x successfully.
[31mTime of entering the enclave: 0.008970ms[0m
[DEBUG] Sizeof all required data in enclave: 7812 KB
[31mTime of key exchanges for 400 clients: 104.736495ms
[0m
[31mTime of key exchanges per client: 0.241028ms
[0m
Encrpyting user data...
[31mTime of data encryption per client: 4.596575ms[0m
Encprtion completed.

[DEBUG] Times: 1, loaded dim: 500000
[31mTime of secure aggregation: 1075.100364ms[0m

[33m[INFO] Aggregate successfully.

[0m[31mTotal time inside the Enclave: 1179.845829ms[0m

Secure aggregation completed!
[Info] Destroy enclave: 0.000000ms.
init enclave...
[33m[INFO] Create Enclave: 100.769305ms[0m
Test aggregate time: 0.426471ms

[33m[Info] Sizeof data matrix: 762MB
[0m[DEBUG] loaded num: 500000, times: 1
[31mTime of clear final_x: 0.000000ms
[0m
[DEBUG] loaded num: 500000, times: 1
Clear final x successfully.
[31mTime of entering the enclave: 0.008482ms[0m
[DEBUG] Sizeof all required data in enclave: 7812 KB
[31mTime of key exchanges for 400 clients: 104.169226ms
[0m
[31mTime of key exchanges per client: 0.240201ms
[0m
Encrpyting user data...
[31mTime of data encryption per client: 4.598975ms[0m
Encprtion completed.

[DEBUG] Times: 1, loaded dim: 500000
[31mTime of secure aggregation: 1071.454924ms[0m

[33m[INFO] Aggregate successfully.

[0m[31mTotal time inside the Enclave: 1175.632632ms[0m

Secure aggregation completed!
[Info] Destroy enclave: 0.000000ms.
init enclave...
[33m[INFO] Create Enclave: 107.452996ms[0m
Test aggregate time: 0.425152ms

[33m[Info] Sizeof data matrix: 762MB
[0m[DEBUG] loaded num: 500000, times: 1
[31mTime of clear final_x: 0.000000ms
[0m
[DEBUG] loaded num: 500000, times: 1
Clear final x successfully.
[31mTime of entering the enclave: 0.009009ms[0m
[DEBUG] Sizeof all required data in enclave: 7812 KB
[31mTime of key exchanges for 400 clients: 104.629245ms
[0m
[31mTime of key exchanges per client: 0.241329ms
[0m
Encrpyting user data...
[31mTime of data encryption per client: 4.559026ms[0m
Encprtion completed.

[DEBUG] Times: 1, loaded dim: 500000
[31mTime of secure aggregation: 1071.693181ms[0m

[33m[INFO] Aggregate successfully.

[0m[31mTotal time inside the Enclave: 1176.331435ms[0m

Secure aggregation completed!
[Info] Destroy enclave: 0.000000ms.
init enclave...
[33m[INFO] Create Enclave: 110.006928ms[0m
Test aggregate time: 0.424574ms

[33m[Info] Sizeof data matrix: 762MB
[0m[DEBUG] loaded num: 500000, times: 1
[31mTime of clear final_x: 0.000000ms
[0m
[DEBUG] loaded num: 500000, times: 1
Clear final x successfully.
[31mTime of entering the enclave: 0.008523ms[0m
[DEBUG] Sizeof all required data in enclave: 7812 KB
[31mTime of key exchanges for 400 clients: 104.099264ms
[0m
[31mTime of key exchanges per client: 0.240453ms
[0m
Encrpyting user data...
[31mTime of data encryption per client: 4.578275ms[0m
Encprtion completed.

[DEBUG] Times: 1, loaded dim: 500000
[31mTime of secure aggregation: 1075.381532ms[0m

[33m[INFO] Aggregate successfully.

[0m[31mTotal time inside the Enclave: 1179.489319ms[0m

Secure aggregation completed!
[Info] Destroy enclave: 0.000000ms.
init enclave...
[33m[INFO] Create Enclave: 101.261685ms[0m
Test aggregate time: 0.425577ms

[33m[Info] Sizeof data matrix: 762MB
[0m[DEBUG] loaded num: 500000, times: 1
[31mTime of clear final_x: 0.000000ms
[0m
[DEBUG] loaded num: 500000, times: 1
Clear final x successfully.
[31mTime of entering the enclave: 0.009161ms[0m
[DEBUG] Sizeof all required data in enclave: 7812 KB
[31mTime of key exchanges for 400 clients: 104.184497ms
[0m
[31mTime of key exchanges per client: 0.241355ms
[0m
Encrpyting user data...
[31mTime of data encryption per client: 4.564983ms[0m
Encprtion completed.

[DEBUG] Times: 1, loaded dim: 500000
[31mTime of secure aggregation: 1071.048179ms[0m

[33m[INFO] Aggregate successfully.

[0m[31mTotal time inside the Enclave: 1175.241837ms[0m

Secure aggregation completed!
[Info] Destroy enclave: 0.000000ms.
init enclave...
[33m[INFO] Create Enclave: 107.710491ms[0m
Test aggregate time: 0.425116ms

[33m[Info] Sizeof data matrix: 762MB
[0m[DEBUG] loaded num: 500000, times: 1
[31mTime of clear final_x: 0.000000ms
[0m
[DEBUG] loaded num: 500000, times: 1
Clear final x successfully.
[31mTime of entering the enclave: 0.009344ms[0m
[DEBUG] Sizeof all required data in enclave: 7812 KB
[31mTime of key exchanges for 400 clients: 104.113330ms
[0m
[31mTime of key exchanges per client: 0.240189ms
[0m
Encrpyting user data...
[31mTime of data encryption per client: 4.569292ms[0m
Encprtion completed.

[DEBUG] Times: 1, loaded dim: 500000
[31mTime of secure aggregation: 1063.583739ms[0m

[33m[INFO] Aggregate successfully.

[0m[31mTotal time inside the Enclave: 1167.706413ms[0m

Secure aggregation completed!
[Info] Destroy enclave: 0.000000ms.
init enclave...
[33m[INFO] Create Enclave: 108.821919ms[0m
Test aggregate time: 0.426719ms

[33m[Info] Sizeof data matrix: 762MB
[0m[DEBUG] loaded num: 500000, times: 1
[31mTime of clear final_x: 0.000000ms
[0m
[DEBUG] loaded num: 500000, times: 1
Clear final x successfully.
[31mTime of entering the enclave: 0.008571ms[0m
[DEBUG] Sizeof all required data in enclave: 7812 KB
[31mTime of key exchanges for 400 clients: 104.848539ms
[0m
[31mTime of key exchanges per client: 0.242721ms
[0m
Encrpyting user data...
[31mTime of data encryption per client: 4.629486ms[0m
Encprtion completed.

[DEBUG] Times: 1, loaded dim: 500000
[31mTime of secure aggregation: 1082.391238ms[0m

[33m[INFO] Aggregate successfully.

[0m[31mTotal time inside the Enclave: 1187.248348ms[0m

Secure aggregation completed!
[Info] Destroy enclave: 0.000000ms.
init enclave...
[33m[INFO] Create Enclave: 101.985713ms[0m
Test aggregate time: 0.427357ms

[33m[Info] Sizeof data matrix: 762MB
[0m[DEBUG] loaded num: 500000, times: 1
[31mTime of clear final_x: 0.000000ms
[0m
[DEBUG] loaded num: 500000, times: 1
Clear final x successfully.
[31mTime of entering the enclave: 0.008305ms[0m
[DEBUG] Sizeof all required data in enclave: 7812 KB
[31mTime of key exchanges for 400 clients: 104.799088ms
[0m
[31mTime of key exchanges per client: 0.242329ms
[0m
Encrpyting user data...
[31mTime of data encryption per client: 4.613572ms[0m
Encprtion completed.

[DEBUG] Times: 1, loaded dim: 500000
[31mTime of secure aggregation: 1077.483875ms[0m

[33m[INFO] Aggregate successfully.

[0m[31mTotal time inside the Enclave: 1182.291268ms[0m

Secure aggregation completed!
[Info] Destroy enclave: 0.000000ms.
init enclave...
[33m[INFO] Create Enclave: 107.809400ms[0m
Test aggregate time: 0.427982ms

[33m[Info] Sizeof data matrix: 762MB
[0m[DEBUG] loaded num: 500000, times: 1
[31mTime of clear final_x: 0.000000ms
[0m
[DEBUG] loaded num: 500000, times: 1
Clear final x successfully.
[31mTime of entering the enclave: 0.008976ms[0m
[DEBUG] Sizeof all required data in enclave: 7812 KB
[31mTime of key exchanges for 400 clients: 105.358898ms
[0m
[31mTime of key exchanges per client: 0.244445ms
[0m
Encrpyting user data...
[31mTime of data encryption per client: 4.611520ms[0m
Encprtion completed.

[DEBUG] Times: 1, loaded dim: 500000
[31mTime of secure aggregation: 1073.402827ms[0m

[33m[INFO] Aggregate successfully.

[0m[31mTotal time inside the Enclave: 1178.770701ms[0m

Secure aggregation completed!
[Info] Destroy enclave: 0.000000ms.
init enclave...
[33m[INFO] Create Enclave: 104.056618ms[0m
Test aggregate time: 0.426173ms

[33m[Info] Sizeof data matrix: 762MB
[0m[DEBUG] loaded num: 500000, times: 1
[31mTime of clear final_x: 0.000000ms
[0m
[DEBUG] loaded num: 500000, times: 1
Clear final x successfully.
[31mTime of entering the enclave: 0.009500ms[0m
[DEBUG] Sizeof all required data in enclave: 7812 KB
[31mTime of key exchanges for 400 clients: 105.279290ms
[0m
[31mTime of key exchanges per client: 0.243937ms
[0m
Encrpyting user data...
[31mTime of data encryption per client: 4.613013ms[0m
Encprtion completed.

[DEBUG] Times: 1, loaded dim: 500000
[31mTime of secure aggregation: 1076.070517ms[0m

[33m[INFO] Aggregate successfully.

[0m[31mTotal time inside the Enclave: 1181.359307ms[0m

Secure aggregation completed!
[Info] Destroy enclave: 0.000000ms.
init enclave...
[33m[INFO] Create Enclave: 111.382836ms[0m
Test aggregate time: 0.425962ms

[33m[Info] Sizeof data matrix: 762MB
[0m[DEBUG] loaded num: 500000, times: 1
[31mTime of clear final_x: 0.000000ms
[0m
[DEBUG] loaded num: 500000, times: 1
Clear final x successfully.
[31mTime of entering the enclave: 0.008776ms[0m
[DEBUG] Sizeof all required data in enclave: 7812 KB
[31mTime of key exchanges for 400 clients: 104.958756ms
[0m
[31mTime of key exchanges per client: 0.241577ms
[0m
Encrpyting user data...
[31mTime of data encryption per client: 4.590138ms[0m
Encprtion completed.

[DEBUG] Times: 1, loaded dim: 500000
[31mTime of secure aggregation: 1087.904559ms[0m

[33m[INFO] Aggregate successfully.

[0m[31mTotal time inside the Enclave: 1192.872091ms[0m

Secure aggregation completed!
[Info] Destroy enclave: 0.000000ms.
init enclave...
[33m[INFO] Create Enclave: 101.359949ms[0m
Test aggregate time: 0.426955ms

[33m[Info] Sizeof data matrix: 762MB
[0m[DEBUG] loaded num: 500000, times: 1
[31mTime of clear final_x: 0.000000ms
[0m
[DEBUG] loaded num: 500000, times: 1
Clear final x successfully.
[31mTime of entering the enclave: 0.008627ms[0m
[DEBUG] Sizeof all required data in enclave: 7812 KB
[31mTime of key exchanges for 400 clients: 104.688364ms
[0m
[31mTime of key exchanges per client: 0.241932ms
[0m
Encrpyting user data...
[31mTime of data encryption per client: 4.583247ms[0m
Encprtion completed.

[DEBUG] Times: 1, loaded dim: 500000
[31mTime of secure aggregation: 1075.398991ms[0m

[33m[INFO] Aggregate successfully.

[0m[31mTotal time inside the Enclave: 1180.095982ms[0m

Secure aggregation completed!
[Info] Destroy enclave: 0.000000ms.
init enclave...
[33m[INFO] Create Enclave: 101.875379ms[0m
Test aggregate time: 0.424510ms

[33m[Info] Sizeof data matrix: 762MB
[0m[DEBUG] loaded num: 500000, times: 1
[31mTime of clear final_x: 0.000000ms
[0m
[DEBUG] loaded num: 500000, times: 1
Clear final x successfully.
[31mTime of entering the enclave: 0.009132ms[0m
[DEBUG] Sizeof all required data in enclave: 7812 KB
[31mTime of key exchanges for 400 clients: 107.613330ms
[0m
[31mTime of key exchanges per client: 0.248787ms
[0m
Encrpyting user data...
[31mTime of data encryption per client: 4.553439ms[0m
Encprtion completed.

[DEBUG] Times: 1, loaded dim: 500000
[31mTime of secure aggregation: 1073.198680ms[0m

[33m[INFO] Aggregate successfully.

[0m[31mTotal time inside the Enclave: 1180.821142ms[0m

Secure aggregation completed!
[Info] Destroy enclave: 0.000000ms.
init enclave...
[33m[INFO] Create Enclave: 103.713176ms[0m
Test aggregate time: 0.425737ms

[33m[Info] Sizeof data matrix: 762MB
[0m[DEBUG] loaded num: 500000, times: 1
[31mTime of clear final_x: 0.000000ms
[0m
[DEBUG] loaded num: 500000, times: 1
Clear final x successfully.
[31mTime of entering the enclave: 0.009024ms[0m
[DEBUG] Sizeof all required data in enclave: 7812 KB
[31mTime of key exchanges for 400 clients: 104.402635ms
[0m
[31mTime of key exchanges per client: 0.241848ms
[0m
Encrpyting user data...
[31mTime of data encryption per client: 4.558448ms[0m
Encprtion completed.

[DEBUG] Times: 1, loaded dim: 500000
[31mTime of secure aggregation: 1080.660041ms[0m

[33m[INFO] Aggregate successfully.

[0m[31mTotal time inside the Enclave: 1185.071700ms[0m

Secure aggregation completed!
[Info] Destroy enclave: 0.000000ms.
init enclave...
[33m[INFO] Create Enclave: 101.755896ms[0m
Test aggregate time: 0.425490ms

[33m[Info] Sizeof data matrix: 762MB
[0m[DEBUG] loaded num: 500000, times: 1
[31mTime of clear final_x: 0.000000ms
[0m
[DEBUG] loaded num: 500000, times: 1
Clear final x successfully.
[31mTime of entering the enclave: 0.008439ms[0m
[DEBUG] Sizeof all required data in enclave: 7812 KB
[31mTime of key exchanges for 400 clients: 103.779505ms
[0m
[31mTime of key exchanges per client: 0.240424ms
[0m
Encrpyting user data...
[31mTime of data encryption per client: 4.568677ms[0m
Encprtion completed.

[DEBUG] Times: 1, loaded dim: 500000
[31mTime of secure aggregation: 1082.698780ms[0m

[33m[INFO] Aggregate successfully.

[0m[31mTotal time inside the Enclave: 1186.486724ms[0m

Secure aggregation completed!
[Info] Destroy enclave: 0.000000ms.
init enclave...
[33m[INFO] Create Enclave: 103.969120ms[0m
Test aggregate time: 0.432256ms

[33m[Info] Sizeof data matrix: 762MB
[0m[DEBUG] loaded num: 500000, times: 1
[31mTime of clear final_x: 0.000000ms
[0m
[DEBUG] loaded num: 500000, times: 1
Clear final x successfully.
[31mTime of entering the enclave: 0.008826ms[0m
[DEBUG] Sizeof all required data in enclave: 7812 KB
[31mTime of key exchanges for 400 clients: 105.344506ms
[0m
[31mTime of key exchanges per client: 0.243192ms
[0m
Encrpyting user data...
[31mTime of data encryption per client: 4.586269ms[0m
Encprtion completed.

[DEBUG] Times: 1, loaded dim: 500000
[31mTime of secure aggregation: 1076.446983ms[0m

[33m[INFO] Aggregate successfully.

[0m[31mTotal time inside the Enclave: 1181.800315ms[0m

Secure aggregation completed!
[Info] Destroy enclave: 0.000000ms.
init enclave...
[33m[INFO] Create Enclave: 102.883218ms[0m
Test aggregate time: 0.427593ms

[33m[Info] Sizeof data matrix: 762MB
[0m[DEBUG] loaded num: 500000, times: 1
[31mTime of clear final_x: 0.000000ms
[0m
[DEBUG] loaded num: 500000, times: 1
Clear final x successfully.
[31mTime of entering the enclave: 0.008564ms[0m
[DEBUG] Sizeof all required data in enclave: 7812 KB
[31mTime of key exchanges for 400 clients: 104.545727ms
[0m
[31mTime of key exchanges per client: 0.241779ms
[0m
Encrpyting user data...
[31mTime of data encryption per client: 4.604726ms[0m
Encprtion completed.

[DEBUG] Times: 1, loaded dim: 500000
[31mTime of secure aggregation: 1094.337229ms[0m

[33m[INFO] Aggregate successfully.

[0m[31mTotal time inside the Enclave: 1198.891520ms[0m

Secure aggregation completed!
[Info] Destroy enclave: 0.000000ms.
init enclave...
[33m[INFO] Create Enclave: 101.572907ms[0m
Test aggregate time: 0.428355ms

[33m[Info] Sizeof data matrix: 762MB
[0m[DEBUG] loaded num: 500000, times: 1
[31mTime of clear final_x: 0.000000ms
[0m
[DEBUG] loaded num: 500000, times: 1
Clear final x successfully.
[31mTime of entering the enclave: 0.008576ms[0m
[DEBUG] Sizeof all required data in enclave: 7812 KB
[31mTime of key exchanges for 400 clients: 104.404701ms
[0m
[31mTime of key exchanges per client: 0.242029ms
[0m
Encrpyting user data...
[31mTime of data encryption per client: 4.613626ms[0m
Encprtion completed.

[DEBUG] Times: 1, loaded dim: 500000
[31mTime of secure aggregation: 1081.449823ms[0m

[33m[INFO] Aggregate successfully.

[0m[31mTotal time inside the Enclave: 1185.863100ms[0m

Secure aggregation completed!
[Info] Destroy enclave: 0.000000ms.
init enclave...
[33m[INFO] Create Enclave: 106.854070ms[0m
Test aggregate time: 0.427235ms

[33m[Info] Sizeof data matrix: 762MB
[0m[DEBUG] loaded num: 500000, times: 1
[31mTime of clear final_x: 0.000000ms
[0m
[DEBUG] loaded num: 500000, times: 1
Clear final x successfully.
[31mTime of entering the enclave: 0.008832ms[0m
[DEBUG] Sizeof all required data in enclave: 7812 KB
[31mTime of key exchanges for 400 clients: 104.237328ms
[0m
[31mTime of key exchanges per client: 0.240687ms
[0m
Encrpyting user data...
[31mTime of data encryption per client: 4.605869ms[0m
Encprtion completed.

[DEBUG] Times: 1, loaded dim: 500000
[31mTime of secure aggregation: 1071.982164ms[0m

[33m[INFO] Aggregate successfully.

[0m[31mTotal time inside the Enclave: 1176.228324ms[0m

Secure aggregation completed!
[Info] Destroy enclave: 0.000000ms.
init enclave...
[33m[INFO] Create Enclave: 101.347722ms[0m
Test aggregate time: 0.426276ms

[33m[Info] Sizeof data matrix: 762MB
[0m[DEBUG] loaded num: 500000, times: 1
[31mTime of clear final_x: 0.000000ms
[0m
[DEBUG] loaded num: 500000, times: 1
Clear final x successfully.
[31mTime of entering the enclave: 0.009355ms[0m
[DEBUG] Sizeof all required data in enclave: 7812 KB
[31mTime of key exchanges for 400 clients: 103.856053ms
[0m
[31mTime of key exchanges per client: 0.240817ms
[0m
Encrpyting user data...
[31mTime of data encryption per client: 4.602986ms[0m
Encprtion completed.

[DEBUG] Times: 1, loaded dim: 500000
[31mTime of secure aggregation: 1069.876075ms[0m

[33m[INFO] Aggregate successfully.

[0m[31mTotal time inside the Enclave: 1173.741483ms[0m

Secure aggregation completed!
[Info] Destroy enclave: 0.000000ms.
init enclave...
[33m[INFO] Create Enclave: 103.667110ms[0m
Test aggregate time: 0.429985ms

[33m[Info] Sizeof data matrix: 762MB
[0m[DEBUG] loaded num: 500000, times: 1
[31mTime of clear final_x: 0.000000ms
[0m
[DEBUG] loaded num: 500000, times: 1
Clear final x successfully.
[31mTime of entering the enclave: 0.008269ms[0m
[DEBUG] Sizeof all required data in enclave: 7812 KB
[31mTime of key exchanges for 400 clients: 104.184825ms
[0m
[31mTime of key exchanges per client: 0.240435ms
[0m
Encrpyting user data...
[31mTime of data encryption per client: 4.584192ms[0m
Encprtion completed.

[DEBUG] Times: 1, loaded dim: 500000
[31mTime of secure aggregation: 1073.193588ms[0m

[33m[INFO] Aggregate successfully.

[0m[31mTotal time inside the Enclave: 1177.386682ms[0m

Secure aggregation completed!
[Info] Destroy enclave: 0.000000ms.
init enclave...
[33m[INFO] Create Enclave: 104.179308ms[0m
Test aggregate time: 0.424455ms

[33m[Info] Sizeof data matrix: 762MB
[0m[DEBUG] loaded num: 500000, times: 1
[31mTime of clear final_x: 0.000000ms
[0m
[DEBUG] loaded num: 500000, times: 1
Clear final x successfully.
[31mTime of entering the enclave: 0.009455ms[0m
[DEBUG] Sizeof all required data in enclave: 7812 KB
[31mTime of key exchanges for 400 clients: 104.279730ms
[0m
[31mTime of key exchanges per client: 0.240539ms
[0m
Encrpyting user data...
[31mTime of data encryption per client: 4.568623ms[0m
Encprtion completed.

[DEBUG] Times: 1, loaded dim: 500000
[31mTime of secure aggregation: 1072.173128ms[0m

[33m[INFO] Aggregate successfully.

[0m[31mTotal time inside the Enclave: 1176.462313ms[0m

Secure aggregation completed!
[Info] Destroy enclave: 0.000000ms.
init enclave...
[33m[INFO] Create Enclave: 110.499507ms[0m
Test aggregate time: 0.425650ms

[33m[Info] Sizeof data matrix: 762MB
[0m[DEBUG] loaded num: 500000, times: 1
[31mTime of clear final_x: 0.000000ms
[0m
[DEBUG] loaded num: 500000, times: 1
Clear final x successfully.
[31mTime of entering the enclave: 0.008897ms[0m
[DEBUG] Sizeof all required data in enclave: 7812 KB
[31mTime of key exchanges for 400 clients: 104.011361ms
[0m
[31mTime of key exchanges per client: 0.239778ms
[0m
Encrpyting user data...
[31mTime of data encryption per client: 4.591006ms[0m
Encprtion completed.

[DEBUG] Times: 1, loaded dim: 500000
[31mTime of secure aggregation: 1065.606627ms[0m

[33m[INFO] Aggregate successfully.

[0m[31mTotal time inside the Enclave: 1169.626885ms[0m

Secure aggregation completed!
[Info] Destroy enclave: 0.000000ms.
