init enclave...
[33m[INFO] Create Enclave: 111.374312ms[0m
Test aggregate time: 0.530130ms

[33m[Info] Sizeof data matrix: 953MB
[0m[DEBUG] loaded num: 500000, times: 1
[31mTime of clear final_x: 0.000000ms
[0m
[DEBUG] loaded num: 500000, times: 1
Clear final x successfully.
[31mTime of entering the enclave: 0.009693ms[0m
[DEBUG] Sizeof all required data in enclave: 7812 KB
[31mTime of key exchanges for 500 clients: 130.154588ms
[0m
[31mTime of key exchanges per client: 0.240562ms
[0m
Encrpyting user data...
[31mTime of data encryption per client: 4.557282ms[0m
Encprtion completed.

[DEBUG] Times: 1, loaded dim: 500000
[31mTime of secure aggregation: 1349.422629ms[0m

[33m[INFO] Aggregate successfully.

[0m[31mTotal time inside the Enclave: 1479.586910ms[0m

Secure aggregation completed!
[Info] Destroy enclave: 0.000000ms.
init enclave...
[33m[INFO] Create Enclave: 100.890824ms[0m
Test aggregate time: 0.528910ms

[33m[Info] Sizeof data matrix: 953MB
[0m[DEBUG] loaded num: 500000, times: 1
[31mTime of clear final_x: 0.000000ms
[0m
[DEBUG] loaded num: 500000, times: 1
Clear final x successfully.
[31mTime of entering the enclave: 0.009198ms[0m
[DEBUG] Sizeof all required data in enclave: 7812 KB
[31mTime of key exchanges for 500 clients: 130.282585ms
[0m
[31mTime of key exchanges per client: 0.240711ms
[0m
Encrpyting user data...
[31mTime of data encryption per client: 4.557624ms[0m
Encprtion completed.

[DEBUG] Times: 1, loaded dim: 500000
[31mTime of secure aggregation: 1326.130203ms[0m

[33m[INFO] Aggregate successfully.

[0m[31mTotal time inside the Enclave: 1456.421986ms[0m

Secure aggregation completed!
[Info] Destroy enclave: 0.000000ms.
init enclave...
[33m[INFO] Create Enclave: 101.141703ms[0m
Test aggregate time: 0.530200ms

[33m[Info] Sizeof data matrix: 953MB
[0m[DEBUG] loaded num: 500000, times: 1
[31mTime of clear final_x: 0.000000ms
[0m
[DEBUG] loaded num: 500000, times: 1
Clear final x successfully.
[31mTime of entering the enclave: 0.008631ms[0m
[DEBUG] Sizeof all required data in enclave: 7812 KB
[31mTime of key exchanges for 500 clients: 129.181874ms
[0m
[31mTime of key exchanges per client: 0.239096ms
[0m
Encrpyting user data...
[31mTime of data encryption per client: 4.575334ms[0m
Encprtion completed.

[DEBUG] Times: 1, loaded dim: 500000
[31mTime of secure aggregation: 1333.680856ms[0m

[33m[INFO] Aggregate successfully.

[0m[31mTotal time inside the Enclave: 1462.871361ms[0m

Secure aggregation completed!
[Info] Destroy enclave: 0.000000ms.
init enclave...
[33m[INFO] Create Enclave: 102.970496ms[0m
Test aggregate time: 0.540053ms

[33m[Info] Sizeof data matrix: 953MB
[0m[DEBUG] loaded num: 500000, times: 1
[31mTime of clear final_x: 0.000000ms
[0m
[DEBUG] loaded num: 500000, times: 1
Clear final x successfully.
[31mTime of entering the enclave: 0.008547ms[0m
[DEBUG] Sizeof all required data in enclave: 7812 KB
[31mTime of key exchanges for 500 clients: 129.722772ms
[0m
[31mTime of key exchanges per client: 0.239957ms
[0m
Encrpyting user data...
[31mTime of data encryption per client: 4.553812ms[0m
Encprtion completed.

[DEBUG] Times: 1, loaded dim: 500000
[31mTime of secure aggregation: 1345.506724ms[0m

[33m[INFO] Aggregate successfully.

[0m[31mTotal time inside the Enclave: 1475.238043ms[0m

Secure aggregation completed!
[Info] Destroy enclave: 0.000000ms.
init enclave...
[33m[INFO] Create Enclave: 101.973621ms[0m
Test aggregate time: 0.535241ms

[33m[Info] Sizeof data matrix: 953MB
[0m[DEBUG] loaded num: 500000, times: 1
[31mTime of clear final_x: 0.000000ms
[0m
[DEBUG] loaded num: 500000, times: 1
Clear final x successfully.
[31mTime of entering the enclave: 0.008372ms[0m
[DEBUG] Sizeof all required data in enclave: 7812 KB
[31mTime of key exchanges for 500 clients: 129.595081ms
[0m
[31mTime of key exchanges per client: 0.240233ms
[0m
Encrpyting user data...
[31mTime of data encryption per client: 4.604767ms[0m
Encprtion completed.

[DEBUG] Times: 1, loaded dim: 500000
[31mTime of secure aggregation: 1347.381484ms[0m

[33m[INFO] Aggregate successfully.

[0m[31mTotal time inside the Enclave: 1476.984937ms[0m

Secure aggregation completed!
[Info] Destroy enclave: 0.000000ms.
init enclave...
[33m[INFO] Create Enclave: 102.236364ms[0m
Test aggregate time: 0.539613ms

[33m[Info] Sizeof data matrix: 953MB
[0m[DEBUG] loaded num: 500000, times: 1
[31mTime of clear final_x: 0.000000ms
[0m
[DEBUG] loaded num: 500000, times: 1
Clear final x successfully.
[31mTime of entering the enclave: 0.025822ms[0m
[DEBUG] Sizeof all required data in enclave: 7812 KB
[31mTime of key exchanges for 500 clients: 131.860054ms
[0m
[31mTime of key exchanges per client: 0.243673ms
[0m
Encrpyting user data...
[31mTime of data encryption per client: 4.587635ms[0m
Encprtion completed.

[DEBUG] Times: 1, loaded dim: 500000
[31mTime of secure aggregation: 1345.431506ms[0m

[33m[INFO] Aggregate successfully.

[0m[31mTotal time inside the Enclave: 1477.317382ms[0m

Secure aggregation completed!
[Info] Destroy enclave: 0.000000ms.
init enclave...
[33m[INFO] Create Enclave: 103.720150ms[0m
Test aggregate time: 0.531555ms

[33m[Info] Sizeof data matrix: 953MB
[0m[DEBUG] loaded num: 500000, times: 1
[31mTime of clear final_x: 0.000000ms
[0m
[DEBUG] loaded num: 500000, times: 1
Clear final x successfully.
[31mTime of entering the enclave: 0.009418ms[0m
[DEBUG] Sizeof all required data in enclave: 7812 KB
[31mTime of key exchanges for 500 clients: 130.734054ms
[0m
[31mTime of key exchanges per client: 0.241880ms
[0m
Encrpyting user data...
[31mTime of data encryption per client: 4.553099ms[0m
Encprtion completed.

[DEBUG] Times: 1, loaded dim: 500000
[31mTime of secure aggregation: 1347.360221ms[0m

[33m[INFO] Aggregate successfully.

[0m[31mTotal time inside the Enclave: 1478.103693ms[0m

Secure aggregation completed!
[Info] Destroy enclave: 0.000000ms.
init enclave...
[33m[INFO] Create Enclave: 104.066816ms[0m
Test aggregate time: 0.531117ms

[33m[Info] Sizeof data matrix: 953MB
[0m[DEBUG] loaded num: 500000, times: 1
[31mTime of clear final_x: 0.000000ms
[0m
[DEBUG] loaded num: 500000, times: 1
Clear final x successfully.
[31mTime of entering the enclave: 0.008448ms[0m
[DEBUG] Sizeof all required data in enclave: 7812 KB
[31mTime of key exchanges for 500 clients: 129.717972ms
[0m
[31mTime of key exchanges per client: 0.240282ms
[0m
Encrpyting user data...
[31mTime of data encryption per client: 4.570607ms[0m
Encprtion completed.

[DEBUG] Times: 1, loaded dim: 500000
[31mTime of secure aggregation: 1329.667091ms[0m

[33m[INFO] Aggregate successfully.

[0m[31mTotal time inside the Enclave: 1459.393511ms[0m

Secure aggregation completed!
[Info] Destroy enclave: 0.000000ms.
init enclave...
[33m[INFO] Create Enclave: 102.037412ms[0m
Test aggregate time: 0.531385ms

[33m[Info] Sizeof data matrix: 953MB
[0m[DEBUG] loaded num: 500000, times: 1
[31mTime of clear final_x: 0.000000ms
[0m
[DEBUG] loaded num: 500000, times: 1
Clear final x successfully.
[31mTime of entering the enclave: 0.009009ms[0m
[DEBUG] Sizeof all required data in enclave: 7812 KB
[31mTime of key exchanges for 500 clients: 129.961174ms
[0m
[31mTime of key exchanges per client: 0.240550ms
[0m
Encrpyting user data...
[31mTime of data encryption per client: 4.561666ms[0m
Encprtion completed.

[DEBUG] Times: 1, loaded dim: 500000
[31mTime of secure aggregation: 1363.719844ms[0m

[33m[INFO] Aggregate successfully.

[0m[31mTotal time inside the Enclave: 1493.690027ms[0m

Secure aggregation completed!
[Info] Destroy enclave: 0.000000ms.
init enclave...
[33m[INFO] Create Enclave: 102.674873ms[0m
Test aggregate time: 0.534032ms

[33m[Info] Sizeof data matrix: 953MB
[0m[DEBUG] loaded num: 500000, times: 1
[31mTime of clear final_x: 0.000000ms
[0m
[DEBUG] loaded num: 500000, times: 1
Clear final x successfully.
[31mTime of entering the enclave: 0.009240ms[0m
[DEBUG] Sizeof all required data in enclave: 7812 KB
[31mTime of key exchanges for 500 clients: 130.542391ms
[0m
[31mTime of key exchanges per client: 0.241173ms
[0m
Encrpyting user data...
[31mTime of data encryption per client: 4.587467ms[0m
Encprtion completed.

[DEBUG] Times: 1, loaded dim: 500000
[31mTime of secure aggregation: 1340.369832ms[0m

[33m[INFO] Aggregate successfully.

[0m[31mTotal time inside the Enclave: 1470.921463ms[0m

Secure aggregation completed!
[Info] Destroy enclave: 0.000000ms.
init enclave...
[33m[INFO] Create Enclave: 101.177440ms[0m
Test aggregate time: 0.535267ms

[33m[Info] Sizeof data matrix: 953MB
[0m[DEBUG] loaded num: 500000, times: 1
[31mTime of clear final_x: 0.000000ms
[0m
[DEBUG] loaded num: 500000, times: 1
Clear final x successfully.
[31mTime of entering the enclave: 0.009006ms[0m
[DEBUG] Sizeof all required data in enclave: 7812 KB
[31mTime of key exchanges for 500 clients: 130.773139ms
[0m
[31mTime of key exchanges per client: 0.242423ms
[0m
Encrpyting user data...
[31mTime of data encryption per client: 4.599294ms[0m
Encprtion completed.

[DEBUG] Times: 1, loaded dim: 500000
[31mTime of secure aggregation: 1362.923451ms[0m

[33m[INFO] Aggregate successfully.

[0m[31mTotal time inside the Enclave: 1493.705596ms[0m

Secure aggregation completed!
[Info] Destroy enclave: 0.000000ms.
init enclave...
[33m[INFO] Create Enclave: 100.660389ms[0m
Test aggregate time: 0.533125ms

[33m[Info] Sizeof data matrix: 953MB
[0m[DEBUG] loaded num: 500000, times: 1
[31mTime of clear final_x: 0.000000ms
[0m
[DEBUG] loaded num: 500000, times: 1
Clear final x successfully.
[31mTime of entering the enclave: 0.009438ms[0m
[DEBUG] Sizeof all required data in enclave: 7812 KB
[31mTime of key exchanges for 500 clients: 131.258717ms
[0m
[31mTime of key exchanges per client: 0.242134ms
[0m
Encrpyting user data...
[31mTime of data encryption per client: 4.598080ms[0m
Encprtion completed.

[DEBUG] Times: 1, loaded dim: 500000
[31mTime of secure aggregation: 1345.742948ms[0m

[33m[INFO] Aggregate successfully.

[0m[31mTotal time inside the Enclave: 1477.011103ms[0m

Secure aggregation completed!
[Info] Destroy enclave: 0.000000ms.
init enclave...
[33m[INFO] Create Enclave: 102.445233ms[0m
Test aggregate time: 0.532633ms

[33m[Info] Sizeof data matrix: 953MB
[0m[DEBUG] loaded num: 500000, times: 1
[31mTime of clear final_x: 0.000000ms
[0m
[DEBUG] loaded num: 500000, times: 1
Clear final x successfully.
[31mTime of entering the enclave: 0.009541ms[0m
[DEBUG] Sizeof all required data in enclave: 7812 KB
[31mTime of key exchanges for 500 clients: 130.696614ms
[0m
[31mTime of key exchanges per client: 0.241384ms
[0m
Encrpyting user data...
[31mTime of data encryption per client: 4.575345ms[0m
Encprtion completed.

[DEBUG] Times: 1, loaded dim: 500000
[31mTime of secure aggregation: 1350.750395ms[0m

[33m[INFO] Aggregate successfully.

[0m[31mTotal time inside the Enclave: 1481.456550ms[0m

Secure aggregation completed!
[Info] Destroy enclave: 0.000000ms.
init enclave...
[33m[INFO] Create Enclave: 102.723780ms[0m
Test aggregate time: 0.535870ms

[33m[Info] Sizeof data matrix: 953MB
[0m[DEBUG] loaded num: 500000, times: 1
[31mTime of clear final_x: 0.000000ms
[0m
[DEBUG] loaded num: 500000, times: 1
Clear final x successfully.
[31mTime of entering the enclave: 0.010282ms[0m
[DEBUG] Sizeof all required data in enclave: 7812 KB
[31mTime of key exchanges for 500 clients: 131.331376ms
[0m
[31mTime of key exchanges per client: 0.242904ms
[0m
Encrpyting user data...
[31mTime of data encryption per client: 4.595313ms[0m
Encprtion completed.

[DEBUG] Times: 1, loaded dim: 500000
[31mTime of secure aggregation: 1330.126699ms[0m

[33m[INFO] Aggregate successfully.

[0m[31mTotal time inside the Enclave: 1461.468357ms[0m

Secure aggregation completed!
[Info] Destroy enclave: 0.000000ms.
init enclave...
[33m[INFO] Create Enclave: 111.195938ms[0m
Test aggregate time: 0.529458ms

[33m[Info] Sizeof data matrix: 953MB
[0m[DEBUG] loaded num: 500000, times: 1
[31mTime of clear final_x: 0.000000ms
[0m
[DEBUG] loaded num: 500000, times: 1
Clear final x successfully.
[31mTime of entering the enclave: 0.009670ms[0m
[DEBUG] Sizeof all required data in enclave: 7812 KB
[31mTime of key exchanges for 500 clients: 129.455180ms
[0m
[31mTime of key exchanges per client: 0.239429ms
[0m
Encrpyting user data...
[31mTime of data encryption per client: 4.560047ms[0m
Encprtion completed.

[DEBUG] Times: 1, loaded dim: 500000
[31mTime of secure aggregation: 1346.158967ms[0m

[33m[INFO] Aggregate successfully.

[0m[31mTotal time inside the Enclave: 1475.623817ms[0m

Secure aggregation completed!
[Info] Destroy enclave: 0.000000ms.
init enclave...
[33m[INFO] Create Enclave: 101.613760ms[0m
Test aggregate time: 0.531566ms

[33m[Info] Sizeof data matrix: 953MB
[0m[DEBUG] loaded num: 500000, times: 1
[31mTime of clear final_x: 0.000000ms
[0m
[DEBUG] loaded num: 500000, times: 1
Clear final x successfully.
[31mTime of entering the enclave: 0.008239ms[0m
[DEBUG] Sizeof all required data in enclave: 7812 KB
[31mTime of key exchanges for 500 clients: 129.806523ms
[0m
[31mTime of key exchanges per client: 0.240479ms
[0m
Encrpyting user data...
[31mTime of data encryption per client: 4.561536ms[0m
Encprtion completed.

[DEBUG] Times: 1, loaded dim: 500000
[31mTime of secure aggregation: 1331.394235ms[0m

[33m[INFO] Aggregate successfully.

[0m[31mTotal time inside the Enclave: 1461.208997ms[0m

Secure aggregation completed!
[Info] Destroy enclave: 0.000000ms.
init enclave...
[33m[INFO] Create Enclave: 100.998993ms[0m
Test aggregate time: 0.535041ms

[33m[Info] Sizeof data matrix: 953MB
[0m[DEBUG] loaded num: 500000, times: 1
[31mTime of clear final_x: 0.000000ms
[0m
[DEBUG] loaded num: 500000, times: 1
Clear final x successfully.
[31mTime of entering the enclave: 0.008609ms[0m
[DEBUG] Sizeof all required data in enclave: 7812 KB
[31mTime of key exchanges for 500 clients: 130.363424ms
[0m
[31mTime of key exchanges per client: 0.240779ms
[0m
Encrpyting user data...
[31mTime of data encryption per client: 4.551163ms[0m
Encprtion completed.

[DEBUG] Times: 1, loaded dim: 500000
[31mTime of secure aggregation: 1348.571386ms[0m

[33m[INFO] Aggregate successfully.

[0m[31mTotal time inside the Enclave: 1478.943419ms[0m

Secure aggregation completed!
[Info] Destroy enclave: 0.000000ms.
init enclave...
[33m[INFO] Create Enclave: 105.810486ms[0m
Test aggregate time: 0.529758ms

[33m[Info] Sizeof data matrix: 953MB
[0m[DEBUG] loaded num: 500000, times: 1
[31mTime of clear final_x: 0.000000ms
[0m
[DEBUG] loaded num: 500000, times: 1
Clear final x successfully.
[31mTime of entering the enclave: 0.008993ms[0m
[DEBUG] Sizeof all required data in enclave: 7812 KB
[31mTime of key exchanges for 500 clients: 129.324284ms
[0m
[31mTime of key exchanges per client: 0.239930ms
[0m
Encrpyting user data...
[31mTime of data encryption per client: 4.581659ms[0m
Encprtion completed.

[DEBUG] Times: 1, loaded dim: 500000
[31mTime of secure aggregation: 1327.635211ms[0m

[33m[INFO] Aggregate successfully.

[0m[31mTotal time inside the Enclave: 1456.968488ms[0m

Secure aggregation completed!
[Info] Destroy enclave: 0.000000ms.
init enclave...
[33m[INFO] Create Enclave: 102.642535ms[0m
Test aggregate time: 0.533355ms

[33m[Info] Sizeof data matrix: 953MB
[0m[DEBUG] loaded num: 500000, times: 1
[31mTime of clear final_x: 0.000000ms
[0m
[DEBUG] loaded num: 500000, times: 1
Clear final x successfully.
[31mTime of entering the enclave: 0.011712ms[0m
[DEBUG] Sizeof all required data in enclave: 7812 KB
[31mTime of key exchanges for 500 clients: 131.349965ms
[0m
[31mTime of key exchanges per client: 0.242862ms
[0m
Encrpyting user data...
[31mTime of data encryption per client: 4.576674ms[0m
Encprtion completed.

[DEBUG] Times: 1, loaded dim: 500000
[31mTime of secure aggregation: 1339.231705ms[0m

[33m[INFO] Aggregate successfully.

[0m[31mTotal time inside the Enclave: 1470.593382ms[0m

Secure aggregation completed!
[Info] Destroy enclave: 0.000000ms.
init enclave...
[33m[INFO] Create Enclave: 105.965982ms[0m
Test aggregate time: 0.533367ms

[33m[Info] Sizeof data matrix: 953MB
[0m[DEBUG] loaded num: 500000, times: 1
[31mTime of clear final_x: 0.000000ms
[0m
[DEBUG] loaded num: 500000, times: 1
Clear final x successfully.
[31mTime of entering the enclave: 0.009093ms[0m
[DEBUG] Sizeof all required data in enclave: 7812 KB
[31mTime of key exchanges for 500 clients: 129.639903ms
[0m
[31mTime of key exchanges per client: 0.240139ms
[0m
Encrpyting user data...
[31mTime of data encryption per client: 4.555317ms[0m
Encprtion completed.

[DEBUG] Times: 1, loaded dim: 500000
[31mTime of secure aggregation: 1345.245361ms[0m

[33m[INFO] Aggregate successfully.

[0m[31mTotal time inside the Enclave: 1474.894357ms[0m

Secure aggregation completed!
[Info] Destroy enclave: 0.000000ms.
init enclave...
[33m[INFO] Create Enclave: 105.580298ms[0m
Test aggregate time: 0.530226ms

[33m[Info] Sizeof data matrix: 953MB
[0m[DEBUG] loaded num: 500000, times: 1
[31mTime of clear final_x: 0.000000ms
[0m
[DEBUG] loaded num: 500000, times: 1
Clear final x successfully.
[31mTime of entering the enclave: 0.007989ms[0m
[DEBUG] Sizeof all required data in enclave: 7812 KB
[31mTime of key exchanges for 500 clients: 130.129040ms
[0m
[31mTime of key exchanges per client: 0.240668ms
[0m
Encrpyting user data...
[31mTime of data encryption per client: 4.561834ms[0m
Encprtion completed.

[DEBUG] Times: 1, loaded dim: 500000
[31mTime of secure aggregation: 1328.257452ms[0m

[33m[INFO] Aggregate successfully.

[0m[31mTotal time inside the Enclave: 1458.394481ms[0m

Secure aggregation completed!
[Info] Destroy enclave: 0.000000ms.
init enclave...
[33m[INFO] Create Enclave: 104.323196ms[0m
Test aggregate time: 0.531107ms

[33m[Info] Sizeof data matrix: 953MB
[0m[DEBUG] loaded num: 500000, times: 1
[31mTime of clear final_x: 0.000000ms
[0m
[DEBUG] loaded num: 500000, times: 1
Clear final x successfully.
[31mTime of entering the enclave: 0.008901ms[0m
[DEBUG] Sizeof all required data in enclave: 7812 KB
[31mTime of key exchanges for 500 clients: 130.099635ms
[0m
[31mTime of key exchanges per client: 0.240850ms
[0m
Encrpyting user data...
[31mTime of data encryption per client: 4.585049ms[0m
Encprtion completed.

[DEBUG] Times: 1, loaded dim: 500000
[31mTime of secure aggregation: 1353.857551ms[0m

[33m[INFO] Aggregate successfully.

[0m[31mTotal time inside the Enclave: 1483.966087ms[0m

Secure aggregation completed!
[Info] Destroy enclave: 0.000000ms.
init enclave...
[33m[INFO] Create Enclave: 103.002832ms[0m
Test aggregate time: 0.538135ms

[33m[Info] Sizeof data matrix: 953MB
[0m[DEBUG] loaded num: 500000, times: 1
[31mTime of clear final_x: 0.000000ms
[0m
[DEBUG] loaded num: 500000, times: 1
Clear final x successfully.
[31mTime of entering the enclave: 0.008748ms[0m
[DEBUG] Sizeof all required data in enclave: 7812 KB
[31mTime of key exchanges for 500 clients: 130.438906ms
[0m
[31mTime of key exchanges per client: 0.242098ms
[0m
Encrpyting user data...
[31mTime of data encryption per client: 4.586939ms[0m
Encprtion completed.

[DEBUG] Times: 1, loaded dim: 500000
[31mTime of secure aggregation: 1334.681624ms[0m

[33m[INFO] Aggregate successfully.

[0m[31mTotal time inside the Enclave: 1465.129278ms[0m

Secure aggregation completed!
[Info] Destroy enclave: 0.000000ms.
init enclave...
[33m[INFO] Create Enclave: 102.277562ms[0m
Test aggregate time: 0.530687ms

[33m[Info] Sizeof data matrix: 953MB
[0m[DEBUG] loaded num: 500000, times: 1
[31mTime of clear final_x: 0.000000ms
[0m
[DEBUG] loaded num: 500000, times: 1
Clear final x successfully.
[31mTime of entering the enclave: 0.009162ms[0m
[DEBUG] Sizeof all required data in enclave: 7812 KB
[31mTime of key exchanges for 500 clients: 129.506400ms
[0m
[31mTime of key exchanges per client: 0.239648ms
[0m
Encrpyting user data...
[31mTime of data encryption per client: 4.572767ms[0m
Encprtion completed.

[DEBUG] Times: 1, loaded dim: 500000
[31mTime of secure aggregation: 1327.130875ms[0m

[33m[INFO] Aggregate successfully.

[0m[31mTotal time inside the Enclave: 1456.646437ms[0m

Secure aggregation completed!
[Info] Destroy enclave: 0.000000ms.
init enclave...
[33m[INFO] Create Enclave: 102.917913ms[0m
Test aggregate time: 0.531225ms

[33m[Info] Sizeof data matrix: 953MB
[0m[DEBUG] loaded num: 500000, times: 1
[31mTime of clear final_x: 0.000000ms
[0m
[DEBUG] loaded num: 500000, times: 1
Clear final x successfully.
[31mTime of entering the enclave: 0.009941ms[0m
[DEBUG] Sizeof all required data in enclave: 7812 KB
[31mTime of key exchanges for 500 clients: 130.685664ms
[0m
[31mTime of key exchanges per client: 0.241427ms
[0m
Encrpyting user data...
[31mTime of data encryption per client: 4.606766ms[0m
Encprtion completed.

[DEBUG] Times: 1, loaded dim: 500000
[31mTime of secure aggregation: 1387.739525ms[0m

[33m[INFO] Aggregate successfully.

[0m[31mTotal time inside the Enclave: 1518.435130ms[0m

Secure aggregation completed!
[Info] Destroy enclave: 0.000000ms.
init enclave...
[33m[INFO] Create Enclave: 107.142559ms[0m
Test aggregate time: 0.534300ms

[33m[Info] Sizeof data matrix: 953MB
[0m[DEBUG] loaded num: 500000, times: 1
[31mTime of clear final_x: 0.000000ms
[0m
[DEBUG] loaded num: 500000, times: 1
Clear final x successfully.
[31mTime of entering the enclave: 0.009898ms[0m
[DEBUG] Sizeof all required data in enclave: 7812 KB
[31mTime of key exchanges for 500 clients: 130.758832ms
[0m
[31mTime of key exchanges per client: 0.242406ms
[0m
Encrpyting user data...
[31mTime of data encryption per client: 4.610825ms[0m
Encprtion completed.

[DEBUG] Times: 1, loaded dim: 500000
[31mTime of secure aggregation: 1355.935925ms[0m

[33m[INFO] Aggregate successfully.

[0m[31mTotal time inside the Enclave: 1486.704655ms[0m

Secure aggregation completed!
[Info] Destroy enclave: 0.000000ms.
init enclave...
[33m[INFO] Create Enclave: 103.957048ms[0m
Test aggregate time: 0.543274ms

[33m[Info] Sizeof data matrix: 953MB
[0m[DEBUG] loaded num: 500000, times: 1
[31mTime of clear final_x: 0.000000ms
[0m
[DEBUG] loaded num: 500000, times: 1
Clear final x successfully.
[31mTime of entering the enclave: 0.009270ms[0m
[DEBUG] Sizeof all required data in enclave: 7812 KB
[31mTime of key exchanges for 500 clients: 130.480811ms
[0m
[31mTime of key exchanges per client: 0.241803ms
[0m
Encrpyting user data...
[31mTime of data encryption per client: 4.578046ms[0m
Encprtion completed.

[DEBUG] Times: 1, loaded dim: 500000
[31mTime of secure aggregation: 1335.714216ms[0m

[33m[INFO] Aggregate successfully.

[0m[31mTotal time inside the Enclave: 1466.204297ms[0m

Secure aggregation completed!
[Info] Destroy enclave: 0.000000ms.
init enclave...
[33m[INFO] Create Enclave: 101.668140ms[0m
Test aggregate time: 0.535547ms

[33m[Info] Sizeof data matrix: 953MB
[0m[DEBUG] loaded num: 500000, times: 1
[31mTime of clear final_x: 0.000000ms
[0m
[DEBUG] loaded num: 500000, times: 1
Clear final x successfully.
[31mTime of entering the enclave: 0.008273ms[0m
[DEBUG] Sizeof all required data in enclave: 7812 KB
[31mTime of key exchanges for 500 clients: 129.609924ms
[0m
[31mTime of key exchanges per client: 0.239982ms
[0m
Encrpyting user data...
[31mTime of data encryption per client: 4.581105ms[0m
Encprtion completed.

[DEBUG] Times: 1, loaded dim: 500000
[31mTime of secure aggregation: 1331.683250ms[0m

[33m[INFO] Aggregate successfully.

[0m[31mTotal time inside the Enclave: 1461.301447ms[0m

Secure aggregation completed!
[Info] Destroy enclave: 0.000000ms.
init enclave...
[33m[INFO] Create Enclave: 100.974130ms[0m
Test aggregate time: 0.530072ms

[33m[Info] Sizeof data matrix: 953MB
[0m[DEBUG] loaded num: 500000, times: 1
[31mTime of clear final_x: 0.000000ms
[0m
[DEBUG] loaded num: 500000, times: 1
Clear final x successfully.
[31mTime of entering the enclave: 0.008302ms[0m
[DEBUG] Sizeof all required data in enclave: 7812 KB
[31mTime of key exchanges for 500 clients: 129.704863ms
[0m
[31mTime of key exchanges per client: 0.239778ms
[0m
Encrpyting user data...
[31mTime of data encryption per client: 4.552514ms[0m
Encprtion completed.

[DEBUG] Times: 1, loaded dim: 500000
[31mTime of secure aggregation: 1338.152267ms[0m

[33m[INFO] Aggregate successfully.

[0m[31mTotal time inside the Enclave: 1467.865432ms[0m

Secure aggregation completed!
[Info] Destroy enclave: 0.000000ms.
init enclave...
[33m[INFO] Create Enclave: 101.689261ms[0m
Test aggregate time: 0.536197ms

[33m[Info] Sizeof data matrix: 953MB
[0m[DEBUG] loaded num: 500000, times: 1
[31mTime of clear final_x: 0.000000ms
[0m
[DEBUG] loaded num: 500000, times: 1
Clear final x successfully.
[31mTime of entering the enclave: 0.008715ms[0m
[DEBUG] Sizeof all required data in enclave: 7812 KB
[31mTime of key exchanges for 500 clients: 134.860415ms
[0m
[31mTime of key exchanges per client: 0.249414ms
[0m
Encrpyting user data...
[31mTime of data encryption per client: 4.568463ms[0m
Encprtion completed.

[DEBUG] Times: 1, loaded dim: 500000
[31mTime of secure aggregation: 1331.988247ms[0m

[33m[INFO] Aggregate successfully.

[0m[31mTotal time inside the Enclave: 1466.857377ms[0m

Secure aggregation completed!
[Info] Destroy enclave: 0.000000ms.
init enclave...
[33m[INFO] Create Enclave: 102.067104ms[0m
Test aggregate time: 0.532247ms

[33m[Info] Sizeof data matrix: 953MB
[0m[DEBUG] loaded num: 500000, times: 1
[31mTime of clear final_x: 0.000000ms
[0m
[DEBUG] loaded num: 500000, times: 1
Clear final x successfully.
[31mTime of entering the enclave: 0.009292ms[0m
[DEBUG] Sizeof all required data in enclave: 7812 KB
[31mTime of key exchanges for 500 clients: 129.654479ms
[0m
[31mTime of key exchanges per client: 0.240279ms
[0m
Encrpyting user data...
[31mTime of data encryption per client: 4.602211ms[0m
Encprtion completed.

[DEBUG] Times: 1, loaded dim: 500000
[31mTime of secure aggregation: 1335.390107ms[0m

[33m[INFO] Aggregate successfully.

[0m[31mTotal time inside the Enclave: 1465.053878ms[0m

Secure aggregation completed!
[Info] Destroy enclave: 0.000000ms.
init enclave...
[33m[INFO] Create Enclave: 103.293044ms[0m
Test aggregate time: 0.536489ms

[33m[Info] Sizeof data matrix: 953MB
[0m[DEBUG] loaded num: 500000, times: 1
[31mTime of clear final_x: 0.000000ms
[0m
[DEBUG] loaded num: 500000, times: 1
Clear final x successfully.
[31mTime of entering the enclave: 0.009042ms[0m
[DEBUG] Sizeof all required data in enclave: 7812 KB
[31mTime of key exchanges for 500 clients: 130.958236ms
[0m
[31mTime of key exchanges per client: 0.241993ms
[0m
Encrpyting user data...
[31mTime of data encryption per client: 4.582191ms[0m
Encprtion completed.

[DEBUG] Times: 1, loaded dim: 500000
[31mTime of secure aggregation: 1360.572408ms[0m

[33m[INFO] Aggregate successfully.

[0m[31mTotal time inside the Enclave: 1491.539686ms[0m

Secure aggregation completed!
[Info] Destroy enclave: 0.000000ms.
init enclave...
[33m[INFO] Create Enclave: 101.912724ms[0m
Test aggregate time: 0.533236ms

[33m[Info] Sizeof data matrix: 953MB
[0m[DEBUG] loaded num: 500000, times: 1
[31mTime of clear final_x: 0.000000ms
[0m
[DEBUG] loaded num: 500000, times: 1
Clear final x successfully.
[31mTime of entering the enclave: 0.009485ms[0m
[DEBUG] Sizeof all required data in enclave: 7812 KB
[31mTime of key exchanges for 500 clients: 132.533904ms
[0m
[31mTime of key exchanges per client: 0.245296ms
[0m
Encrpyting user data...
[31mTime of data encryption per client: 4.583323ms[0m
Encprtion completed.

[DEBUG] Times: 1, loaded dim: 500000
[31mTime of secure aggregation: 1343.763566ms[0m

[33m[INFO] Aggregate successfully.

[0m[31mTotal time inside the Enclave: 1476.306955ms[0m

Secure aggregation completed!
[Info] Destroy enclave: 0.000000ms.
init enclave...
[33m[INFO] Create Enclave: 114.217344ms[0m
Test aggregate time: 0.533825ms

[33m[Info] Sizeof data matrix: 953MB
[0m[DEBUG] loaded num: 500000, times: 1
[31mTime of clear final_x: 0.000000ms
[0m
[DEBUG] loaded num: 500000, times: 1
Clear final x successfully.
[31mTime of entering the enclave: 0.009166ms[0m
[DEBUG] Sizeof all required data in enclave: 7812 KB
[31mTime of key exchanges for 500 clients: 130.717979ms
[0m
[31mTime of key exchanges per client: 0.242321ms
[0m
Encrpyting user data...
[31mTime of data encryption per client: 4.605468ms[0m
Encprtion completed.

[DEBUG] Times: 1, loaded dim: 500000
[31mTime of secure aggregation: 1345.748678ms[0m

[33m[INFO] Aggregate successfully.

[0m[31mTotal time inside the Enclave: 1476.475823ms[0m

Secure aggregation completed!
[Info] Destroy enclave: 0.000000ms.
init enclave...
[33m[INFO] Create Enclave: 101.586843ms[0m
Test aggregate time: 0.534845ms

[33m[Info] Sizeof data matrix: 953MB
[0m[DEBUG] loaded num: 500000, times: 1
[31mTime of clear final_x: 0.000000ms
[0m
[DEBUG] loaded num: 500000, times: 1
Clear final x successfully.
[31mTime of entering the enclave: 0.008867ms[0m
[DEBUG] Sizeof all required data in enclave: 7812 KB
[31mTime of key exchanges for 500 clients: 130.516658ms
[0m
[31mTime of key exchanges per client: 0.241278ms
[0m
Encrpyting user data...
[31mTime of data encryption per client: 4.569341ms[0m
Encprtion completed.

[DEBUG] Times: 1, loaded dim: 500000
[31mTime of secure aggregation: 1340.352577ms[0m

[33m[INFO] Aggregate successfully.

[0m[31mTotal time inside the Enclave: 1470.878102ms[0m

Secure aggregation completed!
[Info] Destroy enclave: 0.000000ms.
init enclave...
[33m[INFO] Create Enclave: 101.144845ms[0m
Test aggregate time: 0.538341ms

[33m[Info] Sizeof data matrix: 953MB
[0m[DEBUG] loaded num: 500000, times: 1
[31mTime of clear final_x: 0.000000ms
[0m
[DEBUG] loaded num: 500000, times: 1
Clear final x successfully.
[31mTime of entering the enclave: 0.009334ms[0m
[DEBUG] Sizeof all required data in enclave: 7812 KB
[31mTime of key exchanges for 500 clients: 130.643292ms
[0m
[31mTime of key exchanges per client: 0.241071ms
[0m
Encrpyting user data...
[31mTime of data encryption per client: 4.554861ms[0m
Encprtion completed.

[DEBUG] Times: 1, loaded dim: 500000
[31mTime of secure aggregation: 1327.038998ms[0m

[33m[INFO] Aggregate successfully.

[0m[31mTotal time inside the Enclave: 1457.691624ms[0m

Secure aggregation completed!
[Info] Destroy enclave: 0.000000ms.
init enclave...
[33m[INFO] Create Enclave: 105.049121ms[0m
Test aggregate time: 0.529589ms

[33m[Info] Sizeof data matrix: 953MB
[0m[DEBUG] loaded num: 500000, times: 1
[31mTime of clear final_x: 0.000000ms
[0m
[DEBUG] loaded num: 500000, times: 1
Clear final x successfully.
[31mTime of entering the enclave: 0.009296ms[0m
[DEBUG] Sizeof all required data in enclave: 7812 KB
[31mTime of key exchanges for 500 clients: 129.639194ms
[0m
[31mTime of key exchanges per client: 0.240254ms
[0m
Encrpyting user data...
[31mTime of data encryption per client: 4.560896ms[0m
Encprtion completed.

[DEBUG] Times: 1, loaded dim: 500000
[31mTime of secure aggregation: 1337.649437ms[0m

[33m[INFO] Aggregate successfully.

[0m[31mTotal time inside the Enclave: 1467.297927ms[0m

Secure aggregation completed!
[Info] Destroy enclave: 0.000000ms.
init enclave...
[33m[INFO] Create Enclave: 107.804389ms[0m
Test aggregate time: 0.533203ms

[33m[Info] Sizeof data matrix: 953MB
[0m[DEBUG] loaded num: 500000, times: 1
[31mTime of clear final_x: 0.000000ms
[0m
[DEBUG] loaded num: 500000, times: 1
Clear final x successfully.
[31mTime of entering the enclave: 0.008399ms[0m
[DEBUG] Sizeof all required data in enclave: 7812 KB
[31mTime of key exchanges for 500 clients: 130.096144ms
[0m
[31mTime of key exchanges per client: 0.240382ms
[0m
Encrpyting user data...
[31mTime of data encryption per client: 4.599872ms[0m
Encprtion completed.

[DEBUG] Times: 1, loaded dim: 500000
[31mTime of secure aggregation: 1327.605185ms[0m

[33m[INFO] Aggregate successfully.

[0m[31mTotal time inside the Enclave: 1457.709728ms[0m

Secure aggregation completed!
[Info] Destroy enclave: 0.000000ms.
init enclave...
[33m[INFO] Create Enclave: 102.192803ms[0m
Test aggregate time: 0.530520ms

[33m[Info] Sizeof data matrix: 953MB
[0m[DEBUG] loaded num: 500000, times: 1
[31mTime of clear final_x: 0.000000ms
[0m
[DEBUG] loaded num: 500000, times: 1
Clear final x successfully.
[31mTime of entering the enclave: 0.008898ms[0m
[DEBUG] Sizeof all required data in enclave: 7812 KB
[31mTime of key exchanges for 500 clients: 129.979061ms
[0m
[31mTime of key exchanges per client: 0.239713ms
[0m
Encrpyting user data...
[31mTime of data encryption per client: 4.563022ms[0m
Encprtion completed.

[DEBUG] Times: 1, loaded dim: 500000
[31mTime of secure aggregation: 1345.719503ms[0m

[33m[INFO] Aggregate successfully.

[0m[31mTotal time inside the Enclave: 1475.707462ms[0m

Secure aggregation completed!
[Info] Destroy enclave: 0.000000ms.
init enclave...
[33m[INFO] Create Enclave: 101.553905ms[0m
Test aggregate time: 0.529527ms

[33m[Info] Sizeof data matrix: 953MB
[0m[DEBUG] loaded num: 500000, times: 1
[31mTime of clear final_x: 0.000000ms
[0m
[DEBUG] loaded num: 500000, times: 1
Clear final x successfully.
[31mTime of entering the enclave: 0.009003ms[0m
[DEBUG] Sizeof all required data in enclave: 7812 KB
[31mTime of key exchanges for 500 clients: 130.749189ms
[0m
[31mTime of key exchanges per client: 0.241223ms
[0m
Encrpyting user data...
[31mTime of data encryption per client: 4.549635ms[0m
Encprtion completed.

[DEBUG] Times: 1, loaded dim: 500000
[31mTime of secure aggregation: 1327.668723ms[0m

[33m[INFO] Aggregate successfully.

[0m[31mTotal time inside the Enclave: 1458.426915ms[0m

Secure aggregation completed!
[Info] Destroy enclave: 0.000000ms.
init enclave...
[33m[INFO] Create Enclave: 106.628568ms[0m
Test aggregate time: 0.530067ms

[33m[Info] Sizeof data matrix: 953MB
[0m[DEBUG] loaded num: 500000, times: 1
[31mTime of clear final_x: 0.000000ms
[0m
[DEBUG] loaded num: 500000, times: 1
Clear final x successfully.
[31mTime of entering the enclave: 0.008818ms[0m
[DEBUG] Sizeof all required data in enclave: 7812 KB
[31mTime of key exchanges for 500 clients: 129.859686ms
[0m
[31mTime of key exchanges per client: 0.240099ms
[0m
Encrpyting user data...
[31mTime of data encryption per client: 4.554092ms[0m
Encprtion completed.

[DEBUG] Times: 1, loaded dim: 500000
[31mTime of secure aggregation: 1331.444895ms[0m

[33m[INFO] Aggregate successfully.

[0m[31mTotal time inside the Enclave: 1461.313399ms[0m

Secure aggregation completed!
[Info] Destroy enclave: 0.000000ms.
init enclave...
[33m[INFO] Create Enclave: 102.978121ms[0m
Test aggregate time: 0.529593ms

[33m[Info] Sizeof data matrix: 953MB
[0m[DEBUG] loaded num: 500000, times: 1
[31mTime of clear final_x: 0.000000ms
[0m
[DEBUG] loaded num: 500000, times: 1
Clear final x successfully.
[31mTime of entering the enclave: 0.008878ms[0m
[DEBUG] Sizeof all required data in enclave: 7812 KB
[31mTime of key exchanges for 500 clients: 129.776143ms
[0m
[31mTime of key exchanges per client: 0.240410ms
[0m
Encrpyting user data...
[31mTime of data encryption per client: 4.545995ms[0m
Encprtion completed.

[DEBUG] Times: 1, loaded dim: 500000
[31mTime of secure aggregation: 1325.711256ms[0m

[33m[INFO] Aggregate successfully.

[0m[31mTotal time inside the Enclave: 1455.496277ms[0m

Secure aggregation completed!
[Info] Destroy enclave: 0.000000ms.
init enclave...
[33m[INFO] Create Enclave: 108.371668ms[0m
Test aggregate time: 0.531942ms

[33m[Info] Sizeof data matrix: 953MB
[0m[DEBUG] loaded num: 500000, times: 1
[31mTime of clear final_x: 0.000000ms
[0m
[DEBUG] loaded num: 500000, times: 1
Clear final x successfully.
[31mTime of entering the enclave: 0.008836ms[0m
[DEBUG] Sizeof all required data in enclave: 7812 KB
[31mTime of key exchanges for 500 clients: 130.265101ms
[0m
[31mTime of key exchanges per client: 0.240799ms
[0m
Encrpyting user data...
[31mTime of data encryption per client: 4.576527ms[0m
Encprtion completed.

[DEBUG] Times: 1, loaded dim: 500000
[31mTime of secure aggregation: 1346.241504ms[0m

[33m[INFO] Aggregate successfully.

[0m[31mTotal time inside the Enclave: 1476.515441ms[0m

Secure aggregation completed!
[Info] Destroy enclave: 0.000000ms.
init enclave...
[33m[INFO] Create Enclave: 110.701758ms[0m
Test aggregate time: 0.531126ms

[33m[Info] Sizeof data matrix: 953MB
[0m[DEBUG] loaded num: 500000, times: 1
[31mTime of clear final_x: 0.000000ms
[0m
[DEBUG] loaded num: 500000, times: 1
Clear final x successfully.
[31mTime of entering the enclave: 0.008782ms[0m
[DEBUG] Sizeof all required data in enclave: 7812 KB
[31mTime of key exchanges for 500 clients: 129.939129ms
[0m
[31mTime of key exchanges per client: 0.240712ms
[0m
Encrpyting user data...
[31mTime of data encryption per client: 4.567711ms[0m
Encprtion completed.

[DEBUG] Times: 1, loaded dim: 500000
[31mTime of secure aggregation: 1327.713518ms[0m

[33m[INFO] Aggregate successfully.

[0m[31mTotal time inside the Enclave: 1457.661429ms[0m

Secure aggregation completed!
[Info] Destroy enclave: 0.000000ms.
init enclave...
[33m[INFO] Create Enclave: 102.112455ms[0m
Test aggregate time: 0.530835ms

[33m[Info] Sizeof data matrix: 953MB
[0m[DEBUG] loaded num: 500000, times: 1
[31mTime of clear final_x: 0.000000ms
[0m
[DEBUG] loaded num: 500000, times: 1
Clear final x successfully.
[31mTime of entering the enclave: 0.008721ms[0m
[DEBUG] Sizeof all required data in enclave: 7812 KB
[31mTime of key exchanges for 500 clients: 130.765843ms
[0m
[31mTime of key exchanges per client: 0.241933ms
[0m
Encrpyting user data...
[31mTime of data encryption per client: 4.572777ms[0m
Encprtion completed.

[DEBUG] Times: 1, loaded dim: 500000
[31mTime of secure aggregation: 1339.552725ms[0m

[33m[INFO] Aggregate successfully.

[0m[31mTotal time inside the Enclave: 1470.327289ms[0m

Secure aggregation completed!
[Info] Destroy enclave: 0.000000ms.
init enclave...
[33m[INFO] Create Enclave: 104.647468ms[0m
Test aggregate time: 0.530733ms

[33m[Info] Sizeof data matrix: 953MB
[0m[DEBUG] loaded num: 500000, times: 1
[31mTime of clear final_x: 0.000000ms
[0m
[DEBUG] loaded num: 500000, times: 1
Clear final x successfully.
[31mTime of entering the enclave: 0.008451ms[0m
[DEBUG] Sizeof all required data in enclave: 7812 KB
[31mTime of key exchanges for 500 clients: 129.559259ms
[0m
[31mTime of key exchanges per client: 0.239708ms
[0m
Encrpyting user data...
[31mTime of data encryption per client: 4.568563ms[0m
Encprtion completed.

[DEBUG] Times: 1, loaded dim: 500000
[31mTime of secure aggregation: 1327.963827ms[0m

[33m[INFO] Aggregate successfully.

[0m[31mTotal time inside the Enclave: 1457.531537ms[0m

Secure aggregation completed!
[Info] Destroy enclave: 0.000000ms.
init enclave...
[33m[INFO] Create Enclave: 101.413342ms[0m
Test aggregate time: 0.531405ms

[33m[Info] Sizeof data matrix: 953MB
[0m[DEBUG] loaded num: 500000, times: 1
[31mTime of clear final_x: 0.000000ms
[0m
[DEBUG] loaded num: 500000, times: 1
Clear final x successfully.
[31mTime of entering the enclave: 0.009624ms[0m
[DEBUG] Sizeof all required data in enclave: 7812 KB
[31mTime of key exchanges for 500 clients: 130.147267ms
[0m
[31mTime of key exchanges per client: 0.240553ms
[0m
Encrpyting user data...
[31mTime of data encryption per client: 4.574286ms[0m
Encprtion completed.

[DEBUG] Times: 1, loaded dim: 500000
[31mTime of secure aggregation: 1329.944438ms[0m

[33m[INFO] Aggregate successfully.

[0m[31mTotal time inside the Enclave: 1460.101329ms[0m

Secure aggregation completed!
[Info] Destroy enclave: 0.000000ms.
init enclave...
[33m[INFO] Create Enclave: 101.295229ms[0m
Test aggregate time: 0.529502ms

[33m[Info] Sizeof data matrix: 953MB
[0m[DEBUG] loaded num: 500000, times: 1
[31mTime of clear final_x: 0.000000ms
[0m
[DEBUG] loaded num: 500000, times: 1
Clear final x successfully.
[31mTime of entering the enclave: 0.008293ms[0m
[DEBUG] Sizeof all required data in enclave: 7812 KB
[31mTime of key exchanges for 500 clients: 129.477842ms
[0m
[31mTime of key exchanges per client: 0.240070ms
[0m
Encrpyting user data...
[31mTime of data encryption per client: 4.552725ms[0m
Encprtion completed.

[DEBUG] Times: 1, loaded dim: 500000
[31mTime of secure aggregation: 1335.638616ms[0m

[33m[INFO] Aggregate successfully.

[0m[31mTotal time inside the Enclave: 1465.124751ms[0m

Secure aggregation completed!
[Info] Destroy enclave: 0.000000ms.
init enclave...
[33m[INFO] Create Enclave: 102.267473ms[0m
Test aggregate time: 0.530295ms

[33m[Info] Sizeof data matrix: 953MB
[0m[DEBUG] loaded num: 500000, times: 1
[31mTime of clear final_x: 0.000000ms
[0m
[DEBUG] loaded num: 500000, times: 1
Clear final x successfully.
[31mTime of entering the enclave: 0.009374ms[0m
[DEBUG] Sizeof all required data in enclave: 7812 KB
[31mTime of key exchanges for 500 clients: 132.987878ms
[0m
[31mTime of key exchanges per client: 0.245073ms
[0m
Encrpyting user data...
[31mTime of data encryption per client: 4.562613ms[0m
Encprtion completed.

[DEBUG] Times: 1, loaded dim: 500000
[31mTime of secure aggregation: 1327.313931ms[0m

[33m[INFO] Aggregate successfully.

[0m[31mTotal time inside the Enclave: 1460.311183ms[0m

Secure aggregation completed!
[Info] Destroy enclave: 0.000000ms.
init enclave...
[33m[INFO] Create Enclave: 102.991612ms[0m
Test aggregate time: 0.530449ms

[33m[Info] Sizeof data matrix: 953MB
[0m[DEBUG] loaded num: 500000, times: 1
[31mTime of clear final_x: 0.000000ms
[0m
[DEBUG] loaded num: 500000, times: 1
Clear final x successfully.
[31mTime of entering the enclave: 0.008159ms[0m
[DEBUG] Sizeof all required data in enclave: 7812 KB
[31mTime of key exchanges for 500 clients: 129.652658ms
[0m
[31mTime of key exchanges per client: 0.239407ms
[0m
Encrpyting user data...
[31mTime of data encryption per client: 4.575128ms[0m
Encprtion completed.

[DEBUG] Times: 1, loaded dim: 500000
[31mTime of secure aggregation: 1329.858677ms[0m

[33m[INFO] Aggregate successfully.

[0m[31mTotal time inside the Enclave: 1459.519494ms[0m

Secure aggregation completed!
[Info] Destroy enclave: 0.000000ms.
init enclave...
[33m[INFO] Create Enclave: 101.798523ms[0m
Test aggregate time: 0.529941ms

[33m[Info] Sizeof data matrix: 953MB
[0m[DEBUG] loaded num: 500000, times: 1
[31mTime of clear final_x: 0.000000ms
[0m
[DEBUG] loaded num: 500000, times: 1
Clear final x successfully.
[31mTime of entering the enclave: 0.009471ms[0m
[DEBUG] Sizeof all required data in enclave: 7812 KB
[31mTime of key exchanges for 500 clients: 129.903473ms
[0m
[31mTime of key exchanges per client: 0.240846ms
[0m
Encrpyting user data...
[31mTime of data encryption per client: 4.552069ms[0m
Encprtion completed.

[DEBUG] Times: 1, loaded dim: 500000
[31mTime of secure aggregation: 1346.572269ms[0m

[33m[INFO] Aggregate successfully.

[0m[31mTotal time inside the Enclave: 1476.485213ms[0m

Secure aggregation completed!
[Info] Destroy enclave: 0.000000ms.
init enclave...
[33m[INFO] Create Enclave: 102.237076ms[0m
Test aggregate time: 0.532468ms

[33m[Info] Sizeof data matrix: 953MB
[0m[DEBUG] loaded num: 500000, times: 1
[31mTime of clear final_x: 0.000000ms
[0m
[DEBUG] loaded num: 500000, times: 1
Clear final x successfully.
[31mTime of entering the enclave: 0.009000ms[0m
[DEBUG] Sizeof all required data in enclave: 7812 KB
[31mTime of key exchanges for 500 clients: 129.843375ms
[0m
[31mTime of key exchanges per client: 0.240086ms
[0m
Encrpyting user data...
[31mTime of data encryption per client: 4.563761ms[0m
Encprtion completed.

[DEBUG] Times: 1, loaded dim: 500000
[31mTime of secure aggregation: 1330.968612ms[0m

[33m[INFO] Aggregate successfully.

[0m[31mTotal time inside the Enclave: 1460.820987ms[0m

Secure aggregation completed!
[Info] Destroy enclave: 0.000000ms.
init enclave...
[33m[INFO] Create Enclave: 102.443939ms[0m
Test aggregate time: 0.529907ms

[33m[Info] Sizeof data matrix: 953MB
[0m[DEBUG] loaded num: 500000, times: 1
[31mTime of clear final_x: 0.000000ms
[0m
[DEBUG] loaded num: 500000, times: 1
Clear final x successfully.
[31mTime of entering the enclave: 0.009428ms[0m
[DEBUG] Sizeof all required data in enclave: 7812 KB
[31mTime of key exchanges for 500 clients: 130.788881ms
[0m
[31mTime of key exchanges per client: 0.241622ms
[0m
Encrpyting user data...
[31mTime of data encryption per client: 4.551715ms[0m
Encprtion completed.

[DEBUG] Times: 1, loaded dim: 500000
[31mTime of secure aggregation: 1332.320253ms[0m

[33m[INFO] Aggregate successfully.

[0m[31mTotal time inside the Enclave: 1463.118562ms[0m

Secure aggregation completed!
[Info] Destroy enclave: 0.000000ms.
init enclave...
[33m[INFO] Create Enclave: 112.549455ms[0m
Test aggregate time: 0.530957ms

[33m[Info] Sizeof data matrix: 953MB
[0m[DEBUG] loaded num: 500000, times: 1
[31mTime of clear final_x: 0.000000ms
[0m
[DEBUG] loaded num: 500000, times: 1
Clear final x successfully.
[31mTime of entering the enclave: 0.008697ms[0m
[DEBUG] Sizeof all required data in enclave: 7812 KB
[31mTime of key exchanges for 500 clients: 129.531361ms
[0m
[31mTime of key exchanges per client: 0.239701ms
[0m
Encrpyting user data...
[31mTime of data encryption per client: 4.571942ms[0m
Encprtion completed.

[DEBUG] Times: 1, loaded dim: 500000
[31mTime of secure aggregation: 1332.121315ms[0m

[33m[INFO] Aggregate successfully.

[0m[31mTotal time inside the Enclave: 1461.661373ms[0m

Secure aggregation completed!
[Info] Destroy enclave: 0.000000ms.
init enclave...
[33m[INFO] Create Enclave: 103.832316ms[0m
Test aggregate time: 0.538417ms

[33m[Info] Sizeof data matrix: 953MB
[0m[DEBUG] loaded num: 500000, times: 1
[31mTime of clear final_x: 0.000000ms
[0m
[DEBUG] loaded num: 500000, times: 1
Clear final x successfully.
[31mTime of entering the enclave: 0.010474ms[0m
[DEBUG] Sizeof all required data in enclave: 7812 KB
[31mTime of key exchanges for 500 clients: 129.960192ms
[0m
[31mTime of key exchanges per client: 0.240256ms
[0m
Encrpyting user data...
[31mTime of data encryption per client: 4.584841ms[0m
Encprtion completed.

[DEBUG] Times: 1, loaded dim: 500000
[31mTime of secure aggregation: 1332.010175ms[0m

[33m[INFO] Aggregate successfully.

[0m[31mTotal time inside the Enclave: 1461.980841ms[0m

Secure aggregation completed!
[Info] Destroy enclave: 0.000000ms.
init enclave...
[33m[INFO] Create Enclave: 102.425994ms[0m
Test aggregate time: 0.531373ms

[33m[Info] Sizeof data matrix: 953MB
[0m[DEBUG] loaded num: 500000, times: 1
[31mTime of clear final_x: 0.000000ms
[0m
[DEBUG] loaded num: 500000, times: 1
Clear final x successfully.
[31mTime of entering the enclave: 0.008780ms[0m
[DEBUG] Sizeof all required data in enclave: 7812 KB
[31mTime of key exchanges for 500 clients: 130.161200ms
[0m
[31mTime of key exchanges per client: 0.240028ms
[0m
Encrpyting user data...
[31mTime of data encryption per client: 4.584327ms[0m
Encprtion completed.

[DEBUG] Times: 1, loaded dim: 500000
[31mTime of secure aggregation: 1330.512485ms[0m

[33m[INFO] Aggregate successfully.

[0m[31mTotal time inside the Enclave: 1460.682465ms[0m

Secure aggregation completed!
[Info] Destroy enclave: 0.000000ms.
init enclave...
[33m[INFO] Create Enclave: 102.944054ms[0m
Test aggregate time: 0.534646ms

[33m[Info] Sizeof data matrix: 953MB
[0m[DEBUG] loaded num: 500000, times: 1
[31mTime of clear final_x: 0.000000ms
[0m
[DEBUG] loaded num: 500000, times: 1
Clear final x successfully.
[31mTime of entering the enclave: 0.009102ms[0m
[DEBUG] Sizeof all required data in enclave: 7812 KB
[31mTime of key exchanges for 500 clients: 129.686489ms
[0m
[31mTime of key exchanges per client: 0.240530ms
[0m
Encrpyting user data...
[31mTime of data encryption per client: 4.583886ms[0m
Encprtion completed.

[DEBUG] Times: 1, loaded dim: 500000
[31mTime of secure aggregation: 1339.184507ms[0m

[33m[INFO] Aggregate successfully.

[0m[31mTotal time inside the Enclave: 1468.880098ms[0m

Secure aggregation completed!
[Info] Destroy enclave: 0.000000ms.
init enclave...
[33m[INFO] Create Enclave: 103.470583ms[0m
Test aggregate time: 0.529590ms

[33m[Info] Sizeof data matrix: 953MB
[0m[DEBUG] loaded num: 500000, times: 1
[31mTime of clear final_x: 0.000000ms
[0m
[DEBUG] loaded num: 500000, times: 1
Clear final x successfully.
[31mTime of entering the enclave: 0.007399ms[0m
[DEBUG] Sizeof all required data in enclave: 7812 KB
[31mTime of key exchanges for 500 clients: 131.092382ms
[0m
[31mTime of key exchanges per client: 0.242460ms
[0m
Encrpyting user data...
[31mTime of data encryption per client: 4.560622ms[0m
Encprtion completed.

[DEBUG] Times: 1, loaded dim: 500000
[31mTime of secure aggregation: 1334.898578ms[0m

[33m[INFO] Aggregate successfully.

[0m[31mTotal time inside the Enclave: 1465.998359ms[0m

Secure aggregation completed!
[Info] Destroy enclave: 0.000000ms.
init enclave...
[33m[INFO] Create Enclave: 103.798312ms[0m
Test aggregate time: 0.530257ms

[33m[Info] Sizeof data matrix: 953MB
[0m[DEBUG] loaded num: 500000, times: 1
[31mTime of clear final_x: 0.000000ms
[0m
[DEBUG] loaded num: 500000, times: 1
Clear final x successfully.
[31mTime of entering the enclave: 0.008320ms[0m
[DEBUG] Sizeof all required data in enclave: 7812 KB
[31mTime of key exchanges for 500 clients: 130.360602ms
[0m
[31mTime of key exchanges per client: 0.240747ms
[0m
Encrpyting user data...
[31mTime of data encryption per client: 4.565652ms[0m
Encprtion completed.

[DEBUG] Times: 1, loaded dim: 500000
[31mTime of secure aggregation: 1328.036778ms[0m

[33m[INFO] Aggregate successfully.

[0m[31mTotal time inside the Enclave: 1458.405700ms[0m

Secure aggregation completed!
[Info] Destroy enclave: 0.000000ms.
init enclave...
[33m[INFO] Create Enclave: 102.558724ms[0m
Test aggregate time: 0.531611ms

[33m[Info] Sizeof data matrix: 953MB
[0m[DEBUG] loaded num: 500000, times: 1
[31mTime of clear final_x: 0.000000ms
[0m
[DEBUG] loaded num: 500000, times: 1
Clear final x successfully.
[31mTime of entering the enclave: 0.009190ms[0m
[DEBUG] Sizeof all required data in enclave: 7812 KB
[31mTime of key exchanges for 500 clients: 130.663077ms
[0m
[31mTime of key exchanges per client: 0.240471ms
[0m
Encrpyting user data...
[31mTime of data encryption per client: 4.564378ms[0m
Encprtion completed.

[DEBUG] Times: 1, loaded dim: 500000
[31mTime of secure aggregation: 1332.042905ms[0m

[33m[INFO] Aggregate successfully.

[0m[31mTotal time inside the Enclave: 1462.715172ms[0m

Secure aggregation completed!
[Info] Destroy enclave: 0.000000ms.
init enclave...
[33m[INFO] Create Enclave: 104.158022ms[0m
Test aggregate time: 0.537998ms

[33m[Info] Sizeof data matrix: 953MB
[0m[DEBUG] loaded num: 500000, times: 1
[31mTime of clear final_x: 0.000000ms
[0m
[DEBUG] loaded num: 500000, times: 1
Clear final x successfully.
[31mTime of entering the enclave: 0.008941ms[0m
[DEBUG] Sizeof all required data in enclave: 7812 KB
[31mTime of key exchanges for 500 clients: 129.598959ms
[0m
[31mTime of key exchanges per client: 0.240400ms
[0m
Encrpyting user data...
[31mTime of data encryption per client: 4.574943ms[0m
Encprtion completed.

[DEBUG] Times: 1, loaded dim: 500000
[31mTime of secure aggregation: 1330.639906ms[0m

[33m[INFO] Aggregate successfully.

[0m[31mTotal time inside the Enclave: 1460.247806ms[0m

Secure aggregation completed!
[Info] Destroy enclave: 0.000000ms.
init enclave...
[33m[INFO] Create Enclave: 105.078166ms[0m
Test aggregate time: 0.531192ms

[33m[Info] Sizeof data matrix: 953MB
[0m[DEBUG] loaded num: 500000, times: 1
[31mTime of clear final_x: 0.000000ms
[0m
[DEBUG] loaded num: 500000, times: 1
Clear final x successfully.
[31mTime of entering the enclave: 0.008912ms[0m
[DEBUG] Sizeof all required data in enclave: 7812 KB
[31mTime of key exchanges for 500 clients: 130.507696ms
[0m
[31mTime of key exchanges per client: 0.241049ms
[0m
Encrpyting user data...
[31mTime of data encryption per client: 4.579034ms[0m
Encprtion completed.

[DEBUG] Times: 1, loaded dim: 500000
[31mTime of secure aggregation: 1330.688070ms[0m

[33m[INFO] Aggregate successfully.

[0m[31mTotal time inside the Enclave: 1461.204678ms[0m

Secure aggregation completed!
[Info] Destroy enclave: 0.000000ms.
init enclave...
[33m[INFO] Create Enclave: 103.383022ms[0m
Test aggregate time: 0.530488ms

[33m[Info] Sizeof data matrix: 953MB
[0m[DEBUG] loaded num: 500000, times: 1
[31mTime of clear final_x: 0.000000ms
[0m
[DEBUG] loaded num: 500000, times: 1
Clear final x successfully.
[31mTime of entering the enclave: 0.008811ms[0m
[DEBUG] Sizeof all required data in enclave: 7812 KB
[31mTime of key exchanges for 500 clients: 131.395686ms
[0m
[31mTime of key exchanges per client: 0.241874ms
[0m
Encrpyting user data...
[31mTime of data encryption per client: 4.587966ms[0m
Encprtion completed.

[DEBUG] Times: 1, loaded dim: 500000
[31mTime of secure aggregation: 1330.888862ms[0m

[33m[INFO] Aggregate successfully.

[0m[31mTotal time inside the Enclave: 1462.293359ms[0m

Secure aggregation completed!
[Info] Destroy enclave: 0.000000ms.
init enclave...
[33m[INFO] Create Enclave: 106.601353ms[0m
Test aggregate time: 0.530376ms

[33m[Info] Sizeof data matrix: 953MB
[0m[DEBUG] loaded num: 500000, times: 1
[31mTime of clear final_x: 0.000000ms
[0m
[DEBUG] loaded num: 500000, times: 1
Clear final x successfully.
[31mTime of entering the enclave: 0.008352ms[0m
[DEBUG] Sizeof all required data in enclave: 7812 KB
[31mTime of key exchanges for 500 clients: 130.471559ms
[0m
[31mTime of key exchanges per client: 0.240118ms
[0m
Encrpyting user data...
[31mTime of data encryption per client: 4.567702ms[0m
Encprtion completed.

[DEBUG] Times: 1, loaded dim: 500000
[31mTime of secure aggregation: 1363.546557ms[0m

[33m[INFO] Aggregate successfully.

[0m[31mTotal time inside the Enclave: 1494.026468ms[0m

Secure aggregation completed!
[Info] Destroy enclave: 0.000000ms.
init enclave...
[33m[INFO] Create Enclave: 100.859377ms[0m
Test aggregate time: 0.532494ms

[33m[Info] Sizeof data matrix: 953MB
[0m[DEBUG] loaded num: 500000, times: 1
[31mTime of clear final_x: 0.000000ms
[0m
[DEBUG] loaded num: 500000, times: 1
Clear final x successfully.
[31mTime of entering the enclave: 0.009251ms[0m
[DEBUG] Sizeof all required data in enclave: 7812 KB
[31mTime of key exchanges for 500 clients: 129.863484ms
[0m
[31mTime of key exchanges per client: 0.240423ms
[0m
Encrpyting user data...
[31mTime of data encryption per client: 4.574204ms[0m
Encprtion completed.

[DEBUG] Times: 1, loaded dim: 500000
[31mTime of secure aggregation: 1332.726770ms[0m

[33m[INFO] Aggregate successfully.

[0m[31mTotal time inside the Enclave: 1462.599505ms[0m

Secure aggregation completed!
[Info] Destroy enclave: 0.000000ms.
init enclave...
[33m[INFO] Create Enclave: 101.617031ms[0m
Test aggregate time: 0.530744ms

[33m[Info] Sizeof data matrix: 953MB
[0m[DEBUG] loaded num: 500000, times: 1
[31mTime of clear final_x: 0.000000ms
[0m
[DEBUG] loaded num: 500000, times: 1
Clear final x successfully.
[31mTime of entering the enclave: 0.008864ms[0m
[DEBUG] Sizeof all required data in enclave: 7812 KB
[31mTime of key exchanges for 500 clients: 130.512617ms
[0m
[31mTime of key exchanges per client: 0.240519ms
[0m
Encrpyting user data...
[31mTime of data encryption per client: 4.569864ms[0m
Encprtion completed.

[DEBUG] Times: 1, loaded dim: 500000
[31mTime of secure aggregation: 1326.745332ms[0m

[33m[INFO] Aggregate successfully.

[0m[31mTotal time inside the Enclave: 1457.266813ms[0m

Secure aggregation completed!
[Info] Destroy enclave: 0.000000ms.
init enclave...
[33m[INFO] Create Enclave: 100.891893ms[0m
Test aggregate time: 0.537550ms

[33m[Info] Sizeof data matrix: 953MB
[0m[DEBUG] loaded num: 500000, times: 1
[31mTime of clear final_x: 0.000000ms
[0m
[DEBUG] loaded num: 500000, times: 1
Clear final x successfully.
[31mTime of entering the enclave: 0.008738ms[0m
[DEBUG] Sizeof all required data in enclave: 7812 KB
[31mTime of key exchanges for 500 clients: 129.718231ms
[0m
[31mTime of key exchanges per client: 0.240399ms
[0m
Encrpyting user data...
[31mTime of data encryption per client: 4.578067ms[0m
Encprtion completed.

[DEBUG] Times: 1, loaded dim: 500000
[31mTime of secure aggregation: 1331.277788ms[0m

[33m[INFO] Aggregate successfully.

[0m[31mTotal time inside the Enclave: 1461.004757ms[0m

Secure aggregation completed!
[Info] Destroy enclave: 0.000000ms.
init enclave...
[33m[INFO] Create Enclave: 104.481238ms[0m
Test aggregate time: 0.530601ms

[33m[Info] Sizeof data matrix: 953MB
[0m[DEBUG] loaded num: 500000, times: 1
[31mTime of clear final_x: 0.000000ms
[0m
[DEBUG] loaded num: 500000, times: 1
Clear final x successfully.
[31mTime of entering the enclave: 0.009002ms[0m
[DEBUG] Sizeof all required data in enclave: 7812 KB
[31mTime of key exchanges for 500 clients: 129.803219ms
[0m
[31mTime of key exchanges per client: 0.240292ms
[0m
Encrpyting user data...
[31mTime of data encryption per client: 4.586023ms[0m
Encprtion completed.

[DEBUG] Times: 1, loaded dim: 500000
[31mTime of secure aggregation: 1339.000434ms[0m

[33m[INFO] Aggregate successfully.

[0m[31mTotal time inside the Enclave: 1468.812655ms[0m

Secure aggregation completed!
[Info] Destroy enclave: 0.000000ms.
init enclave...
[33m[INFO] Create Enclave: 101.949754ms[0m
Test aggregate time: 0.535784ms

[33m[Info] Sizeof data matrix: 953MB
[0m[DEBUG] loaded num: 500000, times: 1
[31mTime of clear final_x: 0.000000ms
[0m
[DEBUG] loaded num: 500000, times: 1
Clear final x successfully.
[31mTime of entering the enclave: 0.008500ms[0m
[DEBUG] Sizeof all required data in enclave: 7812 KB
[31mTime of key exchanges for 500 clients: 129.528650ms
[0m
[31mTime of key exchanges per client: 0.239678ms
[0m
Encrpyting user data...
[31mTime of data encryption per client: 4.571105ms[0m
Encprtion completed.

[DEBUG] Times: 1, loaded dim: 500000
[31mTime of secure aggregation: 1334.043940ms[0m

[33m[INFO] Aggregate successfully.

[0m[31mTotal time inside the Enclave: 1463.581090ms[0m

Secure aggregation completed!
[Info] Destroy enclave: 0.000000ms.
init enclave...
[33m[INFO] Create Enclave: 102.512486ms[0m
Test aggregate time: 0.533815ms

[33m[Info] Sizeof data matrix: 953MB
[0m[DEBUG] loaded num: 500000, times: 1
[31mTime of clear final_x: 0.000000ms
[0m
[DEBUG] loaded num: 500000, times: 1
Clear final x successfully.
[31mTime of entering the enclave: 0.008893ms[0m
[DEBUG] Sizeof all required data in enclave: 7812 KB
[31mTime of key exchanges for 500 clients: 130.557166ms
[0m
[31mTime of key exchanges per client: 0.242030ms
[0m
Encrpyting user data...
[31mTime of data encryption per client: 4.610023ms[0m
Encprtion completed.

[DEBUG] Times: 1, loaded dim: 500000
[31mTime of secure aggregation: 1359.724066ms[0m

[33m[INFO] Aggregate successfully.

[0m[31mTotal time inside the Enclave: 1490.290125ms[0m

Secure aggregation completed!
[Info] Destroy enclave: 0.000000ms.
init enclave...
[33m[INFO] Create Enclave: 102.155564ms[0m
Test aggregate time: 0.531102ms

[33m[Info] Sizeof data matrix: 953MB
[0m[DEBUG] loaded num: 500000, times: 1
[31mTime of clear final_x: 0.000000ms
[0m
[DEBUG] loaded num: 500000, times: 1
Clear final x successfully.
[31mTime of entering the enclave: 0.008051ms[0m
[DEBUG] Sizeof all required data in enclave: 7812 KB
[31mTime of key exchanges for 500 clients: 130.839225ms
[0m
[31mTime of key exchanges per client: 0.241735ms
[0m
Encrpyting user data...
[31mTime of data encryption per client: 4.581289ms[0m
Encprtion completed.

[DEBUG] Times: 1, loaded dim: 500000
[31mTime of secure aggregation: 1346.226512ms[0m

[33m[INFO] Aggregate successfully.

[0m[31mTotal time inside the Enclave: 1477.073788ms[0m

Secure aggregation completed!
[Info] Destroy enclave: 0.000000ms.
init enclave...
[33m[INFO] Create Enclave: 101.796613ms[0m
Test aggregate time: 0.531132ms

[33m[Info] Sizeof data matrix: 953MB
[0m[DEBUG] loaded num: 500000, times: 1
[31mTime of clear final_x: 0.000000ms
[0m
[DEBUG] loaded num: 500000, times: 1
Clear final x successfully.
[31mTime of entering the enclave: 0.009493ms[0m
[DEBUG] Sizeof all required data in enclave: 7812 KB
[31mTime of key exchanges for 500 clients: 130.257564ms
[0m
[31mTime of key exchanges per client: 0.241633ms
[0m
Encrpyting user data...
[31mTime of data encryption per client: 4.565486ms[0m
Encprtion completed.

[DEBUG] Times: 1, loaded dim: 500000
[31mTime of secure aggregation: 1331.913149ms[0m

[33m[INFO] Aggregate successfully.

[0m[31mTotal time inside the Enclave: 1462.180206ms[0m

Secure aggregation completed!
[Info] Destroy enclave: 0.000000ms.
init enclave...
[33m[INFO] Create Enclave: 102.429253ms[0m
Test aggregate time: 0.532322ms

[33m[Info] Sizeof data matrix: 953MB
[0m[DEBUG] loaded num: 500000, times: 1
[31mTime of clear final_x: 0.000000ms
[0m
[DEBUG] loaded num: 500000, times: 1
Clear final x successfully.
[31mTime of entering the enclave: 0.008093ms[0m
[DEBUG] Sizeof all required data in enclave: 7812 KB
[31mTime of key exchanges for 500 clients: 129.710745ms
[0m
[31mTime of key exchanges per client: 0.239816ms
[0m
Encrpyting user data...
[31mTime of data encryption per client: 4.577969ms[0m
Encprtion completed.

[DEBUG] Times: 1, loaded dim: 500000
[31mTime of secure aggregation: 1327.929260ms[0m

[33m[INFO] Aggregate successfully.

[0m[31mTotal time inside the Enclave: 1457.648098ms[0m

Secure aggregation completed!
[Info] Destroy enclave: 0.000000ms.
init enclave...
[33m[INFO] Create Enclave: 107.240279ms[0m
Test aggregate time: 0.532431ms

[33m[Info] Sizeof data matrix: 953MB
[0m[DEBUG] loaded num: 500000, times: 1
[31mTime of clear final_x: 0.000000ms
[0m
[DEBUG] loaded num: 500000, times: 1
Clear final x successfully.
[31mTime of entering the enclave: 0.009754ms[0m
[DEBUG] Sizeof all required data in enclave: 7812 KB
[31mTime of key exchanges for 500 clients: 133.754086ms
[0m
[31mTime of key exchanges per client: 0.247973ms
[0m
Encrpyting user data...
[31mTime of data encryption per client: 4.558816ms[0m
Encprtion completed.

[DEBUG] Times: 1, loaded dim: 500000
[31mTime of secure aggregation: 1333.786557ms[0m

[33m[INFO] Aggregate successfully.

[0m[31mTotal time inside the Enclave: 1467.550397ms[0m

Secure aggregation completed!
[Info] Destroy enclave: 0.000000ms.
init enclave...
[33m[INFO] Create Enclave: 105.374339ms[0m
Test aggregate time: 0.536477ms

[33m[Info] Sizeof data matrix: 953MB
[0m[DEBUG] loaded num: 500000, times: 1
[31mTime of clear final_x: 0.000000ms
[0m
[DEBUG] loaded num: 500000, times: 1
Clear final x successfully.
[31mTime of entering the enclave: 0.008835ms[0m
[DEBUG] Sizeof all required data in enclave: 7812 KB
[31mTime of key exchanges for 500 clients: 130.153982ms
[0m
[31mTime of key exchanges per client: 0.240437ms
[0m
Encrpyting user data...
[31mTime of data encryption per client: 4.585008ms[0m
Encprtion completed.

[DEBUG] Times: 1, loaded dim: 500000
[31mTime of secure aggregation: 1332.693488ms[0m

[33m[INFO] Aggregate successfully.

[0m[31mTotal time inside the Enclave: 1462.856305ms[0m

Secure aggregation completed!
[Info] Destroy enclave: 0.000000ms.
init enclave...
[33m[INFO] Create Enclave: 106.686706ms[0m
Test aggregate time: 0.531629ms

[33m[Info] Sizeof data matrix: 953MB
[0m[DEBUG] loaded num: 500000, times: 1
[31mTime of clear final_x: 0.000000ms
[0m
[DEBUG] loaded num: 500000, times: 1
Clear final x successfully.
[31mTime of entering the enclave: 0.009389ms[0m
[DEBUG] Sizeof all required data in enclave: 7812 KB
[31mTime of key exchanges for 500 clients: 129.879555ms
[0m
[31mTime of key exchanges per client: 0.240627ms
[0m
Encrpyting user data...
[31mTime of data encryption per client: 4.570808ms[0m
Encprtion completed.

[DEBUG] Times: 1, loaded dim: 500000
[31mTime of secure aggregation: 1345.442499ms[0m

[33m[INFO] Aggregate successfully.

[0m[31mTotal time inside the Enclave: 1475.331443ms[0m

Secure aggregation completed!
[Info] Destroy enclave: 0.000000ms.
init enclave...
[33m[INFO] Create Enclave: 101.069029ms[0m
Test aggregate time: 0.529726ms

[33m[Info] Sizeof data matrix: 953MB
[0m[DEBUG] loaded num: 500000, times: 1
[31mTime of clear final_x: 0.000000ms
[0m
[DEBUG] loaded num: 500000, times: 1
Clear final x successfully.
[31mTime of entering the enclave: 0.008447ms[0m
[DEBUG] Sizeof all required data in enclave: 7812 KB
[31mTime of key exchanges for 500 clients: 129.787686ms
[0m
[31mTime of key exchanges per client: 0.240864ms
[0m
Encrpyting user data...
[31mTime of data encryption per client: 4.573680ms[0m
Encprtion completed.

[DEBUG] Times: 1, loaded dim: 500000
[31mTime of secure aggregation: 1327.582411ms[0m

[33m[INFO] Aggregate successfully.

[0m[31mTotal time inside the Enclave: 1457.378544ms[0m

Secure aggregation completed!
[Info] Destroy enclave: 0.000000ms.
init enclave...
[33m[INFO] Create Enclave: 120.142458ms[0m
Test aggregate time: 0.532269ms

[33m[Info] Sizeof data matrix: 953MB
[0m[DEBUG] loaded num: 500000, times: 1
[31mTime of clear final_x: 0.000000ms
[0m
[DEBUG] loaded num: 500000, times: 1
Clear final x successfully.
[31mTime of entering the enclave: 0.008508ms[0m
[DEBUG] Sizeof all required data in enclave: 7812 KB
[31mTime of key exchanges for 500 clients: 130.009665ms
[0m
[31mTime of key exchanges per client: 0.240036ms
[0m
Encrpyting user data...
[31mTime of data encryption per client: 4.564754ms[0m
Encprtion completed.

[DEBUG] Times: 1, loaded dim: 500000
[31mTime of secure aggregation: 1325.960506ms[0m

[33m[INFO] Aggregate successfully.

[0m[31mTotal time inside the Enclave: 1455.978679ms[0m

Secure aggregation completed!
[Info] Destroy enclave: 0.000000ms.
init enclave...
[33m[INFO] Create Enclave: 104.741414ms[0m
Test aggregate time: 0.531823ms

[33m[Info] Sizeof data matrix: 953MB
[0m[DEBUG] loaded num: 500000, times: 1
[31mTime of clear final_x: 0.000000ms
[0m
[DEBUG] loaded num: 500000, times: 1
Clear final x successfully.
[31mTime of entering the enclave: 0.008531ms[0m
[DEBUG] Sizeof all required data in enclave: 7812 KB
[31mTime of key exchanges for 500 clients: 129.647994ms
[0m
[31mTime of key exchanges per client: 0.239701ms
[0m
Encrpyting user data...
[31mTime of data encryption per client: 4.569657ms[0m
Encprtion completed.

[DEBUG] Times: 1, loaded dim: 500000
[31mTime of secure aggregation: 1338.528354ms[0m

[33m[INFO] Aggregate successfully.

[0m[31mTotal time inside the Enclave: 1468.184879ms[0m

Secure aggregation completed!
[Info] Destroy enclave: 0.000000ms.
init enclave...
[33m[INFO] Create Enclave: 101.685983ms[0m
Test aggregate time: 0.535722ms

[33m[Info] Sizeof data matrix: 953MB
[0m[DEBUG] loaded num: 500000, times: 1
[31mTime of clear final_x: 0.000000ms
[0m
[DEBUG] loaded num: 500000, times: 1
Clear final x successfully.
[31mTime of entering the enclave: 0.008074ms[0m
[DEBUG] Sizeof all required data in enclave: 7812 KB
[31mTime of key exchanges for 500 clients: 130.570111ms
[0m
[31mTime of key exchanges per client: 0.241543ms
[0m
Encrpyting user data...
[31mTime of data encryption per client: 4.562698ms[0m
Encprtion completed.

[DEBUG] Times: 1, loaded dim: 500000
[31mTime of secure aggregation: 1326.892880ms[0m

[33m[INFO] Aggregate successfully.

[0m[31mTotal time inside the Enclave: 1457.471065ms[0m

Secure aggregation completed!
[Info] Destroy enclave: 0.000000ms.
init enclave...
[33m[INFO] Create Enclave: 101.940898ms[0m
Test aggregate time: 0.530015ms

[33m[Info] Sizeof data matrix: 953MB
[0m[DEBUG] loaded num: 500000, times: 1
[31mTime of clear final_x: 0.000000ms
[0m
[DEBUG] loaded num: 500000, times: 1
Clear final x successfully.
[31mTime of entering the enclave: 0.008654ms[0m
[DEBUG] Sizeof all required data in enclave: 7812 KB
[31mTime of key exchanges for 500 clients: 129.734382ms
[0m
[31mTime of key exchanges per client: 0.239785ms
[0m
Encrpyting user data...
[31mTime of data encryption per client: 4.572831ms[0m
Encprtion completed.

[DEBUG] Times: 1, loaded dim: 500000
[31mTime of secure aggregation: 1328.881600ms[0m

[33m[INFO] Aggregate successfully.

[0m[31mTotal time inside the Enclave: 1458.624636ms[0m

Secure aggregation completed!
[Info] Destroy enclave: 0.000000ms.
init enclave...
[33m[INFO] Create Enclave: 102.210878ms[0m
Test aggregate time: 0.531676ms

[33m[Info] Sizeof data matrix: 953MB
[0m[DEBUG] loaded num: 500000, times: 1
[31mTime of clear final_x: 0.000000ms
[0m
[DEBUG] loaded num: 500000, times: 1
Clear final x successfully.
[31mTime of entering the enclave: 0.008921ms[0m
[DEBUG] Sizeof all required data in enclave: 7812 KB
[31mTime of key exchanges for 500 clients: 129.886180ms
[0m
[31mTime of key exchanges per client: 0.240792ms
[0m
Encrpyting user data...
[31mTime of data encryption per client: 4.581957ms[0m
Encprtion completed.

[DEBUG] Times: 1, loaded dim: 500000
[31mTime of secure aggregation: 1334.018117ms[0m

[33m[INFO] Aggregate successfully.

[0m[31mTotal time inside the Enclave: 1463.913218ms[0m

Secure aggregation completed!
[Info] Destroy enclave: 0.000000ms.
init enclave...
[33m[INFO] Create Enclave: 102.188003ms[0m
Test aggregate time: 0.530361ms

[33m[Info] Sizeof data matrix: 953MB
[0m[DEBUG] loaded num: 500000, times: 1
[31mTime of clear final_x: 0.000000ms
[0m
[DEBUG] loaded num: 500000, times: 1
Clear final x successfully.
[31mTime of entering the enclave: 0.008828ms[0m
[DEBUG] Sizeof all required data in enclave: 7812 KB
[31mTime of key exchanges for 500 clients: 129.779521ms
[0m
[31mTime of key exchanges per client: 0.239828ms
[0m
Encrpyting user data...
[31mTime of data encryption per client: 4.569570ms[0m
Encprtion completed.

[DEBUG] Times: 1, loaded dim: 500000
[31mTime of secure aggregation: 1343.754636ms[0m

[33m[INFO] Aggregate successfully.

[0m[31mTotal time inside the Enclave: 1473.542985ms[0m

Secure aggregation completed!
[Info] Destroy enclave: 0.000000ms.
init enclave...
[33m[INFO] Create Enclave: 105.762757ms[0m
Test aggregate time: 0.530649ms

[33m[Info] Sizeof data matrix: 953MB
[0m[DEBUG] loaded num: 500000, times: 1
[31mTime of clear final_x: 0.000000ms
[0m
[DEBUG] loaded num: 500000, times: 1
Clear final x successfully.
[31mTime of entering the enclave: 0.008401ms[0m
[DEBUG] Sizeof all required data in enclave: 7812 KB
[31mTime of key exchanges for 500 clients: 130.203849ms
[0m
[31mTime of key exchanges per client: 0.240586ms
[0m
Encrpyting user data...
[31mTime of data encryption per client: 4.565586ms[0m
Encprtion completed.

[DEBUG] Times: 1, loaded dim: 500000
[31mTime of secure aggregation: 1329.471535ms[0m

[33m[INFO] Aggregate successfully.

[0m[31mTotal time inside the Enclave: 1459.683785ms[0m

Secure aggregation completed!
[Info] Destroy enclave: 0.000000ms.
init enclave...
[33m[INFO] Create Enclave: 106.645203ms[0m
Test aggregate time: 0.530616ms

[33m[Info] Sizeof data matrix: 953MB
[0m[DEBUG] loaded num: 500000, times: 1
[31mTime of clear final_x: 0.000000ms
[0m
[DEBUG] loaded num: 500000, times: 1
Clear final x successfully.
[31mTime of entering the enclave: 0.008415ms[0m
[DEBUG] Sizeof all required data in enclave: 7812 KB
[31mTime of key exchanges for 500 clients: 130.405918ms
[0m
[31mTime of key exchanges per client: 0.241145ms
[0m
Encrpyting user data...
[31mTime of data encryption per client: 4.584881ms[0m
Encprtion completed.

[DEBUG] Times: 1, loaded dim: 500000
[31mTime of secure aggregation: 1333.229751ms[0m

[33m[INFO] Aggregate successfully.

[0m[31mTotal time inside the Enclave: 1463.644084ms[0m

Secure aggregation completed!
[Info] Destroy enclave: 0.000000ms.
init enclave...
[33m[INFO] Create Enclave: 102.285395ms[0m
Test aggregate time: 0.538898ms

[33m[Info] Sizeof data matrix: 953MB
[0m[DEBUG] loaded num: 500000, times: 1
[31mTime of clear final_x: 0.000000ms
[0m
[DEBUG] loaded num: 500000, times: 1
Clear final x successfully.
[31mTime of entering the enclave: 0.009247ms[0m
[DEBUG] Sizeof all required data in enclave: 7812 KB
[31mTime of key exchanges for 500 clients: 129.837669ms
[0m
[31mTime of key exchanges per client: 0.239807ms
[0m
Encrpyting user data...
[31mTime of data encryption per client: 4.573626ms[0m
Encprtion completed.

[DEBUG] Times: 1, loaded dim: 500000
[31mTime of secure aggregation: 1326.384203ms[0m

[33m[INFO] Aggregate successfully.

[0m[31mTotal time inside the Enclave: 1456.231119ms[0m

Secure aggregation completed!
[Info] Destroy enclave: 0.000000ms.
init enclave...
[33m[INFO] Create Enclave: 105.598280ms[0m
Test aggregate time: 0.532254ms

[33m[Info] Sizeof data matrix: 953MB
[0m[DEBUG] loaded num: 500000, times: 1
[31mTime of clear final_x: 0.000000ms
[0m
[DEBUG] loaded num: 500000, times: 1
Clear final x successfully.
[31mTime of entering the enclave: 0.008811ms[0m
[DEBUG] Sizeof all required data in enclave: 7812 KB
[31mTime of key exchanges for 500 clients: 130.812827ms
[0m
[31mTime of key exchanges per client: 0.241048ms
[0m
Encrpyting user data...
[31mTime of data encryption per client: 4.582623ms[0m
Encprtion completed.

[DEBUG] Times: 1, loaded dim: 500000
[31mTime of secure aggregation: 1334.389424ms[0m

[33m[INFO] Aggregate successfully.

[0m[31mTotal time inside the Enclave: 1465.211062ms[0m

Secure aggregation completed!
[Info] Destroy enclave: 0.000000ms.
init enclave...
[33m[INFO] Create Enclave: 103.148364ms[0m
Test aggregate time: 0.529604ms

[33m[Info] Sizeof data matrix: 953MB
[0m[DEBUG] loaded num: 500000, times: 1
[31mTime of clear final_x: 0.000000ms
[0m
[DEBUG] loaded num: 500000, times: 1
Clear final x successfully.
[31mTime of entering the enclave: 0.008383ms[0m
[DEBUG] Sizeof all required data in enclave: 7812 KB
[31mTime of key exchanges for 500 clients: 130.097693ms
[0m
[31mTime of key exchanges per client: 0.240959ms
[0m
Encrpyting user data...
[31mTime of data encryption per client: 4.591446ms[0m
Encprtion completed.

[DEBUG] Times: 1, loaded dim: 500000
[31mTime of secure aggregation: 1335.365606ms[0m

[33m[INFO] Aggregate successfully.

[0m[31mTotal time inside the Enclave: 1465.471682ms[0m

Secure aggregation completed!
[Info] Destroy enclave: 0.000000ms.
init enclave...
[33m[INFO] Create Enclave: 102.368649ms[0m
Test aggregate time: 0.529637ms

[33m[Info] Sizeof data matrix: 953MB
[0m[DEBUG] loaded num: 500000, times: 1
[31mTime of clear final_x: 0.000000ms
[0m
[DEBUG] loaded num: 500000, times: 1
Clear final x successfully.
[31mTime of entering the enclave: 0.008255ms[0m
[DEBUG] Sizeof all required data in enclave: 7812 KB
[31mTime of key exchanges for 500 clients: 129.554366ms
[0m
[31mTime of key exchanges per client: 0.240551ms
[0m
Encrpyting user data...
[31mTime of data encryption per client: 4.554675ms[0m
Encprtion completed.

[DEBUG] Times: 1, loaded dim: 500000
[31mTime of secure aggregation: 1341.160739ms[0m

[33m[INFO] Aggregate successfully.

[0m[31mTotal time inside the Enclave: 1470.723360ms[0m

Secure aggregation completed!
[Info] Destroy enclave: 0.000000ms.
init enclave...
[33m[INFO] Create Enclave: 101.254550ms[0m
Test aggregate time: 0.531254ms

[33m[Info] Sizeof data matrix: 953MB
[0m[DEBUG] loaded num: 500000, times: 1
[31mTime of clear final_x: 0.000000ms
[0m
[DEBUG] loaded num: 500000, times: 1
Clear final x successfully.
[31mTime of entering the enclave: 0.008610ms[0m
[DEBUG] Sizeof all required data in enclave: 7812 KB
[31mTime of key exchanges for 500 clients: 131.041036ms
[0m
[31mTime of key exchanges per client: 0.242949ms
[0m
Encrpyting user data...
[31mTime of data encryption per client: 4.559631ms[0m
Encprtion completed.

[DEBUG] Times: 1, loaded dim: 500000
[31mTime of secure aggregation: 1328.193319ms[0m

[33m[INFO] Aggregate successfully.

[0m[31mTotal time inside the Enclave: 1459.242965ms[0m

Secure aggregation completed!
[Info] Destroy enclave: 0.000000ms.
init enclave...
[33m[INFO] Create Enclave: 104.491859ms[0m
Test aggregate time: 0.530853ms

[33m[Info] Sizeof data matrix: 953MB
[0m[DEBUG] loaded num: 500000, times: 1
[31mTime of clear final_x: 0.000000ms
[0m
[DEBUG] loaded num: 500000, times: 1
Clear final x successfully.
[31mTime of entering the enclave: 0.010162ms[0m
[DEBUG] Sizeof all required data in enclave: 7812 KB
[31mTime of key exchanges for 500 clients: 129.919359ms
[0m
[31mTime of key exchanges per client: 0.239736ms
[0m
Encrpyting user data...
[31mTime of data encryption per client: 4.564443ms[0m
Encprtion completed.

[DEBUG] Times: 1, loaded dim: 500000
[31mTime of secure aggregation: 1334.346805ms[0m

[33m[INFO] Aggregate successfully.

[0m[31mTotal time inside the Enclave: 1464.276326ms[0m

Secure aggregation completed!
[Info] Destroy enclave: 0.000000ms.
init enclave...
[33m[INFO] Create Enclave: 102.452416ms[0m
Test aggregate time: 0.530822ms

[33m[Info] Sizeof data matrix: 953MB
[0m[DEBUG] loaded num: 500000, times: 1
[31mTime of clear final_x: 0.000000ms
[0m
[DEBUG] loaded num: 500000, times: 1
Clear final x successfully.
[31mTime of entering the enclave: 0.008936ms[0m
[DEBUG] Sizeof all required data in enclave: 7812 KB
[31mTime of key exchanges for 500 clients: 129.045701ms
[0m
[31mTime of key exchanges per client: 0.238626ms
[0m
Encrpyting user data...
[31mTime of data encryption per client: 4.573311ms[0m
Encprtion completed.

[DEBUG] Times: 1, loaded dim: 500000
[31mTime of secure aggregation: 1341.719054ms[0m

[33m[INFO] Aggregate successfully.

[0m[31mTotal time inside the Enclave: 1470.773691ms[0m

Secure aggregation completed!
[Info] Destroy enclave: 0.000000ms.
init enclave...
[33m[INFO] Create Enclave: 102.169588ms[0m
Test aggregate time: 0.530834ms

[33m[Info] Sizeof data matrix: 953MB
[0m[DEBUG] loaded num: 500000, times: 1
[31mTime of clear final_x: 0.000000ms
[0m
[DEBUG] loaded num: 500000, times: 1
Clear final x successfully.
[31mTime of entering the enclave: 0.008427ms[0m
[DEBUG] Sizeof all required data in enclave: 7812 KB
[31mTime of key exchanges for 500 clients: 130.014855ms
[0m
[31mTime of key exchanges per client: 0.240065ms
[0m
Encrpyting user data...
[31mTime of data encryption per client: 4.597885ms[0m
Encprtion completed.

[DEBUG] Times: 1, loaded dim: 500000
[31mTime of secure aggregation: 1339.450712ms[0m

[33m[INFO] Aggregate successfully.

[0m[31mTotal time inside the Enclave: 1469.473994ms[0m

Secure aggregation completed!
[Info] Destroy enclave: 0.000000ms.
init enclave...
[33m[INFO] Create Enclave: 105.649967ms[0m
Test aggregate time: 0.531259ms

[33m[Info] Sizeof data matrix: 953MB
[0m[DEBUG] loaded num: 500000, times: 1
[31mTime of clear final_x: 0.000000ms
[0m
[DEBUG] loaded num: 500000, times: 1
Clear final x successfully.
[31mTime of entering the enclave: 0.008451ms[0m
[DEBUG] Sizeof all required data in enclave: 7812 KB
[31mTime of key exchanges for 500 clients: 130.616489ms
[0m
[31mTime of key exchanges per client: 0.241687ms
[0m
Encrpyting user data...
[31mTime of data encryption per client: 4.591130ms[0m
Encprtion completed.

[DEBUG] Times: 1, loaded dim: 500000
[31mTime of secure aggregation: 1328.819768ms[0m

[33m[INFO] Aggregate successfully.

[0m[31mTotal time inside the Enclave: 1459.444708ms[0m

Secure aggregation completed!
[Info] Destroy enclave: 0.000000ms.
init enclave...
[33m[INFO] Create Enclave: 103.240792ms[0m
Test aggregate time: 0.531052ms

[33m[Info] Sizeof data matrix: 953MB
[0m[DEBUG] loaded num: 500000, times: 1
[31mTime of clear final_x: 0.000000ms
[0m
[DEBUG] loaded num: 500000, times: 1
Clear final x successfully.
[31mTime of entering the enclave: 0.008040ms[0m
[DEBUG] Sizeof all required data in enclave: 7812 KB
[31mTime of key exchanges for 500 clients: 130.121007ms
[0m
[31mTime of key exchanges per client: 0.240746ms
[0m
Encrpyting user data...
[31mTime of data encryption per client: 4.571766ms[0m
Encprtion completed.

[DEBUG] Times: 1, loaded dim: 500000
[31mTime of secure aggregation: 1345.688414ms[0m

[33m[INFO] Aggregate successfully.

[0m[31mTotal time inside the Enclave: 1475.817461ms[0m

Secure aggregation completed!
[Info] Destroy enclave: 0.000000ms.
init enclave...
[33m[INFO] Create Enclave: 101.738330ms[0m
Test aggregate time: 0.530879ms

[33m[Info] Sizeof data matrix: 953MB
[0m[DEBUG] loaded num: 500000, times: 1
[31mTime of clear final_x: 0.000000ms
[0m
[DEBUG] loaded num: 500000, times: 1
Clear final x successfully.
[31mTime of entering the enclave: 0.008493ms[0m
[DEBUG] Sizeof all required data in enclave: 7812 KB
[31mTime of key exchanges for 500 clients: 130.324151ms
[0m
[31mTime of key exchanges per client: 0.239970ms
[0m
Encrpyting user data...
[31mTime of data encryption per client: 4.575540ms[0m
Encprtion completed.

[DEBUG] Times: 1, loaded dim: 500000
[31mTime of secure aggregation: 1330.238206ms[0m

[33m[INFO] Aggregate successfully.

[0m[31mTotal time inside the Enclave: 1460.570850ms[0m

Secure aggregation completed!
[Info] Destroy enclave: 0.000000ms.
init enclave...
[33m[INFO] Create Enclave: 107.417068ms[0m
Test aggregate time: 0.533672ms

[33m[Info] Sizeof data matrix: 953MB
[0m[DEBUG] loaded num: 500000, times: 1
[31mTime of clear final_x: 0.000000ms
[0m
[DEBUG] loaded num: 500000, times: 1
Clear final x successfully.
[31mTime of entering the enclave: 0.007979ms[0m
[DEBUG] Sizeof all required data in enclave: 7812 KB
[31mTime of key exchanges for 500 clients: 129.973956ms
[0m
[31mTime of key exchanges per client: 0.241041ms
[0m
Encrpyting user data...
[31mTime of data encryption per client: 4.556498ms[0m
Encprtion completed.

[DEBUG] Times: 1, loaded dim: 500000
[31mTime of secure aggregation: 1334.112563ms[0m

[33m[INFO] Aggregate successfully.

[0m[31mTotal time inside the Enclave: 1464.094498ms[0m

Secure aggregation completed!
[Info] Destroy enclave: 0.000000ms.
init enclave...
[33m[INFO] Create Enclave: 122.040759ms[0m
Test aggregate time: 0.530770ms

[33m[Info] Sizeof data matrix: 953MB
[0m[DEBUG] loaded num: 500000, times: 1
[31mTime of clear final_x: 0.000000ms
[0m
[DEBUG] loaded num: 500000, times: 1
Clear final x successfully.
[31mTime of entering the enclave: 0.008820ms[0m
[DEBUG] Sizeof all required data in enclave: 7812 KB
[31mTime of key exchanges for 500 clients: 130.478224ms
[0m
[31mTime of key exchanges per client: 0.240321ms
[0m
Encrpyting user data...
[31mTime of data encryption per client: 4.577897ms[0m
Encprtion completed.

[DEBUG] Times: 1, loaded dim: 500000
[31mTime of secure aggregation: 1349.530429ms[0m

[33m[INFO] Aggregate successfully.

[0m[31mTotal time inside the Enclave: 1480.017473ms[0m

Secure aggregation completed!
[Info] Destroy enclave: 0.000000ms.
init enclave...
[33m[INFO] Create Enclave: 104.197142ms[0m
Test aggregate time: 0.537378ms

[33m[Info] Sizeof data matrix: 953MB
[0m[DEBUG] loaded num: 500000, times: 1
[31mTime of clear final_x: 0.000000ms
[0m
[DEBUG] loaded num: 500000, times: 1
Clear final x successfully.
[31mTime of entering the enclave: 0.008571ms[0m
[DEBUG] Sizeof all required data in enclave: 7812 KB
[31mTime of key exchanges for 500 clients: 130.589443ms
[0m
[31mTime of key exchanges per client: 0.241123ms
[0m
Encrpyting user data...
[31mTime of data encryption per client: 4.582377ms[0m
Encprtion completed.

[DEBUG] Times: 1, loaded dim: 500000
[31mTime of secure aggregation: 1335.854831ms[0m

[33m[INFO] Aggregate successfully.

[0m[31mTotal time inside the Enclave: 1466.452845ms[0m

Secure aggregation completed!
[Info] Destroy enclave: 0.000000ms.
init enclave...
[33m[INFO] Create Enclave: 103.481557ms[0m
Test aggregate time: 0.533231ms

[33m[Info] Sizeof data matrix: 953MB
[0m[DEBUG] loaded num: 500000, times: 1
[31mTime of clear final_x: 0.000000ms
[0m
[DEBUG] loaded num: 500000, times: 1
Clear final x successfully.
[31mTime of entering the enclave: 0.009340ms[0m
[DEBUG] Sizeof all required data in enclave: 7812 KB
[31mTime of key exchanges for 500 clients: 132.160351ms
[0m
[31mTime of key exchanges per client: 0.243365ms
[0m
Encrpyting user data...
[31mTime of data encryption per client: 4.645928ms[0m
Encprtion completed.

[DEBUG] Times: 1, loaded dim: 500000
[31mTime of secure aggregation: 1357.489169ms[0m

[33m[INFO] Aggregate successfully.

[0m[31mTotal time inside the Enclave: 1489.658860ms[0m

Secure aggregation completed!
[Info] Destroy enclave: 0.000000ms.
