init enclave...
[33m[INFO] Create Enclave: 109.910921ms[0m
Test aggregate time: 0.325692ms

[33m[Info] Sizeof data matrix: 572MB
[0m[DEBUG] loaded num: 300000, times: 1
[31mTime of clear final_x: 0.000000ms
[0m
[DEBUG] loaded num: 300000, times: 1
Clear final x successfully.
[31mTime of entering the enclave: 0.008159ms[0m
[DEBUG] Sizeof all required data in enclave: 4687 KB
[31mTime of key exchanges for 500 clients: 130.865609ms
[0m
[31mTime of key exchanges per client: 0.243468ms
[0m
Encrpyting user data...
[31mTime of data encryption per client: 2.758495ms[0m
Encprtion completed.

[DEBUG] Times: 1, loaded dim: 300000
[31mTime of secure aggregation: 802.054180ms[0m

[33m[INFO] Aggregate successfully.

[0m[31mTotal time inside the Enclave: 932.927948ms[0m

Secure aggregation completed!
[Info] Destroy enclave: 0.000000ms.
init enclave...
[33m[INFO] Create Enclave: 104.006388ms[0m
Test aggregate time: 0.318579ms

[33m[Info] Sizeof data matrix: 572MB
[0m[DEBUG] loaded num: 300000, times: 1
[31mTime of clear final_x: 0.000000ms
[0m
[DEBUG] loaded num: 300000, times: 1
Clear final x successfully.
[31mTime of entering the enclave: 0.007730ms[0m
[DEBUG] Sizeof all required data in enclave: 4687 KB
[31mTime of key exchanges for 500 clients: 130.552181ms
[0m
[31mTime of key exchanges per client: 0.241063ms
[0m
Encrpyting user data...
[31mTime of data encryption per client: 2.758955ms[0m
Encprtion completed.

[DEBUG] Times: 1, loaded dim: 300000
[31mTime of secure aggregation: 792.823953ms[0m

[33m[INFO] Aggregate successfully.

[0m[31mTotal time inside the Enclave: 923.383864ms[0m

Secure aggregation completed!
[Info] Destroy enclave: 0.000000ms.
init enclave...
[33m[INFO] Create Enclave: 103.986189ms[0m
Test aggregate time: 0.320404ms

[33m[Info] Sizeof data matrix: 572MB
[0m[DEBUG] loaded num: 300000, times: 1
[31mTime of clear final_x: 0.000000ms
[0m
[DEBUG] loaded num: 300000, times: 1
Clear final x successfully.
[31mTime of entering the enclave: 0.008138ms[0m
[DEBUG] Sizeof all required data in enclave: 4687 KB
[31mTime of key exchanges for 500 clients: 131.310520ms
[0m
[31mTime of key exchanges per client: 0.243504ms
[0m
Encrpyting user data...
[31mTime of data encryption per client: 2.761044ms[0m
Encprtion completed.

[DEBUG] Times: 1, loaded dim: 300000
[31mTime of secure aggregation: 791.696597ms[0m

[33m[INFO] Aggregate successfully.

[0m[31mTotal time inside the Enclave: 923.015255ms[0m

Secure aggregation completed!
[Info] Destroy enclave: 0.000000ms.
init enclave...
[33m[INFO] Create Enclave: 103.815792ms[0m
Test aggregate time: 0.319391ms

[33m[Info] Sizeof data matrix: 572MB
[0m[DEBUG] loaded num: 300000, times: 1
[31mTime of clear final_x: 0.000000ms
[0m
[DEBUG] loaded num: 300000, times: 1
Clear final x successfully.
[31mTime of entering the enclave: 0.008333ms[0m
[DEBUG] Sizeof all required data in enclave: 4687 KB
[31mTime of key exchanges for 500 clients: 130.708839ms
[0m
[31mTime of key exchanges per client: 0.241960ms
[0m
Encrpyting user data...
[31mTime of data encryption per client: 2.790218ms[0m
Encprtion completed.

[DEBUG] Times: 1, loaded dim: 300000
[31mTime of secure aggregation: 796.260696ms[0m

[33m[INFO] Aggregate successfully.

[0m[31mTotal time inside the Enclave: 926.977868ms[0m

Secure aggregation completed!
[Info] Destroy enclave: 0.000000ms.
init enclave...
[33m[INFO] Create Enclave: 102.601024ms[0m
Test aggregate time: 0.323256ms

[33m[Info] Sizeof data matrix: 572MB
[0m[DEBUG] loaded num: 300000, times: 1
[31mTime of clear final_x: 0.000000ms
[0m
[DEBUG] loaded num: 300000, times: 1
Clear final x successfully.
[31mTime of entering the enclave: 0.008260ms[0m
[DEBUG] Sizeof all required data in enclave: 4687 KB
[31mTime of key exchanges for 500 clients: 131.248953ms
[0m
[31mTime of key exchanges per client: 0.242839ms
[0m
Encrpyting user data...
[31mTime of data encryption per client: 2.771030ms[0m
Encprtion completed.

[DEBUG] Times: 1, loaded dim: 300000
[31mTime of secure aggregation: 794.362256ms[0m

[33m[INFO] Aggregate successfully.

[0m[31mTotal time inside the Enclave: 925.619469ms[0m

Secure aggregation completed!
[Info] Destroy enclave: 0.000000ms.
init enclave...
[33m[INFO] Create Enclave: 101.918514ms[0m
Test aggregate time: 0.320034ms

[33m[Info] Sizeof data matrix: 572MB
[0m[DEBUG] loaded num: 300000, times: 1
[31mTime of clear final_x: 0.000000ms
[0m
[DEBUG] loaded num: 300000, times: 1
Clear final x successfully.
[31mTime of entering the enclave: 0.008496ms[0m
[DEBUG] Sizeof all required data in enclave: 4687 KB
[31mTime of key exchanges for 500 clients: 129.913355ms
[0m
[31mTime of key exchanges per client: 0.242051ms
[0m
Encrpyting user data...
[31mTime of data encryption per client: 2.752357ms[0m
Encprtion completed.

[DEBUG] Times: 1, loaded dim: 300000
[31mTime of secure aggregation: 812.509251ms[0m

[33m[INFO] Aggregate successfully.

[0m[31mTotal time inside the Enclave: 942.431102ms[0m

Secure aggregation completed!
[Info] Destroy enclave: 0.000000ms.
init enclave...
[33m[INFO] Create Enclave: 103.315504ms[0m
Test aggregate time: 0.322385ms

[33m[Info] Sizeof data matrix: 572MB
[0m[DEBUG] loaded num: 300000, times: 1
[31mTime of clear final_x: 0.000000ms
[0m
[DEBUG] loaded num: 300000, times: 1
Clear final x successfully.
[31mTime of entering the enclave: 0.008259ms[0m
[DEBUG] Sizeof all required data in enclave: 4687 KB
[31mTime of key exchanges for 500 clients: 133.709092ms
[0m
[31mTime of key exchanges per client: 0.248372ms
[0m
Encrpyting user data...
[31mTime of data encryption per client: 2.748078ms[0m
Encprtion completed.

[DEBUG] Times: 1, loaded dim: 300000
[31mTime of secure aggregation: 792.153567ms[0m

[33m[INFO] Aggregate successfully.

[0m[31mTotal time inside the Enclave: 925.870918ms[0m

Secure aggregation completed!
[Info] Destroy enclave: 0.000000ms.
init enclave...
[33m[INFO] Create Enclave: 103.492360ms[0m
Test aggregate time: 0.319124ms

[33m[Info] Sizeof data matrix: 572MB
[0m[DEBUG] loaded num: 300000, times: 1
[31mTime of clear final_x: 0.000000ms
[0m
[DEBUG] loaded num: 300000, times: 1
Clear final x successfully.
[31mTime of entering the enclave: 0.008064ms[0m
[DEBUG] Sizeof all required data in enclave: 4687 KB
[31mTime of key exchanges for 500 clients: 130.056076ms
[0m
[31mTime of key exchanges per client: 0.240538ms
[0m
Encrpyting user data...
[31mTime of data encryption per client: 2.748174ms[0m
Encprtion completed.

[DEBUG] Times: 1, loaded dim: 300000
[31mTime of secure aggregation: 796.413243ms[0m

[33m[INFO] Aggregate successfully.

[0m[31mTotal time inside the Enclave: 926.477383ms[0m

Secure aggregation completed!
[Info] Destroy enclave: 0.000000ms.
init enclave...
[33m[INFO] Create Enclave: 100.975738ms[0m
Test aggregate time: 0.320442ms

[33m[Info] Sizeof data matrix: 572MB
[0m[DEBUG] loaded num: 300000, times: 1
[31mTime of clear final_x: 0.000000ms
[0m
[DEBUG] loaded num: 300000, times: 1
Clear final x successfully.
[31mTime of entering the enclave: 0.008118ms[0m
[DEBUG] Sizeof all required data in enclave: 4687 KB
[31mTime of key exchanges for 500 clients: 129.645156ms
[0m
[31mTime of key exchanges per client: 0.239896ms
[0m
Encrpyting user data...
[31mTime of data encryption per client: 2.734960ms[0m
Encprtion completed.

[DEBUG] Times: 1, loaded dim: 300000
[31mTime of secure aggregation: 791.590676ms[0m

[33m[INFO] Aggregate successfully.

[0m[31mTotal time inside the Enclave: 921.243950ms[0m

Secure aggregation completed!
[Info] Destroy enclave: 0.000000ms.
init enclave...
[33m[INFO] Create Enclave: 104.534804ms[0m
Test aggregate time: 0.317792ms

[33m[Info] Sizeof data matrix: 572MB
[0m[DEBUG] loaded num: 300000, times: 1
[31mTime of clear final_x: 0.000000ms
[0m
[DEBUG] loaded num: 300000, times: 1
Clear final x successfully.
[31mTime of entering the enclave: 0.008674ms[0m
[DEBUG] Sizeof all required data in enclave: 4687 KB
[31mTime of key exchanges for 500 clients: 131.430469ms
[0m
[31mTime of key exchanges per client: 0.242603ms
[0m
Encrpyting user data...
[31mTime of data encryption per client: 2.755696ms[0m
Encprtion completed.

[DEBUG] Times: 1, loaded dim: 300000
[31mTime of secure aggregation: 793.838481ms[0m

[33m[INFO] Aggregate successfully.

[0m[31mTotal time inside the Enclave: 925.277624ms[0m

Secure aggregation completed!
[Info] Destroy enclave: 0.000000ms.
init enclave...
[33m[INFO] Create Enclave: 102.743736ms[0m
Test aggregate time: 0.317764ms

[33m[Info] Sizeof data matrix: 572MB
[0m[DEBUG] loaded num: 300000, times: 1
[31mTime of clear final_x: 0.000000ms
[0m
[DEBUG] loaded num: 300000, times: 1
Clear final x successfully.
[31mTime of entering the enclave: 0.008361ms[0m
[DEBUG] Sizeof all required data in enclave: 4687 KB
[31mTime of key exchanges for 500 clients: 129.559163ms
[0m
[31mTime of key exchanges per client: 0.239956ms
[0m
Encrpyting user data...
[31mTime of data encryption per client: 2.750623ms[0m
Encprtion completed.

[DEBUG] Times: 1, loaded dim: 300000
[31mTime of secure aggregation: 790.142503ms[0m

[33m[INFO] Aggregate successfully.

[0m[31mTotal time inside the Enclave: 919.710027ms[0m

Secure aggregation completed!
[Info] Destroy enclave: 0.000000ms.
init enclave...
[33m[INFO] Create Enclave: 103.647379ms[0m
Test aggregate time: 0.319037ms

[33m[Info] Sizeof data matrix: 572MB
[0m[DEBUG] loaded num: 300000, times: 1
[31mTime of clear final_x: 0.000000ms
[0m
[DEBUG] loaded num: 300000, times: 1
Clear final x successfully.
[31mTime of entering the enclave: 0.008023ms[0m
[DEBUG] Sizeof all required data in enclave: 4687 KB
[31mTime of key exchanges for 500 clients: 131.802789ms
[0m
[31mTime of key exchanges per client: 0.243000ms
[0m
Encrpyting user data...
[31mTime of data encryption per client: 2.746965ms[0m
Encprtion completed.

[DEBUG] Times: 1, loaded dim: 300000
[31mTime of secure aggregation: 813.900482ms[0m

[33m[INFO] Aggregate successfully.

[0m[31mTotal time inside the Enclave: 945.711294ms[0m

Secure aggregation completed!
[Info] Destroy enclave: 0.000000ms.
init enclave...
[33m[INFO] Create Enclave: 104.263529ms[0m
Test aggregate time: 0.318621ms

[33m[Info] Sizeof data matrix: 572MB
[0m[DEBUG] loaded num: 300000, times: 1
[31mTime of clear final_x: 0.000000ms
[0m
[DEBUG] loaded num: 300000, times: 1
Clear final x successfully.
[31mTime of entering the enclave: 0.008091ms[0m
[DEBUG] Sizeof all required data in enclave: 4687 KB
[31mTime of key exchanges for 500 clients: 129.869562ms
[0m
[31mTime of key exchanges per client: 0.240159ms
[0m
Encrpyting user data...
[31mTime of data encryption per client: 2.739319ms[0m
Encprtion completed.

[DEBUG] Times: 1, loaded dim: 300000
[31mTime of secure aggregation: 791.379296ms[0m

[33m[INFO] Aggregate successfully.

[0m[31mTotal time inside the Enclave: 921.256949ms[0m

Secure aggregation completed!
[Info] Destroy enclave: 0.000000ms.
init enclave...
[33m[INFO] Create Enclave: 103.512018ms[0m
Test aggregate time: 0.318576ms

[33m[Info] Sizeof data matrix: 572MB
[0m[DEBUG] loaded num: 300000, times: 1
[31mTime of clear final_x: 0.000000ms
[0m
[DEBUG] loaded num: 300000, times: 1
Clear final x successfully.
[31mTime of entering the enclave: 0.008662ms[0m
[DEBUG] Sizeof all required data in enclave: 4687 KB
[31mTime of key exchanges for 500 clients: 130.288546ms
[0m
[31mTime of key exchanges per client: 0.240212ms
[0m
Encrpyting user data...
[31mTime of data encryption per client: 2.738545ms[0m
Encprtion completed.

[DEBUG] Times: 1, loaded dim: 300000
[31mTime of secure aggregation: 791.740090ms[0m

[33m[INFO] Aggregate successfully.

[0m[31mTotal time inside the Enclave: 922.037298ms[0m

Secure aggregation completed!
[Info] Destroy enclave: 0.000000ms.
init enclave...
[33m[INFO] Create Enclave: 100.783057ms[0m
Test aggregate time: 0.320370ms

[33m[Info] Sizeof data matrix: 572MB
[0m[DEBUG] loaded num: 300000, times: 1
[31mTime of clear final_x: 0.000000ms
[0m
[DEBUG] loaded num: 300000, times: 1
Clear final x successfully.
[31mTime of entering the enclave: 0.009014ms[0m
[DEBUG] Sizeof all required data in enclave: 4687 KB
[31mTime of key exchanges for 500 clients: 129.981041ms
[0m
[31mTime of key exchanges per client: 0.240045ms
[0m
Encrpyting user data...
[31mTime of data encryption per client: 2.732266ms[0m
Encprtion completed.

[DEBUG] Times: 1, loaded dim: 300000
[31mTime of secure aggregation: 789.469366ms[0m

[33m[INFO] Aggregate successfully.

[0m[31mTotal time inside the Enclave: 919.459421ms[0m

Secure aggregation completed!
[Info] Destroy enclave: 0.000000ms.
init enclave...
[33m[INFO] Create Enclave: 104.520960ms[0m
Test aggregate time: 0.317944ms

[33m[Info] Sizeof data matrix: 572MB
[0m[DEBUG] loaded num: 300000, times: 1
[31mTime of clear final_x: 0.000000ms
[0m
[DEBUG] loaded num: 300000, times: 1
Clear final x successfully.
[31mTime of entering the enclave: 0.007739ms[0m
[DEBUG] Sizeof all required data in enclave: 4687 KB
[31mTime of key exchanges for 500 clients: 131.597764ms
[0m
[31mTime of key exchanges per client: 0.243648ms
[0m
Encrpyting user data...
[31mTime of data encryption per client: 2.749537ms[0m
Encprtion completed.

[DEBUG] Times: 1, loaded dim: 300000
[31mTime of secure aggregation: 801.163373ms[0m

[33m[INFO] Aggregate successfully.

[0m[31mTotal time inside the Enclave: 932.768876ms[0m

Secure aggregation completed!
[Info] Destroy enclave: 0.000000ms.
init enclave...
[33m[INFO] Create Enclave: 102.947799ms[0m
Test aggregate time: 0.318714ms

[33m[Info] Sizeof data matrix: 572MB
[0m[DEBUG] loaded num: 300000, times: 1
[31mTime of clear final_x: 0.000000ms
[0m
[DEBUG] loaded num: 300000, times: 1
Clear final x successfully.
[31mTime of entering the enclave: 0.008420ms[0m
[DEBUG] Sizeof all required data in enclave: 4687 KB
[31mTime of key exchanges for 500 clients: 129.511647ms
[0m
[31mTime of key exchanges per client: 0.239854ms
[0m
Encrpyting user data...
[31mTime of data encryption per client: 2.750670ms[0m
Encprtion completed.

[DEBUG] Times: 1, loaded dim: 300000
[31mTime of secure aggregation: 790.027186ms[0m

[33m[INFO] Aggregate successfully.

[0m[31mTotal time inside the Enclave: 919.547253ms[0m

Secure aggregation completed!
[Info] Destroy enclave: 0.000000ms.
init enclave...
[33m[INFO] Create Enclave: 103.168762ms[0m
Test aggregate time: 0.318884ms

[33m[Info] Sizeof data matrix: 572MB
[0m[DEBUG] loaded num: 300000, times: 1
[31mTime of clear final_x: 0.000000ms
[0m
[DEBUG] loaded num: 300000, times: 1
Clear final x successfully.
[31mTime of entering the enclave: 0.009040ms[0m
[DEBUG] Sizeof all required data in enclave: 4687 KB
[31mTime of key exchanges for 500 clients: 129.936239ms
[0m
[31mTime of key exchanges per client: 0.241044ms
[0m
Encrpyting user data...
[31mTime of data encryption per client: 2.734228ms[0m
Encprtion completed.

[DEBUG] Times: 1, loaded dim: 300000
[31mTime of secure aggregation: 820.338705ms[0m

[33m[INFO] Aggregate successfully.

[0m[31mTotal time inside the Enclave: 950.283984ms[0m

Secure aggregation completed!
[Info] Destroy enclave: 0.000000ms.
init enclave...
[33m[INFO] Create Enclave: 106.621004ms[0m
Test aggregate time: 0.318617ms

[33m[Info] Sizeof data matrix: 572MB
[0m[DEBUG] loaded num: 300000, times: 1
[31mTime of clear final_x: 0.000000ms
[0m
[DEBUG] loaded num: 300000, times: 1
Clear final x successfully.
[31mTime of entering the enclave: 0.008745ms[0m
[DEBUG] Sizeof all required data in enclave: 4687 KB
[31mTime of key exchanges for 500 clients: 129.665888ms
[0m
[31mTime of key exchanges per client: 0.239659ms
[0m
Encrpyting user data...
[31mTime of data encryption per client: 2.769477ms[0m
Encprtion completed.

[DEBUG] Times: 1, loaded dim: 300000
[31mTime of secure aggregation: 790.693326ms[0m

[33m[INFO] Aggregate successfully.

[0m[31mTotal time inside the Enclave: 920.367959ms[0m

Secure aggregation completed!
[Info] Destroy enclave: 0.000000ms.
init enclave...
[33m[INFO] Create Enclave: 104.278208ms[0m
Test aggregate time: 0.318091ms

[33m[Info] Sizeof data matrix: 572MB
[0m[DEBUG] loaded num: 300000, times: 1
[31mTime of clear final_x: 0.000000ms
[0m
[DEBUG] loaded num: 300000, times: 1
Clear final x successfully.
[31mTime of entering the enclave: 0.008598ms[0m
[DEBUG] Sizeof all required data in enclave: 4687 KB
[31mTime of key exchanges for 500 clients: 130.197379ms
[0m
[31mTime of key exchanges per client: 0.240321ms
[0m
Encrpyting user data...
[31mTime of data encryption per client: 2.752874ms[0m
Encprtion completed.

[DEBUG] Times: 1, loaded dim: 300000
[31mTime of secure aggregation: 830.792365ms[0m

[33m[INFO] Aggregate successfully.

[0m[31mTotal time inside the Enclave: 960.998342ms[0m

Secure aggregation completed!
[Info] Destroy enclave: 0.000000ms.
init enclave...
[33m[INFO] Create Enclave: 105.599605ms[0m
Test aggregate time: 0.320382ms

[33m[Info] Sizeof data matrix: 572MB
[0m[DEBUG] loaded num: 300000, times: 1
[31mTime of clear final_x: 0.000000ms
[0m
[DEBUG] loaded num: 300000, times: 1
Clear final x successfully.
[31mTime of entering the enclave: 0.008501ms[0m
[DEBUG] Sizeof all required data in enclave: 4687 KB
[31mTime of key exchanges for 500 clients: 130.266651ms
[0m
[31mTime of key exchanges per client: 0.240866ms
[0m
Encrpyting user data...
[31mTime of data encryption per client: 2.749690ms[0m
Encprtion completed.

[DEBUG] Times: 1, loaded dim: 300000
[31mTime of secure aggregation: 793.203210ms[0m

[33m[INFO] Aggregate successfully.

[0m[31mTotal time inside the Enclave: 923.478362ms[0m

Secure aggregation completed!
[Info] Destroy enclave: 0.000000ms.
init enclave...
[33m[INFO] Create Enclave: 101.959684ms[0m
Test aggregate time: 0.318597ms

[33m[Info] Sizeof data matrix: 572MB
[0m[DEBUG] loaded num: 300000, times: 1
[31mTime of clear final_x: 0.000000ms
[0m
[DEBUG] loaded num: 300000, times: 1
Clear final x successfully.
[31mTime of entering the enclave: 0.016606ms[0m
[DEBUG] Sizeof all required data in enclave: 4687 KB
[31mTime of key exchanges for 500 clients: 134.167656ms
[0m
[31mTime of key exchanges per client: 0.248353ms
[0m
Encrpyting user data...
[31mTime of data encryption per client: 2.775377ms[0m
Encprtion completed.

[DEBUG] Times: 1, loaded dim: 300000
[31mTime of secure aggregation: 792.173993ms[0m

[33m[INFO] Aggregate successfully.

[0m[31mTotal time inside the Enclave: 926.358255ms[0m

Secure aggregation completed!
[Info] Destroy enclave: 0.000000ms.
init enclave...
[33m[INFO] Create Enclave: 103.420645ms[0m
Test aggregate time: 0.321151ms

[33m[Info] Sizeof data matrix: 572MB
[0m[DEBUG] loaded num: 300000, times: 1
[31mTime of clear final_x: 0.000000ms
[0m
[DEBUG] loaded num: 300000, times: 1
Clear final x successfully.
[31mTime of entering the enclave: 0.007655ms[0m
[DEBUG] Sizeof all required data in enclave: 4687 KB
[31mTime of key exchanges for 500 clients: 129.778266ms
[0m
[31mTime of key exchanges per client: 0.240082ms
[0m
Encrpyting user data...
[31mTime of data encryption per client: 2.763000ms[0m
Encprtion completed.

[DEBUG] Times: 1, loaded dim: 300000
[31mTime of secure aggregation: 790.253871ms[0m

[33m[INFO] Aggregate successfully.

[0m[31mTotal time inside the Enclave: 920.039792ms[0m

Secure aggregation completed!
[Info] Destroy enclave: 0.000000ms.
init enclave...
[33m[INFO] Create Enclave: 104.570723ms[0m
Test aggregate time: 0.317579ms

[33m[Info] Sizeof data matrix: 572MB
[0m[DEBUG] loaded num: 300000, times: 1
[31mTime of clear final_x: 0.000000ms
[0m
[DEBUG] loaded num: 300000, times: 1
Clear final x successfully.
[31mTime of entering the enclave: 0.008156ms[0m
[DEBUG] Sizeof all required data in enclave: 4687 KB
[31mTime of key exchanges for 500 clients: 130.631452ms
[0m
[31mTime of key exchanges per client: 0.241681ms
[0m
Encrpyting user data...
[31mTime of data encryption per client: 2.756404ms[0m
Encprtion completed.

[DEBUG] Times: 1, loaded dim: 300000
[31mTime of secure aggregation: 810.124412ms[0m

[33m[INFO] Aggregate successfully.

[0m[31mTotal time inside the Enclave: 940.764020ms[0m

Secure aggregation completed!
[Info] Destroy enclave: 0.000000ms.
init enclave...
[33m[INFO] Create Enclave: 103.921454ms[0m
Test aggregate time: 0.319326ms

[33m[Info] Sizeof data matrix: 572MB
[0m[DEBUG] loaded num: 300000, times: 1
[31mTime of clear final_x: 0.000000ms
[0m
[DEBUG] loaded num: 300000, times: 1
Clear final x successfully.
[31mTime of entering the enclave: 0.008681ms[0m
[DEBUG] Sizeof all required data in enclave: 4687 KB
[31mTime of key exchanges for 500 clients: 130.433838ms
[0m
[31mTime of key exchanges per client: 0.240679ms
[0m
Encrpyting user data...
[31mTime of data encryption per client: 2.754593ms[0m
Encprtion completed.

[DEBUG] Times: 1, loaded dim: 300000
[31mTime of secure aggregation: 793.189999ms[0m

[33m[INFO] Aggregate successfully.

[0m[31mTotal time inside the Enclave: 923.632518ms[0m

Secure aggregation completed!
[Info] Destroy enclave: 0.000000ms.
init enclave...
[33m[INFO] Create Enclave: 101.744802ms[0m
Test aggregate time: 0.318407ms

[33m[Info] Sizeof data matrix: 572MB
[0m[DEBUG] loaded num: 300000, times: 1
[31mTime of clear final_x: 0.000000ms
[0m
[DEBUG] loaded num: 300000, times: 1
Clear final x successfully.
[31mTime of entering the enclave: 0.007762ms[0m
[DEBUG] Sizeof all required data in enclave: 4687 KB
[31mTime of key exchanges for 500 clients: 130.371504ms
[0m
[31mTime of key exchanges per client: 0.240908ms
[0m
Encrpyting user data...
[31mTime of data encryption per client: 2.762849ms[0m
Encprtion completed.

[DEBUG] Times: 1, loaded dim: 300000
[31mTime of secure aggregation: 792.000066ms[0m

[33m[INFO] Aggregate successfully.

[0m[31mTotal time inside the Enclave: 922.379332ms[0m

Secure aggregation completed!
[Info] Destroy enclave: 0.000000ms.
init enclave...
[33m[INFO] Create Enclave: 106.216720ms[0m
Test aggregate time: 0.319927ms

[33m[Info] Sizeof data matrix: 572MB
[0m[DEBUG] loaded num: 300000, times: 1
[31mTime of clear final_x: 0.000000ms
[0m
[DEBUG] loaded num: 300000, times: 1
Clear final x successfully.
[31mTime of entering the enclave: 0.008035ms[0m
[DEBUG] Sizeof all required data in enclave: 4687 KB
[31mTime of key exchanges for 500 clients: 130.392471ms
[0m
[31mTime of key exchanges per client: 0.240831ms
[0m
Encrpyting user data...
[31mTime of data encryption per client: 2.764693ms[0m
Encprtion completed.

[DEBUG] Times: 1, loaded dim: 300000
[31mTime of secure aggregation: 792.816568ms[0m

[33m[INFO] Aggregate successfully.

[0m[31mTotal time inside the Enclave: 923.217074ms[0m

Secure aggregation completed!
[Info] Destroy enclave: 0.000000ms.
init enclave...
[33m[INFO] Create Enclave: 101.445306ms[0m
Test aggregate time: 0.323383ms

[33m[Info] Sizeof data matrix: 572MB
[0m[DEBUG] loaded num: 300000, times: 1
[31mTime of clear final_x: 0.000000ms
[0m
[DEBUG] loaded num: 300000, times: 1
Clear final x successfully.
[31mTime of entering the enclave: 0.007869ms[0m
[DEBUG] Sizeof all required data in enclave: 4687 KB
[31mTime of key exchanges for 500 clients: 132.464782ms
[0m
[31mTime of key exchanges per client: 0.244211ms
[0m
Encrpyting user data...
[31mTime of data encryption per client: 2.751017ms[0m
Encprtion completed.

[DEBUG] Times: 1, loaded dim: 300000
[31mTime of secure aggregation: 791.461762ms[0m

[33m[INFO] Aggregate successfully.

[0m[31mTotal time inside the Enclave: 923.934413ms[0m

Secure aggregation completed!
[Info] Destroy enclave: 0.000000ms.
init enclave...
[33m[INFO] Create Enclave: 102.371766ms[0m
Test aggregate time: 0.317502ms

[33m[Info] Sizeof data matrix: 572MB
[0m[DEBUG] loaded num: 300000, times: 1
[31mTime of clear final_x: 0.000000ms
[0m
[DEBUG] loaded num: 300000, times: 1
Clear final x successfully.
[31mTime of entering the enclave: 0.007690ms[0m
[DEBUG] Sizeof all required data in enclave: 4687 KB
[31mTime of key exchanges for 500 clients: 130.068502ms
[0m
[31mTime of key exchanges per client: 0.240397ms
[0m
Encrpyting user data...
[31mTime of data encryption per client: 2.744528ms[0m
Encprtion completed.

[DEBUG] Times: 1, loaded dim: 300000
[31mTime of secure aggregation: 789.443177ms[0m

[33m[INFO] Aggregate successfully.

[0m[31mTotal time inside the Enclave: 919.519369ms[0m

Secure aggregation completed!
[Info] Destroy enclave: 0.000000ms.
init enclave...
[33m[INFO] Create Enclave: 103.340084ms[0m
Test aggregate time: 0.318073ms

[33m[Info] Sizeof data matrix: 572MB
[0m[DEBUG] loaded num: 300000, times: 1
[31mTime of clear final_x: 0.000000ms
[0m
[DEBUG] loaded num: 300000, times: 1
Clear final x successfully.
[31mTime of entering the enclave: 0.007969ms[0m
[DEBUG] Sizeof all required data in enclave: 4687 KB
[31mTime of key exchanges for 500 clients: 130.397439ms
[0m
[31mTime of key exchanges per client: 0.242203ms
[0m
Encrpyting user data...
[31mTime of data encryption per client: 2.741794ms[0m
Encprtion completed.

[DEBUG] Times: 1, loaded dim: 300000
[31mTime of secure aggregation: 807.427809ms[0m

[33m[INFO] Aggregate successfully.

[0m[31mTotal time inside the Enclave: 937.833217ms[0m

Secure aggregation completed!
[Info] Destroy enclave: 0.000000ms.
init enclave...
[33m[INFO] Create Enclave: 102.298859ms[0m
Test aggregate time: 0.318182ms

[33m[Info] Sizeof data matrix: 572MB
[0m[DEBUG] loaded num: 300000, times: 1
[31mTime of clear final_x: 0.000000ms
[0m
[DEBUG] loaded num: 300000, times: 1
Clear final x successfully.
[31mTime of entering the enclave: 0.007826ms[0m
[DEBUG] Sizeof all required data in enclave: 4687 KB
[31mTime of key exchanges for 500 clients: 129.755925ms
[0m
[31mTime of key exchanges per client: 0.239808ms
[0m
Encrpyting user data...
[31mTime of data encryption per client: 2.735561ms[0m
Encprtion completed.

[DEBUG] Times: 1, loaded dim: 300000
[31mTime of secure aggregation: 790.350491ms[0m

[33m[INFO] Aggregate successfully.

[0m[31mTotal time inside the Enclave: 920.114242ms[0m

Secure aggregation completed!
[Info] Destroy enclave: 0.000000ms.
init enclave...
[33m[INFO] Create Enclave: 103.304173ms[0m
Test aggregate time: 0.317916ms

[33m[Info] Sizeof data matrix: 572MB
[0m[DEBUG] loaded num: 300000, times: 1
[31mTime of clear final_x: 0.000000ms
[0m
[DEBUG] loaded num: 300000, times: 1
Clear final x successfully.
[31mTime of entering the enclave: 0.008190ms[0m
[DEBUG] Sizeof all required data in enclave: 4687 KB
[31mTime of key exchanges for 500 clients: 129.658635ms
[0m
[31mTime of key exchanges per client: 0.240010ms
[0m
Encrpyting user data...
[31mTime of data encryption per client: 2.729278ms[0m
Encprtion completed.

[DEBUG] Times: 1, loaded dim: 300000
[31mTime of secure aggregation: 791.997735ms[0m

[33m[INFO] Aggregate successfully.

[0m[31mTotal time inside the Enclave: 921.664560ms[0m

Secure aggregation completed!
[Info] Destroy enclave: 0.000000ms.
init enclave...
[33m[INFO] Create Enclave: 101.518398ms[0m
Test aggregate time: 0.318128ms

[33m[Info] Sizeof data matrix: 572MB
[0m[DEBUG] loaded num: 300000, times: 1
[31mTime of clear final_x: 0.000000ms
[0m
[DEBUG] loaded num: 300000, times: 1
Clear final x successfully.
[31mTime of entering the enclave: 0.008915ms[0m
[DEBUG] Sizeof all required data in enclave: 4687 KB
[31mTime of key exchanges for 500 clients: 129.727306ms
[0m
[31mTime of key exchanges per client: 0.239869ms
[0m
Encrpyting user data...
[31mTime of data encryption per client: 2.733630ms[0m
Encprtion completed.

[DEBUG] Times: 1, loaded dim: 300000
[31mTime of secure aggregation: 792.451936ms[0m

[33m[INFO] Aggregate successfully.

[0m[31mTotal time inside the Enclave: 922.188157ms[0m

Secure aggregation completed!
[Info] Destroy enclave: 0.000000ms.
init enclave...
[33m[INFO] Create Enclave: 111.194875ms[0m
Test aggregate time: 0.318785ms

[33m[Info] Sizeof data matrix: 572MB
[0m[DEBUG] loaded num: 300000, times: 1
[31mTime of clear final_x: 0.000000ms
[0m
[DEBUG] loaded num: 300000, times: 1
Clear final x successfully.
[31mTime of entering the enclave: 0.008760ms[0m
[DEBUG] Sizeof all required data in enclave: 4687 KB
[31mTime of key exchanges for 500 clients: 131.132200ms
[0m
[31mTime of key exchanges per client: 0.241897ms
[0m
Encrpyting user data...
[31mTime of data encryption per client: 2.739539ms[0m
Encprtion completed.

[DEBUG] Times: 1, loaded dim: 300000
[31mTime of secure aggregation: 789.668800ms[0m

[33m[INFO] Aggregate successfully.

[0m[31mTotal time inside the Enclave: 920.809760ms[0m

Secure aggregation completed!
[Info] Destroy enclave: 0.000000ms.
init enclave...
[33m[INFO] Create Enclave: 101.572694ms[0m
Test aggregate time: 0.317789ms

[33m[Info] Sizeof data matrix: 572MB
[0m[DEBUG] loaded num: 300000, times: 1
[31mTime of clear final_x: 0.000000ms
[0m
[DEBUG] loaded num: 300000, times: 1
Clear final x successfully.
[31mTime of entering the enclave: 0.007726ms[0m
[DEBUG] Sizeof all required data in enclave: 4687 KB
[31mTime of key exchanges for 500 clients: 129.691524ms
[0m
[31mTime of key exchanges per client: 0.240178ms
[0m
Encrpyting user data...
[31mTime of data encryption per client: 2.743049ms[0m
Encprtion completed.

[DEBUG] Times: 1, loaded dim: 300000
[31mTime of secure aggregation: 791.259358ms[0m

[33m[INFO] Aggregate successfully.

[0m[31mTotal time inside the Enclave: 920.958608ms[0m

Secure aggregation completed!
[Info] Destroy enclave: 0.000000ms.
init enclave...
[33m[INFO] Create Enclave: 105.208673ms[0m
Test aggregate time: 0.318097ms

[33m[Info] Sizeof data matrix: 572MB
[0m[DEBUG] loaded num: 300000, times: 1
[31mTime of clear final_x: 0.000000ms
[0m
[DEBUG] loaded num: 300000, times: 1
Clear final x successfully.
[31mTime of entering the enclave: 0.007991ms[0m
[DEBUG] Sizeof all required data in enclave: 4687 KB
[31mTime of key exchanges for 500 clients: 129.877449ms
[0m
[31mTime of key exchanges per client: 0.240018ms
[0m
Encrpyting user data...
[31mTime of data encryption per client: 2.749770ms[0m
Encprtion completed.

[DEBUG] Times: 1, loaded dim: 300000
[31mTime of secure aggregation: 821.700224ms[0m

[33m[INFO] Aggregate successfully.

[0m[31mTotal time inside the Enclave: 951.585664ms[0m

Secure aggregation completed!
[Info] Destroy enclave: 0.000000ms.
init enclave...
[33m[INFO] Create Enclave: 102.293776ms[0m
Test aggregate time: 0.318698ms

[33m[Info] Sizeof data matrix: 572MB
[0m[DEBUG] loaded num: 300000, times: 1
[31mTime of clear final_x: 0.000000ms
[0m
[DEBUG] loaded num: 300000, times: 1
Clear final x successfully.
[31mTime of entering the enclave: 0.008329ms[0m
[DEBUG] Sizeof all required data in enclave: 4687 KB
[31mTime of key exchanges for 500 clients: 130.006173ms
[0m
[31mTime of key exchanges per client: 0.240836ms
[0m
Encrpyting user data...
[31mTime of data encryption per client: 2.760383ms[0m
Encprtion completed.

[DEBUG] Times: 1, loaded dim: 300000
[31mTime of secure aggregation: 801.637490ms[0m

[33m[INFO] Aggregate successfully.

[0m[31mTotal time inside the Enclave: 931.651992ms[0m

Secure aggregation completed!
[Info] Destroy enclave: 0.000000ms.
init enclave...
[33m[INFO] Create Enclave: 111.426361ms[0m
Test aggregate time: 0.318224ms

[33m[Info] Sizeof data matrix: 572MB
[0m[DEBUG] loaded num: 300000, times: 1
[31mTime of clear final_x: 0.000000ms
[0m
[DEBUG] loaded num: 300000, times: 1
Clear final x successfully.
[31mTime of entering the enclave: 0.007562ms[0m
[DEBUG] Sizeof all required data in enclave: 4687 KB
[31mTime of key exchanges for 500 clients: 129.835498ms
[0m
[31mTime of key exchanges per client: 0.240291ms
[0m
Encrpyting user data...
[31mTime of data encryption per client: 2.732327ms[0m
Encprtion completed.

[DEBUG] Times: 1, loaded dim: 300000
[31mTime of secure aggregation: 791.388623ms[0m

[33m[INFO] Aggregate successfully.

[0m[31mTotal time inside the Enclave: 921.231683ms[0m

Secure aggregation completed!
[Info] Destroy enclave: 0.000000ms.
init enclave...
[33m[INFO] Create Enclave: 102.688214ms[0m
Test aggregate time: 0.319841ms

[33m[Info] Sizeof data matrix: 572MB
[0m[DEBUG] loaded num: 300000, times: 1
[31mTime of clear final_x: 0.000000ms
[0m
[DEBUG] loaded num: 300000, times: 1
Clear final x successfully.
[31mTime of entering the enclave: 0.008229ms[0m
[DEBUG] Sizeof all required data in enclave: 4687 KB
[31mTime of key exchanges for 500 clients: 130.310817ms
[0m
[31mTime of key exchanges per client: 0.240813ms
[0m
Encrpyting user data...
[31mTime of data encryption per client: 2.739129ms[0m
Encprtion completed.

[DEBUG] Times: 1, loaded dim: 300000
[31mTime of secure aggregation: 800.831545ms[0m

[33m[INFO] Aggregate successfully.

[0m[31mTotal time inside the Enclave: 931.150591ms[0m

Secure aggregation completed!
[Info] Destroy enclave: 0.000000ms.
init enclave...
[33m[INFO] Create Enclave: 101.373992ms[0m
Test aggregate time: 0.320910ms

[33m[Info] Sizeof data matrix: 572MB
[0m[DEBUG] loaded num: 300000, times: 1
[31mTime of clear final_x: 0.000000ms
[0m
[DEBUG] loaded num: 300000, times: 1
Clear final x successfully.
[31mTime of entering the enclave: 0.007473ms[0m
[DEBUG] Sizeof all required data in enclave: 4687 KB
[31mTime of key exchanges for 500 clients: 130.441833ms
[0m
[31mTime of key exchanges per client: 0.241321ms
[0m
Encrpyting user data...
[31mTime of data encryption per client: 2.740290ms[0m
Encprtion completed.

[DEBUG] Times: 1, loaded dim: 300000
[31mTime of secure aggregation: 795.071880ms[0m

[33m[INFO] Aggregate successfully.

[0m[31mTotal time inside the Enclave: 925.521186ms[0m

Secure aggregation completed!
[Info] Destroy enclave: 0.000000ms.
init enclave...
[33m[INFO] Create Enclave: 102.531257ms[0m
Test aggregate time: 0.318955ms

[33m[Info] Sizeof data matrix: 572MB
[0m[DEBUG] loaded num: 300000, times: 1
[31mTime of clear final_x: 0.000000ms
[0m
[DEBUG] loaded num: 300000, times: 1
Clear final x successfully.
[31mTime of entering the enclave: 0.009457ms[0m
[DEBUG] Sizeof all required data in enclave: 4687 KB
[31mTime of key exchanges for 500 clients: 130.012696ms
[0m
[31mTime of key exchanges per client: 0.240050ms
[0m
Encrpyting user data...
[31mTime of data encryption per client: 2.784768ms[0m
Encprtion completed.

[DEBUG] Times: 1, loaded dim: 300000
[31mTime of secure aggregation: 795.519418ms[0m

[33m[INFO] Aggregate successfully.

[0m[31mTotal time inside the Enclave: 925.541571ms[0m

Secure aggregation completed!
[Info] Destroy enclave: 0.000000ms.
init enclave...
[33m[INFO] Create Enclave: 103.261959ms[0m
Test aggregate time: 0.318068ms

[33m[Info] Sizeof data matrix: 572MB
[0m[DEBUG] loaded num: 300000, times: 1
[31mTime of clear final_x: 0.000000ms
[0m
[DEBUG] loaded num: 300000, times: 1
Clear final x successfully.
[31mTime of entering the enclave: 0.009551ms[0m
[DEBUG] Sizeof all required data in enclave: 4687 KB
[31mTime of key exchanges for 500 clients: 129.491900ms
[0m
[31mTime of key exchanges per client: 0.239923ms
[0m
Encrpyting user data...
[31mTime of data encryption per client: 2.737609ms[0m
Encprtion completed.

[DEBUG] Times: 1, loaded dim: 300000
[31mTime of secure aggregation: 795.242431ms[0m

[33m[INFO] Aggregate successfully.

[0m[31mTotal time inside the Enclave: 924.743882ms[0m

Secure aggregation completed!
[Info] Destroy enclave: 0.000000ms.
init enclave...
[33m[INFO] Create Enclave: 102.249578ms[0m
Test aggregate time: 0.319266ms

[33m[Info] Sizeof data matrix: 572MB
[0m[DEBUG] loaded num: 300000, times: 1
[31mTime of clear final_x: 0.000000ms
[0m
[DEBUG] loaded num: 300000, times: 1
Clear final x successfully.
[31mTime of entering the enclave: 0.008094ms[0m
[DEBUG] Sizeof all required data in enclave: 4687 KB
[31mTime of key exchanges for 500 clients: 130.516613ms
[0m
[31mTime of key exchanges per client: 0.240961ms
[0m
Encrpyting user data...
[31mTime of data encryption per client: 2.763626ms[0m
Encprtion completed.

[DEBUG] Times: 1, loaded dim: 300000
[31mTime of secure aggregation: 813.640378ms[0m

[33m[INFO] Aggregate successfully.

[0m[31mTotal time inside the Enclave: 944.165085ms[0m

Secure aggregation completed!
[Info] Destroy enclave: 0.000000ms.
init enclave...
[33m[INFO] Create Enclave: 102.505909ms[0m
Test aggregate time: 0.317853ms

[33m[Info] Sizeof data matrix: 572MB
[0m[DEBUG] loaded num: 300000, times: 1
[31mTime of clear final_x: 0.000000ms
[0m
[DEBUG] loaded num: 300000, times: 1
Clear final x successfully.
[31mTime of entering the enclave: 0.008145ms[0m
[DEBUG] Sizeof all required data in enclave: 4687 KB
[31mTime of key exchanges for 500 clients: 131.013465ms
[0m
[31mTime of key exchanges per client: 0.242774ms
[0m
Encrpyting user data...
[31mTime of data encryption per client: 2.752468ms[0m
Encprtion completed.

[DEBUG] Times: 1, loaded dim: 300000
[31mTime of secure aggregation: 792.144100ms[0m

[33m[INFO] Aggregate successfully.

[0m[31mTotal time inside the Enclave: 923.165710ms[0m

Secure aggregation completed!
[Info] Destroy enclave: 0.000000ms.
init enclave...
[33m[INFO] Create Enclave: 102.421406ms[0m
Test aggregate time: 0.318333ms

[33m[Info] Sizeof data matrix: 572MB
[0m[DEBUG] loaded num: 300000, times: 1
[31mTime of clear final_x: 0.000000ms
[0m
[DEBUG] loaded num: 300000, times: 1
Clear final x successfully.
[31mTime of entering the enclave: 0.008416ms[0m
[DEBUG] Sizeof all required data in enclave: 4687 KB
[31mTime of key exchanges for 500 clients: 129.905233ms
[0m
[31mTime of key exchanges per client: 0.240506ms
[0m
Encrpyting user data...
[31mTime of data encryption per client: 2.761695ms[0m
Encprtion completed.

[DEBUG] Times: 1, loaded dim: 300000
[31mTime of secure aggregation: 814.987061ms[0m

[33m[INFO] Aggregate successfully.

[0m[31mTotal time inside the Enclave: 944.900710ms[0m

Secure aggregation completed!
[Info] Destroy enclave: 0.000000ms.
init enclave...
[33m[INFO] Create Enclave: 107.389454ms[0m
Test aggregate time: 0.321389ms

[33m[Info] Sizeof data matrix: 572MB
[0m[DEBUG] loaded num: 300000, times: 1
[31mTime of clear final_x: 0.000000ms
[0m
[DEBUG] loaded num: 300000, times: 1
Clear final x successfully.
[31mTime of entering the enclave: 0.008848ms[0m
[DEBUG] Sizeof all required data in enclave: 4687 KB
[31mTime of key exchanges for 500 clients: 131.533420ms
[0m
[31mTime of key exchanges per client: 0.243000ms
[0m
Encrpyting user data...
[31mTime of data encryption per client: 2.761200ms[0m
Encprtion completed.

[DEBUG] Times: 1, loaded dim: 300000
[31mTime of secure aggregation: 798.275243ms[0m

[33m[INFO] Aggregate successfully.

[0m[31mTotal time inside the Enclave: 929.817511ms[0m

Secure aggregation completed!
[Info] Destroy enclave: 0.000000ms.
init enclave...
[33m[INFO] Create Enclave: 101.640255ms[0m
Test aggregate time: 0.320070ms

[33m[Info] Sizeof data matrix: 572MB
[0m[DEBUG] loaded num: 300000, times: 1
[31mTime of clear final_x: 0.000000ms
[0m
[DEBUG] loaded num: 300000, times: 1
Clear final x successfully.
[31mTime of entering the enclave: 0.007805ms[0m
[DEBUG] Sizeof all required data in enclave: 4687 KB
[31mTime of key exchanges for 500 clients: 130.690810ms
[0m
[31mTime of key exchanges per client: 0.241245ms
[0m
Encrpyting user data...
[31mTime of data encryption per client: 2.774307ms[0m
Encprtion completed.

[DEBUG] Times: 1, loaded dim: 300000
[31mTime of secure aggregation: 793.591131ms[0m

[33m[INFO] Aggregate successfully.

[0m[31mTotal time inside the Enclave: 924.289746ms[0m

Secure aggregation completed!
[Info] Destroy enclave: 0.000000ms.
init enclave...
[33m[INFO] Create Enclave: 101.851642ms[0m
Test aggregate time: 0.320385ms

[33m[Info] Sizeof data matrix: 572MB
[0m[DEBUG] loaded num: 300000, times: 1
[31mTime of clear final_x: 0.000000ms
[0m
[DEBUG] loaded num: 300000, times: 1
Clear final x successfully.
[31mTime of entering the enclave: 0.008313ms[0m
[DEBUG] Sizeof all required data in enclave: 4687 KB
[31mTime of key exchanges for 500 clients: 130.037206ms
[0m
[31mTime of key exchanges per client: 0.240544ms
[0m
Encrpyting user data...
[31mTime of data encryption per client: 2.747112ms[0m
Encprtion completed.

[DEBUG] Times: 1, loaded dim: 300000
[31mTime of secure aggregation: 793.473155ms[0m

[33m[INFO] Aggregate successfully.

[0m[31mTotal time inside the Enclave: 923.518674ms[0m

Secure aggregation completed!
[Info] Destroy enclave: 0.000000ms.
init enclave...
[33m[INFO] Create Enclave: 102.392385ms[0m
Test aggregate time: 0.324867ms

[33m[Info] Sizeof data matrix: 572MB
[0m[DEBUG] loaded num: 300000, times: 1
[31mTime of clear final_x: 0.000000ms
[0m
[DEBUG] loaded num: 300000, times: 1
Clear final x successfully.
[31mTime of entering the enclave: 0.008065ms[0m
[DEBUG] Sizeof all required data in enclave: 4687 KB
[31mTime of key exchanges for 500 clients: 129.422878ms
[0m
[31mTime of key exchanges per client: 0.238949ms
[0m
Encrpyting user data...
[31mTime of data encryption per client: 2.742151ms[0m
Encprtion completed.

[DEBUG] Times: 1, loaded dim: 300000
[31mTime of secure aggregation: 805.587707ms[0m

[33m[INFO] Aggregate successfully.

[0m[31mTotal time inside the Enclave: 935.018650ms[0m

Secure aggregation completed!
[Info] Destroy enclave: 0.000000ms.
init enclave...
[33m[INFO] Create Enclave: 107.897293ms[0m
Test aggregate time: 0.317807ms

[33m[Info] Sizeof data matrix: 572MB
[0m[DEBUG] loaded num: 300000, times: 1
[31mTime of clear final_x: 0.000000ms
[0m
[DEBUG] loaded num: 300000, times: 1
Clear final x successfully.
[31mTime of entering the enclave: 0.008925ms[0m
[DEBUG] Sizeof all required data in enclave: 4687 KB
[31mTime of key exchanges for 500 clients: 129.471365ms
[0m
[31mTime of key exchanges per client: 0.239735ms
[0m
Encrpyting user data...
[31mTime of data encryption per client: 2.740710ms[0m
Encprtion completed.

[DEBUG] Times: 1, loaded dim: 300000
[31mTime of secure aggregation: 793.365170ms[0m

[33m[INFO] Aggregate successfully.

[0m[31mTotal time inside the Enclave: 922.845460ms[0m

Secure aggregation completed!
[Info] Destroy enclave: 0.000000ms.
init enclave...
[33m[INFO] Create Enclave: 104.429273ms[0m
Test aggregate time: 0.318161ms

[33m[Info] Sizeof data matrix: 572MB
[0m[DEBUG] loaded num: 300000, times: 1
[31mTime of clear final_x: 0.000000ms
[0m
[DEBUG] loaded num: 300000, times: 1
Clear final x successfully.
[31mTime of entering the enclave: 0.007658ms[0m
[DEBUG] Sizeof all required data in enclave: 4687 KB
[31mTime of key exchanges for 500 clients: 130.415224ms
[0m
[31mTime of key exchanges per client: 0.241112ms
[0m
Encrpyting user data...
[31mTime of data encryption per client: 2.751752ms[0m
Encprtion completed.

[DEBUG] Times: 1, loaded dim: 300000
[31mTime of secure aggregation: 790.318359ms[0m

[33m[INFO] Aggregate successfully.

[0m[31mTotal time inside the Enclave: 920.741241ms[0m

Secure aggregation completed!
[Info] Destroy enclave: 0.000000ms.
init enclave...
[33m[INFO] Create Enclave: 102.683420ms[0m
Test aggregate time: 0.321946ms

[33m[Info] Sizeof data matrix: 572MB
[0m[DEBUG] loaded num: 300000, times: 1
[31mTime of clear final_x: 0.000000ms
[0m
[DEBUG] loaded num: 300000, times: 1
Clear final x successfully.
[31mTime of entering the enclave: 0.007660ms[0m
[DEBUG] Sizeof all required data in enclave: 4687 KB
[31mTime of key exchanges for 500 clients: 129.880805ms
[0m
[31mTime of key exchanges per client: 0.240822ms
[0m
Encrpyting user data...
[31mTime of data encryption per client: 2.747047ms[0m
Encprtion completed.

[DEBUG] Times: 1, loaded dim: 300000
[31mTime of secure aggregation: 794.574820ms[0m

[33m[INFO] Aggregate successfully.

[0m[31mTotal time inside the Enclave: 924.463285ms[0m

Secure aggregation completed!
[Info] Destroy enclave: 0.000000ms.
init enclave...
[33m[INFO] Create Enclave: 101.801624ms[0m
Test aggregate time: 0.318104ms

[33m[Info] Sizeof data matrix: 572MB
[0m[DEBUG] loaded num: 300000, times: 1
[31mTime of clear final_x: 0.000000ms
[0m
[DEBUG] loaded num: 300000, times: 1
Clear final x successfully.
[31mTime of entering the enclave: 0.008107ms[0m
[DEBUG] Sizeof all required data in enclave: 4687 KB
[31mTime of key exchanges for 500 clients: 131.497144ms
[0m
[31mTime of key exchanges per client: 0.242306ms
[0m
Encrpyting user data...
[31mTime of data encryption per client: 2.750220ms[0m
Encprtion completed.

[DEBUG] Times: 1, loaded dim: 300000
[31mTime of secure aggregation: 790.856385ms[0m

[33m[INFO] Aggregate successfully.

[0m[31mTotal time inside the Enclave: 922.361636ms[0m

Secure aggregation completed!
[Info] Destroy enclave: 0.000000ms.
init enclave...
[33m[INFO] Create Enclave: 101.487498ms[0m
Test aggregate time: 0.317478ms

[33m[Info] Sizeof data matrix: 572MB
[0m[DEBUG] loaded num: 300000, times: 1
[31mTime of clear final_x: 0.000000ms
[0m
[DEBUG] loaded num: 300000, times: 1
Clear final x successfully.
[31mTime of entering the enclave: 0.008044ms[0m
[DEBUG] Sizeof all required data in enclave: 4687 KB
[31mTime of key exchanges for 500 clients: 129.732078ms
[0m
[31mTime of key exchanges per client: 0.239850ms
[0m
Encrpyting user data...
[31mTime of data encryption per client: 2.764771ms[0m
Encprtion completed.

[DEBUG] Times: 1, loaded dim: 300000
[31mTime of secure aggregation: 800.138507ms[0m

[33m[INFO] Aggregate successfully.

[0m[31mTotal time inside the Enclave: 929.878629ms[0m

Secure aggregation completed!
[Info] Destroy enclave: 0.000000ms.
init enclave...
[33m[INFO] Create Enclave: 102.637730ms[0m
Test aggregate time: 0.318550ms

[33m[Info] Sizeof data matrix: 572MB
[0m[DEBUG] loaded num: 300000, times: 1
[31mTime of clear final_x: 0.000000ms
[0m
[DEBUG] loaded num: 300000, times: 1
Clear final x successfully.
[31mTime of entering the enclave: 0.008227ms[0m
[DEBUG] Sizeof all required data in enclave: 4687 KB
[31mTime of key exchanges for 500 clients: 130.193485ms
[0m
[31mTime of key exchanges per client: 0.240377ms
[0m
Encrpyting user data...
[31mTime of data encryption per client: 2.739854ms[0m
Encprtion completed.

[DEBUG] Times: 1, loaded dim: 300000
[31mTime of secure aggregation: 808.236916ms[0m

[33m[INFO] Aggregate successfully.

[0m[31mTotal time inside the Enclave: 938.438628ms[0m

Secure aggregation completed!
[Info] Destroy enclave: 0.000000ms.
init enclave...
[33m[INFO] Create Enclave: 107.618448ms[0m
Test aggregate time: 0.318445ms

[33m[Info] Sizeof data matrix: 572MB
[0m[DEBUG] loaded num: 300000, times: 1
[31mTime of clear final_x: 0.000000ms
[0m
[DEBUG] loaded num: 300000, times: 1
Clear final x successfully.
[31mTime of entering the enclave: 0.008771ms[0m
[DEBUG] Sizeof all required data in enclave: 4687 KB
[31mTime of key exchanges for 500 clients: 130.018269ms
[0m
[31mTime of key exchanges per client: 0.240623ms
[0m
Encrpyting user data...
[31mTime of data encryption per client: 2.745836ms[0m
Encprtion completed.

[DEBUG] Times: 1, loaded dim: 300000
[31mTime of secure aggregation: 791.201175ms[0m

[33m[INFO] Aggregate successfully.

[0m[31mTotal time inside the Enclave: 921.228215ms[0m

Secure aggregation completed!
[Info] Destroy enclave: 0.000000ms.
init enclave...
[33m[INFO] Create Enclave: 112.441675ms[0m
Test aggregate time: 0.318228ms

[33m[Info] Sizeof data matrix: 572MB
[0m[DEBUG] loaded num: 300000, times: 1
[31mTime of clear final_x: 0.000000ms
[0m
[DEBUG] loaded num: 300000, times: 1
Clear final x successfully.
[31mTime of entering the enclave: 0.007889ms[0m
[DEBUG] Sizeof all required data in enclave: 4687 KB
[31mTime of key exchanges for 500 clients: 129.960349ms
[0m
[31mTime of key exchanges per client: 0.240142ms
[0m
Encrpyting user data...
[31mTime of data encryption per client: 2.751058ms[0m
Encprtion completed.

[DEBUG] Times: 1, loaded dim: 300000
[31mTime of secure aggregation: 791.341718ms[0m

[33m[INFO] Aggregate successfully.

[0m[31mTotal time inside the Enclave: 921.309956ms[0m

Secure aggregation completed!
[Info] Destroy enclave: 0.000000ms.
init enclave...
[33m[INFO] Create Enclave: 109.225640ms[0m
Test aggregate time: 0.318724ms

[33m[Info] Sizeof data matrix: 572MB
[0m[DEBUG] loaded num: 300000, times: 1
[31mTime of clear final_x: 0.000000ms
[0m
[DEBUG] loaded num: 300000, times: 1
Clear final x successfully.
[31mTime of entering the enclave: 0.008213ms[0m
[DEBUG] Sizeof all required data in enclave: 4687 KB
[31mTime of key exchanges for 500 clients: 129.710812ms
[0m
[31mTime of key exchanges per client: 0.240132ms
[0m
Encrpyting user data...
[31mTime of data encryption per client: 2.745841ms[0m
Encprtion completed.

[DEBUG] Times: 1, loaded dim: 300000
[31mTime of secure aggregation: 812.831265ms[0m

[33m[INFO] Aggregate successfully.

[0m[31mTotal time inside the Enclave: 942.550290ms[0m

Secure aggregation completed!
[Info] Destroy enclave: 0.000000ms.
init enclave...
[33m[INFO] Create Enclave: 103.527601ms[0m
Test aggregate time: 0.318752ms

[33m[Info] Sizeof data matrix: 572MB
[0m[DEBUG] loaded num: 300000, times: 1
[31mTime of clear final_x: 0.000000ms
[0m
[DEBUG] loaded num: 300000, times: 1
Clear final x successfully.
[31mTime of entering the enclave: 0.007964ms[0m
[DEBUG] Sizeof all required data in enclave: 4687 KB
[31mTime of key exchanges for 500 clients: 130.615586ms
[0m
[31mTime of key exchanges per client: 0.242014ms
[0m
Encrpyting user data...
[31mTime of data encryption per client: 2.744741ms[0m
Encprtion completed.

[DEBUG] Times: 1, loaded dim: 300000
[31mTime of secure aggregation: 791.217566ms[0m

[33m[INFO] Aggregate successfully.

[0m[31mTotal time inside the Enclave: 921.841116ms[0m

Secure aggregation completed!
[Info] Destroy enclave: 0.000000ms.
init enclave...
[33m[INFO] Create Enclave: 105.431673ms[0m
Test aggregate time: 0.317635ms

[33m[Info] Sizeof data matrix: 572MB
[0m[DEBUG] loaded num: 300000, times: 1
[31mTime of clear final_x: 0.000000ms
[0m
[DEBUG] loaded num: 300000, times: 1
Clear final x successfully.
[31mTime of entering the enclave: 0.008223ms[0m
[DEBUG] Sizeof all required data in enclave: 4687 KB
[31mTime of key exchanges for 500 clients: 129.788757ms
[0m
[31mTime of key exchanges per client: 0.239782ms
[0m
Encrpyting user data...
[31mTime of data encryption per client: 2.751616ms[0m
Encprtion completed.

[DEBUG] Times: 1, loaded dim: 300000
[31mTime of secure aggregation: 799.852827ms[0m

[33m[INFO] Aggregate successfully.

[0m[31mTotal time inside the Enclave: 929.649807ms[0m

Secure aggregation completed!
[Info] Destroy enclave: 0.000000ms.
init enclave...
[33m[INFO] Create Enclave: 103.652525ms[0m
Test aggregate time: 0.317594ms

[33m[Info] Sizeof data matrix: 572MB
[0m[DEBUG] loaded num: 300000, times: 1
[31mTime of clear final_x: 0.000000ms
[0m
[DEBUG] loaded num: 300000, times: 1
Clear final x successfully.
[31mTime of entering the enclave: 0.007900ms[0m
[DEBUG] Sizeof all required data in enclave: 4687 KB
[31mTime of key exchanges for 500 clients: 129.974990ms
[0m
[31mTime of key exchanges per client: 0.240268ms
[0m
Encrpyting user data...
[31mTime of data encryption per client: 2.747589ms[0m
Encprtion completed.

[DEBUG] Times: 1, loaded dim: 300000
[31mTime of secure aggregation: 800.790416ms[0m

[33m[INFO] Aggregate successfully.

[0m[31mTotal time inside the Enclave: 930.773306ms[0m

Secure aggregation completed!
[Info] Destroy enclave: 0.000000ms.
init enclave...
[33m[INFO] Create Enclave: 102.719044ms[0m
Test aggregate time: 0.320208ms

[33m[Info] Sizeof data matrix: 572MB
[0m[DEBUG] loaded num: 300000, times: 1
[31mTime of clear final_x: 0.000000ms
[0m
[DEBUG] loaded num: 300000, times: 1
Clear final x successfully.
[31mTime of entering the enclave: 0.007933ms[0m
[DEBUG] Sizeof all required data in enclave: 4687 KB
[31mTime of key exchanges for 500 clients: 132.039269ms
[0m
[31mTime of key exchanges per client: 0.243572ms
[0m
Encrpyting user data...
[31mTime of data encryption per client: 2.779722ms[0m
Encprtion completed.

[DEBUG] Times: 1, loaded dim: 300000
[31mTime of secure aggregation: 794.588400ms[0m

[33m[INFO] Aggregate successfully.

[0m[31mTotal time inside the Enclave: 926.635602ms[0m

Secure aggregation completed!
[Info] Destroy enclave: 0.000000ms.
init enclave...
[33m[INFO] Create Enclave: 103.740848ms[0m
Test aggregate time: 0.319586ms

[33m[Info] Sizeof data matrix: 572MB
[0m[DEBUG] loaded num: 300000, times: 1
[31mTime of clear final_x: 0.000000ms
[0m
[DEBUG] loaded num: 300000, times: 1
Clear final x successfully.
[31mTime of entering the enclave: 0.008345ms[0m
[DEBUG] Sizeof all required data in enclave: 4687 KB
[31mTime of key exchanges for 500 clients: 130.058718ms
[0m
[31mTime of key exchanges per client: 0.240893ms
[0m
Encrpyting user data...
[31mTime of data encryption per client: 2.746414ms[0m
Encprtion completed.

[DEBUG] Times: 1, loaded dim: 300000
[31mTime of secure aggregation: 791.330140ms[0m

[33m[INFO] Aggregate successfully.

[0m[31mTotal time inside the Enclave: 921.397203ms[0m

Secure aggregation completed!
[Info] Destroy enclave: 0.000000ms.
init enclave...
[33m[INFO] Create Enclave: 102.855135ms[0m
Test aggregate time: 0.318596ms

[33m[Info] Sizeof data matrix: 572MB
[0m[DEBUG] loaded num: 300000, times: 1
[31mTime of clear final_x: 0.000000ms
[0m
[DEBUG] loaded num: 300000, times: 1
Clear final x successfully.
[31mTime of entering the enclave: 0.008430ms[0m
[DEBUG] Sizeof all required data in enclave: 4687 KB
[31mTime of key exchanges for 500 clients: 129.874164ms
[0m
[31mTime of key exchanges per client: 0.241144ms
[0m
Encrpyting user data...
[31mTime of data encryption per client: 2.774618ms[0m
Encprtion completed.

[DEBUG] Times: 1, loaded dim: 300000
[31mTime of secure aggregation: 792.776603ms[0m

[33m[INFO] Aggregate successfully.

[0m[31mTotal time inside the Enclave: 922.659197ms[0m

Secure aggregation completed!
[Info] Destroy enclave: 0.000000ms.
init enclave...
[33m[INFO] Create Enclave: 101.306454ms[0m
Test aggregate time: 0.320962ms

[33m[Info] Sizeof data matrix: 572MB
[0m[DEBUG] loaded num: 300000, times: 1
[31mTime of clear final_x: 0.000000ms
[0m
[DEBUG] loaded num: 300000, times: 1
Clear final x successfully.
[31mTime of entering the enclave: 0.008117ms[0m
[DEBUG] Sizeof all required data in enclave: 4687 KB
[31mTime of key exchanges for 500 clients: 130.529180ms
[0m
[31mTime of key exchanges per client: 0.242284ms
[0m
Encrpyting user data...
[31mTime of data encryption per client: 2.751498ms[0m
Encprtion completed.

[DEBUG] Times: 1, loaded dim: 300000
[31mTime of secure aggregation: 793.245151ms[0m

[33m[INFO] Aggregate successfully.

[0m[31mTotal time inside the Enclave: 923.782448ms[0m

Secure aggregation completed!
[Info] Destroy enclave: 0.000000ms.
init enclave...
[33m[INFO] Create Enclave: 101.293234ms[0m
Test aggregate time: 0.318762ms

[33m[Info] Sizeof data matrix: 572MB
[0m[DEBUG] loaded num: 300000, times: 1
[31mTime of clear final_x: 0.000000ms
[0m
[DEBUG] loaded num: 300000, times: 1
Clear final x successfully.
[31mTime of entering the enclave: 0.007962ms[0m
[DEBUG] Sizeof all required data in enclave: 4687 KB
[31mTime of key exchanges for 500 clients: 129.942823ms
[0m
[31mTime of key exchanges per client: 0.239928ms
[0m
Encrpyting user data...
[31mTime of data encryption per client: 2.773857ms[0m
Encprtion completed.

[DEBUG] Times: 1, loaded dim: 300000
[31mTime of secure aggregation: 797.821190ms[0m

[33m[INFO] Aggregate successfully.

[0m[31mTotal time inside the Enclave: 927.771975ms[0m

Secure aggregation completed!
[Info] Destroy enclave: 0.000000ms.
init enclave...
[33m[INFO] Create Enclave: 102.861267ms[0m
Test aggregate time: 0.319880ms

[33m[Info] Sizeof data matrix: 572MB
[0m[DEBUG] loaded num: 300000, times: 1
[31mTime of clear final_x: 0.000000ms
[0m
[DEBUG] loaded num: 300000, times: 1
Clear final x successfully.
[31mTime of entering the enclave: 0.008247ms[0m
[DEBUG] Sizeof all required data in enclave: 4687 KB
[31mTime of key exchanges for 500 clients: 130.950712ms
[0m
[31mTime of key exchanges per client: 0.240803ms
[0m
Encrpyting user data...
[31mTime of data encryption per client: 2.767461ms[0m
Encprtion completed.

[DEBUG] Times: 1, loaded dim: 300000
[31mTime of secure aggregation: 801.042748ms[0m

[33m[INFO] Aggregate successfully.

[0m[31mTotal time inside the Enclave: 932.001707ms[0m

Secure aggregation completed!
[Info] Destroy enclave: 0.000000ms.
init enclave...
[33m[INFO] Create Enclave: 104.428344ms[0m
Test aggregate time: 0.318253ms

[33m[Info] Sizeof data matrix: 572MB
[0m[DEBUG] loaded num: 300000, times: 1
[31mTime of clear final_x: 0.000000ms
[0m
[DEBUG] loaded num: 300000, times: 1
Clear final x successfully.
[31mTime of entering the enclave: 0.007998ms[0m
[DEBUG] Sizeof all required data in enclave: 4687 KB
[31mTime of key exchanges for 500 clients: 134.668036ms
[0m
[31mTime of key exchanges per client: 0.248709ms
[0m
Encrpyting user data...
[31mTime of data encryption per client: 2.753301ms[0m
Encprtion completed.

[DEBUG] Times: 1, loaded dim: 300000
[31mTime of secure aggregation: 806.707130ms[0m

[33m[INFO] Aggregate successfully.

[0m[31mTotal time inside the Enclave: 941.383164ms[0m

Secure aggregation completed!
[Info] Destroy enclave: 0.000000ms.
init enclave...
[33m[INFO] Create Enclave: 100.964628ms[0m
Test aggregate time: 0.318969ms

[33m[Info] Sizeof data matrix: 572MB
[0m[DEBUG] loaded num: 300000, times: 1
[31mTime of clear final_x: 0.000000ms
[0m
[DEBUG] loaded num: 300000, times: 1
Clear final x successfully.
[31mTime of entering the enclave: 0.008373ms[0m
[DEBUG] Sizeof all required data in enclave: 4687 KB
[31mTime of key exchanges for 500 clients: 130.026583ms
[0m
[31mTime of key exchanges per client: 0.240946ms
[0m
Encrpyting user data...
[31mTime of data encryption per client: 2.747393ms[0m
Encprtion completed.

[DEBUG] Times: 1, loaded dim: 300000
[31mTime of secure aggregation: 793.356997ms[0m

[33m[INFO] Aggregate successfully.

[0m[31mTotal time inside the Enclave: 923.391953ms[0m

Secure aggregation completed!
[Info] Destroy enclave: 0.000000ms.
init enclave...
[33m[INFO] Create Enclave: 101.296234ms[0m
Test aggregate time: 0.324714ms

[33m[Info] Sizeof data matrix: 572MB
[0m[DEBUG] loaded num: 300000, times: 1
[31mTime of clear final_x: 0.000000ms
[0m
[DEBUG] loaded num: 300000, times: 1
Clear final x successfully.
[31mTime of entering the enclave: 0.007747ms[0m
[DEBUG] Sizeof all required data in enclave: 4687 KB
[31mTime of key exchanges for 500 clients: 130.099701ms
[0m
[31mTime of key exchanges per client: 0.240476ms
[0m
Encrpyting user data...
[31mTime of data encryption per client: 2.736510ms[0m
Encprtion completed.

[DEBUG] Times: 1, loaded dim: 300000
[31mTime of secure aggregation: 797.712723ms[0m

[33m[INFO] Aggregate successfully.

[0m[31mTotal time inside the Enclave: 927.820171ms[0m

Secure aggregation completed!
[Info] Destroy enclave: 0.000000ms.
init enclave...
[33m[INFO] Create Enclave: 104.757329ms[0m
Test aggregate time: 0.320531ms

[33m[Info] Sizeof data matrix: 572MB
[0m[DEBUG] loaded num: 300000, times: 1
[31mTime of clear final_x: 0.000000ms
[0m
[DEBUG] loaded num: 300000, times: 1
Clear final x successfully.
[31mTime of entering the enclave: 0.008880ms[0m
[DEBUG] Sizeof all required data in enclave: 4687 KB
[31mTime of key exchanges for 500 clients: 130.865209ms
[0m
[31mTime of key exchanges per client: 0.242321ms
[0m
Encrpyting user data...
[31mTime of data encryption per client: 2.743961ms[0m
Encprtion completed.

[DEBUG] Times: 1, loaded dim: 300000
[31mTime of secure aggregation: 796.692172ms[0m

[33m[INFO] Aggregate successfully.

[0m[31mTotal time inside the Enclave: 927.566261ms[0m

Secure aggregation completed!
[Info] Destroy enclave: 0.000000ms.
init enclave...
[33m[INFO] Create Enclave: 102.488927ms[0m
Test aggregate time: 0.317427ms

[33m[Info] Sizeof data matrix: 572MB
[0m[DEBUG] loaded num: 300000, times: 1
[31mTime of clear final_x: 0.000000ms
[0m
[DEBUG] loaded num: 300000, times: 1
Clear final x successfully.
[31mTime of entering the enclave: 0.008440ms[0m
[DEBUG] Sizeof all required data in enclave: 4687 KB
[31mTime of key exchanges for 500 clients: 129.955521ms
[0m
[31mTime of key exchanges per client: 0.240406ms
[0m
Encrpyting user data...
[31mTime of data encryption per client: 2.762064ms[0m
Encprtion completed.

[DEBUG] Times: 1, loaded dim: 300000
[31mTime of secure aggregation: 793.959646ms[0m

[33m[INFO] Aggregate successfully.

[0m[31mTotal time inside the Enclave: 923.923607ms[0m

Secure aggregation completed!
[Info] Destroy enclave: 0.000000ms.
init enclave...
[33m[INFO] Create Enclave: 113.020438ms[0m
Test aggregate time: 0.319630ms

[33m[Info] Sizeof data matrix: 572MB
[0m[DEBUG] loaded num: 300000, times: 1
[31mTime of clear final_x: 0.000000ms
[0m
[DEBUG] loaded num: 300000, times: 1
Clear final x successfully.
[31mTime of entering the enclave: 0.007961ms[0m
[DEBUG] Sizeof all required data in enclave: 4687 KB
[31mTime of key exchanges for 500 clients: 129.740933ms
[0m
[31mTime of key exchanges per client: 0.240457ms
[0m
Encrpyting user data...
[31mTime of data encryption per client: 2.750349ms[0m
Encprtion completed.

[DEBUG] Times: 1, loaded dim: 300000
[31mTime of secure aggregation: 794.342993ms[0m

[33m[INFO] Aggregate successfully.

[0m[31mTotal time inside the Enclave: 924.091887ms[0m

Secure aggregation completed!
[Info] Destroy enclave: 0.000000ms.
init enclave...
[33m[INFO] Create Enclave: 101.916039ms[0m
Test aggregate time: 0.318833ms

[33m[Info] Sizeof data matrix: 572MB
[0m[DEBUG] loaded num: 300000, times: 1
[31mTime of clear final_x: 0.000000ms
[0m
[DEBUG] loaded num: 300000, times: 1
Clear final x successfully.
[31mTime of entering the enclave: 0.008022ms[0m
[DEBUG] Sizeof all required data in enclave: 4687 KB
[31mTime of key exchanges for 500 clients: 131.408208ms
[0m
[31mTime of key exchanges per client: 0.243131ms
[0m
Encrpyting user data...
[31mTime of data encryption per client: 2.740272ms[0m
Encprtion completed.

[DEBUG] Times: 1, loaded dim: 300000
[31mTime of secure aggregation: 812.549344ms[0m

[33m[INFO] Aggregate successfully.

[0m[31mTotal time inside the Enclave: 943.965574ms[0m

Secure aggregation completed!
[Info] Destroy enclave: 0.000000ms.
init enclave...
[33m[INFO] Create Enclave: 103.285382ms[0m
Test aggregate time: 0.318728ms

[33m[Info] Sizeof data matrix: 572MB
[0m[DEBUG] loaded num: 300000, times: 1
[31mTime of clear final_x: 0.000000ms
[0m
[DEBUG] loaded num: 300000, times: 1
Clear final x successfully.
[31mTime of entering the enclave: 0.008520ms[0m
[DEBUG] Sizeof all required data in enclave: 4687 KB
[31mTime of key exchanges for 500 clients: 130.645905ms
[0m
[31mTime of key exchanges per client: 0.242147ms
[0m
Encrpyting user data...
[31mTime of data encryption per client: 2.755918ms[0m
Encprtion completed.

[DEBUG] Times: 1, loaded dim: 300000
[31mTime of secure aggregation: 793.295192ms[0m

[33m[INFO] Aggregate successfully.

[0m[31mTotal time inside the Enclave: 923.949617ms[0m

Secure aggregation completed!
[Info] Destroy enclave: 0.000000ms.
init enclave...
[33m[INFO] Create Enclave: 102.258072ms[0m
Test aggregate time: 0.319406ms

[33m[Info] Sizeof data matrix: 572MB
[0m[DEBUG] loaded num: 300000, times: 1
[31mTime of clear final_x: 0.000000ms
[0m
[DEBUG] loaded num: 300000, times: 1
Clear final x successfully.
[31mTime of entering the enclave: 0.010355ms[0m
[DEBUG] Sizeof all required data in enclave: 4687 KB
[31mTime of key exchanges for 500 clients: 130.734745ms
[0m
[31mTime of key exchanges per client: 0.241082ms
[0m
Encrpyting user data...
[31mTime of data encryption per client: 2.776807ms[0m
Encprtion completed.

[DEBUG] Times: 1, loaded dim: 300000
[31mTime of secure aggregation: 792.191308ms[0m

[33m[INFO] Aggregate successfully.

[0m[31mTotal time inside the Enclave: 922.936408ms[0m

Secure aggregation completed!
[Info] Destroy enclave: 0.000000ms.
init enclave...
[33m[INFO] Create Enclave: 106.200243ms[0m
Test aggregate time: 0.319362ms

[33m[Info] Sizeof data matrix: 572MB
[0m[DEBUG] loaded num: 300000, times: 1
[31mTime of clear final_x: 0.000000ms
[0m
[DEBUG] loaded num: 300000, times: 1
Clear final x successfully.
[31mTime of entering the enclave: 0.008692ms[0m
[DEBUG] Sizeof all required data in enclave: 4687 KB
[31mTime of key exchanges for 500 clients: 130.035559ms
[0m
[31mTime of key exchanges per client: 0.241405ms
[0m
Encrpyting user data...
[31mTime of data encryption per client: 2.740494ms[0m
Encprtion completed.

[DEBUG] Times: 1, loaded dim: 300000
[31mTime of secure aggregation: 795.006830ms[0m

[33m[INFO] Aggregate successfully.

[0m[31mTotal time inside the Enclave: 925.051081ms[0m

Secure aggregation completed!
[Info] Destroy enclave: 0.000000ms.
init enclave...
[33m[INFO] Create Enclave: 101.942269ms[0m
Test aggregate time: 0.318031ms

[33m[Info] Sizeof data matrix: 572MB
[0m[DEBUG] loaded num: 300000, times: 1
[31mTime of clear final_x: 0.000000ms
[0m
[DEBUG] loaded num: 300000, times: 1
Clear final x successfully.
[31mTime of entering the enclave: 0.007739ms[0m
[DEBUG] Sizeof all required data in enclave: 4687 KB
[31mTime of key exchanges for 500 clients: 132.154468ms
[0m
[31mTime of key exchanges per client: 0.245304ms
[0m
Encrpyting user data...
[31mTime of data encryption per client: 2.754416ms[0m
Encprtion completed.

[DEBUG] Times: 1, loaded dim: 300000
[31mTime of secure aggregation: 789.807707ms[0m

[33m[INFO] Aggregate successfully.

[0m[31mTotal time inside the Enclave: 921.969914ms[0m

Secure aggregation completed!
[Info] Destroy enclave: 0.000000ms.
init enclave...
[33m[INFO] Create Enclave: 101.581980ms[0m
Test aggregate time: 0.319330ms

[33m[Info] Sizeof data matrix: 572MB
[0m[DEBUG] loaded num: 300000, times: 1
[31mTime of clear final_x: 0.000000ms
[0m
[DEBUG] loaded num: 300000, times: 1
Clear final x successfully.
[31mTime of entering the enclave: 0.008403ms[0m
[DEBUG] Sizeof all required data in enclave: 4687 KB
[31mTime of key exchanges for 500 clients: 130.226224ms
[0m
[31mTime of key exchanges per client: 0.240544ms
[0m
Encrpyting user data...
[31mTime of data encryption per client: 2.758305ms[0m
Encprtion completed.

[DEBUG] Times: 1, loaded dim: 300000
[31mTime of secure aggregation: 802.160921ms[0m

[33m[INFO] Aggregate successfully.

[0m[31mTotal time inside the Enclave: 932.395548ms[0m

Secure aggregation completed!
[Info] Destroy enclave: 0.000000ms.
init enclave...
[33m[INFO] Create Enclave: 103.641318ms[0m
Test aggregate time: 0.319262ms

[33m[Info] Sizeof data matrix: 572MB
[0m[DEBUG] loaded num: 300000, times: 1
[31mTime of clear final_x: 0.000000ms
[0m
[DEBUG] loaded num: 300000, times: 1
Clear final x successfully.
[31mTime of entering the enclave: 0.008324ms[0m
[DEBUG] Sizeof all required data in enclave: 4687 KB
[31mTime of key exchanges for 500 clients: 129.911403ms
[0m
[31mTime of key exchanges per client: 0.240326ms
[0m
Encrpyting user data...
[31mTime of data encryption per client: 2.745982ms[0m
Encprtion completed.

[DEBUG] Times: 1, loaded dim: 300000
[31mTime of secure aggregation: 808.483507ms[0m

[33m[INFO] Aggregate successfully.

[0m[31mTotal time inside the Enclave: 938.403234ms[0m

Secure aggregation completed!
[Info] Destroy enclave: 0.000000ms.
init enclave...
[33m[INFO] Create Enclave: 110.691239ms[0m
Test aggregate time: 0.317695ms

[33m[Info] Sizeof data matrix: 572MB
[0m[DEBUG] loaded num: 300000, times: 1
[31mTime of clear final_x: 0.000000ms
[0m
[DEBUG] loaded num: 300000, times: 1
Clear final x successfully.
[31mTime of entering the enclave: 0.007905ms[0m
[DEBUG] Sizeof all required data in enclave: 4687 KB
[31mTime of key exchanges for 500 clients: 129.797171ms
[0m
[31mTime of key exchanges per client: 0.240274ms
[0m
Encrpyting user data...
[31mTime of data encryption per client: 2.754730ms[0m
Encprtion completed.

[DEBUG] Times: 1, loaded dim: 300000
[31mTime of secure aggregation: 790.368213ms[0m

[33m[INFO] Aggregate successfully.

[0m[31mTotal time inside the Enclave: 920.173289ms[0m

Secure aggregation completed!
[Info] Destroy enclave: 0.000000ms.
init enclave...
[33m[INFO] Create Enclave: 103.420667ms[0m
Test aggregate time: 0.318034ms

[33m[Info] Sizeof data matrix: 572MB
[0m[DEBUG] loaded num: 300000, times: 1
[31mTime of clear final_x: 0.000000ms
[0m
[DEBUG] loaded num: 300000, times: 1
Clear final x successfully.
[31mTime of entering the enclave: 0.007991ms[0m
[DEBUG] Sizeof all required data in enclave: 4687 KB
[31mTime of key exchanges for 500 clients: 129.916084ms
[0m
[31mTime of key exchanges per client: 0.240155ms
[0m
Encrpyting user data...
[31mTime of data encryption per client: 2.747171ms[0m
Encprtion completed.

[DEBUG] Times: 1, loaded dim: 300000
[31mTime of secure aggregation: 790.291830ms[0m

[33m[INFO] Aggregate successfully.

[0m[31mTotal time inside the Enclave: 920.215905ms[0m

Secure aggregation completed!
[Info] Destroy enclave: 0.000000ms.
init enclave...
[33m[INFO] Create Enclave: 101.912684ms[0m
Test aggregate time: 0.317996ms

[33m[Info] Sizeof data matrix: 572MB
[0m[DEBUG] loaded num: 300000, times: 1
[31mTime of clear final_x: 0.000000ms
[0m
[DEBUG] loaded num: 300000, times: 1
Clear final x successfully.
[31mTime of entering the enclave: 0.008729ms[0m
[DEBUG] Sizeof all required data in enclave: 4687 KB
[31mTime of key exchanges for 500 clients: 130.197936ms
[0m
[31mTime of key exchanges per client: 0.240915ms
[0m
Encrpyting user data...
[31mTime of data encryption per client: 2.762486ms[0m
Encprtion completed.

[DEBUG] Times: 1, loaded dim: 300000
[31mTime of secure aggregation: 790.906438ms[0m

[33m[INFO] Aggregate successfully.

[0m[31mTotal time inside the Enclave: 921.113103ms[0m

Secure aggregation completed!
[Info] Destroy enclave: 0.000000ms.
init enclave...
[33m[INFO] Create Enclave: 103.949565ms[0m
Test aggregate time: 0.320424ms

[33m[Info] Sizeof data matrix: 572MB
[0m[DEBUG] loaded num: 300000, times: 1
[31mTime of clear final_x: 0.000000ms
[0m
[DEBUG] loaded num: 300000, times: 1
Clear final x successfully.
[31mTime of entering the enclave: 0.007925ms[0m
[DEBUG] Sizeof all required data in enclave: 4687 KB
[31mTime of key exchanges for 500 clients: 131.661395ms
[0m
[31mTime of key exchanges per client: 0.241777ms
[0m
Encrpyting user data...
[31mTime of data encryption per client: 2.752940ms[0m
Encprtion completed.

[DEBUG] Times: 1, loaded dim: 300000
[31mTime of secure aggregation: 801.098863ms[0m

[33m[INFO] Aggregate successfully.

[0m[31mTotal time inside the Enclave: 932.768183ms[0m

Secure aggregation completed!
[Info] Destroy enclave: 0.000000ms.
init enclave...
[33m[INFO] Create Enclave: 102.616745ms[0m
Test aggregate time: 0.318977ms

[33m[Info] Sizeof data matrix: 572MB
[0m[DEBUG] loaded num: 300000, times: 1
[31mTime of clear final_x: 0.000000ms
[0m
[DEBUG] loaded num: 300000, times: 1
Clear final x successfully.
[31mTime of entering the enclave: 0.007489ms[0m
[DEBUG] Sizeof all required data in enclave: 4687 KB
[31mTime of key exchanges for 500 clients: 130.190975ms
[0m
[31mTime of key exchanges per client: 0.240400ms
[0m
Encrpyting user data...
[31mTime of data encryption per client: 2.783849ms[0m
Encprtion completed.

[DEBUG] Times: 1, loaded dim: 300000
[31mTime of secure aggregation: 791.292314ms[0m

[33m[INFO] Aggregate successfully.

[0m[31mTotal time inside the Enclave: 921.490778ms[0m

Secure aggregation completed!
[Info] Destroy enclave: 0.000000ms.
init enclave...
[33m[INFO] Create Enclave: 102.260531ms[0m
Test aggregate time: 0.318456ms

[33m[Info] Sizeof data matrix: 572MB
[0m[DEBUG] loaded num: 300000, times: 1
[31mTime of clear final_x: 0.000000ms
[0m
[DEBUG] loaded num: 300000, times: 1
Clear final x successfully.
[31mTime of entering the enclave: 0.008325ms[0m
[DEBUG] Sizeof all required data in enclave: 4687 KB
[31mTime of key exchanges for 500 clients: 129.926672ms
[0m
[31mTime of key exchanges per client: 0.240804ms
[0m
Encrpyting user data...
[31mTime of data encryption per client: 2.744141ms[0m
Encprtion completed.

[DEBUG] Times: 1, loaded dim: 300000
[31mTime of secure aggregation: 797.510733ms[0m

[33m[INFO] Aggregate successfully.

[0m[31mTotal time inside the Enclave: 927.445730ms[0m

Secure aggregation completed!
[Info] Destroy enclave: 0.000000ms.
init enclave...
[33m[INFO] Create Enclave: 101.897497ms[0m
Test aggregate time: 0.317444ms

[33m[Info] Sizeof data matrix: 572MB
[0m[DEBUG] loaded num: 300000, times: 1
[31mTime of clear final_x: 0.000000ms
[0m
[DEBUG] loaded num: 300000, times: 1
Clear final x successfully.
[31mTime of entering the enclave: 0.009040ms[0m
[DEBUG] Sizeof all required data in enclave: 4687 KB
[31mTime of key exchanges for 500 clients: 129.702110ms
[0m
[31mTime of key exchanges per client: 0.239959ms
[0m
Encrpyting user data...
[31mTime of data encryption per client: 2.748168ms[0m
Encprtion completed.

[DEBUG] Times: 1, loaded dim: 300000
[31mTime of secure aggregation: 798.571449ms[0m

[33m[INFO] Aggregate successfully.

[0m[31mTotal time inside the Enclave: 928.282599ms[0m

Secure aggregation completed!
[Info] Destroy enclave: 0.000000ms.
init enclave...
[33m[INFO] Create Enclave: 111.529718ms[0m
Test aggregate time: 0.320656ms

[33m[Info] Sizeof data matrix: 572MB
[0m[DEBUG] loaded num: 300000, times: 1
[31mTime of clear final_x: 0.000000ms
[0m
[DEBUG] loaded num: 300000, times: 1
Clear final x successfully.
[31mTime of entering the enclave: 0.008048ms[0m
[DEBUG] Sizeof all required data in enclave: 4687 KB
[31mTime of key exchanges for 500 clients: 130.589170ms
[0m
[31mTime of key exchanges per client: 0.241138ms
[0m
Encrpyting user data...
[31mTime of data encryption per client: 2.746061ms[0m
Encprtion completed.

[DEBUG] Times: 1, loaded dim: 300000
[31mTime of secure aggregation: 791.699994ms[0m

[33m[INFO] Aggregate successfully.

[0m[31mTotal time inside the Enclave: 922.297212ms[0m

Secure aggregation completed!
[Info] Destroy enclave: 0.000000ms.
init enclave...
[33m[INFO] Create Enclave: 101.402018ms[0m
Test aggregate time: 0.319222ms

[33m[Info] Sizeof data matrix: 572MB
[0m[DEBUG] loaded num: 300000, times: 1
[31mTime of clear final_x: 0.000000ms
[0m
[DEBUG] loaded num: 300000, times: 1
Clear final x successfully.
[31mTime of entering the enclave: 0.008203ms[0m
[DEBUG] Sizeof all required data in enclave: 4687 KB
[31mTime of key exchanges for 500 clients: 133.710578ms
[0m
[31mTime of key exchanges per client: 0.248220ms
[0m
Encrpyting user data...
[31mTime of data encryption per client: 2.751575ms[0m
Encprtion completed.

[DEBUG] Times: 1, loaded dim: 300000
[31mTime of secure aggregation: 794.189954ms[0m

[33m[INFO] Aggregate successfully.

[0m[31mTotal time inside the Enclave: 927.908735ms[0m

Secure aggregation completed!
[Info] Destroy enclave: 0.000000ms.
init enclave...
[33m[INFO] Create Enclave: 103.225486ms[0m
Test aggregate time: 0.325957ms

[33m[Info] Sizeof data matrix: 572MB
[0m[DEBUG] loaded num: 300000, times: 1
[31mTime of clear final_x: 0.000000ms
[0m
[DEBUG] loaded num: 300000, times: 1
Clear final x successfully.
[31mTime of entering the enclave: 0.008058ms[0m
[DEBUG] Sizeof all required data in enclave: 4687 KB
[31mTime of key exchanges for 500 clients: 131.327205ms
[0m
[31mTime of key exchanges per client: 0.243555ms
[0m
Encrpyting user data...
[31mTime of data encryption per client: 2.740475ms[0m
Encprtion completed.

[DEBUG] Times: 1, loaded dim: 300000
[31mTime of secure aggregation: 791.929678ms[0m

[33m[INFO] Aggregate successfully.

[0m[31mTotal time inside the Enclave: 923.264941ms[0m

Secure aggregation completed!
[Info] Destroy enclave: 0.000000ms.
init enclave...
[33m[INFO] Create Enclave: 104.949166ms[0m
Test aggregate time: 0.317715ms

[33m[Info] Sizeof data matrix: 572MB
[0m[DEBUG] loaded num: 300000, times: 1
[31mTime of clear final_x: 0.000000ms
[0m
[DEBUG] loaded num: 300000, times: 1
Clear final x successfully.
[31mTime of entering the enclave: 0.008686ms[0m
[DEBUG] Sizeof all required data in enclave: 4687 KB
[31mTime of key exchanges for 500 clients: 131.544322ms
[0m
[31mTime of key exchanges per client: 0.242867ms
[0m
Encrpyting user data...
[31mTime of data encryption per client: 2.762785ms[0m
Encprtion completed.

[DEBUG] Times: 1, loaded dim: 300000
[31mTime of secure aggregation: 790.235919ms[0m

[33m[INFO] Aggregate successfully.

[0m[31mTotal time inside the Enclave: 921.788927ms[0m

Secure aggregation completed!
[Info] Destroy enclave: 0.000000ms.
init enclave...
[33m[INFO] Create Enclave: 107.314410ms[0m
Test aggregate time: 0.319195ms

[33m[Info] Sizeof data matrix: 572MB
[0m[DEBUG] loaded num: 300000, times: 1
[31mTime of clear final_x: 0.000000ms
[0m
[DEBUG] loaded num: 300000, times: 1
Clear final x successfully.
[31mTime of entering the enclave: 0.007576ms[0m
[DEBUG] Sizeof all required data in enclave: 4687 KB
[31mTime of key exchanges for 500 clients: 129.809186ms
[0m
[31mTime of key exchanges per client: 0.240054ms
[0m
Encrpyting user data...
[31mTime of data encryption per client: 2.759049ms[0m
Encprtion completed.

[DEBUG] Times: 1, loaded dim: 300000
[31mTime of secure aggregation: 795.421280ms[0m

[33m[INFO] Aggregate successfully.

[0m[31mTotal time inside the Enclave: 925.238042ms[0m

Secure aggregation completed!
[Info] Destroy enclave: 0.000000ms.
init enclave...
[33m[INFO] Create Enclave: 102.447813ms[0m
Test aggregate time: 0.321378ms

[33m[Info] Sizeof data matrix: 572MB
[0m[DEBUG] loaded num: 300000, times: 1
[31mTime of clear final_x: 0.000000ms
[0m
[DEBUG] loaded num: 300000, times: 1
Clear final x successfully.
[31mTime of entering the enclave: 0.010306ms[0m
[DEBUG] Sizeof all required data in enclave: 4687 KB
[31mTime of key exchanges for 500 clients: 131.410765ms
[0m
[31mTime of key exchanges per client: 0.243517ms
[0m
Encrpyting user data...
[31mTime of data encryption per client: 2.763173ms[0m
Encprtion completed.

[DEBUG] Times: 1, loaded dim: 300000
[31mTime of secure aggregation: 811.094629ms[0m

[33m[INFO] Aggregate successfully.

[0m[31mTotal time inside the Enclave: 942.515700ms[0m

Secure aggregation completed!
[Info] Destroy enclave: 0.000000ms.
init enclave...
[33m[INFO] Create Enclave: 102.364023ms[0m
Test aggregate time: 0.319130ms

[33m[Info] Sizeof data matrix: 572MB
[0m[DEBUG] loaded num: 300000, times: 1
[31mTime of clear final_x: 0.000000ms
[0m
[DEBUG] loaded num: 300000, times: 1
Clear final x successfully.
[31mTime of entering the enclave: 0.007878ms[0m
[DEBUG] Sizeof all required data in enclave: 4687 KB
[31mTime of key exchanges for 500 clients: 129.857476ms
[0m
[31mTime of key exchanges per client: 0.240943ms
[0m
Encrpyting user data...
[31mTime of data encryption per client: 2.733606ms[0m
Encprtion completed.

[DEBUG] Times: 1, loaded dim: 300000
[31mTime of secure aggregation: 790.938798ms[0m

[33m[INFO] Aggregate successfully.

[0m[31mTotal time inside the Enclave: 920.804152ms[0m

Secure aggregation completed!
[Info] Destroy enclave: 0.000000ms.
init enclave...
[33m[INFO] Create Enclave: 107.615564ms[0m
Test aggregate time: 0.317356ms

[33m[Info] Sizeof data matrix: 572MB
[0m[DEBUG] loaded num: 300000, times: 1
[31mTime of clear final_x: 0.000000ms
[0m
[DEBUG] loaded num: 300000, times: 1
Clear final x successfully.
[31mTime of entering the enclave: 0.007785ms[0m
[DEBUG] Sizeof all required data in enclave: 4687 KB
[31mTime of key exchanges for 500 clients: 131.607303ms
[0m
[31mTime of key exchanges per client: 0.243727ms
[0m
Encrpyting user data...
[31mTime of data encryption per client: 2.740799ms[0m
Encprtion completed.

[DEBUG] Times: 1, loaded dim: 300000
[31mTime of secure aggregation: 791.105668ms[0m

[33m[INFO] Aggregate successfully.

[0m[31mTotal time inside the Enclave: 922.720756ms[0m

Secure aggregation completed!
[Info] Destroy enclave: 0.000000ms.
init enclave...
[33m[INFO] Create Enclave: 110.819469ms[0m
Test aggregate time: 0.320474ms

[33m[Info] Sizeof data matrix: 572MB
[0m[DEBUG] loaded num: 300000, times: 1
[31mTime of clear final_x: 0.000000ms
[0m
[DEBUG] loaded num: 300000, times: 1
Clear final x successfully.
[31mTime of entering the enclave: 0.007698ms[0m
[DEBUG] Sizeof all required data in enclave: 4687 KB
[31mTime of key exchanges for 500 clients: 132.084274ms
[0m
[31mTime of key exchanges per client: 0.243001ms
[0m
Encrpyting user data...
[31mTime of data encryption per client: 2.757111ms[0m
Encprtion completed.

[DEBUG] Times: 1, loaded dim: 300000
[31mTime of secure aggregation: 795.580400ms[0m

[33m[INFO] Aggregate successfully.

[0m[31mTotal time inside the Enclave: 927.672372ms[0m

Secure aggregation completed!
[Info] Destroy enclave: 0.000000ms.
init enclave...
[33m[INFO] Create Enclave: 102.020188ms[0m
Test aggregate time: 0.318646ms

[33m[Info] Sizeof data matrix: 572MB
[0m[DEBUG] loaded num: 300000, times: 1
[31mTime of clear final_x: 0.000000ms
[0m
[DEBUG] loaded num: 300000, times: 1
Clear final x successfully.
[31mTime of entering the enclave: 0.007958ms[0m
[DEBUG] Sizeof all required data in enclave: 4687 KB
[31mTime of key exchanges for 500 clients: 131.569331ms
[0m
[31mTime of key exchanges per client: 0.242769ms
[0m
Encrpyting user data...
[31mTime of data encryption per client: 2.762955ms[0m
Encprtion completed.

[DEBUG] Times: 1, loaded dim: 300000
[31mTime of secure aggregation: 797.696246ms[0m

[33m[INFO] Aggregate successfully.

[0m[31mTotal time inside the Enclave: 929.273535ms[0m

Secure aggregation completed!
[Info] Destroy enclave: 0.000000ms.
init enclave...
[33m[INFO] Create Enclave: 101.635454ms[0m
Test aggregate time: 0.318605ms

[33m[Info] Sizeof data matrix: 572MB
[0m[DEBUG] loaded num: 300000, times: 1
[31mTime of clear final_x: 0.000000ms
[0m
[DEBUG] loaded num: 300000, times: 1
Clear final x successfully.
[31mTime of entering the enclave: 0.008070ms[0m
[DEBUG] Sizeof all required data in enclave: 4687 KB
[31mTime of key exchanges for 500 clients: 129.835540ms
[0m
[31mTime of key exchanges per client: 0.240302ms
[0m
Encrpyting user data...
[31mTime of data encryption per client: 2.755527ms[0m
Encprtion completed.

[DEBUG] Times: 1, loaded dim: 300000
[31mTime of secure aggregation: 800.923693ms[0m

[33m[INFO] Aggregate successfully.

[0m[31mTotal time inside the Enclave: 930.767303ms[0m

Secure aggregation completed!
[Info] Destroy enclave: 0.000000ms.
init enclave...
[33m[INFO] Create Enclave: 104.523248ms[0m
Test aggregate time: 0.318108ms

[33m[Info] Sizeof data matrix: 572MB
[0m[DEBUG] loaded num: 300000, times: 1
[31mTime of clear final_x: 0.000000ms
[0m
[DEBUG] loaded num: 300000, times: 1
Clear final x successfully.
[31mTime of entering the enclave: 0.008696ms[0m
[DEBUG] Sizeof all required data in enclave: 4687 KB
[31mTime of key exchanges for 500 clients: 130.074947ms
[0m
[31mTime of key exchanges per client: 0.241039ms
[0m
Encrpyting user data...
[31mTime of data encryption per client: 2.737098ms[0m
Encprtion completed.

[DEBUG] Times: 1, loaded dim: 300000
[31mTime of secure aggregation: 805.317748ms[0m

[33m[INFO] Aggregate successfully.

[0m[31mTotal time inside the Enclave: 935.401391ms[0m

Secure aggregation completed!
[Info] Destroy enclave: 0.000000ms.
init enclave...
[33m[INFO] Create Enclave: 103.697007ms[0m
Test aggregate time: 0.322119ms

[33m[Info] Sizeof data matrix: 572MB
[0m[DEBUG] loaded num: 300000, times: 1
[31mTime of clear final_x: 0.000000ms
[0m
[DEBUG] loaded num: 300000, times: 1
Clear final x successfully.
[31mTime of entering the enclave: 0.008160ms[0m
[DEBUG] Sizeof all required data in enclave: 4687 KB
[31mTime of key exchanges for 500 clients: 130.915414ms
[0m
[31mTime of key exchanges per client: 0.241398ms
[0m
Encrpyting user data...
[31mTime of data encryption per client: 2.757736ms[0m
Encprtion completed.

[DEBUG] Times: 1, loaded dim: 300000
[31mTime of secure aggregation: 806.099335ms[0m

[33m[INFO] Aggregate successfully.

[0m[31mTotal time inside the Enclave: 937.022909ms[0m

Secure aggregation completed!
[Info] Destroy enclave: 0.000000ms.
